37 19 61 59 61 53 41 13 2 2 2 2 2 2 2 2 2 2 2 2 2 2 2 3 5 7 11 89 229 701 727 3 5 5 5 5 13 41 
35 13 11 43 13 2 17 3 53 31 53 7 71 19 2 2 2 7 7 71 167 337 337 521 619 3 3 3 3 3 3 3 5 11 11 31 
34 67 53 23 17 59 11 23 3 11 17 37 37 41 71 269 337 419 2 2 2 2 2 2 2 2 2 2 3 3 3 13 13 13 13 
46 37 13 37 61 37 23 7 71 2 2 3 3 5 5 5 113 199 257 709 797 2 2 2 2 2 2 2 2 2 2 2 2 2 2 2 2 3 3 3 5 7 7 7 7 11 11 
46 2 47 19 3 43 13 2 43 41 7 2 37 3 11 2 67 2 2 2 2 5 5 13 41 71 269 461 461 569 2 2 2 2 2 2 2 2 2 2 3 3 3 7 7 7 11 
38 67 5 7 3 43 23 17 61 5 3 43 71 2 7 7 7 7 7 7 7 17 43 79 79 157 613 2 2 2 3 3 5 5 5 7 17 17 17 
33 13 31 59 67 41 7 5 3 31 5 2 2 2 5 5 31 89 107 181 271 349 877 2 2 2 5 5 5 11 13 13 17 23 
39 67 43 7 11 2 43 17 2 3 3 3 3 19 29 37 47 79 113 401 751 2 2 2 2 2 2 2 2 2 3 3 3 3 3 5 5 13 17 19 
28 41 41 53 47 71 11 47 2 2 2 2 2 2 3 3 37 71 89 113 149 167 691 5 5 5 11 23 43 
37 37 3 53 7 23 31 41 2 17 43 2 23 2 2 2 3 3 3 3 5 29 67 257 331 389 467 5 5 5 5 7 7 7 11 11 11 19 
40 11 53 19 41 19 7 47 5 31 13 31 13 7 5 7 7 7 59 131 131 487 593 691 2 2 2 2 2 2 2 2 3 3 3 3 3 7 7 13 19 
32 31 13 3 53 2 2 2 3 3 5 5 53 137 199 311 467 977 3 3 5 5 5 5 5 5 5 5 5 5 7 7 7 
49 13 53 47 2 61 61 43 5 7 19 3 11 13 2 7 17 19 19 41 41 103 149 373 409 2 2 2 2 2 2 2 2 2 2 2 2 2 2 2 2 2 3 3 3 3 3 3 5 7 
36 5 43 19 37 5 5 37 7 2 71 3 17 5 11 11 13 17 19 61 83 173 269 479 2 2 2 2 2 2 7 7 7 7 11 11 11 
38 37 13 17 29 13 59 3 43 23 11 31 41 3 3 3 3 5 7 23 37 41 47 71 173 953 2 2 2 2 2 2 2 2 2 2 2 17 41 
43 7 2 53 59 59 13 37 53 23 71 2 2 2 2 2 3 3 3 3 3 5 7 29 41 103 191 211 443 2 2 2 2 3 3 3 3 3 3 7 7 7 11 11 
27 5 19 7 3 71 2 2 5 5 7 13 71 89 131 293 331 881 3 3 7 7 7 7 7 7 7 41 
47 59 47 19 37 71 17 59 2 3 3 11 31 41 113 113 293 577 709 2 2 2 2 2 2 2 2 2 2 2 2 2 2 2 2 2 3 3 3 3 3 5 5 5 5 5 5 17 
35 31 2 2 2 3 3 3 5 5 59 103 107 379 563 991 2 2 2 2 2 2 2 2 3 3 3 3 3 3 5 5 7 13 17 19 
28 41 3 59 2 2 2 2 3 7 7 17 37 41 71 439 617 661 2 2 2 2 2 2 3 3 3 19 43 
41 59 41 37 2 2 2 3 7 13 13 43 79 113 233 311 389 2 2 2 2 3 3 3 3 3 3 3 3 3 3 3 5 5 5 5 5 5 5 5 5 7 
49 23 17 47 17 3 19 61 71 5 2 2 2 2 2 2 3 5 29 31 73 139 191 331 739 2 2 2 2 2 2 2 2 2 2 2 2 2 2 2 2 2 2 2 2 2 3 3 7 19 
37 5 23 61 13 29 71 2 17 67 23 2 3 3 5 5 5 5 17 23 23 179 241 271 283 2 3 5 5 5 7 7 7 7 7 7 7 7 
33 37 43 61 2 2 2 2 7 7 23 61 79 103 151 541 719 2 2 2 2 2 2 2 2 3 3 3 5 7 7 7 7 23 
38 5 53 11 53 71 2 7 11 23 13 2 2 3 5 5 5 47 47 109 139 139 149 401 2 2 2 2 3 3 3 3 3 3 5 11 11 13 19 
24 17 31 31 53 7 3 2 2 2 2 11 13 17 19 79 229 233 383 397 3 3 7 43 43 
30 13 41 37 19 67 53 23 3 3 3 3 3 5 7 7 13 97 113 151 211 373 3 7 7 7 7 13 13 17 17 
33 47 19 47 2 2 2 2 3 3 3 5 7 7 7 7 29 29 29 43 157 967 3 3 3 3 5 5 7 7 7 11 11 13 
31 3 47 53 59 5 17 71 31 2 2 3 11 109 281 317 337 397 449 2 2 2 3 3 3 5 7 7 7 7 7 13 
26 59 37 41 2 2 3 5 11 17 29 53 113 199 211 839 2 3 3 3 3 3 3 11 11 17 41 
27 5 2 2 2 3 7 67 67 67 71 211 241 571 2 2 2 3 5 5 5 5 5 7 11 11 11 13 
33 2 13 2 41 41 41 3 3 19 23 23 23 73 73 173 337 919 2 2 2 2 2 2 2 2 3 3 3 7 7 11 17 23 
29 31 5 3 23 7 43 5 17 17 53 173 241 347 359 683 2 2 2 2 2 2 3 3 5 7 7 11 17 29 
25 3 19 2 2 2 7 7 11 23 37 79 107 181 193 643 2 2 3 3 3 7 11 17 17 17 
51 23 13 19 19 2 3 7 11 19 37 29 53 2 17 2 3 3 3 3 3 7 107 127 163 307 421 859 2 2 2 2 2 2 2 2 2 2 2 2 2 2 2 2 3 3 5 5 11 11 13 17 
48 23 7 53 19 3 2 2 53 29 23 31 2 2 2 5 7 7 7 13 19 43 131 157 197 211 2 2 2 2 2 2 2 2 2 2 2 2 2 3 3 3 3 3 3 5 7 7 17 
42 29 17 23 43 71 31 53 17 2 3 3 3 37 89 223 227 419 457 499 2 2 2 2 2 2 2 2 2 2 2 2 2 2 3 3 5 5 5 7 7 7 13 
20 61 3 3 19 19 23 107 277 379 463 599 2 7 7 11 11 11 11 17 17 
38 43 37 71 41 37 19 41 2 2 2 2 2 2 2 2 2 2 2 2 2 2 3 23 73 79 149 163 953 2 3 3 5 5 5 13 13 13 23 
36 47 13 43 23 61 29 71 2 2 53 89 281 401 409 409 2 2 2 2 2 2 2 2 2 2 2 2 2 5 5 5 7 7 7 7 23 
36 71 23 37 31 59 43 2 2 2 2 2 2 2 3 3 3 3 7 19 19 151 367 563 997 2 2 2 3 3 3 5 5 5 5 7 29 
23 61 5 67 2 2 2 2 37 113 211 227 227 317 751 2 2 3 3 3 3 3 5 73 
29 31 11 5 53 37 13 17 5 5 13 19 23 139 271 379 433 947 2 2 2 2 3 3 3 3 3 3 13 41 
26 61 41 67 3 2 7 7 13 17 19 71 157 307 577 857 2 3 3 3 3 5 5 7 7 17 19 
36 17 2 53 3 61 59 2 2 2 3 3 3 3 5 5 7 7 79 199 211 347 743 2 2 2 2 2 2 2 2 3 7 7 11 11 17 
31 3 61 7 67 37 2 3 5 7 7 11 37 79 173 239 601 709 2 2 2 2 2 2 2 3 3 3 5 7 7 13 
32 17 31 61 23 71 5 2 3 7 7 7 13 19 19 61 61 157 193 523 2 2 2 2 2 3 5 5 5 5 11 11 19 
38 47 5 47 13 31 31 2 2 2 5 11 19 19 29 47 71 173 193 983 2 2 2 2 2 2 2 2 2 2 2 2 2 5 7 7 13 19 23 
32 13 43 3 13 67 67 13 23 47 43 17 3 3 17 19 53 89 103 137 587 743 3 3 3 3 3 5 5 7 7 13 13 
30 61 29 71 13 19 29 2 3 5 5 17 97 97 97 263 373 541 2 2 2 2 2 3 3 7 7 11 19 19 19 
30 23 29 7 7 7 19 23 241 269 353 439 593 2 2 2 2 2 2 2 2 3 3 3 3 3 5 5 5 7 41 
32 67 67 61 2 47 2 2 13 19 19 23 181 199 257 269 773 2 2 3 3 3 3 3 3 3 3 3 3 7 11 11 23 
31 67 5 11 29 47 53 59 13 23 2 2 2 2 2 2 2 3 7 7 17 17 89 353 491 727 3 7 7 13 13 13 
29 37 41 5 31 41 19 23 29 7 3 3 11 37 41 101 197 379 571 787 3 3 3 5 13 13 13 13 13 19 
41 11 31 43 43 19 13 2 7 61 37 2 2 2 3 3 5 11 11 19 23 41 53 109 227 701 2 2 2 2 2 2 3 3 3 3 3 3 5 5 11 47 
29 31 17 5 37 67 67 2 2 2 2 2 3 3 3 5 53 109 271 277 439 659 3 7 7 7 11 11 19 23 
34 67 13 13 61 2 41 2 2 5 5 7 11 17 41 41 41 137 613 883 2 2 3 5 5 5 5 5 5 5 5 5 5 5 23 
54 2 13 71 67 59 5 67 47 2 2 2 2 2 2 37 73 83 167 179 211 761 2 2 2 2 2 2 2 2 2 2 2 2 2 2 2 2 2 2 2 2 2 2 2 3 3 3 3 3 3 3 5 5 11 
31 11 23 29 37 31 2 2 2 2 2 7 101 163 263 281 607 607 2 2 2 2 2 2 2 5 5 5 5 5 7 47 
36 59 3 71 2 2 2 2 2 17 17 31 127 227 283 349 733 2 2 2 2 2 2 3 3 3 3 3 5 5 5 5 5 5 5 5 11 
41 53 53 3 17 53 37 67 59 71 2 3 5 5 7 11 13 19 31 71 103 193 821 2 2 2 2 2 2 2 2 2 2 3 3 3 3 3 3 3 5 11 
21 47 5 5 97 179 383 419 421 769 2 2 2 2 3 3 3 3 3 5 11 59 
21 5 5 3 3 3 3 41 73 73 113 281 823 977 5 5 5 7 7 13 13 31 
29 37 37 2 2 2 5 5 19 71 109 113 193 571 677 2 2 2 2 2 2 2 2 3 5 5 5 5 19 37 
40 19 13 41 13 71 2 19 2 2 2 2 2 2 2 2 5 23 29 71 179 181 251 619 2 2 2 2 2 2 2 2 5 5 5 5 5 5 13 13 17 
28 53 11 53 2 67 67 41 61 2 2 2 17 37 43 83 97 173 443 941 3 3 3 5 5 5 11 11 17 
28 29 37 11 2 3 3 3 17 71 149 233 421 463 643 2 2 2 2 2 2 2 2 3 7 13 13 13 17 
37 41 19 41 11 37 37 5 19 43 5 19 7 2 19 19 2 2 2 2 5 5 41 43 47 211 271 463 719 3 5 5 7 7 7 11 19 23 
36 61 7 19 31 2 17 29 13 2 2 2 2 2 2 2 2 2 2 2 2 7 7 11 19 43 163 467 743 5 7 7 7 13 17 19 19 
44 17 61 61 2 2 2 2 3 5 7 19 31 337 461 491 593 2 2 2 2 2 2 2 2 2 2 2 2 2 2 2 2 2 2 2 2 2 2 2 2 2 3 7 23 
43 5 47 53 31 41 41 31 2 7 11 97 137 293 383 421 433 2 2 2 2 2 2 2 2 2 2 3 3 3 3 3 3 3 3 3 3 3 3 7 7 7 7 11 
40 3 11 71 71 59 2 2 2 2 2 3 3 3 3 3 3 29 37 233 347 449 563 2 2 2 2 2 2 2 2 2 2 3 7 7 7 7 7 17 19 
29 31 5 41 7 37 2 37 2 47 3 31 2 5 5 5 37 37 89 167 227 293 941 2 2 2 2 17 23 41 
32 53 53 2 2 2 2 2 3 3 3 3 5 29 43 109 463 617 907 3 3 5 5 5 5 5 5 7 7 7 11 13 17 
37 29 7 29 23 7 29 43 7 31 2 7 7 29 41 47 59 59 157 293 617 2 2 3 3 3 3 3 3 5 5 5 5 7 7 7 17 19 
31 41 43 3 17 17 53 3 3 3 3 7 7 17 173 191 463 509 683 2 2 2 2 2 2 2 3 7 7 13 17 29 
34 31 71 41 37 2 2 3 5 5 17 41 103 167 337 719 751 2 2 2 2 2 2 2 2 3 3 5 7 7 7 7 13 13 17 
43 5 29 37 23 23 5 61 29 17 13 37 29 3 5 7 29 73 107 179 367 431 541 2 2 2 2 2 2 3 3 3 3 3 3 3 3 3 3 7 7 7 7 17 
35 11 61 67 29 7 2 13 43 19 13 11 43 2 2 3 3 3 13 23 31 59 151 277 283 571 3 3 5 5 5 5 11 17 17 17 
42 13 67 37 3 71 61 3 3 3 3 7 13 19 37 37 43 103 419 683 2 2 2 2 2 2 2 2 2 2 2 3 3 5 5 5 5 5 7 7 7 7 19 
33 11 41 5 59 31 29 2 2 2 2 2 2 11 17 19 59 233 359 359 463 2 2 2 2 3 3 3 5 5 5 13 17 19 
50 43 7 2 7 2 2 2 2 3 3 3 13 67 79 173 277 467 991 2 2 2 2 2 2 2 2 2 2 2 2 2 2 2 2 2 3 3 3 3 3 5 5 5 5 5 5 5 5 5 5 
34 43 67 41 17 5 2 43 2 2 5 5 11 37 37 79 83 257 313 359 2 2 2 2 3 3 3 5 5 7 7 13 13 13 17 
35 29 23 67 71 2 3 3 5 7 11 13 23 31 83 421 443 617 2 2 2 2 2 2 2 2 2 2 5 5 7 7 7 7 17 17 
31 29 61 31 3 13 23 29 53 2 2 3 19 19 83 101 179 307 593 761 3 3 3 3 3 3 3 3 3 5 5 11 
46 11 23 7 3 67 3 13 59 59 37 29 2 2 2 2 3 5 5 7 7 19 103 139 163 199 439 2 2 2 2 2 2 2 2 2 2 3 3 3 3 5 5 7 7 11 19 
55 23 17 17 11 13 17 7 7 23 41 53 2 2 2 2 2 2 2 2 53 89 101 233 373 887 2 2 2 2 2 2 2 2 2 2 2 2 2 2 2 2 2 2 2 2 2 2 3 3 3 7 7 11 11 11 
32 7 59 19 71 29 53 7 11 17 41 109 239 431 587 607 2 2 2 2 2 2 2 3 5 5 7 7 7 7 7 17 19 
37 11 47 47 2 41 17 19 5 2 2 5 11 17 67 181 239 311 349 757 2 2 2 2 2 2 2 2 2 3 3 3 5 5 5 11 13 17 
33 67 37 17 17 11 23 17 17 3 7 7 17 61 89 139 179 383 439 2 2 2 2 2 3 5 5 5 5 5 7 7 19 23 
22 43 71 19 59 2 3 11 19 37 37 271 307 349 631 2 5 5 5 5 5 17 17 
22 31 41 47 5 19 71 83 107 523 557 911 2 2 2 2 5 5 5 5 7 7 47 
32 17 13 43 19 61 29 71 2 3 3 7 7 13 23 83 137 151 521 523 2 2 2 3 3 5 11 11 11 11 11 13 13 
32 43 3 59 5 3 67 19 2 5 11 19 61 73 107 241 521 761 2 2 2 3 3 3 3 5 5 5 5 7 17 19 19 
25 23 37 11 2 53 2 11 17 59 67 151 199 397 563 3 3 3 7 7 7 7 11 11 11 29 
33 37 41 3 29 71 3 5 53 17 31 29 2 2 2 2 19 31 47 71 281 293 347 983 2 2 3 3 3 3 11 13 13 13 
46 47 53 37 29 23 43 2 2 3 3 5 23 41 181 257 269 313 449 2 2 2 2 2 2 2 2 2 2 2 2 2 2 2 2 2 2 2 2 3 3 3 3 3 3 3 29 
31 31 13 13 47 53 2 3 3 3 3 13 31 131 313 313 359 929 2 2 2 2 2 2 2 2 3 11 13 19 19 19 
29 61 37 29 47 47 7 71 2 2 2 3 3 3 3 3 19 31 59 67 251 257 613 2 2 3 7 19 29 29 
28 67 17 41 59 13 19 3 7 11 11 13 17 67 107 163 733 929 2 2 2 5 5 5 5 7 13 17 19 
