294719203
997772941
651487276
816641051
70702728
792411359
678498661
829470047
547096054
215667748
163402811
608985667
364301341
234052216
205491776
684169622
522784220
515511986
902917971
893018208
781556007
161117749
62795475
756966405
603773965
769741454
578569336
306299377
133436565
569605963
24188774
213119941
953167127
498110392
334884024
90955454
628938806
643859169
25063589
924461285
517056436
897725118
414937268
537347158
706184145
183881927
70277909
384441509
220003261
669314686
642920740
252648530
903507610
173365947
713639687
899239423
67184044
830013703
862800983
281552121
539507029
818767563
545667920
457841557
390379081
687979085
613461272
806285851
65564246
812423602
992266352
115433489
280335076
523116280
305808002
133251225
780832046
927608969
131078708
728336180
896926407
755626134
496783693
738812607
290887636
298998552
123540045
736696357
874159668
746995195
482836497
762428600
685956785
438553439
636077495
590138920
689571157
651723742
272103434
993381296
147556284
798204055
109005909
247474827
920458736
962961301
329385539
976130712
121645149
53195998
634909896
176158791
300304081
623623765
281767428
990120244
500326088
202164707
653296894
299626225
562632172
695791973
480086440
418449820
515493848
551732391
43802944
68868493
93373975
77462702
249627870
711188849
622974962
144165275
798637865
652047075
268297014
617816189
459757667
35931015
516234112
346004891
633191115
350665663
488589728
340124627
278633107
337788501
655235654
167590699
209357125
284718191
886387278
399337710
182559407
755152007
437177537
685668504
601509076
654254004
875601540
21212852
184614649
908122477
864295322
796811054
755859458
117726538
855735671
930384140
251531278
263711182
567591853
571044360
270471186
27727082
829025838
115341218
330770307
815988532
209681193
384684560
550861263
978569737
190016377
933515096
699453701
482429843
347201041
93361846
467043114
724257160
12379552
546882738
916807434
618244268
786355817
623219578
205674220
809465442
346727574
949626895
241192668
197526137
640797229
994082664
731150485
102716639
832513208
457173449
187970954
720605649
669916758
970457202
109081846
21004417
901400545
802137129
618489880
943853954
34741949
445356012
610097847
777006788
397785917
911384857
372459817
675146272
283804119
93833136
22386866
70916154
485053383
530374663
705913074
348420478
306618681
372331490
112258890
854839637
476863698
866868269
969921893
554826250
448664412
257765638
678490936
465739497
64795541
674355942
696315997
832674627
489516884
913256177
894576047
314358177
636989677
375285851
224621582
828410728
781590107
408057697
425152763
42411500
807763113
790877790
693480673
838749453
528306419
169193237
695615386
953377487
369196212
947394936
593003709
491870003
926987943
794983119
785370389
25808387
874323621
212283280
770555367
210603016
596641894
705813082
781971347
726357023
632229994
260069545
735633650
762779712
160714567
305097151
882394268
570364408
647840899
573401545
500225796
824573413
368624014
247430403
836992853
250046498
344425596
920551768
375881241
722041175
244436703
259303800
210250733
655853121
490677317
145423530
189895345
897373260
940944388
800114264
358233150
456702884
668774554
989083067
598174675
899276566
583766607
463636543
572393568
667291985
587709522
598103579
503909937
174238440
703646989
689335428
9483011
14347003
280102664
674150223
703054326
905257368
939679250
241952931
506720422
28562379
388870484
361965105
732488367
793623998
144705805
633172823
800319598
638123572
664512854
465901260
289231563
346787614
190830938
372619435
802202276
3938273
898492442
569065250
248147167
517162574
943802881
300399265
189357161
315202698
961272880
74464662
374307423
582487590
287302577
988734374
341691588
382193583
46785046
729219306
687584201
61454549
557120500
258902856
117169205
895218670
443819279
829443538
177794124
587547626
989948031
4261670
511629671
483540625
214685395
273933364
185403137
29091737
981160079
453691655
426960176
793658579
671593062
227185043
12141689
706720343
7044109
16986395
577937866
914811876
269694601
531208882
264959825
83476552
733168632
253788874
612170803
671675047
341186421
541738220
494574212
889186334
748009236
824846105
790222938
212961955
318160893
225762870
183477763
535545421
749013649
100768063
87729712
498599454
51238318
924762991
720202260
966442552
980527700
585095122
161751550
639941952
912351939
169039522
61121913
482893354
793697463
343860539
655157028
386129632
611874510
236286027
474758290
318288461
310913103
922209619
650091476
795140960
517989457
269898126
502643308
70353213
22356972
117130905
997944292
261191829
344892881
787233508
361511391
492586105
119524745
209332245
743577537
912977862
249565151
356699156
333438466
576705893
409449705
752510112
722076473
567577052
266548930
67780290
834581942
613230918
193393715
630464874
885060578
274031089
623868525
400338029
406627229
463331433
42592119
856308280
144397406
799465483
312917622
599074220
508466701
159283846
263397241
52140992
938660483
700826368
328023814
611181151
9723922
174494311
800052565
179565820
32556193
706768785
978979825
636723238
145810447
888863311
809758591
738736888
83624930
622213420
519624006
319638966
837615948
797413063
888952473
942705802
723783634
994610897
57430090
689802474
830704260
882659788
347874711
604111939
930860352
85283613
949752430
498038858
112964743
190302838
316669188
891110651
237088092
234952361
229747896
352207176
242439093
729157919
861830094
459774518
985344472
484852710
553951498
758618016
157641981
730330104
966804300
772810364
557445335
331771867
765705592
497859173
656591313
385968585
122213298
127230523
408486598
41878316
850031744
67174403
626857574
946591137
306799001
234202763
365118800
486287739
834100208
157903764
613677667
116593221
168938849
909503691
578225588
350786534
597869700
789581132
316888129
576255655
544521533
783546621
388679911
113514032
148797138
784908159
562312103
513541225
47249953
409578309
86718991
429853512
963178804
649658075
689123423
936985105
1680574
122790806
213959703
616215002
312698261
913057270
749862131
636181260
31033104
223395431
309153617
148874893
159840383
527157383
557767533
578746122
852179798
675503578
371430506
870633646
910446422
234211664
461368583
589288805
766050861
36946011
114093548
442365252
237566756
77587684
485655146
570958465
422476106
68465726
229140275
159201144
47247304
283006170
876825866
168798188
13303258
866471360
251886291
597860829
893973577
484525183
771048339
768471492
91456832
659065099
324100737
92885659
341192415
607989967
167792267
484440156
363943845
199253925
407530378
188989845
808708295
55777703
980810437
135774376
366975732
856890451
112668868
497551783
977534829
642292320
71518998
930132969
450307990
825021857
899711966
979457496
975063553
248352719
693099335
587370336
874753120
562343303
107223822
298629038
377109308
841826717
497878446
819739521
492454106
837011406
16306589
697531037
829968393
183050164
624934809
402213742
996943361
551033979
549611786
926087008
506946823
799513693
654971937
360866820
245382400
863218079
175804634
900700046
389037130
124042825
958630856
302994211
255951499
643668325
727493776
560389374
50052230
925404132
880799011
280966498
632983654
324977193
141174968
165108392
783045970
378061863
340815869
815528351
519050004
547338891
21306505
301336664
954106004
915305870
88564466
95913587
964511240
919597417
597033815
337848654
877100182
95153346
454162086
806212632
44215613
624944031
37273624
607947447
635167207
347283107
764926456
494917366
982599126
310614794
811345660
701385643
842372475
443652471
997409617
218398717
973193593
300303843
31739296
541564171
137323675
186358016
959585968
359787978
806441938
775033922
388765712
888253379
348730379
262484639
24684626
921296506
896968199
762044649
745191015
432023873
577493106
921497025
836741781
757149678
911924284
454459887
21201528
748518876
752127831
952663565
372314023
152559204
784543140
875011036
37345356
46887613
155658862
715548372
742982117
993564272
408890368
366137087
959984429
885078259
2502267
391661865
512693235
985630437
57753115
195873947
426018995
432243135
370462444
179937750
97078118
908362859
740409135
739669568
371192691
531113668
685091232
85163147
151268557
287958132
659554167
493039965
211177019
235878040
326419964
534398528
954361263
932846578
691056243
640774691
883360142
415584532
250773256
861624494
906038528
520037533
603465696
668132446
102570694
650751330
368652305
691703427
994845954
322815514
25491172
95522997
976058490
676196111
130489627
548786191
920642828
864225131
634866970
270214499
351324002
48454271
603274954
817082568
142966152
639806744
260932669
143357105
216992082
642292783
766189970
738346724
773348428
192949143
951321127
68633102
44958597
37087711
772074624
556893868
852765517
557934760
475768021
81289613
369515103
83060584
846228297
574073411
183035129
573353301
859746295
513875789
980730676
670420307
725094577
169673708
423641303
829505941
987107295
556439299
359264551
276697986
209651505
736524253
162225280
896973462
256930658
199514047
659220449
104352951
455566358
882831475
622129405
790729896
104999205
237899475
232417920
620747082
124135480
748070792
547590347
186927246
514652710
920124116
247271227
59265300
356907926
448570128
975064581
842488505
647583505
285572641
806100879
802277040
517778700
391218109
974481222
790041882
657179058
932134135
532380440
693677831
743353573
66597090
452403681
368337751
667985289
222501316
463337435
953942813
433134448
317148207
976270706
990914029
804812887
784956073
349718002
629739943
288863079
437228171
523797363
289933663
548102328
408800750
722475970
849995619
796929345
837286966
627736194
915034156
732553214
718406846
955227348
187647614
274378646
672408543
799803190
176726441
659774282
204993309
620842250
48326784
946898709
880641619
432002841
848417629
509832059
18312449
369204421
104305426
823930849
934087658
452559726
301203227
951287485
323185932
117638233
356365393
557782180
935553768
178409095
926967604
377185583
724023226
830103163
122977595
902756219
378009444
307413533
681223248
387263345
925128301
655849484
584234485
930087708
925332655
995970575
523487826
861988903
915245836
728913282
508558000
931797013
351857819
276104426
310554912
603211741
435590112
712840404
778840475
940005846
868813383
144620653
347969674
217818089
599904441
953913094
112368080
876760471
430897283
564330245
51324450
942101753
386138568
7115725
732019036
648467630
401956692
191582874
375540506
300922564
627456322
333399554
761935452
540712101
865132595
504018376
555563304
700559600
142782808
238117734
87726068
822116458
766039346
767641869
600480651
901360852
507418490
239158755
284997286
273954423
793718145
727831317
712792504
460174099
272048632
430191787
315043330
434066704
11726608
789481886
79639279
302504229
449156704
664154631
721400904
39165649
230973463
141747710
153451532
214538302
248419346
858694958
108586822
786268759
385850900
195444136
811606092
301257057
912478384
562454522
295126473
815818988
262114487
501207703
797951680
218205515
493484770
29759167
27369977
135870347
244635265
827312120
225447997
480909900
33215732
949058245
780585983
27837937
592824297
621488797
266970125
480986530
609621696
489115919
603228747
788567388
450890944
788592603
331386368
861057048
625719558
459827244
615860338
968916723
182100086
408926554
784007456
154879909
461950568
529867767
956907465
737914857
108358858
949760761
713601034
163332986
112216186
705063148
61389736
647968113
33474087
805502277
727145431
177484461
799342874
660655961
564742662
18790676
277457943
914407898
724838782
605492275
304867893
547141766
242474253
23965820
559439684
762920034
636941603
137611282
162600547
717011916
877463650
532321653
389386099
883156662
437239196
304516774
6499628
415778015
526243307
762479841
399042878
892799393
805184711
706727267
957070094
974485275
182544938
330629049
95121025
794963747
892977287
379027679
56423112
694710707
518900993
185712460
888300119
688417274
397366550
626950845
144847139
170723660
803112648
528065707
766619502
516133637
909209622
550378694
210957560
523027217
415230862
737059733
607313133
869706705
246166538
403490404
190716095
50076966
490215455
30335400
474358038
391116113
7834560
871614522
8585612
270082553
687588434
329278010
618089578
337426473
963430904
356749080
139506251
445521185
41036298
113505236
494834681
126698952
406216764
522364721
649569087
21552824
134753187
710605985
34580643
578577285
196085163
530052545
567286669
755134817
549110247
846097095
333666060
979111760
309278773
667742167
364207515
892416057
673492327
883082265
589659796
468276081
307278742
252332835
1617578
453045371
335114336
416949670
605393765
883350901
50336062
675103881
477276671
217885996
377415340
157739531
891982071
728945310
909619641
534704133
832461455
13154858
393035432
997013788
844701002
324364163
148467754
111726900
145670257
537314950
50091411
927916803
227461065
748657622
505134949
184560236
661326304
233522970
530966092
228154607
288145241
907142872
767948579
206074144
274747999
670157902
447184556
319505951
24129859
208295446
261366782
61426793
445058715
325583689
874897781
293737484
555079578
56662482
44371054
947472202
464389023
774460723
627495645
179158325
801624091
878337702
447837487
762817296
578248469
495257788
567891532
143005428
456640566
815563358
21157886
518856517
22385095
770977683
668167865
604277928
701565303
862762820
57259450
618403235
39579313
724372223
865049763
586229819
748299879
581907779
315522920
437350916
639835534
814921641
511754197
671464693
308555114
791312811
251661471
921575398
567192836
688859118
432005941
674245692
704265491
614027218
165712930
243458705
648218042
614091910
288820995
453658241
889710384
899971731
202879443
411519388
930404766
345205904
18566940
700095317
92251950
599708036
640641588
275432779
483285894
776677299
286891348
756196789
456991439
294672041
113449611
619386683
851051555
799317336
881912264
537071942
264209528
901174923
963893318
333319412
91772458
999248804
819166897
437476143
340062648
42802185
886820004
431739011
541206835
895463220
392474687
543726783
216338224
833461238
974782080
43293872
978747977
744684819
808398303
758033186
177793080
454456999
924123721
719688071
306440149
478671813
372845228
663429619
371230339
87073136
307194244
366479504
585770889
377482495
426965922
441289686
847104350
802652556
403384051
971966522
385388694
281304682
822899549
68430765
31173843
193414796
863801027
142151985
503630501
54044943
316391837
530807074
743545029
363364417
712718204
875067312
989274843
465177907
159886322
391704957
860090587
615674759
141267483
844484986
448766652
3515905
668114025
39144297
402491906
526710582
992085646
783321706
337405472
631001595
423374938
95148575
774554756
766650253
771674506
116313466
414604914
392846514
643850177
735653470
581318974
196420245
517560942
384890011
822146942
464093805
644703251
643008487
30046377
378699804
620263230
787797261
683933115
668229464
348515600
692896446
930057851
27398462
885704071
437053767
597401852
518218743
738591774
19264385
715769843
398707230
837394893
447828993
461901207
779851486
188309215
26701937
992553263
626945063
355293771
172981119
933717937
469260170
924611480
393741118
840953203
27668052
615203888
887754209
75727010
899814075
667570858
286061556
466835983
38520459
194492299
159778021
205918497
9157974
659246296
489155371
160175040
987562722
190659139
574590821
238484930
98232459
828910514
681452426
555442134
706312433
290540937
164264655
323274302
921213789
995482028
858831793
295094444
36774602
668794739
325141419
784173968
793934418
653205705
258242361
522367979
944713224
685290116
656764895
800665064
742957438
664078571
169863755
775727828
537355908
253451693
910276992
917988241
437011733
85196891
378744323
301274020
565676089
488851935
581341488
789188827
726908091
115477464
145158477
340118500
881907219
798907112
743480099
645937336
488408436
726926539
207811595
208615854
559604011
895098205
42397809
580737226
41614730
21900552
317037811
390232201
119679700
744053935
896463434
912787796
529970327
316838183
383889804
162645670
158354222
472334402
639142550
828308512
297105721
377042510
300677408
590960929
661969917
792703100
479143333
66810230
59750692
563750446
729973257
12523275
875553738
362015021
261944358
70935996
715236558
720864094
324526828
589810805
474510575
901902645
99436818
961090445
644553369
555855576
763537150
833498793
274198790
803222167
990535683
550767596
655738573
839396087
366543252
587483061
975166195
991966873
709965074
947062657
717026870
912752438
671588727
915040164
669556356
343379870
766702605
13457399
237046890
151011346
963943292
867952635
117943810
63662143
794092172
403770156
142649671
141478641
390904303
907305404
670142566
328657770
16167904
702850770
464999870
944101587
451631575
261159285
796708989
844922817
977315785
879337051
427457349
181988212
878651097
621010055
814779538
918118827
956290860
513339914
740029756
548973017
626798104
133921228
253595891
219924068
290947911
97492436
448064355
251535727
85270002
417707208
413394868
457344570
466938442
913893266
297604556
86960961
668037757
83105415
39395281
609269039
386469986
687623723
107426384
40060929
101468623
755658403
992421220
152936402
143613722
117158819
811678903
393700319
627565190
471722188
398649218
821661456
25536508
295442189
132358399
351646843
603326657
255843020
829679573
934173447
824571455
656845468
178195972
694028312
35619963
107266379
399332335
380332786
487611707
52050000
875258341
426375902
317213256
719338945
367800314
695150895
295531052
202722261
125437380
717325820
458930491
808150441
28710080
417235514
507732040
149840914
266942308
167181851
756700237
984995888
627010199
58084750
349348609
974875914
440222635
620743843
152748012
422285664
295540725
236587507
20083832
457424626
678031533
367935337
201751851
762915611
855969902
408242989
387880366
287161853
6346673
812280533
737005185
867905650
86260363
556977317
606897205
729564124
268872394
641963454
499946482
780790103
460520589
33943841
313025063
857654300
92559594
620093992
644719703
542924810
364130221
906610839
577850765
739331982
397710385
485059993
771070787
971135833
22308779
101503001
473271796
740189255
706405638
222767933
912072412
833367232
623997006
877944147
252529539
485343613
567359402
190700144
507722481
436394118
787793774
19877366
275647005
762920431
18450722
198445006
913331622
829248946
940351549
821134377
752131621
36282300
969458043
728524366
685607618
895316968
175869814
130920495
646031967
325553726
877411150
198489646
534738630
13409947
453336425
906114196
690954877
902296709
898172285
60158695
117804663
552823620
548114786
841088560
432633806
250091306
91634886
178629566
293742150
364253365
450976481
320452823
202303230
488951747
971385600
466547424
715149273
530827422
510724582
385779294
706710329
258545985
997952785
229363009
561078199
929557590
460934762
473166816
801983772
570859365
807641081
991208593
105061813
923578722
788875232
294094369
16880090
995852831
944500710
312307233
792605906
167652786
945138908
94220141
214651525
37805110
109709385
89388737
644813022
266480625
683180559
475142156
12672201
750908194
184747026
202261847
567778556
217951978
807526657
67280496
205287157
784306528
465344924
883100298
789075587
602101739
103225411
455313418
896116150
341574840
64425467
123776713
38848849
216188979
212611733
699411257
898750243
446688920
518404271
42251640
837912813
30631467
165641498
847613912
339689390
311065230
357466420
845452980
342468274
815025451
284763202
158561837
896296787
274416547
116313333
818706262
30926000
182335459
814382428
734701350
891842559
226861144
92037649
705816055
331944529
477983181
156766138
248277071
160162387
718364208
88903044
661131574
448509441
858320603
246298701
214544461
910291043
195340498
375814134
665525133
480118788
653443931
670687741
221100213
66040434
426463345
604079937
770485802
120463477
619843783
201114861
890066599
133702878
413584685
395000441
439425031
145579887
364134749
276477792
37921375
870162213
937830707
519648838
344246336
423602614
764187110
967196874
134479450
136083079
643614059
645097127
469047509
558483659
474093425
179425391
877356310
448655606
282427924
384532202
598358455
732122077
997154425
667527946
865343546
562283945
90228236
576661572
657921382
134970771
505090051
34046108
690703116
689479035
97481751
637779513
211992641
868532902
968214649
949096056
66848823
914310267
75976731
829948253
36660711
534801350
181410149
508043938
699986796
373733919
139492972
819425296
375178935
310383206
932972123
131714680
523909326
831576875
215238525
634392507
597430509
925969883
56638347
116764403
542211639
481058540
635897710
493180603
60398009
416306569
566351899
431493653
860710986
825050552
644345011
326397416
580454620
212930712
17763775
131906326
663170064
283885193
354981023
808191024
72615917
454831638
438062164
364783453
184553937
285993714
393656311
803846778
296046223
935364842
801520701
328758475
538441738
643908446
87784202
996833016
198065000
713654077
981842680
516334012
135198284
217040282
513690327
320044865
511638609
579373639
552814578
707523259
636384366
184128288
457188254
776447824
648858774
842309557
60206548
941958606
117371632
308733321
305110741
645619525
418530008
940221025
651920361
617612516
661800832
145860438
957710416
841180783
907601286
439866205
445675999
761569082
798554601
813350617
194204850
927271952
809149376
229344327
724298333
316413006
969455611
841475839
711333368
288803763
537987976
329810492
932967238
786313112
667211180
637847217
435309314
575840687
742694615
358196726
564120101
903983199
103071050
885537841
118477484
48237613
400880016
898186343
527288508
588511700
159548014
677641406
996252705
711106
699912273
475356016
529552403
727205101
269973321
498922434
57737820
670599966
980892512
470543531
244437477
737292959
388261670
395049786
421912686
499419114
634434585
712229027
934028271
865677804
83077571
611487274
533365594
968938717
395372579
780872140
596709633
930003543
28410462
845429743
528063001
440088403
302754562
900267702
111071037
556366751
203957141
817030595
889471631
557714585
849063891
68046952
664664419
746988741
433743010
941913328
9553481
362597117
543585891
969539341
80373257
67644542
474999570
833025817
673473409
910147565
583967811
851031715
589130114
653637419
529856580
1479530
659631641
675568919
122601048
180925926
558594845
569849784
740871583
988428372
114965215
68171492
657128924
45858883
31665786
180963999
628400411
273629065
968205215
266460225
373226389
182358663
334004073
3499725
667306561
282921739
450444756
911713083
548849221
559928592
246100687
726096011
269196638
602000420
741862528
254914906
660057350
72772222
254135813
845687400
16320089
302810547
229861800
290477000
851074611
496122958
202223213
195740928
307903840
49828698
409684581
428849746
70713792
266847427
132133683
178274096
446605747
196881414
790812053
727876828
241205727
782894818
98813706
555846506
885982506
918845946
492023341
679695507
962478855
403363801
841785521
126268090
937518647
439877623
976415413
991549046
476537650
200765477
540903203
820109273
34178344
777505050
266996215
910892887
215155310
341645869
373235290
622346415
484136381
722736567
167297662
506121289
966987680
224431217
839426288
19824242
90510114
807659063
584442160
137626361
977222929
937611034
362690544
660240028
421877429
156698435
21008728
164330365
657616955
872229889
968449146
288107639
846229352
438666465
983740684
592247222
798497537
458539358
527913094
470927067
208916693
222381780
739697302
600890467
984756875
927186021
822320005
230473022
979648146
726348259
787709119
765855326
331077430
164278581
74506463
990315529
228619248
663604344
406665
405298231
310147128
542251229
533269493
692778354
754483519
277234584
392926729
877846074
659081696
704126417
898885593
51291497
941199293
866728809
368658251
738811110
172727126
96799577
832410209
275832848
797480323
757286311
565092237
606275724
595191615
825700538
367619824
21330637
657969697
763438301
415690500
217971563
696745982
414317578
345544569
18600854
732804137
144974954
867621124
935948078
577381319
553522105
839493726
661654664
417990306
115313500
390642278
582107040
953214777
82974549
322734451
968984679
85249424
951442746
760522454
286275259
991115406
1268306
124214720
669650947
852508611
537074337
375414438
972525188
362077199
324591148
152943960
529143099
96068719
834675603
45436336
479653372
751621900
766892214
192695129
419948374
866763667
887660183
820625129
84824812
749089419
824041601
476534278
322441357
465358207
651124641
398847720
272274795
697014760
219975998
580303802
556271465
907637391
927376283
888031297
746978006
710413727
733550597
914737310
45020659
547327691
528275603
222220783
618485272
948700952
821665431
199238191
958165287
683336297
662126993
774672327
320278057
167851445
391975256
503814133
666269013
411331658
328263483
616263846
526659707
139163980
725185528
689489948
281710383
88529154
453122938
866922764
392519883
33340453
888053815
817932070
41556842
610173380
34693137
594312371
570864316
291413579
169987575
602914289
934283036
185232735
106864310
86223349
265236483
650518719
42660331
17184147
917338761
295362610
962863408
593657804
889724225
829436280
789696475
426994119
362573981
419502209
125461613
976930668
585112982
228715222
726838870
842291920
793141083
312117051
652040389
102034604
983809519
110400890
514458005
700158953
454370753
722894429
776310699
880235386
179358496
584606280
86883596
808889645
810741802
825687301
740537652
390464388
397983371
963733537
5451000
299563280
494763149
638410333
101768914
635479801
399215023
266852882
227808112
932937268
757179519
149179004
214527426
794093529
157154583
252961113
793113212
736744903
833338896
629101538
253934532
750882466
127736477
111690155
714533083
885106455
512604452
91871991
453799990
420338361
3859616
283266707
506883580
640899152
540050736
404969010
584755436
356449542
738944548
721982775
519116610
633553862
11310896
3738710
294266207
348380204
29668502
328211006
66396280
763261475
738884811
902919414
825760525
701708722
770096849
470449769
359109803
702543348
807443521
680738709
230501083
762221421
399735646
446102843
999433723
834705166
744197438
493162054
129168509
186430418
474381691
48505797
655209478
445780044
632548886
943271085
499854645
72179322
346200647
843015565
887452459
817239175
76365777
7940572
386107289
546440497
572550301
638052530
414470858
782478030
481354579
481841861
797799784
876657490
544461186
168255877
773358105
444322704
628935229
981490141
296813661
472132478
968816962
78608505
160860878
642572347
109236785
486963078
102023864
57988839
417914956
737984752
423229241
172478670
739467980
90370641
218421589
231678090
268689059
314907623
863585022
59967245
399435691
847026546
993379027
716169772
823593095
233307246
106864912
295907197
956220078
79549546
934096833
610391458
392128879
640608996
434966303
378885104
943056833
491077763
496572499
496860145
716258684
116548434
882904666
850984461
975481632
551154981
552753540
476221298
604105955
949877934
678954869
689717553
288553409
117831145
5759163
464608463
803369238
148266019
927311084
91314342
333829999
558247064
650042562
674827309
754655181
757794733
909801249
329246661
13026738
159208761
462334222
539190562
918009951
241228276
667762331
450934611
591005281
907804605
340210737
644623731
759056327
766830200
823998034
390425811
748127321
219922859
623348
754684149
670260923
91329236
162830901
498569015
18622918
869455289
351660024
701314099
705650866
207104099
992148374
889210872
401388250
577271406
772807946
405275374
818454883
292010725
802034390
854626375
462375032
134705020
404788185
195893893
886922683
674730094
168803407
73434215
515330192
821576394
605730430
940841298
408301770
544560609
289816098
358997347
407815537
627630911
576430855
267168292
7303162
47700039
290362571
3591791
769074182
865998614
70056821
347055668
558331457
45814522
856050223
820911534
225591113
46941187
1983995
408966637
670946099
230000322
471606508
629807541
886431667
532493377
525532949
749016965
437279153
880939650
954244702
395496075
591263534
517320153
928995528
372053843
328078559
983387667
817611551
636243941
782163531
428995776
455367808
528484367
414213995
991048352
296488064
621589462
205363156
435232002
781169269
979816499
896271977
594299495
202866113
803660060
977667556
684097139
302617762
449752673
231366209
790896874
421882027
346177814
254412289
550819456
503036402
383221530
770713484
821395348
854030200
366920449
771810779
622606117
738480828
758380517
113414822
586556622
571847049
681280723
755498771
833025907
398022651
608871321
457106867
115152351
332863390
74090537
408521753
963864735
870589040
556570847
724907546
828865388
339167918
826558862
186573318
585827708
296412746
393199828
707391201
912974752
257067897
726813153
353862531
387127810
745780091
229943541
790818917
385090951
927087282
800459292
226224660
946117300
625647511
855881719
857227043
643819412
430581295
849739992
374623234
361409066
660534171
253994073
234061029
558081465
772093183
692612551
656446415
116824820
413571529
758989668
341842104
364210230
501900316
257057305
150588816
543031422
331302543
820900003
452068818
350316262
854708867
888673885
90147430
335943985
77261437
35325299
67723156
271159856
398939696
651352285
787451238
816917262
490370250
795967564
920682985
495624213
679590614
868071719
304117444
704229447
208270922
253670061
679893928
254987442
200471192
216567956
887517997
567949912
931409265
185612785
313398995
134821642
622778445
687321201
419230574
551687413
372276575
333406486
871746613
691387514
729931876
167549538
832093634
525506865
939152364
109529217
497724691
25890973
13316871
795323777
681331655
34622397
633843692
744341946
225926643
482385895
605714415
106112238
598984319
659223954
385945474
39041830
861407874
782501159
516448615
455239835
452840545
874831709
271979440
441478393
625670558
267435625
330100866
191181
141033998
368554955
192541698
789823297
702111326
791178746
186472908
492027497
825960256
716829137
176868904
359883194
707590455
398174778
858565665
831892590
775680770
616661859
421805430
3557039
794626349
78660011
461438044
935774496
992421804
554226173
937989702
822614214
790054659
548090370
636591730
550172632
464588230
903580921
410206327
684327745
358282363
829316530
821422198
729474694
895808650
18552681
855969920
537454181
541290803
89831656
486073187
127799212
532824587
688361728
245397058
674002497
311863334
95963130
889698044
292057634
490090913
479245637
725941398
824618338
303098
7636843
665787349
255533455
642219007
730545292
447361065
123360450
168164802
840880102
123859080
128750403
244135246
886381548
429333464
339415788
367992538
883146647
987555263
458158778
237642403
616361369
212546791
73644286
313971777
802477003
129572038
439640490
605330599
800680060
688908069
628892835
49514596
162268551
299260597
55697165
383242013
76812772
282782657
578347611
23858846
20940820
64611611
600099448
180717149
221953081
442844944
614027042
198220731
351594384
463708003
534079766
583191256
600045595
445985421
434012073
16060614
174984346
242604738
704566497
451974874
269537458
253051471
908949234
645270056
114892729
702634764
893388821
927613121
387363811
102122240
866523893
853079083
778953053
115127259
567376081
816212847
369575108
470539583
68785428
724510427
587372919
111536358
587476448
47476010
415172988
464754072
255778723
905208494
137096385
425378937
244372694
378007137
740124927
309463968
119810059
56925226
420909811
20327896
237106084
117791377
587412198
487051859
120167366
224031729
442587753
888386668
897431743
141068965
990281160
952353847
665366600
206800186
699744213
50402200
60049409
134667097
260167227
577395046
427219770
783816398
487076507
552106534
406900413
277076111
480920625
568842164
237994518
717664780
54165866
680556660
889565257
565187977
536379523
805428722
632071021
645676287
642066425
972516719
716699981
733203166
618394352
659415572
887190054
860986236
535219648
278318889
239783319
742931951
290128694
17827243
212756491
862168422
158356522
833941762
400135918
169922665
894177366
144697438
468070632
920781802
75759917
624109849
64712980
285834086
940690205
895796721
878604666
663024620
168622314
561255173
920905806
121004164
714441260
382370883
788351520
839774018
769260351
490991448
598049293
193808652
405512460
42942022
251673102
410463731
768801870
829003260
340575745
679557410
351450332
987958381
43468229
747743349
305501423
933496673
217679089
312311179
957410516
659370009
906776483
712728087
570158396
573310019
763253761
330414840
753179645
842050224
882998833
188578144
847989245
826809232
323392712
729911741
957803762
160428675
669603138
306145022
500032391
802825011
358271382
202996528
589970321
503637704
217774876
553986702
393219517
232480317
70094092
883593293
412743778
953304592
782368467
792530693
359300250
82889952
72467986
492395689
516971708
385748347
507088213
342266129
600511835
100496907
113172090
175608186
711083366
822474964
782435760
24167704
352542892
651758870
183065806
146491079
301927780
123315526
694646420
161111779
979373493
989887834
980039458
64288678
96054991
473086583
710566307
178437275
484945053
390368699
689973536
964156076
889811652
665672426
143074516
723223884
961984530
973429696
306799775
798499421
136800520
733755360
809062611
365412227
30903897
585415484
758071080
160645784
200887251
678202188
747818378
985328259
750759509
321031588
522706507
677533455
48277362
915752822
57904515
969392280
758703834
479434734
278570227
423891895
56620608
492737932
708485177
914573736
492094324
43101363
626353849
874259868
365512866
165229895
238912466
673104669
418773664
171197765
416455205
538554066
64429625
799442973
951114181
848076911
184960456
183835559
895133912
509007850
456688170
999000807
374654640
380431544
286013163
809811247
748210361
439821581
917542181
809501433
174264677
327376239
893049946
355710965
192706973
753460691
188641593
523186046
482669338
354365257
775633668
419880593
16189233
359080636
993955430
687916118
762208483
741225486
878964209
965435804
669347925
839962683
905938251
696419444
206668095
550710682
922837334
469080254
943987671
376006649
701457035
29951911
356463752
304932412
80143147
989591250
289941162
327312485
558820837
242618843
778134497
616841855
446674909
251848595
335503389
517119990
24237342
918974773
574908295
936331617
708645793
254097039
376825046
947876993
243583067
297212923
1010643
803768381
313648349
518836007
107239720
35628432
416366379
593492320
227125090
223785963
994931725
224227685
557494502
800400539
637133258
169663222
580053400
251979461
909478905
844648391
566346435
656665275
85761180
340306904
646927533
932325170
378931356
959906806
685305411
378337298
865077487
193226966
216625091
294902063
296113174
422161747
194285772
826184727
173242944
801905949
417618167
738553388
870000040
213974549
588697789
468576690
30774990
347137876
846367344
741686555
322249260
213541906
395211566
440429501
732357048
696975272
988558665
922290080
412750852
143528063
403663224
335419701
605602146
536979782
164122686
806347317
411138200
823885236
197505076
166041861
334270611
579985302
538624163
853397686
606271044
23037338
290708817
628988660
4186337
512639417
333312594
693834081
874629955
747171265
570021900
522045686
781496177
302514988
720240759
884977400
23851761
71701833
464306668
352002479
895305
857746518
541664590
654015546
954102833
699023368
558941114
993247802
227976232
912567469
400871772
562666268
811106215
453573881
973150666
158768848
577027099
17090616
493724350
662045075
334953280
613612872
92857000
689484124
962282292
788067452
836138648
695977193
802006276
972893508
867324260
65171114
531733407
714201494
501015028
186227219
974334936
394636179
190782715
64904589
924066151
592775539
708983938
769197224
797775526
698505390
412437171
325577966
919178518
393280422
385154312
719951387
471337346
565602737
558932577
436396605
521044578
760635162
554590441
611218707
546305189
454222859
201621298
206768825
844907018
264367208
507565185
922325701
621806441
638008226
528167051
730191041
566486174
213922761
973354218
492259512
494580518
878543479
647571227
754030122
661069413
156374591
445742959
873203780
377161350
278025016
509455214
436326051
14119570
785726870
9722947
62059707
769242031
723168180
551777833
254021113
180279855
287325804
386467286
664257203
43819724
608665122
170894608
178345223
431712916
382691914
517565158
409114192
771403809
9035195
373753276
764104756
383951097
424898945
737397617
464870119
93659092
430857154
260496436
908623678
59935814
255732724
936444308
842300897
810585922
864260074
463507079
87799662
97287176
463826955
962783310
932199170
511544487
152703676
380369475
507834799
783829246
667808944
804921173
131671141
841950769
404677878
897419329
331812042
907923126
555921673
720351268
934531409
424331876
256131141
149277427
706167588
616832636
903983750
996354080
291116266
918224689
417630013
524496924
452435731
747703943
792130279
785147301
148647495
803323838
468266372
134160703
569172640
374424438
162631562
232992826
942307273
638580729
627852181
175302341
918362241
524820911
292896819
186602333
986042169
242755605
149493051
264564758
608860948
560219219
304616095
190318284
245205443
906632573
418205150
610576655
739171469
638053180
318013434
378241201
463097321
958308480
329951310
66223293
767732642
867418291
846661622
38909787
236114662
370171614
230950495
947146169
590525245
727189628
90689964
822912862
934620221
146071309
695231951
890691135
428236684
856467781
820190760
877372422
290548464
608994227
996057356
283558031
178331501
683115117
344835453
526624760
16223815
885022824
810823676
562357367
276312664
745478385
940036184
493366907
899187377
520434615
689489436
131373134
792462423
871491699
831261976
300749939
546144606
444436146
996932512
43499652
18851666
346138758
387722701
981575244
735905369
489883631
902098765
724856338
784850729
741595422
96922548
34292788
766029570
324150539
894344436
821739339
784153322
434578443
279985673
769486846
41966876
104584437
917938627
742931185
280337602
96874473
385697713
527684180
816741982
417477904
970975633
916176977
93440982
174859607
481658867
630154690
990975127
278409369
87703935
431484386
658543975
542655555
40620697
513267769
100048344
516673830
574380703
34315968
239834011
840335860
100700624
36810316
730275059
93176876
72532115
180342906
125693850
628627783
379695641
214040223
362214273
125500455
644588687
351151946
352275252
59179272
354750936
257310539
494111269
177301944
124413194
333295541
932571120
989432891
34578177
970037659
521695284
4449959
744020122
784272019
503861753
201126162
612716815
152337935
727767033
137551469
255394551
9461924
731885149
870499978
147174115
45119090
254026642
239269767
256625259
978013589
762743108
961281328
843407727
784261993
394684447
348538120
479299142
210175320
879140291
762447057
975253839
962426720
609701960
91522075
909327591
354764442
471783286
284852414
296151697
300999422
315257189
297042028
243833664
678949639
653953681
693741522
501481555
558832168
314122560
2772227
549178290
330102810
199006681
157572446
919444592
107085054
152103720
72432955
253463729
259038569
492038052
299890563
850200522
718165793
827891
780565258
853057087
394786246
735066203
51952676
206238867
425056013
680763666
552780479
900498830
829755622
309523836
917711657
141013952
52399162
685194317
897724332
12540150
724581375
235712479
205213266
888455713
462811775
177166128
36790590
390180652
57945569
868427369
754225142
806409264
814174427
347412201
519690034
927144605
497340542
201306582
140965661
932188636
307217411
816592392
797993283
471945254
131255936
944020644
381277695
349215494
342755742
87534174
251000689
685722266
499587182
132632371
418486750
541179773
982383428
74597441
758853300
446367289
316747529
518148849
577715309
83161532
321930531
51511685
83298642
552184688
37166177
725805458
111806358
996749249
914682827
143323130
796378680
820367925
630250924
67189490
142210552
49594423
133602097
238421995
706361775
680518324
916261580
359307952
552394523
787526588
304033655
426495102
80748516
960665736
677577844
16630308
121978832
577919448
379644840
676434537
225031856
98831699
681714940
142029100
661296522
609570163
793416832
419713242
157185579
583006087
826611363
979678836
286709892
412057540
752297721
535953546
623923897
377881598
550778369
839746484
593622244
981711906
810036360
159317919
871148061
924330892
991579144
337833970
458863150
462993558
167449410
712061525
398508354
225279423
781530994
647890579
184878850
424459018
607236334
886906361
502270203
438131005
480225919
569171691
991136461
129905111
722106917
759895899
205961223
659747583
333636876
727763830
818939598
344503806
290296000
260795095
962148437
495213756
166713437
830567169
211038998
508994809
491079752
124479616
333993112
406771586
682434941
544375266
596930812
736674407
399805811
391665493
833070817
127895653
105945117
851879140
904806155
89669718
956978779
30012480
494816292
116618866
423839598
977006879
728981502
815483044
391669394
937760065
642109247
782708535
634636060
478939704
447413826
749947941
388553548
877280609
258034237
756459672
803591458
561943349
295918896
810935384
140169429
470825666
413420032
122055615
373139891
868698793
916152660
124167339
313979960
383545518
768181878
817408821
858822128
215770713
332241507
215202485
509585299
15618915
213995447
867762924
620690984
873446326
770220894
12919953
30221505
422185448
882249298
13665978
145614523
467525379
405516391
467439621
602788126
452469984
860193825
170474760
245146100
470323250
39363469
27350389
587745112
212955212
960131053
273458496
468591901
743345094
586971235
776605509
510122287
953510744
560465790
269583066
533733388
274972931
674136118
68015631
845443610
954925613
350465653
341126039
519709510
255038151
160197726
735077562
883060394
754446830
627188682
272404845
858568626
234893133
874921598
155889246
768042782
152455554
877648920
957697335
757664435
415625048
649846416
780876509
776694635
547024648
255475932
892751194
417863629
922358202
581382633
427041128
883808709
999950710
501052883
79775034
719290392
321594466
394995167
645931415
496360760
954756731
920700740
68201731
492614370
53070609
559616175
80094483
395876745
953778985
213379861
308925971
203981118
541088036
349838799
354659849
257448958
79882025
380481867
41843784
81591063
100708145
880058819
336445219
65961738
969233501
89393512
860007719
213230154
221293675
981992799
400038036
119449969
806481924
621517973
649300166
307632134
768485173
953738018
374113265
791206022
222401553
310833862
404117585
73451567
865702344
887691185
921057355
339248445
516020055
631532936
510291466
946871797
962758862
511611957
478821363
453344138
629161624
797299404
655204167
997935234
952895140
384128579
830376560
920832648
515469569
413697431
528721918
779824767
433787728
743475853
751318202
427234972
845109700
887127325
44712742
321482858
899907144
692893413
383613444
25946964
703133196
303810420
458665537
622194541
207545855
745270056
86161233
425759243
834727143
889493117
385780101
595432034
938691427
660613766
963832021
405436101
718122827
776631144
653534602
119055683
335246873
601620030
229816668
472468768
223864131
195282668
441445502
466757910
288744005
24410781
931324861
140263076
17030914
853366273
697539750
793630227
159326296
991629537
233723228
726871573
329124643
411406537
56795397
230520202
739856306
339112122
522398907
20185947
4097704
997201161
873612138
293511828
319066845
430327753
636130199
947486584
506433340
70506780
838029677
3733447
490774991
62551838
816758906
450280350
666469239
968715061
620779108
923992697
984817952
233970639
455210244
664900001
139727529
980389232
469683663
995017555
736166967
708492396
401543711
381975064
588143909
412329773
368054846
433731482
382818568
13717981
438751540
13296005
20774726
146550008
598434636
974939774
373120781
421892044
495414741
460348754
15104146
571801778
70132652
801551984
766081366
965487218
22919511
406152467
79983841
973871999
588334877
417753107
543836379
85680732
666812146
974809749
31337640
434785320
228943877
865492809
257185068
677244780
314693155
545302449
998740666
247663703
351871189
463264899
318598819
235160260
550416459
600363912
194559311
624493674
197366018
857636795
389878758
952531960
409216569
955206828
21742905
529059956
268836445
152301827
529610206
966227387
787965308
476895020
472034278
239063033
24661039
231187980
709465590
978914823
323598951
373977457
635426
916484578
820022906
619717227
256447625
149530424
551558397
128749457
998660594
445274137
130325507
458694766
569316926
157939502
23826627
23873554
198268283
675952644
756809383
893926153
360918798
329941592
588267294
86001644
724428216
390273848
946334332
821665042
272229588
279352123
985705205
549075729
189477481
312161647
364822491
797489916
237651007
154161755
178255895
223787642
722383700
816879771
667238474
523439052
996712891
551627736
867199797
104977833
541704709
737824113
850297011
570736870
683400379
19397316
326459161
569872593
940514345
702422509
619523168
323588097
897240849
12430543
921552579
190663675
730612220
881656459
746915974
754887266
892408674
223355976
547584249
356824206
581992040
15733679
651793436
733346985
340543607
940003874
499059457
196122013
767108008
416636712
201884261
394239639
197196980
170397508
97958790
158060364
834636471
318010576
405629021
520336025
12719824
891179974
526531281
200979757
952539022
909264664
957892230
384663214
925588585
373616134
253195870
869841880
746824300
753612326
56048427
219064954
733385217
683210468
570945266
418399257
822957067
361305208
235062821
959879865
406345958
195924135
406128201
10958311
887264995
415617359
540247542
453052597
255843065
110863404
106154170
101410553
619320058
466495412
208833520
408304088
302489826
877723501
840973189
869627183
571001925
667514898
998599147
994786352
991618685
877742727
361642807
616018099
676685347
317387639
591458840
831635523
691525333
58061609
496268714
212437609
719764375
354236680
463583812
958973908
415886226
7903484
343278998
412220723
279318972
215238823
64283850
884531263
943229937
990910898
189577158
437440072
384686074
497813464
588355249
290578878
807987053
523457617
260724961
700499988
752654338
347619041
167205777
895579633
335565266
21050798
551529950
669028330
872911512
835827979
483868110
260982175
862673758
481209291
543326967
539171742
911440682
205975821
989863970
595701014
718034477
338327776
194555701
285909596
835882713
823389120
445122655
70550101
537100008
699640944
569704787
220767899
543371912
487502029
315709109
915075953
798568747
496004076
456944586
25753388
488873221
739736380
842609317
276745301
622339124
289993627
979822045
291558292
729418247
233268621
47410927
879116720
506614458
126738008
277136420
686105561
547005684
474505447
909903382
413921926
132949106
598214784
231479360
772082988
344791848
698581429
223716750
722782936
646169196
110925329
460825424
98666209
503686246
344392135
474750336
366423647
748663498
113956208
927174219
228515473
268216482
323747964
566790475
331540460
452059201
251033910
961385843
562594601
581621018
597043389
627324553
501186098
686463765
293448605
258124689
240011181
779919743
793851212
335805224
259881925
26937400
290760755
633368832
101783694
216297628
751002277
500538586
579866648
773814313
92382715
864249992
986434440
219463629
331116375
773306795
518346666
67998681
168861161
437483575
686314839
79184564
996874600
897652301
921461930
963367166
943366988
126692898
202614431
671228788
400396479
196939336
73716769
528209790
938357798
534537256
591643629
587276721
510357347
714431012
770393487
659778288
212046982
569911917
80456144
914367873
963594407
104716666
445017943
934182643
125984008
1412745
150732409
800256181
496043304
132367754
735401094
947249776
902725858
787504039
250407641
100131347
106330517
133777576
890492030
412680334
218216619
743467938
541002233
100179764
250318462
55791524
151232198
235342630
760730224
526233229
89898686
408150693
940534060
529644543
115710031
562769990
544750244
569502483
607865829
566418097
179029712
728803565
57022396
373425719
152507445
236551963
408486371
695629769
447488411
569630315
118081459
167533869
982261953
785259247
643883461
516935426
56904014
605034691
478213103
411512174
333167676
989727004
651589885
961669268
900924603
152323941
986992120
869907344
327924283
892636184
792163823
831034305
535303377
451767855
417365534
178175931
541869071
322522595
297489817
858846373
972316058
2791386
959076680
575093177
347094267
809466131
705080232
142732469
260355672
568211807
105563857
664984483
248334368
612889621
926174358
59090995
653614459
114478367
772783078
789970304
655217617
528567056
201756262
776365377
999567526
136638082
258937161
8833825
992546270
690703667
521017317
817444867
863161071
151291431
317967860
503041347
314093774
468035574
244312610
22609516
106307400
286418130
212874282
314059775
539633446
878952477
357668319
982759880
394161782
752099737
289297681
978495375
629389832
665668339
645117485
242600822
963414366
956277731
874100617
901089101
969355562
782872550
108489894
849911556
286780423
718395786
384456236
609606364
874141785
43093084
447081266
860452028
402971577
633866008
604481947
935003601
950873623
119317835
56899281
533649112
354677325
94277808
357835975
332300915
944689848
660479830
597221989
826534981
877630323
518766011
797161187
72769759
136679102
820068402
102194135
306963389
666008026
818291841
529320777
228552420
842102627
250334922
407526849
354327802
267342934
292098377
321677787
657667909
542621249
390523940
808554489
841059529
834002683
604674457
624867958
545866036
277323723
809790299
479931812
180383598
351933542
11680587
394462294
529455057
658010296
155353802
121204107
894344734
110912038
159246667
214064875
749867349
765836132
557630425
891234622
316031005
806764573
394863583
382304897
357610764
136718105
576438188
498360825
490759100
969201162
49020294
266821841
537995890
194167369
664942224
173473141
664545262
65361316
269172972
169026045
732222338
728833990
906155247
869034676
202408722
46763673
746142285
691748216
586026176
465396425
768894981
838352067
370968397
29754216
405347837
12713167
495555389
961404290
893457652
560727214
708160119
577756436
996736359
911918480
81671073
339196157
659390750
502910733
390133510
888793733
179637301
650518090
723137572
734362364
640993306
512071726
293168919
429986649
679910819
168907579
848004322
926381376
419007993
867088220
440670268
820642636
345379945
851105293
212275139
412913462
612945004
449227560
60401297
132779163
189738858
775697270
19384214
622304983
564760600
277184726
409456852
162419755
327379600
300534042
528278558
188893237
160779547
911276983
330563892
607281521
980742246
760219575
55350227
151675892
210532988
961409466
945091863
492882076
396037401
201750302
794879924
37693684
475819820
698008390
619716565
439368296
715031210
897845578
475965623
142027919
735791213
323093314
38135399
831166947
905277258
408530745
915002953
242482503
653275084
296284192
668394529
585522644
743243698
691447197
509866966
584206714
14609909
244547615
772809887
803248089
668880219
468670439
588331254
958462144
216867653
437621351
630633920
775554214
706829620
735110611
619783542
340471235
228764165
935423842
851021705
509546216
852416042
134257512
580549279
668320569
460168065
290275614
278326082
32866730
79610469
891724775
535899591
451540991
496033426
168023353
117602922
225025072
418814951
48546940
714556469
912785663
979310372
381934075
499330010
786898937
794095798
739063935
57638849
870171129
418815102
566005359
124974865
440653467
14157581
518410514
956507525
190334039
438737809
300498322
896888669
821749883
246747539
432041092
353903543
737711696
385903132
749252754
115504813
258161601
7683050
475443756
605060674
886473962
645317231
531115059
369172476
801090937
87847029
963796553
697523925
616125716
631314818
815766893
635834265
295712438
912053373
901686172
409666876
918405201
849931160
718590093
119511750
284376769
821068773
466087425
769113366
50998886
929826745
646942069
628465696
115662729
629387266
968464432
59263546
414617664
772644004
994087770
588362617
587850066
765164043
537190908
813241416
155464048
825167173
458822266
404613827
436780298
243208760
438759024
654000709
34153433
116852575
553583645
633499335
78536666
970657629
86082947
577596431
768382880
893922698
880160330
311717940
972457277
188395556
850183124
249118972
292244168
289259498
711973736
342056714
22501360
272293666
783047610
596205255
2367971
334868744
298676782
881660892
853968827
617328456
947576354
428673932
562377386
367695730
561936776
813289097
561455118
936312431
26958391
140012175
535301020
669249210
965385196
309909326
741722188
618783019
520964806
24969016
835235813
863117956
926803485
324637937
636510669
960363349
891471586
45336103
825269533
496876842
865091975
482560922
296307339
388603701
271783503
180833980
925366094
904940147
880434953
262788572
906478210
453011509
275438187
939530487
389199128
782089395
298016223
382596873
558123102
16864724
332775874
998609783
740576355
377985884
700695461
900994092
207845028
404206760
117836438
452192183
742681045
14812766
211035719
773681242
361016824
414983230
504724326
360521686
749931843
745153436
593039795
101440961
695636377
391500185
206102623
905112998
136201007
134843118
176638361
506684113
639928010
265616141
946996194
699207916
499291105
885419364
478060
44822795
505738403
464927952
229432424
521872892
483355152
953905691
874729770
578630357
523321072
390845329
597392536
516083343
645002078
726328752
135343935
394712507
276193809
136673836
10589686
331247782
681711192
877996809
100425203
798670236
413442560
969307632
80119142
73816421
897698354
190652276
211432046
641675878
436905109
564323908
445339529
838482606
447832440
920320690
601122051
642202370
239213723
558382296
116827887
285470548
779572272
338917818
345716960
434226190
398230494
808610748
392481180
325927223
463085649
630301657
526679887
90085054
448285232
690686957
971198806
490769755
390464837
967300250
129601754
16036371
507336834
199798004
62719228
517569418
834752791
424448436
854231810
984924568
260881009
91081272
96063918
366660117
208418132
530792125
834794000
779182427
722496719
690389671
26609053
966304111
11543246
160776708
856824407
797720810
340090768
584919597
926675970
604136324
450425503
179590833
346031288
30471845
509778415
332500175
417615442
760096877
426268045
627607312
611445007
668866192
458317850
796320800
227184201
333332793
529004531
319733431
567265472
738943066
718539743
432402190
681340548
658498484
297753264
737124899
867591765
625856251
379896424
237379356
684148001
563903129
42286446
419905841
567173747
69147234
642423968
833418345
903455492
960297327
976834944
338917056
303614545
368944401
293418082
81999209
26392181
223934049
879542242
990800966
419931666
562893829
737389769
922538331
841927414
979415814
136768311
62272153
999968724
787060935
856443352
341293942
953102758
576952176
157138389
3124277
579722158
90069353
961054958
502499277
451880654
574208628
274235765
657819569
334849320
492658889
904249034
861576656
216429517
710515354
707815488
827551050
161930489
401430309
550991693
429230834
822357556
395596289
783731961
840521091
866373663
344967799
173824057
531955057
939107511
755376064
680390166
264919899
359458744
157567589
132011598
599950737
399097348
510336645
963292168
899973856
878002915
57551549
566999238
325052064
498370156
948992961
983194163
19135364
39347724
982232317
891054155
655660039
570899532
594266429
985251698
228119618
928794118
317965698
260946417
23178538
865393360
213012426
472636197
494090392
854177195
284752345
22343489
730552118
89910436
201666946
202921513
308424605
882358853
728397711
198838648
841294427
880219094
174228632
989988736
377380855
622358008
330981115
52719818
180563744
970373002
738522699
167469298
392679647
516634947
418549895
155035689
229331595
672823880
485026658
743716835
52410237
262936406
411762088
273456697
401202158
629400391
376622032
171607294
386030894
301487069
803201486
178316214
316698381
625569979
304862774
181608604
195899730
575554472
246216921
538933100
684568599
819502995
819723707
490116939
658441474
60442266
509667679
399564626
890856181
94753090
485118772
813047156
163999601
183553125
802195286
803589560
318769138
699577637
164165326
158571477
930785328
671385673
400843922
964296388
848067256
471921526
51014830
964004320
139653969
757618412
964442517
35229483
148694520
366150264
717692652
982193334
414308517
456736209
19727852
800625575
732984620
520838495
350056264
232950141
678910218
919827992
327984091
713495955
837972108
543763862
877104064
691895623
200024540
744584810
742490034
740609313
231696795
113216945
794946284
722892761
779008840
623722239
849740189
103001540
677516251
183116038
215842548
105980953
448677383
589578727
249439704
180625726
642658865
115944208
139689279
302644292
126388286
923217759
373104911
548797455
608810971
447050585
388436389
887269632
633135424
666588464
749925027
588359385
462075430
642900518
421805426
995524984
138272450
774280845
491190031
217618301
143229803
409323511
757734492
667346719
918102798
73292567
446955019
33726387
239429704
766018870
786543494
650805073
565336800
559558004
390674092
17016172
428279714
428320388
408839419
941968051
78350966
238621342
66468136
789283477
653996730
454230219
469961203
462769137
5680836
370251141
598038100
291820202
643009632
466784519
889611799
740991213
926066260
231729021
847426724
384372889
858190760
665323784
983919360
933855433
368059598
214589306
175091085
907195508
838763771
975646544
155464510
772842554
562739467
377123666
956965408
365461671
638417626
995647951
930741729
622612213
734947266
13915320
2444418
870523302
559759353
763261772
359793755
677021384
481959210
795126822
702522291
684117667
825240124
175004187
869269218
265602225
535661342
35912119
316091435
776212631
419401837
123324752
735857023
557333393
602791007
477849541
579231288
271376513
953366145
994141022
567605283
860070310
86744275
887710944
490650879
893745237
595486730
240935562
242443607
845735304
36044053
207132906
465071292
347222311
499752047
80296657
299944598
200399622
729503333
822892006
273974084
1580821
924881218
945030492
62556984
515082724
733122828
272461316
841046017
32136367
44694134
458108159
622924798
940085125
796630721
902656404
949304575
905884193
546914873
806859465
119575758
41851346
489345491
750520343
387726882
389114186
733230461
130909623
545013884
732364692
606587540
467423971
769774719
792506716
842566431
339301780
949329652
917629919
965879150
933733386
304347835
549255024
479560728
164552237
613853114
161170379
302374290
69588101
957286832
733365489
387514683
759487400
481639480
71912798
409846315
337325782
819750158
233389495
643631432
616304596
294297759
275813890
965600343
800664111
287821239
973369372
776022139
688524951
296549168
88913824
3624654
274679772
904238068
835874624
641419429
754849453
2655127
113583330
456770213
117524603
159123392
117606994
616729836
66534050
208038541
134896142
972516744
235325809
586170054
747716261
303085895
355481648
457474347
113711743
173992439
646754644
357388996
459255009
532744877
739025848
328879331
526161059
962493697
34130223
143175527
877130228
508574942
813834677
526671013
850025920
952103846
640277592
463399180
29718215
336640727
755878618
100012510
827166543
828887908
535857061
820240156
846314583
868035703
391892639
152637478
694798437
650140563
126002032
952660286
301191948
339058335
500721027
878142227
16108983
678913561
361494932
74900295
523515626
168552491
41251022
976131952
391428700
250555527
913750776
369505654
162071723
693514506
446529694
496605172
543785225
174981836
16151945
687635433
224444998
167539686
78243305
250986189
291940251
542195684
738691359
477867703
44350808
773930527
447380253
427734420
354940548
45642863
212790578
54837276
404933918
557718420
818324438
415345137
821682212
635146585
808441129
603009296
164802719
759124012
444414132
950216590
80840874
650958285
27666401
937595461
928814152
728466946
376236088
543913536
844039753
245286588
713823064
915003090
997347392
545096780
501034478
82864052
5964563
15045514
701980766
121001082
69759992
340589934
454755411
983293150
764837108
203550084
505656494
21903019
27461065
346690670
582688949
744532344
82513159
74842972
379104494
473872403
719851303
493047739
206538760
377078483
333136240
118378680
595236471
765281759
144702764
712751372
510094952
512427226
134173644
725115041
95660856
905983993
992865922
974395033
90079020
571874116
771321866
861143989
492162727
489150665
44076757
971038284
359690674
19861084
825343658
99672110
518785318
876025820
675875895
326900430
318939674
914538134
832637714
860803026
746866659
75786326
438770881
511107081
885992662
152635470
342230168
347809054
190208827
6416079
602715178
109482915
761789959
82730232
380294537
325895934
435106370
593846087
503745069
440658610
140631108
368393142
435941071
53113243
213142822
780145430
545664102
504810164
566482042
897689924
915511039
441264969
638845540
848239839
707567586
907175116
114895771
307724351
747141320
89361713
579259090
577774625
929918254
49772882
468059253
22172642
131980466
21769745
229838204
389275815
715425021
939225454
24884618
255895255
77916011
862502625
945747597
892322911
142108293
788851939
207005269
689897849
433186651
699866452
111627996
961650053
443876566
258149519
371391656
415012917
83749423
482403263
870646823
145280379
958516365
893208760
259931740
913012567
202931751
188535968
640932303
174455409
523504748
83641813
934226470
115619444
522787696
7402972
55324469
642831433
132417743
992909277
173593077
560224671
512518918
308488670
934338300
691573955
92161844
589389165
296707041
611169254
511059014
38177966
673655051
461901715
916934984
401848773
220534317
779039031
99095411
702945534
88168628
282763789
17376733
20011403
354250130
399167454
991437988
94365838
178001260
495485964
848726083
643088055
31566037
905322343
660543651
3338625
547770088
649682107
255140378
890702665
221303277
174598413
594585514
876792793
957904690
861208827
978828887
625997512
669307942
685714501
548604698
158050364
315693744
808125282
794631357
172509968
256661697
946154036
564543847
321369391
204416141
788529718
184813913
684826947
303383145
879002170
32795
132276789
256774098
278326374
626883899
564110705
181549061
233024154
278047262
438756384
43702318
924680537
437139896
264304756
292903329
574541248
990260155
483538390
513246185
509273684
868823650
860361506
98066274
45159775
844701827
108357009
567600536
553494237
506137942
925858963
92544069
323356263
945309640
966599186
270732617
429630577
225281104
288484890
469279117
359512674
922688629
857331703
115908056
507295856
295380415
615301912
303950906
695958074
62243930
944449387
642505420
168441120
869553621
617799465
770176994
399970794
497408981
788701960
741652848
204373925
277001602
646531466
318388594
601419670
919592657
47323563
770344094
854953279
674502788
577024500
788883776
218360124
623159317
865035399
833385604
356099015
142734795
22433606
182583521
676598487
942681262
201871079
185610279
436947458
108114413
640361121
182563327
297298907
75844700
900046877
291380932
53212677
555365798
935990455
555222228
477280603
374526182
586269815
271114106
228218782
698212676
512193586
983763714
75393831
108746868
522472479
59836434
53890759
19514847
288834036
549128718
511326452
542352703
462126355
437752360
966465972
401318142
438102908
313005542
54923477
191709154
418110960
713907163
341323830
587653947
923624988
992247002
519634696
785406268
650200361
337505440
71912622
646597594
393752764
859507206
918797279
229655105
254192607
403120588
198146471
165384263
737098328
796165707
761973715
884549894
766197756
932807707
608951459
221461655
81225674
921147664
845014502
974663404
727852198
347100506
4779621
11557204
217817602
469287801
266646102
765915023
503084487
48205706
592397767
986768361
283742879
314713565
278640714
956851241
19895354
929497630
453425082
455388504
773300686
534342934
542652514
667189292
912202308
25602127
12743784
615005316
529106307
613337295
337391910
861223332
234414825
849688720
495230392
617375540
327819761
514373116
869183160
714863997
378988072
233248991
666845643
96251590
193527626
142501335
492621679
649862682
760103598
394126952
664662207
926422079
478383006
675739200
157497268
483510115
911838164
791846806
182331868
833960322
46697182
668110185
985801674
280514135
258645619
908483670
300147625
391057456
542902843
315319214
663175347
480748995
293105246
371285048
838700161
466308482
463216199
934436277
321704410
115211225
922313095
322559788
392860657
586142093
317064597
128555927
836985823
482819410
630881517
79084852
652967515
741376594
959984371
110867272
270115021
775559094
697514582
169351318
298712788
196384572
841719494
827313267
731077031
610871431
186683611
452653009
414719832
937755605
733748265
222357213
820916769
760971223
436116019
484635618
427453623
744668200
503914780
447842236
962222751
691000115
394540346
234884774
266734303
231946347
84872909
586842515
176313131
838702135
456007180
690773974
915117881
758620163
475300979
57719100
230961151
204562260
531472081
941921290
670266588
812256285
817288133
872290273
145847985
341192080
939864141
399289963
324777196
57761941
854576093
413467655
223909048
124813975
570179172
751580337
183062435
827565673
325442138
4444111
963902974
108868913
720321808
977084284
980161072
289805269
303650873
733097269
255776613
610440243
235263604
448684128
588364321
251848153
90118105
691839472
660582769
254200802
944296091
539191342
470076861
15652530
572133738
767018751
982560800
39291307
52844029
18992177
767714832
813134897
115979015
811300567
944600072
456153071
856771256
685406448
874493695
839306437
985085651
774430329
244556311
639336585
688937251
964292947
292681893
868768884
793463153
739601601
726247288
387902445
459672784
82289928
35004313
172429497
605392455
197964776
331201445
136834333
645321036
285941326
949748932
24130628
670621276
878339852
860484953
997128257
398117289
427408092
976969555
963903351
917259222
777709511
212758068
613631806
395422097
322822269
398788799
855686467
728663051
692767216
697352997
216219282
812333760
548269869
117565004
954015208
471354086
702196521
200133697
52830781
775032156
363709006
739171627
37275368
394139118
893906737
232795466
537820882
789790108
140810306
366337985
932737420
533501761
829735228
513530218
110805786
189978597
488129678
611735364
67509808
998960843
232694151
120906692
319515512
589906626
540825534
27742028
325552425
437768315
859351505
723580654
223058707
580355529
705152257
454593421
236635039
979803038
673227833
344320701
535867976
132487079
854440334
468925354
811952868
376097008
354320041
209641627
935759258
463774386
570586245
575267588
63017785
416978290
843890558
502789946
633140742
52116458
104025656
103460809
278382773
556350338
197045674
835150042
216602080
888875152
10473440
732376114
519873833
760029006
21598173
854712190
261134424
260025680
961938706
950992639
666093187
477740285
919565776
456818496
737594288
664193114
997274031
151574530
957425849
476900888
357318036
465167749
923289625
955916727
788718972
126516430
306809383
548674927
140316253
969088069
550635294
903711398
171893970
968147315
378788395
562040719
131027048
7165342
805874109
60465886
839217357
466974053
404320851
877823705
589802436
278371684
528332904
474523939
280428409
144635424
702698799
436079668
922344949
770097930
709741213
661251353
567938757
63112370
419041398
553047972
87677899
593479219
508256581
371152194
79073990
434232034
887571314
209635220
77375370
711320050
220400174
894320127
609494523
451870880
205106257
939991390
206224927
991664921
965320758
335886622
291046632
389829799
377117194
544175606
582364500
370795366
143873127
466078354
680938072
270968794
326903803
946552413
207959877
622065152
626217943
51641723
981535371
839063052
594102336
731908604
271016182
184910249
162887422
116092387
863973048
484404179
876172706
240437315
893173592
509286552
594897660
899776663
25111393
447713709
69330492
400819167
471625999
415247562
217306997
82340079
16703108
823160941
157322944
370621989
974587720
542490183
661297730
476240131
888946340
579917398
596427780
5508317
457945289
302086302
755225455
617003269
635709577
467254828
886296340
918412791
412190826
301060990
611703276
201373466
343706307
128630491
626675113
661462704
305325420
251466795
941025177
781726934
675487351
992578659
410388586
484933006
515697469
792983157
679273705
751705364
913801098
813137710
645646484
193531746
704191260
266077343
337180689
76280359
217130473
654787687
498434465
824778314
704255186
435197771
946733392
272398228
423044720
656628683
887969636
968356745
117880985
40932302
573163408
78095354
413464263
970953569
169405886
451492286
331551463
891251629
27557824
73420272
445479836
644105664
879892660
190258726
735268031
42224243
229934371
268379751
337255903
424345881
791468873
451551711
374451549
665357546
960920874
431348248
644547011
521558407
694002284
885553207
933176065
803128782
680495691
127376608
135040444
294173072
742766322
726585856
718869028
433518883
269260410
310456825
769953720
315868439
964122360
288809990
595081693
674835976
787670479
994128314
241049058
543507393
470429022
224514876
413713644
747708512
267456327
936640541
536631580
887238665
286951702
910548403
739660748
166655987
500627681
115042642
885422338
969486049
202569397
751709039
179549178
57263945
999179689
318915314
311276742
574344659
338329456
535286502
325456009
881257203
888454892
984683656
593864016
46220307
465932464
878773664
74373122
421309235
468252843
193634631
997353315
279354467
495882766
405362274
873288181
862951949
473335982
654513435
214704089
109431917
889784985
169352855
16773733
493775952
771152804
58966097
143529774
250232561
840634065
38535899
371920496
266919368
820217700
13358726
992985071
917879977
616414539
998714786
166796756
652041767
287250801
448152668
447883184
273936983
584664635
247145028
305525750
211309709
391966513
962062360
528969861
870022090
153884095
338707357
431853313
320075337
188599555
931908885
645623544
496854021
973994074
441019549
922860734
311482037
319472916
579242650
947009654
995888431
376103773
406198193
844964568
144673646
804961082
390214760
268671206
763926238
853195259
95704280
32577538
4429399
190164645
472689272
871468744
453772491
702693899
741857373
182883450
273743105
996726921
789648414
19840938
892940010
507254525
297642506
636129393
479139502
438009406
759150790
610942093
205183572
488826461
28528403
896941907
633440124
22745556
859412133
529117009
384314746
297167
440242435
718457365
499458552
53553226
761717023
191718481
249947054
966285158
493724615
551521068
272893597
833949385
136199746
653646104
889208767
43342882
896564840
894880813
717726533
801032908
454495772
128917910
579737807
226685572
166657998
957842762
652766044
105714724
503906463
865680364
94506740
485150776
896958034
592893076
13318922
841758738
137897460
135496958
141609952
271602723
705086984
858233094
516703494
401610719
231625035
317688211
773997492
192212644
109083734
32616147
533560044
137403880
822938468
826309828
24407828
140490156
672344756
368665057
935804487
246080944
599138063
504553871
915480355
151975478
236016184
761522089
507020331
335612962
870336439
686682008
923651844
142764132
109962223
619569474
693927976
825719417
541356020
855456247
703348906
348247138
801149007
737675473
875827216
411869267
977500654
986576311
260039956
10462697
79670034
320029506
998273732
848402864
565020355
41734982
721353532
739910887
301356779
651851661
531260481
168756541
206739889
296931724
225372356
372673027
238024043
401036440
234407411
69620221
196307575
624677933
150185653
837970190
350651988
808962054
538060680
617632776
780102514
369588510
37522992
97172813
544406072
807014156
280620211
74393193
5112348
525649026
81226439
990601320
867124470
293853686
665727217
925899620
586672891
619865910
496292698
557143980
960022252
156331485
362472821
510700288
785753383
946936905
377177907
827958954
682639571
145545564
853166238
463558705
897289032
953202992
101017247
531284771
848770063
569302293
474762269
278488737
656966433
663839913
41976545
862676580
835048608
869726974
654007823
319717856
299053491
38181369
424320840
194946835
96755448
184570411
605261411
477291521
694718045
726542492
252242779
895160107
7924281
344960481
994284481
917501382
999792646
783962828
224881080
544438506
682187131
287346594
619589640
758375154
97576673
933874266
68134398
306045385
408231036
117917739
244069250
75217569
250710007
69183818
937900667
835517530
4737076
850820773
511181511
228046834
141736642
465960273
267711571
750681156
297935742
950664981
638277349
88253604
411723857
608473648
450505533
430278394
460791297
243127215
685943131
633192661
873593238
190774010
712067245
317565720
474647880
434427580
354303104
468088062
639209438
656865321
80338650
638683181
631286927
445107808
609292914
160276507
364397374
899129508
668779854
285507483
139923250
917003124
992781940
293966488
310588561
597994396
982796468
674154166
993912021
611424635
563538619
836653474
888439983
571551411
680331551
814745855
97512694
903415240
649267598
34368077
276163540
866497513
224030187
349019791
768163218
649206263
190663906
527481600
486311706
547679487
348946103
972286591
961231617
36582568
24143170
637169360
634138949
723576955
211243587
561672409
352197569
74218786
343710931
886354846
444721278
483005598
213518887
550674009
433323016
933412182
179510472
942634748
748991108
587196281
529609174
297455870
377132604
503962309
761861935
779577996
974927177
23136957
905061706
254263476
113398655
966927003
496375885
876123868
448239529
896299158
92718951
431254717
745997672
620798531
861224985
436744600
892820226
837746678
529708632
770728944
118576532
529104965
466350699
432661301
842922672
107303114
287786112
416037575
578899766
151895947
572471462
648793533
321571494
915835661
93294915
381015788
410406908
734438836
870680003
409302292
898159585
547275538
599266939
143635478
996319379
194927447
76125355
911061049
265627650
999600293
897793813
722087541
947308037
59927583
428083620
159124697
303726441
483400860
672269603
277631867
9565684
786582047
755327955
202852387
161367113
634599105
99937382
162964492
146529258
699760346
459615784
269671668
627020521
356820135
564275814
261227718
381690656
123427893
365150896
68754172
186934727
761821562
509705452
723220889
418472422
497706363
685006211
471674680
499485282
900454540
278960035
63588850
267164820
470440222
959119823
552052939
481903163
240379038
907734911
132823693
920797935
881377583
239556447
723473984
284046229
557893046
459392354
609882565
702792017
684743047
243193967
770785576
190312330
274006737
200117903
450358642
592549109
275642997
936367387
825669701
667072136
633857799
185382738
99075797
226517549
681347266
173322184
168682593
949853681
672878167
11176634
66176625
9768343
148375326
18126498
37926337
897733711
874312266
868859504
559311395
478295950
645124664
307953280
258105496
879154753
657156571
947805577
343903730
125731107
625259397
636646260
758441012
309647675
505931962
233237138
68731154
921308428
111195150
691852671
702520912
41975518
247211254
288287833
383520612
509729284
41715740
290522299
63274416
904832253
20607133
588825859
365541836
142175228
273475810
831777097
376668658
637342220
362296760
110048357
575220000
615154430
323935170
803097029
933059173
626373304
297640139
584039223
80437612
624322786
586579230
359142563
483063959
116534559
744687446
586929783
476840300
37805398
499805801
957400875
829118207
891566371
751184485
319527505
922999617
875282220
634542223
681612469
514426251
282675549
520372529
65282100
252364524
856548607
649428913
838968759
763413830
686243889
277456497
804558239
323666677
947089016
378735161
694246954
586031401
772343781
125818898
742007814
569670958
775889029
626398065
547637232
792587432
229512126
895336274
45426100
295474857
898713693
447473163
668759377
637293985
4735545
265108932
868825422
766137876
115883033
885783065
250340868
649588731
377917646
85876717
901046118
184957263
730821996
360135499
936558092
140441613
51614117
850552949
902092581
291749947
637707216
423941352
848486954
332887608
105404967
781264178
649537231
676790647
68682477
255419750
397595674
241205587
167233437
692612048
824183369
266994775
420397632
535749395
577598905
461873201
539211826
124125612
257259932
390007417
765221678
794308040
499575946
4502961
236803551
657888670
35258523
510721812
432286171
530228247
753729355
931250919
822782791
94931159
59905401
346930951
934700488
538970190
30701035
790447785
713456395
953480313
955382533
586156468
515939659
81670448
395108016
742923117
986697745
4131701
440650749
182995556
296828206
492922540
150182774
881825674
225049974
790730683
369075563
392380507
564661158
677842594
900016325
112342621
392154246
144768961
857968072
591733344
684101430
24369372
983967491
35230715
249931287
691276540
287038064
381505963
61842557
153486642
711612361
33524839
543883984
955632804
441896747
837724171
430850929
681605011
755467714
703596820
35025663
848747907
364132322
95243126
106819921
482287089
919229066
996029419
774192510
216712749
793621212
112552879
543040270
103354342
158490473
195617984
869637511
261262241
131350407
550242650
744989482
659298971
686103085
746920045
307548659
326340248
93477636
620784487
544309883
507913153
172947358
80935247
306121453
551539471
236113475
156030873
502497197
849314656
764801167
878541185
54609697
314638699
638385094
39546101
897426497
763177428
658263958
159452894
175084805
206592950
944709745
480652052
175760023
622343015
711294725
890392048
48167775
163136088
177727583
628073841
804463140
381377477
40039807
519386111
628638835
399750696
800514029
853587885
216923476
281456629
393127946
231001769
286273201
691065677
884960727
420454691
722804836
9525873
312124466
589665863
362365068
457471155
872055426
488718964
820287127
694680725
974977442
679678848
946240785
839831768
737698338
332521468
199194066
459282857
786817254
413100882
472862136
925023526
247881263
821897353
7219084
384074387
124955069
677152997
317569662
912279270
862053664
821230463
165205643
189013299
718712570
976640928
824118063
502883404
159936979
931004146
687693663
396549932
238568976
398207241
811429837
319889902
533164548
869631491
719988469
173472137
969789527
636964178
924897168
210023225
769319129
269614570
408441881
564340433
553008548
305496118
722722165
335740056
235160777
379287643
667403784
286227157
831004384
350956083
193641410
982383619
70957341
17247707
868478919
688774158
252405971
975318737
963984074
663278982
820026563
128954783
847173411
261571818
292885822
814915696
697705478
988274791
91955672
857557060
116858775
71693236
197020698
912238276
749981710
353825734
62833503
308978954
197174097
21754128
70225084
40374773
567400535
381278319
362916740
565390359
594621784
386258389
502755888
838136438
544497318
271115557
227906007
639895560
231096367
178966270
461743693
423742240
551293966
688643656
988738703
185008818
528468827
446189403
602388301
897832974
829861342
905918004
901893572
382080258
402971283
874471184
898734424
670710019
920831938
79377764
722810049
642744509
909579380
242870779
780000718
742540243
27419256
177110082
775288439
41073118
591467878
293834859
658559966
738784250
939482054
174113267
576119238
515784427
109004194
155735271
742602834
886188309
42647362
14266429
914723532
40398482
487918699
730323194
626794054
214858573
826507026
37799600
319435405
263225602
315611001
596040047
295964280
221335992
974148152
429913947
684466278
606780825
371020403
755724100
910452106
20803283
987145981
17884787
667712187
137271731
958763485
956141672
787134300
424251466
496549516
772038563
235466636
221688383
153888592
150148885
84964227
95882348
65700161
698162105
395907978
990624105
618217383
942277600
946891530
2042397
452693332
279077543
941052798
99912664
198472840
565270066
501279682
871210203
270808776
152576143
175305188
50064462
19485220
937447177
289790026
230073532
114447706
908199421
360664609
496713755
311702142
845943778
298769413
324569153
481097938
918619450
996169202
627607969
534690711
162322647
195521105
29872751
951018937
22123405
803577151
990649520
321859216
848248644
575948434
551280685
529054611
528838869
610421779
862011699
691015230
641961023
90901800
46743724
317116218
294259059
353385896
340209949
985040072
927379215
55788661
330034516
680696354
600226404
214133612
90917277
472304515
702317374
435944558
773978998
235193133
534177940
644151365
365439796
57351405
643834371
729450031
622347273
886749193
225407663
978582424
651104129
193399743
258630650
762569469
303635650
266810432
123410974
820038754
648916120
867521307
128453095
26449909
853301770
123345445
860163410
555225677
210338981
988823911
704464687
883844501
156585979
255321220
369174334
673821639
60332117
420284291
950941912
614188681
213767421
311960096
897444772
417687981
685356107
218407543
972230379
711209634
240810184
215809764
232099173
647961990
609356729
459262044
126005619
542523700
961383015
570727789
729163496
401343950
266603319
221152292
850409887
835324904
172085573
858889949
858290017
166384607
311264595
179681686
120084519
364648121
604004067
149550942
141389096
392374689
348908307
98329977
691192261
663335082
924293445
771451374
334421854
695645809
501786666
331729919
975005560
300846871
702030075
248950187
176327157
874196880
864168839
55366387
257431527
573353152
971311022
891112839
736761673
570931545
3850218
373278203
608334655
361055797
995685884
818518508
452061520
218951412
373019212
74884741
81412867
352320906
576917444
501103100
995562654
124194257
986723680
233956107
580686631
894720342
141976111
261092914
838816718
500304119
586887252
108508252
53704228
743539843
273568579
617070860
91592672
546483511
136380068
979838898
232308817
315215910
575829207
6963272
972669586
191090076
335367232
150816493
116701963
663363012
965337194
659032046
183719979
508226793
524325702
433292078
818299687
456753149
597334659
404004147
301104238
54145960
400362630
200406532
868976857
333701537
21233499
741007717
218364634
441513131
869772596
915332500
125942040
298862042
856101050
92368668
119663306
795366069
589295410
734520003
136921637
821013772
829542018
573938108
568319194
402727110
620089588
839982525
31733426
466591087
486993132
493647067
619931302
422511968
960051580
123186993
166940092
900573789
974856266
920136615
386768796
744841069
528265451
667325578
54678913
33831605
32715738
289094083
302985959
830961328
998688487
972075733
853206049
358835596
633876878
101871967
982369837
304496159
670244125
360205287
330253184
586656863
43483849
903968295
632024180
181548167
503745976
143571350
284280238
112666224
94961927
189993903
24848137
228277680
972283628
848718260
794678305
804007769
295641609
962185821
847409418
447610205
418768529
850750955
228044042
600591905
38344184
395005822
801563137
256492171
208703570
480820511
449426462
87217549
604371481
618939791
389873821
846802862
330699105
443259314
79184500
911325966
606269342
212809739
873385099
163827148
811441800
123844388
470596838
151247679
950585406
100736947
782311389
443468108
271831921
162863439
866060882
189635326
501210927
72335804
193590458
614691521
454776047
623569189
507709541
132433593
619572813
382575341
603289998
918271179
20653359
351638414
729443155
17269032
175434303
621872993
612203597
961269424
499456844
405957681
712927361
630471408
288860286
902087636
494981161
838968285
701158659
3894505
756276337
299737916
144027648
735826361
741835351
830877206
399954546
40533456
396655508
288670041
653902851
551228831
407915056
870391612
98264267
397993977
276825407
162948200
487483976
654636069
634974329
604261241
1591911
549585430
938648067
31839869
518332332
454183113
366137986
484376311
497025742
897133980
347739790
328769966
643219415
252362353
270479248
587823639
83758478
84831902
179222433
590240431
343366023
544678137
214311021
110187517
897036719
910668336
811847656
764469579
250781297
436354834
424808929
558566471
641443937
434300581
214772975
333997095
379091446
249750054
582781111
542153224
132169464
412660540
65019710
13477632
150970121
270897180
898471627
308248099
699360347
565388531
923293937
679784591
653982902
464456073
539527511
282828531
755322230
147139354
241566799
734068181
728178725
527795243
196473413
299541789
407941441
890749675
822493505
16917997
47702703
729852207
296120386
556980006
408159891
888323525
78847468
801373084
87370731
170684004
276766970
628567103
36203703
752250882
889794283
505710853
240776226
705892053
745697214
327632238
528098090
756832945
484856358
918439336
529036407
4809288
720664466
980031548
847955048
985707941
514589654
953395435
422743948
142431152
865015323
187810335
282008915
391759014
372912064
664895383
875685169
830858209
512194473
127243208
380232281
950916072
461870744
748970271
825452982
79336271
743792233
189379619
689788243
203424146
137631048
667866694
816671656
746631126
508169901
471633851
10411006
881075375
284340900
490584146
794184362
719416339
475042011
289805665
997211842
103371679
452354584
147576088
234442811
477834232
82121815
135637202
530399542
875795148
868394865
686896027
924250279
759127128
985729917
452722170
588069658
62632644
28976745
748062075
937444230
259570781
860848390
517208170
601055935
210060085
522362114
930167516
796272722
195387258
602930311
411840100
370287820
210589002
420347271
737299720
237433471
14965442
37546631
595204291
520163228
37056483
794774703
296493462
610736934
477541702
347799897
195501000
638564163
683455667
814381802
234323395
476908888
274026764
381443074
589484025
145534574
116657464
544449151
127365156
433814837
429475966
441362192
123107101
746222840
3665142
262265782
90221522
477329746
427527057
132816525
623580931
502111552
578867042
849239154
390762884
940284731
980753626
145802645
172471776
969334452
336732667
436575496
369657502
661429820
479227887
340942092
718179726
28462438
523302595
660547545
580400847
343485593
808624652
835771492
19847202
364624679
743984328
490684567
72642296
193040288
685126423
285455791
12039443
596745714
857252616
301496939
107142899
309234160
661668487
487725453
893557505
497337892
766101498
963900113
661944358
449522479
42809991
327127037
710459218
231256578
726531816
747767390
47034492
641052820
222125004
829121534
578074250
149256200
200011133
644748756
324788699
910743352
646704287
590239525
720718114
566631412
105766619
160945350
132666279
706095068
375260401
84731462
327477272
748606492
209079163
228118335
994873948
526077652
184554339
346803108
14002495
721190417
997181780
69570481
862357349
114000718
416674704
273586526
550107435
156966865
145426022
905420723
624866801
811140149
242998504
812613653
504090141
70620793
346270283
367994825
296202727
610672769
97709282
152142163
861661504
56921582
940989600
165855816
440934338
824255850
65720307
860220119
543558164
78429150
272201276
902245344
771837508
809616313
905145667
946556387
727322625
134251782
747573316
950931310
331145675
898501202
313256746
41130873
398610625
766608720
634449159
385700634
631544485
933063993
27905076
190429595
111070311
488013813
971334526
502159350
323491322
662462430
636331796
437442970
883702695
437930260
59373314
727703977
527117966
199969979
623983835
9259134
984173562
574247823
507959563
497466931
377351097
79834581
621011331
303463882
430381395
968403895
321611550
286868227
279860678
371765733
452278691
777271911
970824435
644971472
1047084
246876818
154503522
741024153
226635561
830309828
723399910
919587153
588113807
233123350
558896897
280057480
564420313
584663119
737544197
623806252
859078866
331538075
328953455
143205152
884768839
677210350
901426447
159539606
174337307
556539128
966431312
56196970
803917729
708684399
697094773
819960362
932128102
921683881
233072482
1142679
115990757
568625995
994138067
673090285
770811587
83716325
547129379
679569301
25264421
534160373
33154958
707227964
147468060
851908174
854908238
443386503
646273896
87201578
269545709
352099673
774576977
318165995
888051687
733283680
367657795
818190455
682352320
839983241
608696422
442783524
311495219
273898931
234750873
609829459
995111858
645126710
911322520
304253346
154900727
737801926
763528181
594500935
654435253
811769605
875228067
595608404
37233023
537483443
462935262
353710853
790712705
691627655
265387577
251077548
590604592
177696942
361877590
374429195
431542926
31576903
559657237
980131132
847404796
894093369
41245142
211892875
757570937
964232499
339954684
607530107
272333049
597989805
493474125
466253991
581252838
599665058
645354205
646669196
385220667
860568449
871886562
169777904
279530441
806995126
559304285
29873058
928263164
284166642
830608100
376595908
615678767
372573270
970174901
65961264
968837922
739773173
107624577
630686170
420616293
245050143
722405706
879095190
952138453
747832886
900064829
912119122
190875488
209866479
460161540
148464619
150164777
748272074
564955560
159732753
531015484
685669172
273217104
975510063
392545293
201383210
98048503
253633578
465739479
415487863
730286882
690449458
394625977
695127232
904640445
317274174
755078022
963112429
649388489
256513823
840829733
420093786
443689761
219739809
615871093
503004928
85283501
845977773
568002936
754937783
211301104
804449349
762942645
284583027
743983788
44139541
3998177
471860013
599259321
921526406
791492303
50901770
968142586
387708524
565761677
149610133
457398102
217479648
647670484
644438522
41656002
845203595
162418016
999260359
903279409
79729094
427304843
426006015
480549378
228132851
749295420
897707325
294751522
935388402
634558590
639666592
144074198
891641207
473727898
795197915
879100892
378884318
84737465
423766338
449423521
691257384
180195409
185115408
914203981
33450470
957683681
485049155
284977300
745788091
774685670
694805415
920286995
688515909
130741266
803436423
653253695
209126977
823756870
607670112
43304627
414304971
292315727
939600231
8847811
588719106
337026487
496146475
68685677
334284798
16165657
439177443
448056097
205324905
259035910
610655928
13010919
216180437
504614846
89753054
890710325
330706246
719644651
875410809
325456261
290717297
145812589
137839014
322929347
621167632
338183200
753227557
641809902
677475596
680623569
766884329
104653115
716354983
827664237
445715782
709972138
193907854
100282142
158137514
39001613
447265668
577063758
508583397
596800060
665103393
372209721
618120834
173280303
15677826
796931462
19146958
574313326
28497871
125575972
821130155
616472817
100657411
950195828
456566833
841643891
318126383
424708366
12343781
43680173
510511971
119287201
929237372
508047646
799740445
765803219
586549787
117203383
211570474
121843249
805700673
158713241
460359849
669726023
798094772
895576828
784246477
477952630
507999434
413232216
496246126
311623459
17970220
839764930
129672234
80074496
466310991
366640020
610411895
117604245
715501014
801781392
944412366
336520422
929445795
599242583
482823693
617974822
594305662
533136812
197702862
266801155
842896479
294429349
906198635
954501810
826420486
302111854
698517308
357460310
958730346
415516071
297779549
363421223
611020083
354514811
106758703
530146000
53191379
954778523
226962427
933679925
995792123
379150329
827805540
698714448
243059150
831790650
895148182
13539293
725845998
282120728
557308830
892134878
643530064
700625248
907438349
269504436
686265241
163557479
858164919
998632849
302848643
156983408
855168002
261167023
696518341
659916587
793634835
234979481
713960927
627448480
901214615
422743643
654348103
606434171
418120626
391365874
58649725
252907327
983039364
419183719
107886406
712703302
866919327
479903371
187623492
801551205
263375019
157644860
573864681
847692221
992630723
903895786
357096055
499937567
168359674
82555815
790914176
303656834
810629679
481819198
179743637
870630925
175020701
406010789
69394139
779705188
718460836
520081243
839715809
136103896
811511049
743320569
454222919
700358136
510650050
427720668
164075052
423808957
227524803
664707720
63225936
400109019
931035091
69497669
43959020
353820867
678314737
163677040
845081769
304228031
795966113
18215990
210612513
584076416
502812605
843814641
336673914
936497724
647693068
716771799
334208588
44069242
977216769
561933
576992568
401093510
426750790
60019483
783598093
751016683
905302210
795280247
611547598
838379219
293138923
875433009
843045661
837224348
435240116
695062097
752167108
724065855
691572954
134789958
133885741
459647967
214394550
554451195
922426960
48244224
34017098
556596129
466247586
111043238
244159174
390108237
116609890
199131266
922938856
243379980
642335545
545945976
980562873
264835190
166353797
124628320
585718969
161349582
47103186
113777538
687408531
791906016
672216497
670979055
362664519
590299089
562139397
634554962
69579466
766362694
203538429
286926854
557229471
926417449
333888143
610629560
368426922
789327834
548109601
947569594
373126562
879006958
188335547
322197490
777962563
430989231
50938502
366519113
439151928
843390057
769162507
847145888
631033228
967171220
985168401
924070924
977581274
444443235
446726073
43917171
231401967
708027537
97390902
204485083
591506026
365517757
709091954
993233644
180798423
831194408
568236752
439072302
445354068
224480985
745463722
574919054
498619105
149788799
481998162
892728377
960281121
936154693
109088616
140275406
721367529
308860899
843923077
156617764
993962484
475161754
818921053
624041780
67726007
144291048
435749857
419638365
385859551
574635890
76421308
261285043
99823312
917318429
798053157
526872685
551699918
177556163
651136999
26127284
446372436
735157381
903841105
600177911
458381843
942863255
98340582
359236476
609586787
630101444
634004403
974324203
915412079
255313722
388407152
949150977
140591347
512315999
149538900
625330664
475460695
418628056
622610277
680221450
805870035
235453980
792691929
513252103
704247289
570015110
175418661
746157837
632572399
804927524
992272424
706337308
767978384
152894382
849755295
922624846
4574234
521832905
806768285
45611306
493074166
742502753
958807742
299224585
658607663
856066714
938529362
999799824
475711057
657509168
744500228
968830138
945204584
480318479
862981879
392370554
141987218
539320800
244304654
436793715
33781034
712184083
688354948
808998093
366456370
407727118
687895417
669000107
132559674
59992601
675222771
815516162
472470929
98057833
708046842
411047648
29591270
512918805
241386778
866971590
916587847
567803056
336322017
114038599
188942346
488668976
789556606
211643865
764629637
786707370
615045457
770973267
206023787
49788088
457167955
685571294
152546831
646894844
51074703
272353088
376244281
390647479
219818011
41798965
824083589
399784318
894114
544785011
540831208
900210155
393596560
443068425
697975553
698845517
163658758
593638
108931035
242940138
960775559
102782428
106645616
724640833
475119645
816661340
928055796
896501700
823482478
822649338
291141581
276733260
78795853
604158442
40742519
481367256
635519621
223010557
598975564
699234661
996161420
868287707
815390320
372016496
288805620
291356672
367972959
726146035
421004876
526074092
952264461
454104607
791903848
336392912
121307690
543915737
254380193
622953639
994590521
691731769
556952491
297021465
832097343
252597052
482772242
565949018
148132229
292839506
583296712
29039195
700505235
374439669
942813970
470370056
863352332
582670504
621284225
281365934
142112471
143823196
315594234
531640942
724760968
928978811
351859365
692211652
946649442
419904620
708755812
835233072
25666866
430431746
269245435
42435696
512569014
203701798
144798899
424785272
4978077
217429462
214123968
817326555
553620408
646708259
319139479
413026739
443491608
27303356
601313978
203347425
44401470
584987047
9329752
862094923
630371819
174176970
896182764
22420413
155844233
85266864
676087726
582036549
985501009
693023906
566392199
175966121
276058178
31694540
570661900
732859391
522577102
361152896
494453945
835388268
566797084
787185681
508677864
651578021
344289588
319088344
463484286
402283695
347366874
108090991
355624053
292505172
982486
539354357
332637041
602704136
423771923
896155798
43068948
200849578
726938493
601425248
850888530
137519764
121842558
757461673
498862539
104775055
33893926
833823917
170172763
696452653
461812988
825855996
471488323
638779256
583193154
822073611
393929962
710274517
615591788
132221072
293383285
655887962
237683377
265232037
524205923
725448925
389379187
711127351
784025775
29991304
363186939
353819280
959912077
768291480
517109133
612530772
42731794
948796055
145684305
557179339
967787566
821116855
260671423
599591052
251607852
664274580
827858596
727335041
482018911
58462581
36498789
869918960
853525145
835406693
991195291
107866557
780983478
63183619
922024382
521105844
5788445
629080892
765035018
938151454
313242758
879806097
943299353
612635165
742106063
189847430
124936002
425241279
446981769
464224210
426120120
374498228
378357920
881865678
449704970
68500586
467127824
360780198
739374522
298338062
990062693
477542479
49318136
836331907
415768318
756450799
275649181
639346337
830190841
2313495
926541263
547128373
758467137
21374610
121280709
785419711
51551015
120047570
504806995
501439759
641027638
271779185
667095643
991220116
772256998
699532186
24408059
543963023
1724320
982778179
673133836
192768853
72746822
691896298
158701596
369983649
810323758
615681512
790293832
396243046
722642009
528942911
19227313
965674310
771855687
345063261
787920181
994090419
757637429
392034606
182954845
536325136
165172793
695361111
878367745
755780098
846639864
231760437
231301829
120450757
837895097
237363202
360263591
125348077
852482966
827728270
961125987
753642876
869779040
641234098
526644736
787269204
733019583
786335823
412292345
324425138
510162438
279367159
692734929
817446604
653247728
539125268
227406939
217525451
434355030
130861028
399131850
754245732
485555353
659963073
230536943
749908151
126554400
312213384
573623779
978995153
296170034
266780526
914699170
938078883
838461629
107413822
176224038
566536718
811122648
229740687
543916426
818859556
425846799
134936857
218351720
223498397
828378202
276505630
191334421
929575325
30652143
396795127
912282043
473445933
469910408
84665801
515771511
875476506
452620228
619076115
235860623
393812975
149731382
396760939
8858304
81479953
310002915
629296838
254591094
797572891
342063985
364130170
727261218
437734007
330749423
217205826
124234594
88358794
229234710
997214309
217747200
615203492
764169314
258860213
128868505
733871420
44939788
248141473
870716544
582575333
618309257
616484624
668826836
939977088
921616603
340328039
721242583
271490436
716292449
767868217
492144312
641507369
657971595
554147283
167114810
386193285
331678726
220500158
772984451
880506202
736728505
811346717
371112172
873262641
392059263
648239521
321688096
11906233
885343978
504066685
582658429
671268765
648661340
701533124
732394701
716806588
885704883
84375921
67675405
147919082
823309508
802120525
543850272
493096628
221984667
136432515
683895279
450702135
194909750
192812832
90665236
800977702
656982503
672067237
985713136
52349179
60715053
127678363
963836075
794624114
15079481
426655692
471849906
224963293
599882700
425490409
279992628
757365593
321388699
93091682
852317741
634067702
784198967
75829541
253116327
873616372
655443979
944178823
937288740
534038436
922070296
240665783
658186335
712399191
313618683
359604651
5896054
947928269
956805594
908585227
937995208
713361194
90046903
916245236
41743000
159979777
706517757
