355778 2
-1
-1
-1
-1
4004088 1152
3957985 1152
3949467 1152
3947304 1152
3908229 2304
3904576 1152
3903364 1152
3901201 1152
3899711 2304
3897548 2304
3879719 1152
3858473 2016
3849955 2016
3847792 2016
3842927 2304
3829963 2304
3825098 1152
3822935 1152
3812370 1728
3808717 864
301251534 63733863
301250855 63733863
301250383 63733863
301249138 63733863
301248527 127467726
301248459 63733863
301248259 63733863
301248055 127467726
301247987 63733863
301247890 63733863
301247580 63733863
301247376 127467726
301247211 63733863
301247108 63733863
301246878 63733863
301246810 127467726
301246808 63733863
301246739 63733863
301246651 63733863
301246199 271549157
296038624 56424904
296034639 56424904
296034598 56424904
296034192 56424904
296033541 49115945
296033500 56424904
296033094 56424904
296032443 985382089
296031748 56424904
296031345 992691048
296030650 49115945
296029552 985382089
296029522 56424904
296029515 49115945
296029109 49115945
296029068 56424904
296028718 56424904
296028458 985382089
296028454 992691048
296028437 56424904
305320544 871046184
305320521 871046184
305320467 742092361
305320436 871046184
305320413 685667457
305320390 629242553
305320367 814621280
305320359 814621280
305320313 814621280
305320266 871046184
305320243 871046184
305320212 742092361
305320198 871046184
305320175 871046184
305320166 629242553
305320158 685667457
305320144 742092361
305320135 322218962
305320112 273103017
305320104 814621280
