7
15
4
5
15
9
14
1
3
1
7
7
11
3
7
6
2
12
6
13
3
7
5
11
2
15
8
8
6
1
3
3
10
7
13
5
6
9
6
5
2
5
8
10
5
7
9
5
15
2
3
11
1
8
4
6
7
7
11
11
11
7
2
5
15
12
1
7
8
7
8
14
10
12
4
13
8
10
6
7
1
9
5
10
2
3
1
3
4
13
10
6
4
10
3
7
6
3
11
1
3
11
5
6
11
8
3
11
8
12
10
13
9
3
3
14
11
10
3
9
2
12
3
3
8
1
3
1
9
7
9
10
11
2
3
13
13
7
1
9
12
10
2
6
14
14
10
7
5
3
1
13
4
5
4
3
9
6
4
14
8
12
12
9
1
1
4
3
10
10
12
12
6
6
11
2
8
17
2
4
8
4
9
11
11
2
5
5
9
5
3
5
2
9
8
12
2
10
1
8
2
4
1
7
11
13
4
12
3
5
7
6
13
15
9
12
12
3
8
2
10
9
9
5
1
7
9
2
7
4
12
10
3
2
2
8
9
8
4
12
9
5
4
7
7
7
11
11
7
8
5
9
5
7
4
9
8
2
2
9
2
3
3
7
2
15
14
2
5
7
2
12
7
4
13
8
7
4
4
6
9
9
6
8
8
1
11
8
2
7
2
11
12
8
7
6
7
12
12
2
1
8
3
2
3
2
11
11
4
7
8
1
3
14
8
4
6
6
3
2
3
5
7
2
8
4
1
3
4
13
2
12
11
10
1
11
7
6
10
4
14
5
11
3
4
1
2
3
11
14
1
12
5
3
6
5
1
10
9
5
13
7
11
7
3
8
5
14
5
12
13
2
5
8
5
9
15
5
4
8
1
3
1
5
8
8
4
3
2
12
8
14
1
3
8
7
7
4
3
4
16
1
10
5
1
10
10
10
13
3
2
1
4
8
9
9
15
15
12
1
12
11
1
4
9
3
7
5
12
4
12
1
5
6
1
11
8
1
8
6
8
8
1
12
5
3
6
3
4
11
1
14
4
2
1
5
9
7
8
2
5
12
16
5
2
1
13
6
1
2
6
4
8
6
5
2
1
7
2
1
14
6
9
1
10
1
8
10
4
9
14
3
8
13
2
1
17
8
9
14
13
9
5
6
5
5
6
4
1
8
13
7
12
4
1
14
3
2
4
13
3
7
7
11
11
5
12
8
15
14
2
10
4
5
6
10
8
13
11
14
6
2
16
6
14
3
11
9
8
5
9
11
7
3
2
7
8
7
1
8
6
6
1
10
6
2
12
3
7
4
7
1
1
14
13
10
6
6
10
15
1
10
3
4
5
7
12
5
12
6
6
8
14
9
2
6
3
1
7
6
11
1
6
4
2
5
11
4
10
8
9
11
5
6
10
3
10
11
9
3
9
5
7
2
9
11
2
14
4
1
4
5
3
5
5
14
1
8
1
3
1
1
15
12
9
15
8
7
11
6
10
2
1
13
9
3
9
8
6
4
1
1
9
2
3
7
2
14
3
12
2
5
10
1
9
7
5
9
2
10
1
4
12
4
7
10
1
13
11
2
15
2
2
4
7
10
1
3
12
7
2
7
8
12
7
2
7
8
4
9
6
7
3
1
11
8
10
6
4
13
5
8
9
2
7
5
2
13
11
2
10
9
12
1
8
3
10
5
7
5
6
5
10
5
1
8
11
8
2
6
4
4
8
2
11
4
7
4
7
7
2
8
8
15
3
9
6
6
12
4
5
7
1
3
12
6
2
4
6
8
5
14
3
7
4
3
4
13
16
5
7
1
6
6
6
10
11
5
3
11
5
3
4
12
9
12
7
11
10
13
4
2
10
4
14
2
13
9
3
6
8
2
2
7
7
3
3
15
7
12
2
1
1
7
4
11
13
16
1
12
8
14
2
9
4
12
4
4
6
13
5
6
6
3
11
4
3
2
14
6
13
2
8
8
3
2
11
8
2
5
7
13
11
5
7
9
13
2
5
3
4
4
15
14
4
3
9
7
5
8
1
2
8
13
5
7
9
3
3
7
12
9
13
4
10
9
1
2
11
12
9
3
9
10
9
11
4
8
15
9
7
1
10
7
10
11
2
7
7
4
11
6
5
10
11
2
6
3
3
12
7
8
9
2
9
7
11
11
6
2
10
8
6
12
1
4
1
14
3
4
1
5
13
9
5
10
14
6
1
5
4
9
6
11
1
7
3
11
1
4
13
7
4
4
10
2
1
8
12
4
13
3
9
9
12
15
1
11
1
2
2
9
9
7
3
15
4
14
8
13
16
13
9
2
7
2
1
10
11
1
14
6
6
10
5
6
1
1
5
1
10
9
2
9
12
3
1
6
1
4
8
9
7
4
6
13
1
5
13
6
1
14
3
13
1
12
7
7
6
5
1
8
2
9
12
2
1
14
10
3
8
10
6
14
2
4
1
7
18
4
2
9
4
12
7
6
1
3
3
11
5
14
1
11
5
1
6
4
1
14
3
8
11
2
7
5
9
10
2
1
3
9
2
9
1
3
1
8
2
8
8
9
12
3
10
11
6
5
4
7
11
8
8
3
6
6
15
9
15
9
8
12
9
6
5
3
1
11
10
1
10
6
3
8
9
7
2
10
4
12
7
2
7
9
1
4
13
10
11
1
2
1
4
7
8
7
1
3
10
11
8
10
11
9
1
9
1
6
3
7
12
15
11
14
4
11
4
3
13
9
2
5
11
10
14
2
7
15
11
4
10
8
14
1
15
11
14
3
6
12
3
4
1
13
12
4
2
5
9
5
6
2
11
8
14
8
11
8
10
7
4
16
14
6
4
5
7
7
3
11
1
7
3
13
2
4
6
9
2
1
3
16
2
1
9
12
16
11
7
11
5
2
1
16
2
7
3
13
15
7
8
8
9
6
3
8
4
5
12
6
6
6
7
8
6
3
1
3
11
5
3
11
4
1
11
11
10
8
8
4
5
10
11
1
12
4
12
10
11
1
10
5
8
9
1
11
8
5
7
1
10
4
13
9
5
5
6
2
9
3
11
9
11
11
11
2
5
8
12
1
5
11
14
11
2
4
4
7
5
2
8
10
4
7
8
10
12
3
11
5
8
13
11
3
2
10
1
8
12
5
4
7
8
6
4
3
7
5
7
8
9
5
11
10
1
12
11
1
14
1
10
4
4
9
13
6
4
2
6
7
6
1
3
11
1
7
3
3
1
10
5
12
5
3
9
7
5
3
3
1
7
11
5
13
6
6
7
13
8
10
5
1
2
1
11
5
6
2
10
2
3
1
2
5
1
11
7
1
11
7
2
1
3
7
1
12
5
10
4
1
4
9
1
8
11
4
5
2
8
17
11
5
7
4
4
11
4
10
5
1
14
9
6
6
9
10
3
5
5
9
8
7
10
12
10
4
4
3
9
6
9
13
10
8
4
17
1
10
1
6
8
7
2
9
10
15
7
5
12
8
7
8
3
2
11
1
11
9
5
5
1
1
11
5
12
1
9
12
1
5
2
3
2
6
7
9
4
10
10
9
3
8
9
2
12
5
7
2
5
7
6
5
12
6
7
5
9
4
2
3
4
4
2
1
1
15
5
9
10
15
11
10
4
2
6
9
15
7
4
3
13
4
3
8
11
12
10
1
1
9
1
15
3
11
4
13
11
8
1
13
2
7
2
8
9
9
8
3
14
8
12
5
2
9
2
7
10
5
1
4
2
12
3
5
2
13
4
2
2
7
12
9
13
12
3
3
10
12
9
4
6
2
2
13
4
8
8
3
1
2
14
5
5
2
5
15
1
2
5
1
7
15
13
9
11
7
10
1
4
10
8
1
4
6
9
5
3
11
4
4
9
1
10
3
14
8
5
8
1
1
10
1
1
8
8
8
3
5
2
9
10
14
2
11
12
7
17
6
5
12
1
3
5
10
1
2
4
7
3
6
6
3
7
4
5
4
7
5
8
2
8
12
2
3
3
6
15
1
7
4
14
9
6
8
8
5
1
7
10
16
8
2
4
4
5
1
4
9
1
15
4
7
11
3
3
11
14
1
4
7
1
4
1
4
11
6
3
1
6
1
2
2
9
1
15
5
9
6
3
5
2
4
11
4
11
5
16
11
8
10
5
4
3
16
5
4
13
9
5
12
1
3
10
15
8
5
3
7
7
5
11
10
12
12
6
7
11
12
7
12
14
3
2
7
3
11
14
9
2
3
13
1
4
1
8
7
1
5
2
12
4
3
8
13
5
2
1
15
6
11
1
3
7
5
5
8
7
15
7
11
8
17
12
14
5
16
1
4
1
2
13
10
4
12
7
2
5
8
10
6
1
2
6
6
2
8
3
5
3
4
9
3
12
9
7
11
1
6
4
10
1
8
4
5
16
11
2
4
5
11
1
10
5
8
8
14
9
7
1
2
11
3
6
13
3
7
7
7
7
5
4
9
6
14
3
5
9
1
4
2
10
11
3
2
10
4
3
4
12
8
6
9
8
7
7
9
7
8
13
3
4
10
7
9
11
4
12
9
2
9
16
5
3
7
13
17
5
8
1
6
5
1
8
6
11
7
6
8
6
1
8
9
7
1
6
13
8
1
4
10
4
7
11
10
15
4
1
7
1
10
1
9
12
5
11
10
6
11
3
2
5
11
8
12
12
14
5
10
7
6
7
5
11
5
9
9
9
9
4
6
5
2
11
11
5
10
11
9
2
12
2
1
13
3
1
7
12
3
7
9
6
4
7
13
1
7
1
2
11
6
5
3
11
6
9
1
11
7
7
2
4
9
9
6
8
13
2
12
1
1
7
2
7
13
2
16
1
9
5
3
15
8
13
7
3
6
13
6
4
6
13
2
1
14
4
1
3
1
7
1
1
1
8
11
8
7
11
6
2
18
3
10
3
9
9
1
9
6
11
6
9
9
5
11
2
3
7
5
1
3
9
1
4
3
16
1
2
9
11
8
4
4
5
4
11
7
6
3
9
9
17
2
13
10
7
9
7
5
14
4
10
13
2
12
12
2
1
8
12
1
2
5
4
8
8
17
9
3
1
8
3
15
11
3
10
10
12
10
11
14
2
12
3
16
8
9
1
4
8
2
4
2
1
4
15
14
7
11
5
2
11
9
6
4
1
7
6
6
13
3
1
15
16
7
6
8
7
9
2
8
1
8
7
14
3
2
9
6
7
11
1
1
2
9
10
4
14
3
7
4
4
8
15
6
8
4
9
7
8
3
3
5
8
9
9
8
2
3
11
7
9
3
2
12
6
8
5
3
7
12
10
1
11
7
10
1
10
1
3
1
7
10
9
4
5
1
4
6
10
5
3
6
1
7
10
16
1
7
13
9
1
8
5
7
9
6
5
10
13
15
3
2
4
9
1
9
13
4
4
7
6
6
4
7
7
10
9
10
9
9
5
13
10
8
2
9
11
1
1
1
5
2
15
4
7
1
12
7
13
5
1
8
12
12
1
8
5
6
9
3
11
5
13
6
6
13
9
5
11
3
1
12
7
11
3
12
11
1
11
8
1
13
13
2
13
4
8
7
9
5
9
7
5
13
2
8
7
6
11
2
10
4
3
1
9
12
7
2
10
7
9
3
12
10
11
11
11
8
5
1
2
15
14
9
5
5
7
7
12
11
10
12
2
8
6
8
5
12
3
7
10
14
11
2
15
8
9
15
12
5
10
11
6
9
9
6
1
7
7
4
11
9
2
7
7
11
5
14
6
1
7
6
5
4
4
6
7
10
3
11
6
7
2
4
1
7
6
10
12
10
10
6
7
6
5
3
5
7
8
10
9
9
4
4
7
9
15
12
12
1
7
5
3
1
3
12
4
12
12
14
9
10
14
4
9
6
4
8
10
14
6
14
8
10
2
7
1
11
7
13
1
1
9
2
13
13
5
9
3
11
11
8
1
7
2
2
5
11
5
7
3
10
10
4
13
6
7
5
4
1
14
5
6
11
6
10
9
2
2
8
8
3
8
4
12
10
6
5
3
4
9
3
13
14
9
8
8
4
8
9
2
12
9
15
3
2
12
6
2
9
6
10
6
5
6
5
1
8
4
3
1
3
6
11
7
6
6
8
12
1
5
4
11
11
7
14
3
9
14
10
10
6
10
3
17
2
3
14
1
3
9
1
6
7
4
14
9
2
7
4
9
12
3
12
14
9
6
14
2
9
9
1
2
13
14
8
10
6
7
9
7
2
2
1
2
11
3
11
2
7
3
8
8
14
2
9
12
3
5
1
7
2
14
10
9
6
4
4
11
9
7
7
14
7
10
7
14
6
2
8
10
12
8
1
1
11
3
2
3
11
2
2
10
6
10
9
13
10
14
7
8
10
3
1
9
4
1
1
4
3
8
6
11
1
3
13
12
3
9
7
13
7
3
4
14
10
7
11
8
3
6
1
14
7
2
10
6
4
9
12
14
8
4
16
8
7
1
1
11
17
11
7
7
10
5
10
3
7
12
8
11
1
7
7
8
11
13
14
9
1
12
6
1
10
15
8
13
7
1
10
9
7
2
7
8
5
9
1
2
6
5
3
2
14
2
2
3
3
3
4
12
10
5
8
5
14
12
7
11
5
6
4
2
16
5
15
1
12
2
4
10
13
6
12
10
1
7
5
5
7
1
7
8
5
6
8
9
6
4
11
7
10
13
6
8
16
9
11
8
7
11
1
3
15
3
9
5
12
1
3
14
4
12
1
9
8
8
5
6
5
9
5
9
9
5
6
5
2
10
9
2
12
8
1
6
1
7
1
8
6
5
4
9
13
1
1
10
14
13
4
1
1
13
7
1
2
16
7
4
1
4
3
5
4
16
3
9
8
2
4
1
12
11
8
5
12
5
9
9
6
5
1
4
9
7
9
6
1
9
4
7
9
6
10
8
5
6
1
8
6
2
5
1
11
7
12
6
7
2
8
14
9
7
10
1
5
9
9
7
10
7
2
8
6
9
9
3
5
6
5
9
13
3
1
6
9
13
7
5
2
10
2
6
10
3
3
2
8
5
4
2
4
6
9
8
10
13
1
1
9
6
7
7
4
6
1
4
2
8
1
10
1
7
12
1
1
4
6
2
4
3
1
8
12
9
4
3
13
5
14
9
5
7
13
5
8
2
1
9
10
5
9
1
2
7
12
13
13
6
3
13
5
3
13
15
4
8
9
14
6
8
14
8
13
2
11
1
7
10
8
1
3
17
7
9
7
7
8
6
4
7
3
13
9
11
5
15
14
1
1
13
5
14
13
9
13
5
7
3
11
12
3
1
11
3
4
4
12
2
7
9
10
2
6
8
3
12
11
7
6
4
4
2
9
9
16
5
1
9
9
8
5
1
8
1
10
15
5
8
4
10
1
10
6
2
10
3
4
8
10
7
5
5
12
1
11
16
1
13
6
1
7
4
1
9
8
12
5
16
3
13
9
8
11
9
4
1
3
4
9
1
7
9
9
12
3
11
7
5
9
13
14
11
1
7
4
8
11
6
5
11
3
4
2
1
1
15
15
10
5
8
11
6
3
1
12
6
10
6
13
3
13
13
7
11
4
1
4
10
1
10
7
11
5
2
8
14
1
10
4
8
14
6
8
4
8
1
11
6
9
1
3
12
13
7
4
7
7
14
5
16
8
2
9
3
4
14
6
11
10
2
1
12
7
7
10
6
11
1
4
12
14
12
3
3
7
15
8
4
8
9
5
6
1
7
5
3
10
10
7
11
1
6
17
6
3
8
1
14
8
8
11
5
6
5
10
3
3
4
4
17
6
5
10
4
15
15
11
9
4
10
11
7
9
5
6
6
9
12
10
15
2
6
7
10
1
2
1
11
4
12
16
1
1
6
12
8
4
5
1
2
1
3
1
10
12
1
9
12
5
6
8
9
5
1
5
9
5
1
2
5
4
10
14
14
12
7
1
3
13
5
3
11
4
13
7
6
12
9
5
12
9
3
10
8
4
11
7
1
12
1
10
8
8
13
8
7
1
1
4
2
4
10
11
9
10
1
5
11
10
5
7
7
2
11
2
7
4
3
5
6
2
5
3
4
6
1
3
6
11
13
4
1
5
5
5
18
10
6
4
4
10
10
12
11
13
7
1
10
6
2
2
3
4
1
9
6
13
13
10
15
3
5
6
16
9
9
11
8
2
13
1
11
16
5
7
13
9
4
6
8
10
12
1
1
4
8
4
5
11
1
11
5
4
12
1
11
7
10
9
9
11
9
3
1
9
2
9
3
2
9
8
12
2
5
11
5
9
7
9
8
16
13
4
2
3
1
9
7
13
11
9
2
7
10
1
12
8
9
8
2
9
14
4
8
4
2
5
13
10
2
2
10
12
9
4
10
7
3
4
5
7
10
7
12
1
8
6
4
13
2
1
1
6
16
14
10
9
8
6
14
1
13
10
6
1
9
14
15
1
3
2
10
11
2
3
7
8
4
1
10
1
1
2
4
3
6
5
3
8
3
8
4
12
1
2
13
8
8
7
2
5
12
9
1
11
4
9
10
4
8
1
12
5
8
1
2
2
7
5
6
9
9
7
15
4
12
2
2
10
10
1
8
2
8
1
7
11
11
12
8
16
7
1
6
5
3
5
7
14
13
6
6
2
2
2
2
12
13
8
15
1
4
14
7
4
14
10
5
13
3
12
14
6
5
8
1
2
9
12
5
2
13
14
2
14
10
4
2
3
7
7
4
12
5
3
9
5
5
18
1
4
5
14
14
9
9
4
18
3
8
1
6
9
6
5
5
8
13
8
1
13
4
7
9
6
14
4
7
6
12
9
13
1
3
1
7
2
11
8
11
5
12
3
6
7
1
13
1
6
12
2
8
1
9
2
10
13
14
3
9
7
2
10
9
2
11
9
6
3
8
3
6
7
11
7
2
4
6
1
9
12
8
8
9
14
11
2
11
11
2
7
6
5
10
10
3
8
2
12
2
7
7
10
8
9
5
11
1
9
9
8
3
10
12
4
14
13
6
3
11
9
11
7
3
1
5
10
12
10
5
2
5
4
9
4
10
6
5
7
10
3
7
7
1
10
3
10
10
1
3
10
9
5
9
2
11
5
5
2
11
14
6
8
2
11
10
11
8
8
15
11
5
15
6
4
1
12
11
3
5
2
11
4
1
6
6
1
15
7
11
6
9
3
10
14
3
15
1
6
9
3
1
5
12
5
3
4
8
12
5
6
11
8
3
6
5
1
5
4
2
7
5
1
1
10
5
12
13
5
5
12
3
4
15
4
8
7
9
8
12
7
8
5
10
7
10
2
9
12
4
9
9
3
3
12
13
2
13
9
7
9
7
4
6
3
9
4
1
1
12
10
9
8
7
13
6
1
8
13
2
5
9
1
6
7
6
18
1
8
11
9
7
12
10
5
9
6
8
10
4
4
9
7
5
4
9
13
1
13
7
11
4
14
6
5
4
12
6
4
14
4
5
4
11
15
9
12
2
6
1
9
10
9
4
3
12
1
2
5
2
4
5
14
11
6
9
11
15
4
9
10
2
5
2
1
13
3
9
10
10
1
5
6
10
4
12
10
1
7
6
11
1
11
2
12
2
2
10
11
10
9
16
1
4
7
12
4
7
3
9
7
3
8
5
5
2
7
2
2
7
13
4
5
10
7
10
2
7
2
12
1
3
14
7
2
8
15
1
13
9
5
12
4
12
6
14
10
1
9
8
14
8
9
3
13
4
4
1
9
4
1
8
5
5
10
9
5
3
8
13
10
9
10
1
2
6
11
2
1
5
11
4
9
4
9
14
2
2
11
4
10
10
6
12
1
5
3
15
7
3
3
12
7
4
9
7
6
10
3
7
3
5
4
5
15
9
7
9
9
7
8
2
10
8
1
7
7
12
5
13
10
8
10
7
1
10
2
3
4
7
5
7
10
7
1
5
6
3
1
5
5
7
1
6
11
4
5
11
1
1
8
7
12
11
8
3
9
9
12
9
4
2
8
8
9
8
1
15
13
7
4
5
14
3
1
1
16
13
14
14
12
14
7
9
11
5
9
5
5
9
1
9
3
16
10
1
12
3
2
9
1
1
4
1
1
3
7
11
17
11
9
3
10
8
12
2
1
8
5
1
5
5
6
6
10
13
5
1
11
2
6
7
8
3
9
1
7
3
5
8
7
9
12
4
5
5
11
4
9
4
2
14
2
1
1
9
7
10
11
2
15
7
1
5
4
12
1
16
14
1
1
1
17
6
3
3
3
2
2
5
13
11
16
4
1
6
2
17
7
1
4
3
8
8
4
11
1
1
14
11
11
5
2
15
4
1
1
5
7
4
12
2
5
12
13
2
12
8
1
5
9
16
2
10
1
10
12
4
11
3
4
10
8
6
4
4
4
1
7
3
8
7
7
10
1
1
4
14
8
3
11
8
6
2
8
9
10
5
10
11
9
2
4
3
2
10
11
5
6
6
5
6
9
8
3
2
1
10
3
6
1
2
5
14
4
15
9
7
1
5
7
4
10
8
8
12
8
3
1
7
15
8
4
7
13
11
3
12
8
9
3
1
8
5
7
13
12
8
3
15
8
9
5
11
7
1
11
1
1
4
1
9
3
9
6
1
1
8
10
12
5
3
6
11
7
9
1
9
8
5
11
1
9
6
11
1
12
1
12
14
1
2
5
5
8
13
2
10
11
2
5
5
3
1
5
12
5
11
8
12
6
5
8
9
5
4
1
6
1
2
12
1
10
8
1
7
6
13
10
6
1
2
6
7
4
1
6
8
10
2
6
11
9
1
9
3
5
10
14
2
5
7
3
8
13
3
1
10
8
8
11
3
11
9
10
6
5
1
13
10
15
16
9
4
11
1
6
11
7
2
10
8
12
8
3
3
7
5
6
1
6
10
11
9
2
7
8
9
15
3
12
6
6
15
10
2
7
4
1
9
1
9
4
2
12
1
1
3
5
8
5
9
7
14
5
1
6
7
5
13
6
6
5
2
3
6
13
10
6
1
1
3
8
8
5
15
9
11
4
1
12
2
7
3
14
6
7
12
2
3
12
10
9
5
12
9
5
15
12
5
3
11
6
9
13
1
8
8
3
1
3
7
12
1
7
1
6
5
2
4
1
5
7
5
1
6
4
6
7
1
11
9
8
16
10
9
2
8
3
2
10
4
4
4
13
2
7
4
9
4
10
11
13
8
2
2
6
15
12
8
9
7
1
3
1
4
8
9
1
13
2
7
6
10
5
5
13
3
11
15
3
3
2
3
10
11
6
8
6
12
2
1
7
5
11
5
9
11
8
12
4
11
10
11
8
5
9
1
10
1
3
5
1
10
6
6
5
7
11
38
178
34
32
143
46
139
73
57
136
19
65
19
48
164
142
167
21
75
126
152
180
31
120
73
94
48
41
86
64
40
130
177
177
109
18
139
129
35
123
147
101
6
91
68
64
86
175
95
22
63
110
185
38
1
6
103
186
169
56
91
116
177
143
5
17
148
52
16
113
92
96
23
159
138
158
62
79
129
10
153
49
162
7
85
83
33
100
66
146
30
126
25
85
108
43
25
91
165
32
67
13
108
48
16
185
149
168
43
59
147
160
164
122
179
50
161
28
42
14
97
6
92
62
93
89
182
83
120
124
54
174
114
153
143
195
30
132
120
77
34
72
169
36
96
47
161
181
53
98
22
42
176
15
6
192
150
145
7
10
119
159
50
96
138
119
40
180
15
34
89
131
100
87
11
77
52
97
114
8
11
16
6
63
117
42
34
95
26
159
170
172
60
97
17
44
30
52
90
114
40
74
174
70
171
84
130
109
103
44
115
8
3
172
74
121
40
186
76
172
72
130
85
35
156
13
189
28
73
138
176
5
165
150
99
168
14
188
78
106
150
12
78
94
61
67
168
69
179
120
83
76
100
120
53
99
65
133
13
42
110
17
54
7
116
136
54
71
150
27
10
33
182
135
74
99
139
15
71
119
146
38
66
123
102
112
189
12
141
166
109
62
177
38
164
143
52
23
69
158
139
127
117
160
88
76
49
4
94
178
123
38
155
171
190
170
21
82
146
182
135
31
105
173
31
93
173
162
141
84
13
187
136
150
91
70
171
85
106
113
127
175
146
156
110
155
192
45
76
39
194
24
12
133
140
185
15
141
28
52
35
135
30
172
6
134
87
101
70
99
164
18
54
61
104
85
73
176
135
83
43
177
128
62
69
167
179
18
76
121
114
11
50
90
118
138
102
10
127
77
83
181
144
156
82
47
55
53
103
66
13
155
162
18
61
29
144
62
90
190
86
100
182
32
47
69
147
146
46
68
128
174
151
55
102
160
170
105
52
138
113
178
154
111
17
74
41
120
156
122
149
64
143
133
130
132
83
86
142
72
81
137
40
55
154
110
105
158
109
156
21
65
169
57
90
15
112
13
56
177
171
98
82
17
45
47
125
89
10
180
122
139
4
78
106
134
132
79
64
47
540
715
1352
635
119
872
1524
302
1597
780
413
939
1766
949
285
858
1134
895
994
1792
1444
1920
684
745
423
1693
1744
405
1652
121
1276
620
1028
667
740
517
1715
1131
1460
190
1172
473
1464
569
1038
1626
1732
858
1826
728
10765
16499
11109
4232
17682
79427
64330
20168
127077
89813
560
14505
56552
77266
127853
32716
2123
19462
552
1020
2937
181296
5137
1565688
1149400
1242044
