1411481343
3753603561
2451798440
2414772415
3307453190
4490065261
4414121261
2816978868
2555185013
3116086232
3159869324
1582942446
1213751604
1927788364
2504746732
2508553278
3014059043
2439597035
2303205388
2110653290
3081993716
3699114788
1916042583
2021128541
2303200787
3850983146
2870883724
3194876703
3611586185
3810200188
2863156777
3963605290
2578526899
3121963240
2554040199
2553175149
2883839767
1978740681
3104910641
1381600873
3788971477
2351515078
4082039269
2520920223
1336289666
2072941302
1139870886
2498428785
2846757522
2060329161
2248599505
2883396746
2654627689
3148742946
2024269282
2620268387
3495897793
2800672549
2025002667
1877183837
1851739078
1958059434
2740389752
2471785526
3916708962
2244006999
3172726632
2128891391
956272373
3547223649
4912048280
2843005515
2546133817
1600851709
1873674186
1690825985
2196746900
2947400474
2992896608
3548577044
3479178945
2380385458
2208388400
2258840319
3289948120
2890553995
1951664895
2358830282
2258941506
2473833963
1809983343
1943203280
1636286131
3454880428
1072100607
2809172200
2039627433
1826967592
2514808236
2346851889
687698224
948780493
2490512239
910331860
1649936642
466267234
1422203576
272147899
426183133
672250268
2794737894
1284323041
322143574
1277677299
647955297
3003369650
1212670048
2310716956
1843762236
228976172
2564966352
442366414
407573144
1865562194
1486950222
276370774
349111129
947801999
613831509
725170637
1482354107
684537766
1652083718
465623487
373952956
1274622719
335079126
2075023274
1378729868
266263649
1417228927
1913567644
832871263
1235585011
549253853
1287404326
1047879083
304368406
1525684358
2835690258
923056087
1470482914
2603316917
453036342
3599928574
1110712880
1977966677
1312719227
330937441
553607957
4210939856
1087850810
266582472
1720173449
1032761473
2032592839
707807718
183889357
1743095938
658160708
435163048
321531950
3542391907
272732524
471232732
340775209
1848446857
422685698
1648512778
1126677405
1782122060
2018964979
409019245
497837675
417860863
1039740188
1585085914
1208754201
1308188828
2548455612
3048993352
939487193
438552687
3033032182
2324355447
1452881531
298633928
668701226
3598945306
2699643772
3816225945
326484284
1877604384
922948637
3108596915
1954543182
2249387256
551010146
1407204765
1450843688
2033864973
1120874532
350017409
1162195422
319577405
275747244
380720779
1425293892
1053177368
321063055
595419680
1550281655
377747072
4114377389
2198448319
2199758784
1644893193
1695366185
1702952658
275266560
860501533
2651333625
542872760
413637983
1900437507
719005986
2785520281
874829122
729307109
382414143
354691254
317171277
894045135
4558281171
2064456750
1302173367
2514706573
1042064244
349860952
1032338159
1440780292
973992378
1350345995
372370054
286953971
484702896
472321951
2126481903
4617787635
1041545435
646356912
4651370194
1993377294
292222827
500338122
1045980077
1112329937
709078325
443751949
1352629458
1046839537
332059240
1172402827
658353226
1130665235
626563642
330867396
267959029
865896252
285330133
1866926586
341510971
1774951693
2265223140
1694115810
316928778
1543373416
744317248
2708737960
1278825606
2073342764
336343054
229079862
1077090650
2542663606
3226521063
3948194532
1373321377
1125633921
4063382155
845813943
643250117
1405683310
1526250671
2243637318
2922411384
209268199
1154979943
1025669725
2516696389
1699515117
614527989
1570795576
2519501977
2576533046
351722932
378447572
1313041338
1682343800
3019627323
911711745
106214207
823954562
443897996
3195125185
78918248
884492705
3395801856
153647135
3422169314
48527399
1129775167
22771106
132313930
1122454008
273483665
179722034
1972449027
5139042798
42248865
996865507
1335360144
1552633962
3015407243
467732977
495756225
467983690
27695845
297641507
4209430980
23258487
3133373518
1408323793
120427693
829738173
1421181589
28333985
2146453756
110653640
2058958824
651539295
980849111
34619639
1431934755
1461753215
1191975761
1262673084
704234913
2566085718
176465235
2851916561
771915483
776253023
34781725
1807853909
896666502
3601700862
280304556
500056838
1150332110
16578348
789546245
1724795004
37597652
3130902785
27532697
517270598
2479346079
771105144
117271773
1352484147
941136066
1551114382
4510690346
196081090
401777515
55841534
1243868971
626232167
2765454359
810118922
769944588
416416469
103244239
814086872
574917464
247149439
660151006
2111147922
2147834200
1090293622
1067041042
1547167053
1479042647
59764967
380618068
22282176
2885259732
2438970425
2746344769
621403880
2065298318
2625936362
2914906939
106753142
954528329
914103536
257208992
2866358749
57645164
1860266587
374933419
2329728744
585709524
78495323
1046353691
531479450
52457857
457021646
921149542
2105640335
2720777715
424891164
1459350139
228080122
51371220
728114546
125861341
857004152
605623850
4867883106
1526075182
35977063
1047247001
1313068029
1007933785
597102254
19492671
1471649789
890058385
23642285
2581661979
1515827576
738174888
59978200
458923170
519691966
37491321
1458740566
1991305584
598265351
325483196
1487718915
604944622
3576319878
1310745384
1298588781
1316116308
84685530
1141422413
38549034
141068898
490636371
1894339100
556692338
44467376
2803139571
22290220
1582883042
433746781
1053693359
900569685
4213772602
196036759
40519033
1014984042
315617765
539168153
1206113036
3498243671
216216587
168780784
65626430
1970273
1501043292
1037267904
1252008552
1212881995
3123197
1653555196
777923290
3833532942
1793848741
3904123647
107465398
420277246
3996860873
3160649
213738749
135049606
1848435225
2775794351
160320969
2466528915
3764588552
1320500008
797324013
136846907
164146451
1798098570
2007130716
1430343706
2239073271
3894995
38374709
614532079
1452356230
199902139
3575147
1578353307
3240559490
875174658
98016242
131991903
1549131564
1745020348
1378137857
1258227815
1096756987
1428190298
245529543
1179324597
13932681
526774168
1705370897
991091818
3388014
14355142
101351771
1402136758
108303744
2792658587
836886482
1726439250
196858747
1389667707
2683443
4536486851
3884459
1336857286
21759993
455766146
2156722506
344612214
3194682549
1691844511
1517430274
1945230684
632544764
1646520062
1499563936
1136351186
539995932
1200779723
1893658518
909242436
30311782
2941709
180937855
2377966
420191562
1302429927
1150846708
2283390824
2861815006
872726584
2508218751
26848048
2923551
1046021956
1194859324
1181587172
34824566
3340216
262114601
266161736
4218402004
318074826
19570599
1180468191
984240203
1357563999
2332444799
178957052
2168979080
114589227
1483187880
1530280272
1476787671
2696928598
89920515
115583676
2078068
2705913242
143729147
83778293
581785550
492081932
3293674302
1431440545
2140685613
2200246431
29986315
1122322717
154336205
812204802
2674209221
203237693
1867896222
1790328869
3461232
2473178939
32833813
2998783
599837191
716653410
772291273
55657862
4170297435
167598436
34125432
1066973959
3467906500
3918335567
1218887753
369190590
135238506
95876935
4643177
238800221
1972262997
1823247016
2990746865
2921032
1656504612
381378013
210788563
3144355212
547656279
67314807
1145146978
692221438
3424003
3968995430
518520076
2123385482
1563925398
1453669122
824183112
3256892237
1959573840
2665749660
20729389
953096423
865225404
1307112315
868599507
2535584
60914288
917401381
219527216
382851600
444481103
470219059
87076526
1352551614
2598598760
301629823
1586703438
3606681
18768700
1744572464
430365091
574795647
1575482568
732734262
517443984
127566821
3211582189
419711824
233500
96696759
1216839351
282329
3022280152
239176096
24970983
1031492640
627701648
231735619
1266506385
1837606426
403097988
439191265
1724883280
1199397850
17116180
251254
2480399282
429703
444763646
231555
495618730
1745414093
3123054489
326117019
61677621
83245108
15066619
1440382533
116505580
2591680902
228236
505961853
256008
3058543963
101636202
33594156
859207933
258252
286517
601186582
373750918
1723216662
1252611843
945511192
402547
1468692394
240825
138934696
192247149
1343348596
585474217
3074809905
1010763300
1149746752
1730403081
2911681246
347856
826723905
647280676
361133007
1907287
1558813798
1473880115
1457858898
1479144328
1958108820
1858198793
1798263677
322649
2030266081
991641919
9257501
2036715183
909953420
2314652539
1626406473
1263857444
2537469274
2252972245
500017982
231463
1361387601
45134140
1509377874
315472
404328
1376245340
3650883074
3720020057
3543190549
688748705
1010967840
427731
3160556827
629940023
1913766896
319966
2353654365
2627892825
840771253
2116493367
50505942
1646226324
3580364692
2735143048
2063779141
927791751
1611736123
1552446313
3164729397
240229
912000242
6463089
3862996169
1518235175
198948102
289364
2160287410
1478801373
2384602170
3278863633
89969057
1324509388
2096465514
2889240026
1826697427
586794822
1104080516
1469050989
4212351840
288442
1077617177
3836512198
1187790355
1322156304
2738867426
1374837438
1071392093
2518803766
2206275259
345326
470067698
900442119
153675124
2074635967
3292210186
2723970323
790682765
3268072783
1029776790
393125
925447797
616230806
311325418
2629178607
362970
644600064
2845294070
2641556725
2339905129
22078789
1256301370
1224967962
1363373745
241334093
372899258
3503105491
362327087
1185484103
677905837
326969063
522525025
422654
1776210971
2467343748
2309080443
2475588130
1319892824
316814
391738
132112501
2600578294
59005927
235222
289248
4208925335
543588010
2034805311
110462073
1022378196
196046877
2862646576
1667523982
173022922
505346901
280268483
1021121631
499106642
727400323
1618114621
328776615
30927765
78098935
726559837
309670307
247356045
2291638683
451106930
12192300
1510961873
2359485684
69723034
1056153001
2201786365
2117384410
39699
444057417
99339516
527027944
758373709
4209822427
1682564187
1289562157
471173162
2607057418
2684902580
28601
2491884886
1880069170
130348841
1830278770
391877217
1243186227
31012
1207076554
1891529266
364343036
376798826
2413649669
3192063
26925
744830618
1928908607
485058102
701830691
29884
2650885838
355330181
31988
27113
2638219943
140114355
1719167255
16410695
583397018
446898518
2040086248
1346193006
98096683
421216348
38460
31617
2884346588
55486357
209617911
9265942
3585425915
2543723464
2135209843
684772897
317955239
33966
3094874283
225048853
2015741218
347399531
868125926
3229143857
3304357370
1901551786
527169349
87539978
1659084974
405791922
3635266920
1254828670
1255176208
1889301630
15991051857
17284945968
18848516393
21094321497
13632005637
9255572866
14519439358
14953645306
10578634804
15758896997
3978972780
8028993489
12272862112
20812817907
12309465411
9580213799
7536273265
21319326438
18671643165
12345076135
2644139597
2062151182
1324986387
1343738637
1886858577
2604849663
1453643982
1076769093
2606323600
1231330347
4643210666
9240893136
11027584853
9611201595
11461137469
9104620014
17674784687
12747284403
4654011832
11756328294
716246209
296485685
538701544
1000292569
708023820
652113732
679542302
309529786
429796103
440238092
6094734785
12813056410
9368975132
14786267873
20971670473
10106724206
16297574423
10023075896
11276967623
10379251833
710227274
192980337
402484488
531294180
283106063
612595766
299272054
823474643
252668834
482268856
19094002841
11998606824
14028401575
11630248384
5420642888
6248825783
20407118127
13942337420
6230301367
4044938421
397287792
392303384
299505903
646653320
422669906
237213109
418593497
405301072
517110722
662208743
14634376229
4134704236
5524024795
17886666015
6493171275
3962315129
7094255899
3873506772
5649059225
6048592267
214761305952
247277323089
27387466465
208868123809
1936617219
151952571380
277694859
160657004408
59544050
157526902465
20296375304
260521093
94086264495
100047772244
958092430685
501273926773
54909730976
6039031616
