195
24
15
44
-3
-3
8
-1
-14
-43
4064
3
203
16
10
3
3
2
-1
-1
-1
17
185
2
609
12
2
0
0
0
1
-1
2
1
1
1
3
1
0
-1
-1
-1
0
0
0
2
-1
2
2
-1
2
0
3
2
0
0
2
0
2
-1
2
-1
0
-1
2
-1
0
0
0
-2
0
-1
1
1
0
-1
2
3
2
-1
0
-1
1
3
0
-1
3
-1
0
-1
0
-2
1
0
-1
1
0
-1
1
-1
0
1
1
1
-1
-2
1
0
2
-1
3
1
-1
0
0
-1
2
1
-1
1
0
0
2
-1
-1
1
1
2
1
2
1
-1
0
-2
1
2
0
1
1
-1
-2
0
-1
0
3
1
0
3
-1
5
-1
0
-1
4
1
4
0
2
2
0
-1
2
-1
1
0
-1
0
2
4
-1
0
0
0
0
-1
-1
-2
1
3
0
0
0
0
-1
1
-1
2
0
-1
2
0
1
0
1
1
1
-1
0
2
-1
1
1
2
0
0
0
1
1
0
-2
4
0
0
-1
0
-1
-1
2
-1
0
-2
1
-2
2
-1
1
-1
-1
0
-1
1
-1
0
2
0
-1
4
2
1
1
2
-1
-1
0
1
-1
3
-1
-1
0
1
0
0
0
0
1
1
1
1
-1
-2
1
-1
0
1
0
0
0
-1
2
0
2
0
1
-2
1
0
-1
0
1
0
2
2
2
1
3
2
-2
-1
0
-1
-3
-1
2
1
-1
1
1
1
-1
-1
-1
5
4
2
-1
0
2
1
1
0
1
2
-1
-1
4
-2
0
-1
2
1
-1
0
1
0
5
2
3
-1
-1
2
1
0
0
0
2
1
0
1
0
-1
2
1
0
1
1
0
2
-1
5
-1
1
1
-1
0
1
1
-1
-1
0
0
-1
1
1
1
-1
-2
-1
2
0
3
2
1
0
0
-2
3
-1
-1
0
-1
1
-1
2
1
1
0
0
1
0
0
2
0
0
1
0
1
-1
1
2
0
1
2
4
-1
1
-1
2
3
-2
1
0
0
0
-1
1
-1
0
0
0
0
0
0
1
-1
-2
0
2
0
-1
1
0
0
1
1
3
0
-1
3
0
0
-1
0
-1
0
-1
4
-1
-1
-1
0
0
1
1
1
0
-1
0
-1
1
2
0
0
-1
-1
-1
2
2
0
0
-1
1
1
2
0
-1
-1
-1
2
0
-1
0
0
-1
-1
1
0
0
0
4
0
2
0
2
2
-2
-1
-1
0
1
1
1
3
4
1
2
3
2
0
1
0
1
-1
0
0
2
-1
0
0
0
1
0
-2
-2
-1
1
0
1
-1
-2
1
-1
1
0
-1
-1
0
1
1
1
1
-1
0
-1
-1
1
0
-1
2
0
1
0
0
2
1
0
0
-1
-1
1
2
0
0
-1
3
-2
0
1
3
4
1
0
-2
1
0
1
2
-1
-1
-1
-2
3
1
-2
3
2
0
-1
2
1
0
3
1
0
-1
2
0
-1
1
-2
2
-1
0
-1
1
3
2
2
0
3
3
0
0
-1
0
-1
-1
1
2
0
-2
3
2
3
-1
-1
0
1
2
-1
2
-1
-1
1
1
1
4
0
3
0
-1
0
0
1
2
-1
2
2
0
1
-2
2
0
-1
0
1
1
0
1
1
3
2
1
1
1
-1
0
1
-2
2
3
0
3
2
3
2
0
-1
1
0
5
1
0
-1
3
-2
1
-1
0
0
1
0
-1
0
1
1
0
0
0
0
0
0
0
-2
-1
0
0
1
0
2
-1
1
1
0
0
0
1
-1
1
1
2
1
3
-1
0
-1
-1
0
0
-1
1
-2
3
4
0
0
1
1
1
1
1
3
-1
1
0
1
0
0
0
0
0
1
-1
0
1
3
-1
2
4
0
1
0
-2
1
-1
1
2
-1
-1
3
-1
1
1
2
-1
-1
3
1
-1
-1
0
3
0
2
1
1
3
1
0
2
0
1
0
1
-2
-1
0
2
-1
-1
-2
1
-1
0
-1
1
-1
-1
0
3
-1
-2
0
2
0
-2
-1
0
2
2
4
1
1
1
5
1
-1
0
2
0
-1
-1
-1
1
1
4
0
-1
1
0
1
2
2
0
-2
0
0
6
0
1
-1
-1
-1
1
0
1
2
0
1
1
-1
0
1
0
-1
-1
1
-1
-1
1
1
1
2
0
-1
0
0
1
-1
-1
3
1
-1
3
-1
-1
4
1
-1
-1
1
1
0
-1
1
1
-1
-1
0
0
-1
1
2
1
0
1
1
1
0
0
3
2
1
-1
0
3
-1
2
0
0
-1
1
-2
2
-1
1
