0.000000000
0.000000000
0.726337551
0.656746032
0.754068154
0.843180349
0.708794147
0.642286880
0.723809524
0.700000000
1.000000000
1.0000
0.666666667
0.781539255
0.0000
0.733333333
0.666269841
0.801587302
0.753968254
0.759973360
0.654001554
0.800000000
0.757729347
0.750141092
0.664245455
0.736608848
0.666097003
0.682539683
0.726337551
0.752476814
0.703255206
0.669844872
0.737057831
0.732076600
0.733499131
1.0000
0.0000
0.710033018
0.726124548
0.713157204
0.583333333
0.710309065
0.735378216
0.0000
0.704008963
0.739014140
0.666149573
0.800000000
0.665696132
0.725907284
0.696279991
0.722001705
0.646483012
0.497610114
0.517134341
0.533357321
0.604301514
0.581911333
0.493323588
0.0000
0.499459895
0.499622234
0.680122796
0.629200594
0.647464507
0.674754133
0.632812698
0.688732227
0.667306005
0.563366872
0.500000000
0.561904762
0.333333333
0.684195108
0.669773336
0.619006637
0.633140169
0.647641758
0.636470646
0.657386730
0.685286413
0.692828598
0.653454886
0.622984252
0.608019722
0.651913066
0.630449421
0.660775260
0.612308036
0.646656920
0.663231004
0.660407240
0.700000000
0.666666667
0.696814228
0.617950539
0.645686599
0.637919420
0.633308337
0.631739537
0.649298965
0.673266900
1.0000
0.677228011
0.673148316
0.605512868
0.483449883
0.692095580
0.537018329
0.502455255
0.633297550
0.684441668
0.651694475
0.518927593
0.665968227
0.574196071
0.594695072
0.0000
0.653507691
0.692310893
0.488446675
0.487450198
0.739014140
0.666149573
0.800000000
0.665696132
0.725907284
0.696279991
0.722001705
0.646483012
0.497610114
0.517134341
0.660714286
0.673266900
1.0000
0.677228011
0.673148316
0.605512868
0.483449883
0.692095580
0.537018329
0.502455255
0.633297550
0.684441668
0.651694475
0.518927593
0.665968227
0.574196071
0.583333333
0.710309065
0.735378216
0.0000
