493661038
56789607
18165452
910714832
310565647
127
1
0
4
0
0
2047
0
8
0
0
0
15
7
0
65535
0
0
0
15
0
5152
1
0
0
1
0
7
0
2048
0
7
0
4
1
4095
0
2
0
0
4095
2
0
1
127
0
0
0
0
8
32
1023
0
1
0
769
1
3
1
1
4095
0
66
0
1
63
0
255
259
0
256
3
1
0
0
0
0
0
0
1
16
0
0
0
4095
31
0
0
0
0
0
4
0
128
1
0
4
32767
1
0
4
1
0
524287
511
0
3
0
0
0
0
16
2047
127
255
0
0
31
3
0
7
0
2
3
1536
0
0
1
0
0
0
0
0
0
1
0
0
256
0
1
127
0
0
0
0
2
2047
0
0
1
0
2
7
8
31
7
0
4095
2
0
0
0
256
0
0
3
3
255
0
0
2
1
128
2048
0
256
1
3
16
0
15
0
3
4
7
0
0
1023
0
7
0
0
0
1
255
0
72
0
0
0
0
0
128
0
0
0
0
4
0
0
0
4
0
1
4095
0
0
8
909
0
0
0
0
2
0
0
32
35110
0
9932
0
0
1
0
15
0
0
3
1
0
63
1
1
0
0
0
2
6570
1
255
0
8
0
0
0
127
0
0
0
0
0
15
32
0
2048
2
0
131071
1
16
7
16383
31
0
11
0
4
3
2
0
15
127
15
0
15
63
0
2
0
2
8
4
0
3
2
0
0
1
31
0
4
0
0
32804
7
0
15
0
7
0
1
0
1
63
1
31
0
1
0
1
511
8
0
0
7
0
0
0
0
0
0
127
1
3
1
0
255
0
1
3
0
0
256
0
0
1
0
0
8
2
1
7
0
0
63
0
0
63
4
0
1
0
32
0
0
15
1
0
3
0
16
0
0
32
0
2
0
10
0
63
7
0
2048
0
1
31
31
524287
0
511
1025
0
15
0
0
1
1
0
0
0
2
8
4095
15
1023
0
32767
0
1
15
2
78
1
0
1
72
1
4
31
8191
8
8
0
15
0
0
0
7
0
3
9
127
2
511
3
0
1
57
1
31
3072
0
0
1
6232
127
0
1
1
0
16
256
127
0
1
17
0
255
2047
0
0
0
0
16
31
0
0
1
0
0
0
0
3
127
7
0
1
0
1023
0
3
1
10
2
255
0
0
0
1
0
1
4
0
0
2
511
0
0
0
0
0
0
0
0
2048
0
0
0
0
1
15
1
3
0
15
0
7
0
0
63
0
0
0
7
0
0
4
64
0
8
7
0
1
0
0
31
0
0
1
1023
3
0
1
7
0
0
0
0
7
0
64
0
0
4
4095
8
7
0
0
0
63
64
0
1
0
0
1
0
0
0
2047
3
0
4
0
0
8191
0
0
0
16
0
8191
1
31
1
0
0
1
0
2047
2047
1
1
4
0
1
0
32767
0
0
0
1
0
0
0
1
0
0
128
0
511
2
3
0
31
0
1
63
0
0
1
0
0
0
1
1
2047
0
0
1
0
0
0
3
256
1
0
8
2
1
15
0
8192
1
512
0
0
1
0
7
0
4
0
0
0
16
1023
2047
0
4
1
0
0
1
1
0
1
0
3
7
8
2
0
0
7
1
0
0
0
0
0
255
0
0
31
1
1
4
16
1
15
1
0
288
0
7
511
7
32
3
0
1
0
0
0
0
0
63
0
7
0
63
1
1
131071
127
1
32767
16
4
31
2
1023
0
31
1024
14047
0
64
32767
294
16
0
1
1
0
4095
64
15
3
1
0
8
1
0
0
1023
0
0
2
0
7
4
15
0
272
7
0
1
0
0
15
2080
1
0
3
3
0
4
1
3
0
0
0
0
0
512
0
0
8
0
0
0
32
0
0
0
0
1
0
0
0
2
32767
0
2
0
0
1
0
0
8
0
8191
0
7
2047
0
63
15
16
0
11
0
0
0
1
1
0
16
2
0
0
0
16
3
0
8191
31
1
0
15
0
1
15
1
0
2
127
0
1
2
127
2047
1
15
32
0
0
1
0
0
3
1
2
1
64
1
1
15
0
0
255
0
0
0
1023
0
0
0
0
0
63
0
1023
8
2
0
0
0
0
15
0
0
0
1
0
0
6
4
0
15
0
2048
0
1
1
0
0
0
0
1
0
1
1023
0
31
0
2
1
0
0
1
0
1
1
1
0
1
1
0
0
0
31
0
4
0
0
0
1
2
0
0
1
0
0
32
0
1
822
1
1
2047
1
0
3
64
0
0
0
0
0
4
3
0
0
1
4
4
0
63
0
3
2
0
255
4
0
1
31
4
524287
0
0
5
0
31
0
1
3
0
4
0
0
0
255
0
0
0
0
1
1
0
1
16383
63
1
31
1
0
4
0
0
0
24162
1
2
0
0
0
132
511
0
1
1
16
0
17
127
8
0
0
1
15
0
2
15
0
8
3
0
32
65535
4353
3
0
0
7
127
0
7
1
0
7
15
4160
0
0
2048
4
1
0
10
0
0
0
0
0
0
7
127
0
8
0
1
0
1
32
0
131071
0
128
0
7
0
7
0
1
2
4
255
0
3
0
1
1
0
1473
32
0
256
0
0
4112
0
0
0
127
7
0
0
0
0
0
16
0
0
0
0
1024
36
0
1
0
0
31
1
127
2
0
0
255
15
0
3
63
0
0
1
1
0
1
31
1
0
1
511
1
0
0
3
0
0
0
1
4
0
0
0
1
0
0
0
0
1
1
1
0
3
1
7
2
1
0
1
0
0
0
2
1
0
0
16
0
16
3
0
0
7
32767
0
0
0
1
0
0
1
0
0
0
0
7
0
0
1
288
0
511
7
0
0
0
127
3
0
15
0
15
0
0
31
128
0
31
2
0
0
0
1
0
127
0
31
127
1
8
4
0
0
0
0
1
0
0
0
0
63
7
4095
1
0
0
512
256
0
4
3
5
0
511
0
512
255
0
31
0
511
2
128
3
31
1
0
1
0
0
0
1
0
0
3
4
0
63
0
1
1023
31
0
0
1
0
0
0
1
0
0
0
0
0
3
64
31
0
0
0
0
0
1024
1
0
0
0
1
15
0
196
1
0
15
0
0
32
0
0
1
0
0
0
255
3
0
2
0
0
74
0
0
3
1
0
2047
32
511
0
0
0
0
2
16
1
0
4
0
16383
0
0
127
6
0
0
11
2304
7
511
1
0
7
2
0
0
64
1023
2
3
15
1
199
31
0
0
31
0
1
1
0
0
7
0
32
15
0
32767
127
0
2
3
0
0
16383
0
8
0
0
31
0
7
255
0
4
7
0
0
0
1023
16383
0
127
0
0
0
3
0
1
32
1
1023
2
0
126976
0
8
16383
0
0
0
15
7
0
0
3
0
0
128
15
1
3
2
3
1
0
0
16
8192
1
1
0
0
28752
1
0
1
0
1
4
0
0
3
2
0
0
0
15619
0
1
0
3
63
0
1
16
2
63
0
0
0
7
4
0
0
0
1134
31
2
0
4
2
1
0
0
1
0
0
0
0
0
3
1
255
0
0
0
31
1
0
0
0
31
0
0
16384
0
63
0
20
3
127
0
1
1
15
0
1
0
8
1
0
1
4096
15
10
0
0
0
4
2
7
0
8
0
0
2
1
0
65535
0
127
0
0
0
0
2047
0
0
1
15
1
0
63
0
1
128
3
32
1
1
8
0
0
7
272
5
15
0
63
0
0
64
0
3
0
96
1023
0
256
16
1
0
0
0
15
1023
0
63
0
0
1284
21182
4
4
0
0
16
2047
1
1
0
0
0
0
0
3
63
0
4
8191
0
0
0
1
0
0
1
16
1
0
0
3
0
0
4
3
0
0
0
0
3
128
0
0
2
63
0
2
0
0
0
63
0
0
0
36
2
1
15
1
0
2
0
0
1
0
0
511
280624
31
0
0
4
0
1
0
0
8192
0
2047
20
0
1024
7
0
0
1
0
0
1
9
0
7
220329
7
0
0
8
511
0
7
0
1
7
65535
2
4
0
0
1
0
1023
16512
471
32
0
15105
1
1
0
0
0
8
0
7
0
0
1
4
3
4
1
4
0
0
1
3
0
0
2
0
256
0
16
0
0
1
255
255
0
0
0
0
129
1
37
0
128
0
1
32768
2
63
1
1
8
1
2
1
0
63
2
7
2
0
1024
4
7
0
1
1
0
64
1
0
7
144
0
2
0
132
0
0
0
1
0
50
4095
0
0
1
0
0
0
7
1
32767
0
0
4
0
1
4
1
1
0
3
2
131072
0
255
128
4
1
0
0
8
16
5
1
0
1
511
0
3
3
0
8191
0
1
1
258
3
1
0
63
0
63
0
0
0
57
8
0
0
511
0
16383
0
32
1
0
127
32
0
41
0
0
4
0
1
0
7
3
3
1
0
131071
1
0
1023
0
0
64
62
4
0
1
37
8
0
7
0
127
32767
0
0
0
1
0
0
3
255
0
0
0
1
0
2047
0
2
16
0
2
0
1
791
0
0
0
2
0
0
64
131071
0
1
0
0
32767
33
0
2
1
1
4095
0
1
1917
0
0
127
32
0
0
0
3
7
2
1
4
0
0
0
256
0
8
1
0
0
8
0
128
3
0
0
1
1
1
0
0
0
8192
1
0
0
0
7
0
255
2
32
0
0
0
260
511
4
0
65535
0
0
1
0
3072
1
0
0
1
127
4
1
0
0
0
0
0
8191
49817
0
0
0
0
0
1024
7
63
8192
0
0
15
0
0
0
0
0
16383
2052
4
63
15
0
7
0
0
0
0
16
1
1023
0
2
0
32
0
0
511
0
127
0
0
511
0
0
31
0
32
1023
0
3
0
0
1
0
0
7
3
1
0
15
0
0
4095
1
3
31
1
15
0
511
0
3
4
0
0
4
15
1
0
127
0
0
1023
0
15
0
0
16383
3
0
20
17
0
64
0
0
0
3
0
0
2047
0
3
0
0
1023
255
1023
0
0
0
0
31
7
0
3
0
2
0
4
0
0
31
127
2
0
161
59069
0
512
3
2
21508
1
64
8
1
0
0
31
255
1
2
3
0
255
0
0
1023
1
0
0
0
2
0
63
1
1
0
0
18
2047
31
8
0
1
3
131071
8
0
0
0
0
16
15
0
4096
0
512
1
0
3
0
0
2048
0
0
0
1
0
31
0
255
1
0
1
7
15
0
1023
255
0
1
2
0
255
0
6
0
511
32767
0
0
511
0
0
63
31
0
3
8
0
0
1
255
1
0
24
2304
0
289
1
1
16383
0
16
0
512
0
10
0
63
8
0
16383
0
31
8192
0
0
0
0
1
0
1
255
5
0
3
0
0
0
8191
1
66624
0
3
0
0
1
0
0
7
1
0
0
0
0
4
1
0
0
0
0
0
10
0
0
0
0
2
0
2048
0
0
0
0
0
0
0
7
0
0
15
4
3
4095
2
1
1
1
1
0
15
0
0
16768
0
1
0
15
0
0
16
3
0
2
2
0
0
0
2047
1
0
8
0
0
0
0
2
581
1
1024
1
0
0
127
1
1023
0
15
0
2
0
0
0
0
127
65535
0
63
0
0
255
0
0
16
7
1
2047
0
3
0
4
15
7
0
212
63
0
4
3
2
7
64
1
1
15
31
2
0
3
0
1
1
2
1
1
0
3
0
1023
0
32768
0
1
31
7
0
0
0
19200
3
256
0
15
0
0
1
0
0
0
7
0
8
0
0
3
0
0
0
0
0
0
32
0
0
0
0
0
3
31
0
16
0
1
16384
0
4096
15
0
0
0
0
0
137
7
0
0
1
7
0
0
4
32
1
128
0
0
1
0
0
4
511
127
0
1
0
7
4
0
4
1
1
66
0
320
63
0
0
0
0
256
0
0
511
0
0
0
0
0
0
0
0
3
0
1
3
8
1
0
3
4
1
63
0
15
0
65
0
0
0
31
1
1
1
128
0
127
0
127
2047
7
0
0
16
3
1
0
0
0
64
1
1023
16
0
0
1
1
12
7
15
0
0
15
127
0
0
1
31
0
17
0
1
0
0
0
0
0
0
0
0
1
160
1
1
0
127
0
2
0
0
8
289
128
0
1023
0
0
0
0
0
0
31
127
0
0
1
2
0
0
262143
0
1
0
7
0
7
398194
2
0
0
0
0
4
1
3
0
16
4
15
3
0
511
16383
0
0
7
0
63
32
0
0
63
0
7
0
0
2047
0
0
8
0
0
64
32
2
8
0
31
63
1
0
0
0
31
4096
16
1
15
0
1
0
3
0
0
1
3
0
0
1
16383
0
0
0
127
43
0
0
2
63
127
0
0
1
31
2047
7
1
0
1
0
15
0
1
0
0
0
3
0
0
0
0
7
255
3
0
32767
4095
0
0
0
128
110
0
0
3
0
0
0
1
31
0
0
8
4
4
0
2047
2
0
0
0
32
0
0
127
7
3
8
32
16383
0
0
31
0
2
0
0
7
32767
0
0
0
0
24
2
1
0
0
4
0
7
1
15
0
512
7
0
0
1
8192
63
0
127
359
3
0
0
127
8
0
0
64
4
0
0
0
0
0
0
0
65535
0
1
2
0
0
16
0
0
127
7
0
0
511
0
8
0
1
8
0
1023
1
2
1
1023
3
0
0
256
0
0
18
0
3
0
1
0
3
15
0
16
8
0
65536
3
0
0
0
0
511
1
2
1
0
0
0
128
0
4
15
0
13
4
0
2
2
3
63
0
1
3
0
7
2
1
2047
0
3
8192
0
64
7
7
8
127
0
0
0
15
0
1
0
127
1
3
2047
0
127
0
8
0
255
1
8
0
1
0
2
256
0
0
32
65536
3
1
0
16
0
1
7
0
2
4095
256
0
3
255
65552
1
0
31
127
15
1
2
0
3
0
63
1
7
255
0
0
0
15
14
8
1
31
511
0
1
0
3
1
0
0
0
0
16
0
0
7
0
0
0
63
0
31
0
0
1
0
4096
0
7
127
0
0
1
1
1
0
32
0
0
63
0
0
8
8
511
1
17
0
0
1
0
16
0
2
4
0
0
512
16384
4
0
0
8
0
0
7
0
4
0
31
16
63
0
16
0
512
1
0
0
0
7
2
0
0
4
0
1
2
2
4
1
0
127
1
0
0
0
0
7
63
2
15
0
0
520
16
0
0
0
1
0
8
0
2
0
0
0
31
511
7
4
0
6
2
1
16
64
12
511
32
2
0
0
1
7
0
0
0
0
26
1
0
0
1
0
127
20
2
31
32
0
127
0
0
0
0
127
0
0
16
0
15
14008
0
2048
3
0
2
0
2
3
127
1
0
0
0
31
0
0
0
0
0
0
512
1
0
0
89
3
0
8
0
511
249
7
0
16383
0
0
256
2
32767
0
0
0
2
4096
0
64
0
0
3
4095
3
7
2
0
40
3
0
1
0
7
256
0
0
63
0
32
0
0
2
0
0
0
0
1
0
384
0
8
0
0
16
1
0
0
0
1
0
0
2
0
0
0
2048
1
0
3
3
0
4095
15
1023
0
0
0
7
0
15
63
0
25
2
255
255
0
1023
1
511
0
65535
15
0
2
0
4
1023
64
0
0
255
63
0
1
2
1
15372
7
2047
0
4
3
3
63
4
0
63
1
1
32767
1
16
0
0
127
0
8191
127
7
2
1
0
0
0
0
8
3
1
0
325
3
127
7
1
0
32767
63
1
1
256
1
0
32
1024
1
0
63
0
0
0
1
0
0
0
15
63
3
1
0
15
31
4
8
3
0
7
1
7
0
4
0
131071
3
7
0
31
31
3
0
64
8191
0
15
512
15
0
0
16
0
2
262143
0
2
0
511
4
0
255
0
0
4
15
255
31
0
0
1
0
16384
1
0
1
160
0
0
1
0
0
0
0
7
32767
0
15
1
4
0
1
31
0
1024
0
2
0
0
0
1
1
0
2
0
1
31
1
0
0
4095
0
0
8
8191
0
0
0
255
2
0
0
16
127
2048
255
512
127
2048
4095
0
0
0
8
0
0
1
127
2
63
2
3
0
0
16
0
0
0
2
2047
1
2
0
8
0
0
0
4
0
1
0
512
32
0
1
0
0
64
3
1
0
80
0
32
15
0
1
511
1
0
0
2
32767
0
0
8
0
131071
3
0
8
0
1023
2
0
127
0
0
8
22
0
0
16383
0
36
1023
0
511
0
1
2
1062
8
0
2
0
0
1
4
16
16
7
0
511
1023
0
15
512
131071
127
64
2
0
0
0
32768
0
8192
0
1
0
2
0
1
32
0
0
2
0
2047
8191
0
255
0
4
1
0
0
0
8
0
15
1
0
0
1
1
0
4
0
0
0
1
0
0
0
127
2047
0
0
0
1
0
4
1
4
127
0
0
0
0
0
0
0
0
1
3
0
4095
31
2
0
0
0
0
0
1
32
2
255
0
3
8
7
31
2
3
0
4095
1
0
2304
0
0
3
128
1
1
0
1
4095
255
0
0
0
0
4096
0
2
0
0
0
0
3
0
0
0
511
1
7
4
0
1
0
4095
7
0
127
32
1
32
16
0
127
0
0
2
1
1
0
128
0
76
7
7
255
4
8
0
2047
1024
3072
3
7
24365
0
0
1
8191
0
0
0
8455
0
0
0
0
32
1
0
0
1
0
2
0
0
64
1
0
0
0
1
2
0
1
0
4
7
0
0
1
0
8191
1
170
1
255
1
0
127
2
2
4
0
1
0
1
0
0
0
1
1
0
0
4
3
0
0
0
4
256
0
0
1
256
0
0
2
0
0
255
16
0
0
0
0
3
0
0
0
0
0
0
65535
0
0
0
0
4
4095
15
1
2
826
4
1
0
4
511
0
0
1
3
0
0
2
0
1
0
65535
0
0
0
0
1314
0
0
0
256
2
0
0
512
1
1
31
32768
512
15
0
0
0
0
0
4095
0
2
8191
8
15
0
0
0
3
63
0
8191
0
0
31
3
8
255
64
0
8
0
32767
1
0
0
0
15
7
0
0
1152
0
0
4
1
0
1
0
0
0
0
0
0
8191
7
512
4
1
1023
0
1
4
2
1
0
32
0
0
2
0
7
31
4
0
7
1
3
7
0
511
1023
0
0
16
0
1
0
0
511
0
1
1
1
0
511
2
9220
0
512
64
0
0
0
0
8
4095
511
773
0
0
0
0
256
2
1
1
0
0
8191
3
31
0
0
0
0
1
0
0
3
63
0
0
0
0
2
0
1
131071
0
0
0
4
0
0
0
3
64
0
0
0
0
0
0
0
1
0
0
2
0
1
1
0
1
2
0
0
31
0
0
0
1
0
8
32
3
7
0
63
0
3
255
0
0
0
2
31
0
1
1023
0
32
31
32768
1
0
15
0
1023
8192
0
0
0
8191
3
8191
0
0
64
16383
0
2
15
1023
69
0
0
1023
255
31
0
0
127
0
0
0
32
0
0
36
15
0
0
0
255
0
16
0
0
128
0
0
511
0
31
0
128
0
1
4
8191
0
16
7
32
0
8
0
0
0
7
0
1
15
2
1
0
31
0
1
1
63
1
1
0
0
0
0
0
32
0
1
0
7
0
3
2
0
255
8
0
0
0
0
0
1
1
511
1
0
31
18
7
63
1
0
0
0
1
15
1
4095
1
0
0
1
128
0
2
0
0
0
1
1
8191
512
2
3
2047
8191
0
511
31
6
3
5
2
0
0
256
0
16
1023
0
0
1
255
0
31
0
3
1
0
0
63
0
127
0
0
4095
4
3
4
255
0
63
0
0
0
0
7
1
1023
0
0
4
0
0
20
2047
3
2
1
0
0
0
0
1
8191
0
0
0
0
15
152
4103
16383
1
0
512
0
0
1
0
1
0
2047
2047
0
16383
0
0
0
0
32
0
32
0
2
2
1
255
255
0
0
0
1
2
0
0
1
4
256
0
15
0
0
63
0
128
0
0
0
0
0
3
2
32
0
32
0
0
1
16
0
1
0
2
63
1
0
31
8
0
16
0
3
0
0
0
0
3
2
0
0
0
2
0
0
128
0
0
0
1023
256
2
0
64
32
0
4
15
0
31
0
4
1
0
0
0
3
31
0
15
0
3
4095
511
0
1
512
4095
0
3
1
7
8
0
0
0
3
16383
0
63
8
255
0
16
7
0
0
1
2
512
1023
0
1
2
255
128
3
0
16
0
0
0
3
0
0
127
0
3
4
320
1
255
0
0
0
127
0
0
8
1
0
0
1
0
8
0
66
0
2
1
31
2
1
260
2048
511
127
0
15
127
8
8
0
0
0
511
16383
5
1
1
10310
1
0
4
4
2
4
2047
4
0
2
2
0
2
255
0
127
7
4096
63
255
66
0
1023
0
2
128
0
0
0
0
15
3
65535
3
0
0
0
0
0
0
0
15
0
511
15
1
1
0
0
63
4
15
0
8320
512
0
15
5
0
0
65536
0
8
2
1
0
0
0
0
0
0
0
0
1
0
7
0
0
0
32
0
0
0
31
3
0
1
2
216123
3
1
2
63
2
31
4
0
0
1
511
7
127
3
0
0
1
3
0
0
32767
1
63
16
1
3
32
15
0
0
511
0
16
0
32
0
1
32
0
4
2
7
0
4
31
8
0
0
4096
0
0
0
1023
1
36
16
3
1
0
0
0
0
1
15
16
1
8
15
0
56147
15
1
0
2048
32
1
0
1
31
3
1
8
3
0
3
0
0
0
0
127
1
1
1
0
520
3
0
0
0
0
511
3
1
31
15
0
32
2
64
4
0
2
4096
1
0
0
4
128
2
0
8191
0
0
0
0
1
0
7
0
1023
4
0
1
0
0
0
2
11
0
0
130
0
1
0
8191
7
0
3
2047
0
15
32767
0
0
1
7
31
0
0
511
0
0
1
3
0
74
0
128
4
255
0
1
0
0
4
0
7
0
1
4
0
5
0
0
0
1
0
0
7
1
256
0
0
0
0
7
1
0
511
4
255
136
0
32767
3
15
129
0
0
0
0
8
1
15
1
511
1
0
7
0
64
0
31
0
2047
0
63
0
0
0
7
16
0
0
64
7
8
0
2
1
16
0
1
4
0
1028
31
0
16
0
15
2047
0
3
0
3
0
1
0
15
31
0
1
32
8
0
2667
16383
0
0
2
0
0
3
0
0
0
0
0
0
63
1
0
31
7
1
1024
0
16
2
0
4095
0
0
16
0
1
0
0
127
1
127
1
0
0
1
0
63
0
1
1
2
0
0
0
3
1
0
7
0
0
0
1
4
0
1
0
0
8
1
0
15
0
4095
1024
3
177283
3
16
1
512
0
4095
0
0
0
0
4
0
1
0
0
63
0
0
1
0
0
7
0
0
1
0
1
0
2
0
3
15
0
0
0
1
3
31
32767
72
0
1
0
235824
0
0
64
7
0
1
1
1
0
4
0
1
0
15
0
0
0
3
0
7
4
1023
1
0
127
0
127
0
1
0
8
0
3
0
0
0
0
2
0
3
0
2
63
7
0
0
127
0
31
1
0
4095
0
1
511
0
1
65535
7
0
1
0
0
15
4
0
1
255
512
0
31
16383
7
0
0
0
1
15
32
0
1
0
0
0
0
0
128
0
1
15
0
0
0
0
0
3
0
0
0
8191
0
128
3
0
131071
32
31
1
127
0
2
0
0
0
0
1
0
0
8
0
0
511
0
0
0
4
31
0
4
0
0
0
0
3
0
0
0
1
0
1
0
0
0
8200
255
0
0
0
0
0
63
0
47
1
0
2047
0
2378
1
0
1
524287
0
63
0
0
0
0
0
1
2
0
127
15
1
9
0
0
0
2
0
1023
0
0
255
8192
7
8
4
1
0
1
7
1023
0
3
0
0
3
32
1
3
0
1
1
1
0
0
0
0
0
4
0
511
0
0
7
524287
1
0
3
0
0
0
0
1
0
3
8192
0
1
0
0
3
0
0
15
10240
2
64
63
0
0
1
4
0
0
0
32
0
2
63
0
0
3
32
1
15
0
0
0
16
1
255
0
1
0
1
0
7
0
1
7
0
32
1
0
0
0
63
2
16
0
0
0
0
0
0
0
3
0
1
8
0
0
1
1
0
7
3
32767
0
16
1
0
0
0
0
512
0
0
0
0
0
9
0
63
16383
7
2047
0
1
0
0
0
3
0
256
258
4
32
1
65535
0
0
15
7
2
2047
8
16
0
16
0
0
4
0
16
1
0
0
0
0
0
1
1
0
0
63
0
0
63
3
4
0
0
0
32
511
0
1
32
0
0
0
0
0
255
0
0
5
0
0
0
32
0
1
1
64
21097
0
40
0
84
4
0
0
2047
4
1
0
512
0
16383
0
15
0
31
64
0
4
16383
65535
0
15
1023
15
15
0
0
0
0
31
0
0
0
64
0
0
128
1
63
0
16
255
0
63
1
0
0
0
1023
0
1023
32
3
0
1
15
7
0
0
31
0
0
41
255
0
3
3
1
2
0
3
4095
31
0
0
3
0
0
8191
4
7
0
0
0
8191
1
0
0
8
31
524287
4
7
3
0
0
0
0
3
0
0
0
3
0
0
0
63
625
0
0
1
1
0
1
60
0
7
0
0
0
0
0
1
7
0
0
0
0
0
0
511
0
8
4095
2
1024
0
0
127
0
0
1
0
256
65535
7
0
1
0
15
0
0
63
128
256
2
0
0
31
8
15
2
0
2
32
64
0
0
1
15
0
0
0
0
0
0
511
3
0
0
7
1
0
65535
0
256
1
8191
0
24
0
4
1
0
8
0
1
0
0
0
512
8
0
1
1
17408
2047
0
31
32
1
0
0
4095
0
1
63
0
255
63
0
63
0
0
1
3
0
0
1
3
32
0
0
1
1
3
1
3
0
0
31
520
127
0
15
128
0
8
2
127
0
255
1
0
0
4
0
4095
15
0
2
1
1
0
8
1
0
1
8
0
1
7
0
0
2
0
0
0
4
164
15
3
3
1
4
8191
36
0
0
2
7
0
0
511
0
255
32
0
8192
1
514
0
0
1
7
3
15
0
0
4
2047
0
0
2047
31
0
3
1
4
0
1
0
2
0
63
0
0
2047
4
127
16
0
4
3
0
15
15
32
0
1
0
0
512
0
32
0
31
0
1
1
31
2
255
15
0
0
0
16
0
0
0
0
1
3
0
0
8
1
31
1
127
2
15
1
0
1
0
0
1
31
7
0
3
0
31
3
0
0
0
1
0
0
0
7
6
1023
7
0
0
255
3
0
15
15
511
15
255
0
0
2047
31
0
0
15
1
0
1
1
0
3
3
0
0
2
2
0
1
1
0
0
127
0
0
0
0
0
136
8
1
31
1
0
63
2047
15
1
1
0
0
3
0
32
0
2047
0
4
63
0
0
255
0
31
63
0
16
0
0
7
1
0
0
1
83
0
0
0
0
0
1
0
3
0
4
0
255
63
0
0
0
0
0
2047
1
0
7
0
0
31
8191
3
1
8
1
0
2
32767
3
0
0
0
16
1
2
31
1
0
0
0
31
63
1
16
3
0
0
2
255
0
0
0
0
0
0
2320
0
0
7
15
63
1
511
15
0
63
4
511
0
0
0
1
4
0
0
0
0
0
1
31
0
0
0
8
0
0
0
0
3
0
16
0
2
7
0
8
2
224
0
0
8191
0
0
0
0
0
1
0
0
0
1
2
4
1
0
0
0
0
7
6
0
0
1
0
511
0
0
1023
4
31
1
1
0
0
1
0
511
0
0
0
1
0
0
1
7
0
1
15
2
2
0
1
4096
8
0
1
1
0
1
3
4
1
8191
0
0
0
1
524287
3
8191
0
1
208
8191
0
0
0
16383
0
0
0
1
7
1
0
65535
127
0
1
0
7
1023
8
0
1
2047
32
0
15
0
15
15
0
34
0
0
0
63
65535
2
15
0
0
0
17
0
5130
7
64
0
0
25
1
0
91
64
0
127
7
0
2
0
256
0
127
0
0
2
1
0
7
0
0
0
3
4096
204
0
1
0
0
128
511
1
0
0
1
0
0
3
3
0
1023
52
127
0
0
0
15
7
0
8
4098
63
4
0
3
1
1
0
0
0
288
1024
7
63
0
0
0
0
0
7
0
1
255
0
0
0
4
5
0
255
31
0
0
0
0
2047
1
255
0
0
1
0
0
64
0
0
4
4
0
16968
15
0
4
0
16
3
1023
15
1
3
3
2
1
0
0
32767
0
0
671
0
0
0
1
8
0
0
0
1
4
0
0
7
3
0
15
15
255
1
2
2
262143
2
34
1
0
7
1
0
0
0
0
255
0
0
255
1
0
8
0
16384
0
1
128
32768
0
256
31
1
0
1
0
3
127
0
127
0
0
63
0
0
1
4
2
15
8
0
0
0
0
0
0
0
23
15
2
2
1
8191
127
2
1
1
0
0
0
0
1
0
1
0
1023
0
8
1
8
1
0
0
0
1
0
16
0
0
4352
0
64
16
0
1
0
640
0
0
0
2
0
3
5
31
1
0
1
0
0
0
64
0
7
5
3
1
1
0
0
136
128
0
4
0
1
136
7
8191
7
0
16
3
1
256
2047
64
15
0
0
1
0
8
2
0
0
16
0
0
256
0
0
1
2
1
2
8
0
2
0
7
0
1
0
0
127
0
34564
0
128
0
1
15
0
0
0
0
0
8191
0
0
3
0
0
0
0
0
0
2
18
0
0
0
0
7
0
31
0
0
0
0
1023
7
0
0
63
0
128
0
3
511
1
0
0
0
0
256
0
16384
2
0
0
4
0
0
0
1
0
0
15
0
0
0
4
0
31
0
1
0
15
0
15
0
4095
31
8
34856
1
1
4
0
1
4626
0
4
8
1
0
16
127
80
1
5
0
128
8
0
0
3
0
2
15
0
0
0
256
0
0
511
1
0
0
127
0
0
0
0
0
255
31
3
7
1
0
1
511
3
32
255
1
0
3
63
255
63
255
0
0
0
0
0
0
4
0
0
0
1
1
2047
31
8
0
3
32767
0
0
1
4
0
4
15
0
0
31
2
64
15
127
0
1
7
2
0
4
8
2
0
8
0
0
7
0
15
7
1023
0
15
272
0
32
0
0
0
1
0
0
0
255
2
2047
0
0
0
0
1
0
31
1
0
0
0
1
0
2
0
0
0
0
0
15
2047
512
0
0
4
0
0
0
2047
64
3
0
3
0
4
2
0
127
0
0
0
0
1
2
0
128
3
255
0
1
1
1
0
32767
0
0
1
5
0
8
0
8
8
255
0
0
0
152898
0
3
0
0
0
65535
15
7
0
7
1
0
1
0
0
3
2
0
1
0
32767
0
4095
1
2
2
31
2
31
0
0
0
2
2
7
0
31
2
1
1
0
1
81
0
3
0
2
4
1
0
0
2
0
15
8
3
0
0
0
8
1
1
0
1
7
0
1
7
7
0
0
15
1
3
3
0
0
0
0
8192
2
1
1
63
0
31
255
2
31
1
0
0
32
8
1
127
0
63
0
8
24
0
7
0
0
8
0
127
0
32
1
512
1
0
256
16383
0
16383
1
1
0
1
1
2
3
0
31
512
0
16383
1
0
1
1
8
32767
0
0
63
0
0
5
3
131071
0
0
4
32767
1
255
15
511
1
511
15
1
0
1
0
31
0
0
16
0
0
127
31
1023
0
4
3
1
0
3
0
3
0
0
0
255
27
0
2048
1
0
1
1
1
4095
0
1
0
0
511
0
0
0
0
64
0
31
4095
1
2
1
8257
255
7
1
1
0
3
4
64
16383
0
3
63
7
1
40
4095
0
1
3
63
32
0
0
4
1
0
5
512
0
1
0
0
0
0
2
1
0
0
0
1
0
0
255
0
31
0
64
63
0
31
0
31
0
0
127
7
132
255
0
127
0
0
0
2047
0
1
1
0
0
2
63
0
1
0
63
0
2
1
1
0
31
0
0
0
1
255
0
0
0
15
0
31
7
0
0
0
511
0
1
0
2
0
1
0
0
3
0
0
0
0
16383
4
0
7
63
524287
1
255
0
0
0
255
1
511
1
0
2
1
4
3
0
28
0
1
1023
1
0
127
4
0
1
0
3
7
2047
0
2
1
0
0
8
0
0
1
255
32
0
3
31
0
7
0
8
3
0
1
1023
63
0
0
0
0
16
0
2048
2
0
0
0
0
255
128
511
0
15
3
0
0
0
256
4
0
0
2
0
3
2
1
0
0
0
36
512
1
2
2
511
1
255
4
0
2048
0
511
0
1
32767
3
0
0
0
31
0
0
0
0
127
0
64
1
0
0
1
0
7
0
4
0
16383
255
8
0
8
8
15
1
32
0
0
8
0
0
16
0
0
3
0
7
1
511
0
1
128
2
3
2
511
0
3
0
7
1
0
0
4
1
0
2
0
0
1
0
0
0
512
42808
63
0
8
0
4
0
8
0
16
0
0
0
15
0
4095
0
0
16
0
2
18
7
0
0
1024
0
1
0
0
32
0
0
1
16
1
0
271
0
7
4
3
0
4
0
4
0
0
1
0
0
3932
0
0
8
1
1
15
127
7
0
15
0
0
1
1
0
0
0
2
0
0
511
255
0
511
0
0
1
0
0
1152
2
1023
255
511
0
16383
48
0
3
7
15
0
1
1
1
1
1
7
0
8328
0
65535
0
15
0
1
7
3072
0
0
4
7
0
127
255
4
0
8
15
3
0
262144
1
1
129
0
0
0
1
0
1
63
0
32
0
15
127
127
128
63
0
1
15
0
0
15
0
15
1024
1
1
7
0
7
15
0
8
8191
32
0
0
1024
31
1023
0
63
0
0
63
1
0
4095
16
7
31
4095
3
0
0
2048
31
0
1
1023
511
0
0
2
0
15
15
0
2084
0
2
65535
1
2
0
7
2
16
15
257
0
0
0
7
1
0
255
0
512
1
19
31
0
256
2047
1
0
0
0
1
0
15
0
1
3
4
6
31
4
0
580
0
3
0
63
7
0
8
1
1
0
0
15
63
31
0
1
3
7
15
107
3
127
31
0
0
2
127
4
32
0
128
0
0
0
0
0
0
2
8
1
1
16
0
0
0
0
384
3
3
0
63
8
0
512
0
1
1
0
0
0
0
170
0
7
0
8
0
0
511
7
1
1
1
0
1
0
1
4
8704
0
1
2
0
0
1
0
1
0
16
0
0
0
2
15
2047
2
2
0
0
0
255
1
3
0
0
0
0
1
8191
512
3
1
7
7
0
3
0
2047
16
0
15
0
16
0
4095
0
0
0
0
0
31
0
0
0
1
960
2
7
127
0
0
0
0
1023
0
3
3
0
0
0
8
0
127
0
1
63
1
16383
0
1
0
3
1
1
1
1
0
1
1
269072
0
511
0
252
31
0
255
0
0
4
0
0
0
0
3
524287
1
0
64
1
2
2
7
0
0
1
1
0
7
2
0
127
0
1
0
1
1024
0
8
6
1
1
1
4
0
0
8
1
0
31
0
0
2
1
15
2
1
1
0
0
0
0
4095
0
0
4
63
3
4
31
1
0
0
2
3
0
0
18
63
131071
1
256
0
0
0
4
8
448
0
0
63
0
1
4095
7
0
0
31
32767
0
1
15
0
0
3
0
1
255
0
1023
255
0
0
0
0
2
0
127
3
0
2
0
7
0
1
256
0
1104
2
15
0
1
1
1
63
2
0
0
50
2
3
1
31
1
0
0
0
0
0
16383
0
128
255
0
31
8
3
0
1
0
0
255
0
16
1
0
2
16
4174
0
32767
511
255
0
255
2
1
32
3
5
127
63
0
1
16383
0
0
0
1
16
15
0
2
0
0
1
0
7
4624
1
7
7
0
1
128
15
0
0
4
2146
0
0
1
0
0
1
0
0
0
0
1023
2
2
1
1
0
15
0
31
8
1
15
15
0
3
0
127
4095
0
0
3
0
0
1
0
1
3
8191
0
63
7
0
8
4
0
0
0
1
0
2
0
16
10
15
0
1
0
2
0
0
0
7
31
0
0
0
0
0
0
511
1
1
0
0
3
0
0
3
2
0
1
0
0
0
0
3
0
0
0
0
1160
1
1
4
0
2
0
0
0
63
1
1
127
31
63
0
0
0
0
0
1
255
15
8
0
7
0
31
15
4
328
19495
0
24
299552
0
64
3
0
63
0
3
32767
16383
1
0
0
0
1
0
2
0
15
4
0
15
0
7
0
0
0
0
32
0
0
1
63
0
0
0
1
4096
0
0
1
3
0
1023
3
0
1
63
15
3
462
4
63
2
1
7
0
0
0
127
7
32767
127
0
0
0
1023
0
131071
255
0
0
1
0
1
0
0
139
0
7
7
1
0
1023
131071
7
0
7
15
0
0
1
1
1
0
3
4
1
32
1
4
4095
0
0
8
15
0
8
4
0
31
15
40
7
3
0
1
127
0
0
0
127
0
522
8
2
0
0
4
0
0
7
1
1024
1
1
0
0
3
0
0
31
31
4
8191
63
4
15
0
0
0
0
8
1
1
128
8
64
1
1
524287
2
0
512
1023
0
0
64
0
0
127
4
0
0
4
3
2047
31
1
1
0
31
84
0
956
0
3
128
1023
255
63
0
0
0
4
1
2047
2
0
0
7
3
0
0
0
0
0
0
1
2
31
0
2
0
2
10
0
3
0
0
127
24
609
1
4
4
4096
127
0
0
3
65
0
159
64
127
0
544
0
8191
0
2
4
31
0
0
0
255
2
0
0
0
2
8
0
2047
4
31
0
3
4
0
31
4
0
63
0
0
521
1
255
0
1
4
0
0
1
64
8
0
0
1023
0
0
0
2
15
16
2
32
0
4096
32767
511
0
0
2
2
0
1
1
0
15
1
3
0
4095
1023
0
1
1
511
2047
0
0
0
255
16384
0
3
0
1
0
0
65535
0
0
2
1
0
128
0
0
16
0
1
0
0
0
0
3
5202
0
0
1
127
1
0
0
2
0
63
63
4
0
3
0
0
0
1
1
0
0
2047
2
1
0
1
4
0
3179
3
1
0
1
0
4
0
32
0
0
0
0
7
4095
1
1
32
255
1
63
0
1
0
17
0
0
1023
256
0
0
0
0
16
2
0
1
0
0
1
130
0
0
0
1
31
0
3
0
0
0
0
8
3
0
0
255
0
512
0
0
0
0
0
0
0
0
0
0
0
0
0
0
0
0
1
16
131071
0
7
15
0
0
7
0
20
2
144
7
2
0
0
2
1
0
2
0
0
0
0
0
0
0
0
0
16383
0
0
127
5
0
1
0
0
0
1024
0
64
0
0
0
0
15
1284
0
0
0
0
0
65605
0
1
0
511
40
31
1
0
0
4095
32
0
0
0
4095
262143
7
32
1
4095
0
0
127
0
0
0
1
0
96587
0
0
2
0
0
0
1
1
3
0
0
8
0
255
256
64
0
1
0
1
32767
15
0
0
163904
2
512
0
4
0
0
2
0
0
7
1
0
8191
0
8191
0
0
1
2
0
1
0
31
255
0
0
1
1
64
1
2
2048
1
1024
4
0
0
0
0
0
0
0
8191
0
0
0
1068
2
15
1
0
0
255
0
1
1
0
256
31
0
0
2
0
3
0
127
1
0
1
0
0
0
0
255
0
32
8
0
127
3
1
1
3
32
255
0
0
0
0
0
0
514
1024
0
0
3
256
0
3
1
4096
3
0
0
0
63
1
255
9
31
0
0
0
1
0
1
5
256
0
0
4
1
2047
0
0
1
0
0
16
1
0
1
7
3
1
1
4096
0
0
0
0
1
0
4
2584
3
0
8191
15
1
0
256
0
0
18
0
0
64
0
2
0
3
4
4
0
3
1
0
32
0
0
16
0
0
1
2
0
15
0
8
0
42
2
4095
256
4
255
4095
0
0
511
1
0
0
0
255
0
0
0
8
8
0
0
14
64
16
24
0
63
1
0
0
1
0
0
0
4
2047
0
0
0
0
0
4
8191
16
0
0
65535
2
0
0
1
0
16
0
0
1
1
3
1023
23
31
1
4095
4
7
0
0
0
35
2
1
1
0
0
0
0
0
0
0
256
1
4
0
0
1
0
0
15
0
0
4095
0
63
8191
128
32
15
0
0
1
160
31
0
1
1
63
128
8
0
1
0
72
1
0
0
2
0
15
0
16
255
1
255
0
0
0
0
7
0
0
0
0
2
1
1
0
7
0
3
0
0
0
0
255
127
7
16
16383
0
0
0
255
127
7
7
4
0
0
1024
1
8
32
0
2
4
131071
0
0
0
2
1
0
0
1
0
0
3
7
256
17324
4
0
0
0
0
0
0
32
16
0
1
1
0
131071
3
0
4
1
0
0
31
0
0
0
0
0
0
0
0
704
0
4
2
127
0
255
7
1
0
7199
2
3
0
31
9
16
4
63
31
2
3
0
65535
3
511
511
0
0
1
4
63
31
8
0
63
0
0
1
2
0
0
0
4095
2
1
1
0
256
8
0
8
3
8191
0
0
0
1
0
0
0
255
0
0
63
7
0
16383
0
4
15
0
16
4095
0
0
1
25152
0
4
0
4
2
0
0
0
511
2047
4
1
4131
4
1023
63
0
0
1
0
0
4
3
55
8
0
77
127
0
0
1
0
511
65535
0
0
1
0
1
0
15
0
0
0
1
1
4
2
127
2
1
7
63
511
0
0
0
0
2
16384
0
1
0
34
0
0
255
1
2
1
0
15
1
0
0
0
0
2
15
3
255
0
1
1
8
0
3
0
1
255
0
0
0
0
0
1
1
63
0
0
65535
0
0
0
262143
0
0
0
0
0
1
3
8
0
3
0
0
7
0
0
31
0
0
1
8
2
14
0
0
2
4095
8
15
0
0
1
511
0
1023
0
1023
2
16
7
2
1
0
0
4
1
0
16
0
31
0
0
4
0
0
32
0
63
2
0
1
2
0
0
1
32
4
0
1
7
511
511
0
1
0
0
0
15
1
1
1
0
0
0
511
0
63
0
0
0
0
0
15
4
511
0
0
0
0
3
255
0
2048
0
0
0
0
127
0
0
3
63
1
31
1
0
7
1
7
66112
0
7
0
1
1
65535
1
7
0
1
2047
0
0
1
2
1
0
4
0
0
0
0
1
63
1
2
1
0
64
7
2
0
16383
0
7
0
131328
0
0
0
0
0
2
0
0
0
0
145
2
15
7
32
0
0
28
127
255
0
3
0
0
0
0
2
15
127
63
128
3
7
3
0
0
7
8
1152
32768
0
0
0
1
63
0
0
0
1
63
0
0
127
0
7
2
0
8
1
31
0
0
0
8191
0
0
1
7
0
1
0
16
4
0
0
11
0
0
2
0
7
2
127
0
0
0
0
0
3
0
5
0
1
0
3883
4095
8191
0
255
0
0
0
1
7
1
64
0
0
0
15
0
1
0
0
1
32767
385
8
4
0
4
1
8
1023
4
7
511
0
2
0
0
15
16384
2047
0
32
2
0
0
0
0
0
0
0
2
7
0
0
0
1
7
0
8
0
16
0
3
0
7
0
0
8
2
0
0
15
128
31
15
0
4095
3
4
1024
125
1
511
4095
0
4096
0
3
0
0
15
2
0
0
14
3
0
0
0
0
0
16
255
80
0
127
1023
1
16383
42
0
0
0
255
1
2
63
4095
255
1
2
0
1023
0
0
0
0
2
255
511
0
16
2047
127
63
65535
0
256
0
0
1
511
0
3
7
1
0
0
8
0
15
224
16384
8
0
0
2
1
1023
16383
0
8
0
0
3
0
8
4095
3
0
1
2
64
0
0
128
1
0
0
0
1
7
0
1
1
2177
0
2
0
0
1
0
1023
15
0
0
0
0
0
0
7
1
0
0
0
15
0
0
4368
9232
3
0
1
0
0
1
0
1
0
127
8191
2
4
0
0
1
0
0
4416
0
0
640
0
32
127
0
0
4
8
0
31
16383
4095
2
1
4095
0
0
2
0
256
1
7
0
1
7
0
0
0
1
1
0
0
0
7
0
1
0
0
4
0
15
1
0
1
16
0
3
32
0
1
511
15
2
2
8256
0
0
4
2
0
0
0
7
0
128
0
0
7
0
16
0
0
32767
3
1
4
31
255
0
3
0
1
31
7
0
0
0
32767
128
16
0
15
0
31
3
0
0
0
31
3
1
0
63
255
0
0
0
1024
0
0
256
2
2
512
31
0
9
0
0
1
1
1
0
0
1
0
7
1023
6
1
32767
0
512
0
2
0
7
4
0
1
1
7
1
792
32
0
0
31
1
1
1
1
0
31
1
3
0
3
4095
0
0
31
0
1
12
32
1
16
1
0
6
4
128
0
0
0
0
0
0
0
3
96
0
5
32768
2
0
0
0
0
0
0
7
0
0
127
3
0
15
129
1
0
1
1
0
0
0
0
2047
0
63
0
0
0
0
63
15
4
1
1
0
0
3
64
127
7
0
3
4095
511
0
7
8
0
1
3
0
0
128
0
0
0
8
0
1023
0
1
1
3
1
1
2
5
0
32
3
0
2
3
0
4352
65535
7
0
64
0
32
0
15
0
1
7
0
2047
0
4
4095
0
1
0
127
2
511
511
8
0
127
0
7
0
16
4
0
16
511
1
0
0
25
1
31
1
0
1
3
48
511
0
3
0
0
16383
16
0
0
0
16383
3
7
1
1
16383
7
0
1
0
0
0
8
15
128
0
0
1
0
1
1
3
3
63
4
0
1
3
0
0
1
4
511
1
16
2
0
0
1
1
0
0
0
0
0
7
64
7
0
1
4
7
1
16383
0
0
31
7
0
17
1
1
0
0
4095
15
63
31
0
1
127
0
0
63
0
4
0
1
4
7
0
3
0
8
3
1
0
0
1
8
16
255
8
3
0
10
63
3
1
128
0
2
0
0
7
31
0
2
4
7
106956
0
40960
0
0
0
0
0
127
4
0
0
512
511
1
0
0
63
72
0
0
3
1
0
0
1
0
0
18
2
256
64
65535
0
1
31
256
1
0
1
511
3
0
1
0
512
64
60434
0
0
0
127
0
1
0
3
0
0
508
0
0
0
7
31
3
1
2048
3
776
0
4
0
0
3
0
63
0
1
31
63
0
0
1
1
32767
255
0
0
3
0
1
2047
1
0
0
1
1023
63
3
7
0
255
2
0
0
2048
4095
0
0
3
0
15
0
512
0
0
0
1
0
0
15
0
0
0
32
0
0
0
1
8
0
7
0
2
0
1
63
0
65535
0
0
0
0
16
7
4
1
63
0
0
0
4095
0
1
1
63
0
1
31
2
2
0
0
13661
33028
1
1
0
7141
0
511
63
1
2
1
15
1
1
0
0
1
3
127
255
0
1
0
0
1023
0
1
1
64
0
0
0
15
0
1
0
255
0
0
2048
0
49
0
0
0
1
0
32
0
0
127
0
64
0
0
1
0
127
0
0
0
0
0
1023
128
11
1
0
0
7
0
0
8191
32
0
0
8
1
128
1
127
1
0
0
15
7
0
511
1
0
0
1
2
1
1
0
0
3
0
262143
1
1
0
127
0
0
0
1
16
63
1
2
127
0
1023
3
0
0
0
0
0
1
1
511
127
0
7
3
0
0
8
7
0
0
511
0
0
0
0
0
0
0
1
0
136
1
1
7
1
0
0
4095
131071
0
0
0
15
256
0
1
0
3
0
1
0
0
0
2
1
7
0
34
0
3
63
511
0
0
1
1
0
3
2152
32767
1023
32
511
0
63
3
0
0
1
0
1
0
1023
16
7
14
1
0
1
1
0
31
3
0
1
3
0
2
18
0
0
0
0
0
0
0
128
127
0
3
2
0
8
255
4
255
3
0
0
0
255
31
1
0
2
0
0
1
512
0
0
1
7
0
7
511
0
2
6
63
2
15
0
0
0
8
0
1
0
0
0
4
1
0
4
0
15
4095
0
0
0
0
0
576
31
32
1
0
0
0
3
524287
2
0
0
0
4
16
0
0
1023
0
0
0
0
3
0
0
0
0
1
2
1
0
0
0
1
1026
7
0
0
256
3
0
0
0
4095
1
31
0
0
15
1
0
0
128
32
0
1
0
0
2
0
4096
0
0
255
0
8
0
0
255
0
2
0
0
0
0
0
69
864
1
65535
0
0
7
0
3
13
0
0
0
511
0
0
31
0
0
15
7
63
4
1
3
0
0
0
0
4095
0
2
32
63
1
0
1
0
64
0
2
4
4
0
8192
0
2
0
0
0
164
2
0
128
0
0
1
136
0
127
7
0
1
31
65536
31
0
1
31
1
1
3
0
1
1
0
0
0
0
31
4095
15
1
0
0
4
255
255
0
4095
0
0
7
0
0
127
31
0
15
511
0
0
0
0
2
0
2
0
0
8191
1
1
34
0
0
15
0
1
1
0
0
0
27
15
7
511
20480
8224
16417
8191
0
0
0
1
16383
0
1
3
2
7
127
0
1
4
0
0
1
0
31
4096
0
0
0
1023
512
0
63
1
32
2
0
0
0
0
0
8
12
3
0
15
511
15
1
2
0
63
0
2047
0
0
8191
0
255
0
0
4
63
3
0
131071
1
0
1
16
0
0
0
256
0
1
0
8191
0
262143
1
0
0
7
255
0
3735
4095
0
0
1023
8
1
0
0
15
2
1
0
31
0
0
7
1
0
1
0
0
3
31
0
0
7
1
0
4
0
0
0
0
2
7
0
0
0
0
3
2
32
3
0
2
2
15
3
0
0
1
1
0
0
1
7
0
4
0
15
0
0
0
0
0
0
1
0
1
6
8
3
0
3
4
16384
0
0
127
1023
2047
8
1
1023
7
1
0
4
4
0
3
31
32
0
1
0
255
0
0
31
0
0
1
2
1
0
31
1
7
7
0
0
256
2047
1
0
0
0
3
16
0
0
0
16383
0
7
0
0
0
0
2
4
0
31
4
1
1
0
1
32
2052
7
0
0
0
33
1
32767
6
255
256
64
0
1
127
0
0
256
1
0
0
4096
1023
0
0
3
0
0
1
512
1
0
12712
8
1023
0
3
0
1
0
0
0
0
127
0
0
3
1
0
0
0
2
8191
0
1
16
255
0
2
0
0
0
0
31
7
127
3
1
0
0
3
0
8
18
0
54
0
1
1
2048
224
0
4
4
0
8
1
0
15
0
512
1
3
255
0
0
0
0
0
0
16
0
0
0
0
0
2
255
0
0
0
2
0
0
255
0
0
0
7
31
0
63
0
7
127
0
0
0
0
32
1
3
2
0
7
0
0
0
0
0
1023
0
0
0
63
512
255
511
0
0
0
1
8
1
0
7
8191
1
0
0
0
0
1
8
0
31
3
0
0
1
63
0
0
1026
0
0
0
0
1
0
0
0
0
0
1
0
0
32
16
0
511
127
0
127
512
7
255
1
0
2047
0
0
0
0
2
0
63
16
127
1
0
1
8
1
32767
1
0
0
31
1
15
1
8
0
255
0
15
4
0
1
2
0
64
0
0
2
1
511
3
7
0
511
1
0
0
22
1
1
0
0
7
0
2
15
15
0
0
6
0
7
0
1
0
1
0
16
0
0
0
8
63
0
0
0
3
0
511
8191
0
2560
8
0
0
0
0
8
2
0
0
63
255
2
7
0
7
0
15
0
8
8
1
0
0
0
776
2
1
0
0
0
1
0
32768
10753
1
255
15
0
7
0
0
0
1
127
1
31
0
0
31
64
1
257
4
31
139922
511
0
31
0
1
0
0
4095
0
0
63
1
7
31
0
4
0
55410
7
15
15
1
1
4
1
15
0
32767
2
0
511
15
511
0
16
0
0
255
0
0
7
0
1
0
0
15
63
15
0
0
3
0
1
15
0
1
0
3
0
63
0
0
4
0
0
0
0
3
0
0
1
97
0
256
0
15
0
255
511
255
2048
0
256
127
0
0
3
0
2
16
0
0
36
4
0
0
255
511
0
0
1
0
674
0
1023
4
0
8
0
0
0
16400
63
1
0
32
0
0
0
0
255
0
2
64
4
1
63
7
0
0
63
0
1
1
0
23
2
3
0
0
0
0
2
3
15
0
2
4
7
1
0
63
0
31
15
131071
0
0
2
8
0
2
0
1
0
0
0
1
0
6147
0
36
0
0
1074
63
32
0
0
0
0
15
2
0
0
1
63
1
127
1
3
63
4
4
0
1023
0
0
0
1
0
0
1
0
30
511
4
0
127
0
1
1
1
63
1
15
255
0
0
15
511
0
1023
2
3
15
0
0
0
511
0
0
64
0
0
0
255
0
0
4
0
3
2
0
1
32
0
1
0
1
0
0
1505
1
0
2
1
1
0
15
0
0
0
0
63
0
1
54253
0
0
63
0
32
0
9
1
0
31
0
0
63
3
0
1024
0
1
0
1
0
0
4095
1
0
7
128
127
1
0
3
127
0
7
31
511
2047
1
127
4
7
64
0
0
10
3
15
1
40
0
0
0
0
2
15
15
0
127
1
65
0
127
0
127
31
1
15
0
3
128
1
0
2
511
0
0
0
7
1
0
0
0
7
0
0
1
1
0
0
16
0
1
0
1
16
35
0
256
1
1
3
31
74
0
0
288
0
0
0
3
1
0
15
8
0
0
0
0
3
1
3
0
528
1
0
1
7
128
0
1
0
0
0
3
1
0
0
1
1
1
1
0
2
0
3
32
0
1
2
1
0
0
1
8
0
4
0
0
0
0
0
1
0
0
3
0
1
2048
31
1
63
4
0
0
0
1
15
2
1
15
0
15
16
1
127
0
3
0
0
16
3
1
0
0
2
2
1
10788
2
15
0
256
3
2047
0
0
64
1
7
7
2
1
4095
0
0
0
1
255
0
0
3
16
0
0
0
2
1
511
0
0
3
3
0
31
0
1
2047
3
32
32767
3
31
3
0
0
1
16
0
0
1
64
16383
0
0
0
3
4
3
31
0
0
0
0
0
127
0
3
0
0
4
0
2047
2
0
1
4
1023
0
1
7
0
0
0
0
0
1
16
4
127
2
127
0
4
0
1
64
2048
0
7
63
1
15
4
0
0
63
1
1
8
0
3
0
2
15
2
0
15
0
0
3
4
0
3
16
8
1
0
0
1
0
64
0
1
0
31
7
15
31
1
8
1
0
15
8
0
0
0
0
32767
0
0
31
7
1
0
0
0
0
2
1
2047
1
1
1
32768
0
0
0
3
140
3
0
0
1
0
0
8192
3
0
0
1024
0
0
1
0
16
0
1023
1
1
3
255
31
3
0
0
0
2
0
0
3
6
511
0
0
64
35360
1
278
2047
0
0
0
0
1023
0
0
1
1
0
31
63
2
0
2
7
0
0
4
15
1023
0
0
4
2
15
0
15
0
131071
0
0
0
1
0
0
262143
127
0
32
511
131071
1
32
1
65
0
0
0
63
2
3077
63
1
2
1
0
0
31
0
15
0
0
0
0
0
0
32
0
1
0
0
0
1
228
0
1
0
0
0
0
0
2
0
0
4
7
0
1023
0
0
15
7
0
31
0
4
516
31
20
511
7
0
19104
63
0
0
2
0
0
0
0
255
1
4095
1
0
4
64
1
0
1
1
7
1
63
32
0
3
1
0
0
0
0
32
1023
0
1
33
0
0
0
0
0
0
0
31
1
1
0
0
0
255
0
0
2
0
0
3
255
0
1
4
1
0
63
264
131071
0
0
0
0
15
511
4
0
1
0
0
0
0
0
7
1
32
3
1026
0
0
1
5
0
2048
0
0
6
1
0
0
1
128
0
0
0
129
0
1
1
128
3
1023
1
127
2056
3
2
32767
1
0
1
0
0
149
0
0
0
0
0
0
3
0
391
1
0
2
0
0
262143
7
1
0
0
0
0
16
2
0
0
31
0
0
0
3377
0
0
1
7
3
1
0
7
64
0
0
1
15
0
0
0
1
8
127
0
1
0
2
0
1
8
8
2047
0
7
0
32
511
0
511
0
1
1
1
8
0
0
0
1
0
576
0
0
7
15
16
0
0
0
2048
0
0
0
0
1
32
0
1
0
7
131071
1
0
63
8
7
1023
1
1
0
8191
31
255
255
0
15
31
1
0
0
2
0
64
1
0
0
0
0
3
0
0
31
15
0
15
1
0
127
1
1
15
1
1
127
32
0
1
0
0
0
127
4
511
4
1024
0
3
1
0
3
0
31
36
4
0
0
0
8
1
1
0
511
2
0
0
0
255
0
0
0
0
0
0
0
0
16383
511
0
0
0
7
0
7
511
0
31
63
1
0
0
96
0
0
0
3
0
16
63
1580
0
131071
7
63
1
0
0
63
0
0
255
255
32
0
0
0
2
12
0
7
1
3
0
0
1023
2
0
0
15
0
63
0
128
31
31
0
4
1
0
15
256
0
0
2
31
0
1
1
0
255
15
63
0
0
0
0
0
0
0
1
0
0
0
1
7
0
0
1
0
0
1
0
0
15
0
31
15
1
0
0
2
0
512
127
1
0
0
2048
255
31
4
1
0
0
0
0
31
0
0
63
1
127
1
0
0
12
1
0
0
256
8
0
7
7
0
0
1
0
1
0
0
0
0
64
17
255
3
4
1
0
0
127
0
0
7
8
15
255
0
8191
4095
63
0
0
0
0
3
8
0
1
0
0
31
127
1
3
7
0
0
63
0
0
0
63
0
8191
15
1
0
15
0
32
50
400
4
0
63
1023
2
0
7
0
0
0
127
1
1
8
1
0
0
0
128
2
32767
65535
0
1
0
3
4095
7
3
1
2047
31
0
0
0
8093
8
2
255
0
1
0
1
0
1
19
8
0
1
0
0
0
0
276
15
127
1
0
1
15
3
0
0
4095
31
118
512
512
4
0
1
0
0
1
0
31
1
0
16
0
0
0
0
63
0
6654
1
0
0
0
0
0
0
8
255
0
4
0
7
127
0
4095
0
8
0
4095
1
31
1023
0
63
0
0
1
0
3
1
1024
3
0
0
0
1
32
0
15
0
2
7
3
3
0
0
0
1
0
16383
127
8
3
7
0
3
0
0
0
0
2
0
0
63
1
0
0
0
1
0
0
0
8
0
0
0
1
0
7
511
0
4
15
63
1
0
3
0
0
0
0
3
0
31
0
0
8191
0
511
6
127
3
0
0
3
1024
1
0
960
1
0
0
1
0
16
0
1
4
4
0
7
1
2
1
0
15
0
15
64
16
1
0
0
524287
0
127
2
0
0
2
1
3
0
3
0
16
1
1024
10
7
1
2
0
0
4
6
0
0
1032
511
1
0
7
4095
0
16
1
31
0
0
16
1023
1
1
7
0
8
15
64
4
7
2
0
1248
8191
0
0
3
3
0
0
2
2
7
7
0
4096
0
0
2
32767
1
15
4
1
0
1
0
0
127
511
63
4
0
1
127
0
0
0
127
7
1
0
0
7
1
511
4
1
0
0
0
0
256
16
2047
42260
0
1
0
128
128
0
3
4095
1
2
0
1
1
1
1
7
0
7
3
0
127
0
31
511
0
10
64
0
0
0
2
3
32
0
0
0
8
0
0
1
289
0
1
63
0
128
0
3
26462
0
32
0
1
0
0
1
0
0
0
0
0
0
0
4095
16383
0
3
15
15
0
3
261
2047
1
127
63
0
63
31
7
0
255
15
1
1
31
0
0
0
2
0
127
7
511
0
15
3
15
160
3
64
127
2
0
4
0
1
268
3
0
0
16383
3
0
0
0
8192
0
16
0
3
0
1
3
1200
0
1
1
0
0
1
1032
64
7
7
1
7
0
1
0
0
0
2
3
1
0
131071
0
0
0
32
7
4095
4095
0
0
0
0
1023
1
0
0
0
1
15
0
4095
1023
0
0
16383
0
1
0
3
0
0
0
0
0
1
0
3
127
816
1
4
0
0
0
0
0
0
0
63
4
0
7
0
0
1
511
0
1024
0
1
0
0
1
0
0
32
16
0
32768
32
0
31
0
0
0
0
0
0
255
0
0
364157
1
1
2
32
0
0
1032
0
64
0
1
1
256
63
0
512
0
0
63
31
255
7
16
1
0
0
4
2
1
1
0
63
0
16
1
0
4
512
11
0
7
8191
0
4095
0
0
1
0
31
3
0
1
1
0
0
0
256
0
0
0
0
15
2
0
0
0
1
1
128
4096
24
0
0
0
0
4
0
0
0
0
0
0
255
511
0
1023
15
2
0
2
0
255
32767
1
7
0
7
4
8
8
1281
2
0
0
2
15
1023
2
1
0
1
0
0
0
0
0
7
0
8191
0
0
0
0
0
0
0
0
0
63
0
0
7
7
0
0
0
8
0
1
0
2
8
0
1
0
1
1
0
32768
63
3
15
2047
4095
14336
0
16
31
1
0
3
7
1
1023
0
0
31
32767
0
0
0
0
0
0
1
0
0
15
0
0
0
63
0
1
0
0
0
1
4
127
7
0
1
0
0
7
0
3
0
7
7
1
16383
0
8192
3
0
0
7
0
0
0
7
0
0
2048
1
12432
256
0
1
0
0
0
0
0
0
4095
1
1
2048
0
0
98305
0
328
0
63
0
0
2047
8
0
1
2
14780
3
0
2047
4
16
0
0
256
0
0
0
0
1023
1
7
127
255
0
0
8
0
1025
0
0
0
1
0
1
2
1
0
65535
63
4
8
7
255
0
1
8
0
16
1
2112
127
2
255
4
255
16
0
0
0
128
7
1
7
3
0
1
1
1
0
0
3108
16384
0
0
0
0
0
1
0
0
63
1
0
0
48
0
63
7
1
0
0
1
127
0
0
32
1
0
0
0
127
3
0
1
2
8
0
63
0
127
0
1
0
0
0
127
31
4095
2047
127
2
1
0
0
1
3
31
255
16
0
127
1
3
7
0
63
0
4
0
1
0
255
128
16
0
0
0
4
0
0
0
0
0
256
0
16383
0
511
2
0
0
128
256
0
4096
0
0
0
112
0
7
0
0
8191
2047
0
4
3
127
0
0
1
1
1
0
1569
65535
2047
0
255
1
0
0
1
1
0
1
255
3
64
0
0
3
0
0
0
8
0
0
0
63
1
1
0
1
15
1
0
0
0
0
3
0
1
0
0
64
7
1
0
1
0
1
1
0
0
16
1
0
51
15
1
0
31
0
127
31
31
1
1
1
0
32
0
0
4096
3
15
0
0
131072
0
1
1
0
0
0
0
127
0
2
0
20
3
4
4095
15
0
0
0
7
1
0
15
0
2048
7
0
31
1
511
0
16
2
1
0
0
2047
0
16386
0
127
1
1
1
31
8
511
0
0
0
2
0
1
0
0
0
3
0
1152
0
0
3
0
0
0
63
0
1
0
1024
31
0
512
33
63
1
0
0
2
2
0
0
1024
0
127
0
511
0
0
0
0
8
8
3
0
7
3
7
0
7
4095
1
1
1048
3
1
63
1
8
0
1105
0
0
127
1023
32767
0
32
1
2
0
0
0
0
8
3
0
0
1
1
48
3
4
0
0
63
0
0
1
3
0
7
0
0
3
2
0
4
1024
0
1
511
31
2
1
0
0
2
8191
4
4
0
255
64
7
1
19
1023
0
0
1
2
1
0
3
1
0
63
3
2
16
1
0
0
131071
7
0
1
1
1
127
4
0
1
56
1023
0
2
8
0
0
1
32767
7
511
320
0
7
511
2
0
4095
280
0
0
63
1
4095
32
15
1
1
3
0
0
127
1
0
4
64
121959
0
1
0
3
1
8
127
0
0
0
2
1
127
0
0
0
0
4
0
1
3
31
31
0
33
31
0
1023
0
1
0
0
1
4
234
1
24
58117
256
0
0
0
0
256
0
0
1
1
0
0
1
511
511
32767
0
7
0
1
2
3
0
15
0
4
1
1
4
1
0
0
0
0
1
0
0
0
0
0
0
7
1
0
4
511
127
1
0
4228
0
0
0
16383
0
0
0
0
0
0
0
15
15
2047
1
2047
1
1
0
0
1
0
0
2
64
7
4
511
64
1
16
1
1
0
8
8192
127
0
1
1
0
0
255
7
1023
0
1
0
0
0
2
8
4
1
7
63
0
0
0
0
15
1023
0
0
0
2
7
0
0
4
1
127
7
0
1
1
0
0
0
0
6
0
2
255
0
1
3
0
127
15
3
0
127
0
7
7
0
0
0
7
0
1
1
131071
8
2
31
8191
0
0
0
7
1
0
64
4095
1
1
63
3
15
0
4
1
0
0
1
0
8
1
0
0
255
8
1
0
7
7
0
0
0
0
0
0
0
0
1
511
0
1
1
0
1
15
1
0
0
2
0
0
1
1
511
2
1
63
1
1
0
0
1
4095
0
0
0
0
127
0
31
0
128
0
0
0
1
0
0
7
0
1
0
7
0
15
0
0
7
255
6
0
0
0
0
0
0
9
0
96
1
0
0
0
31
1
2
1
2
63
15
127
3
0
0
32
1
8
8191
255
0
1
0
1
0
0
0
0
0
16
1
1
0
0
0
0
0
0
2
32
0
0
0
15
0
0
0
2
0
0
1
15
0
31
2
0
0
2
0
3
0
0
1024
4095
0
0
0
1
3
15
0
1
1
0
8191
3
0
255
65535
0
2
3
0
64
127
511
0
3
0
0
0
0
0
2
0
15
31
0
0
0
0
0
2047
0
0
262144
0
0
0
256
0
0
7
0
3
58
1
0
0
0
0
0
0
2
16
63
0
15
1
0
0
0
1
127
0
0
0
145
0
3
0
255
0
0
1
0
1
1
1
0
256
0
0
0
0
127
15
2
0
0
1
0
0
0
1
0
7
256
4
0
16
6
0
0
0
0
0
3
0
1
32767
7
0
512
0
1
7
7
58
2
0
0
15
0
0
64
0
7
0
2
0
2047
0
6887
1
1
31
0
0
4
0
1
4
0
0
1
0
0
63
511
1
511
0
31
3
1
2
1024
0
131071
3
0
0
15
0
0
0
7
1
0
512
1
0
0
8
0
0
3
0
0
3
4095
0
0
0
3
0
0
0
0
127
31
8
4
0
511
1
0
2
0
3
0
512
63
0
127
1
255
0
1
0
0
0
0
0
1
0
15
2
0
0
30736
255
255
31
0
16640
0
0
4
0
1
2
1
137
0
1
0
0
0
2
3
3
7
7
0
0
16
133
3
3
0
0
0
0
0
511
4095
0
3
4
256
7
7
262143
0
0
0
0
4095
0
0
15
0
2
0
0
0
7
0
0
2
0
0
0
0
0
0
7
1
1
256
0
0
0
8
0
0
63
0
1
1
7
15
0
2047
63210
2
0
1
0
0
16
0
2047
3
4095
0
0
8191
1
524287
4095
1
1
255
0
0
0
0
0
0
0
0
0
0
0
0
63
127
0
0
16
3
0
0
3
8
0
511
0
0
16
1
7
63
0
0
2
0
0
31
1
7
0
0
8
0
32767
1
1
0
2052
4
2
0
2570
0
0
4
2
1023
1
0
8
1024
2
1
0
511
3
31
33
1
129
7
0
0
65536
0
1
0
0
0
4
32767
0
0
1
2
0
4095
0
0
1
65535
16
1
1
0
0
1
0
8
1
1
511
0
2047
0
1
0
16
0
0
8192
0
15
3
2
31
2
1024
2
0
0
127
1
0
0
0
0
5
0
511
0
1
0
0
2
0
0
2
656
2
127
31
0
15
1
8
0
0
0
0
8
16
0
15
31
4
0
0
9
128
512
511
2
0
1
0
8192
0
1
0
1
0
15
2
511
1
2
0
15
1
0
0
0
1
512
32
0
4
0
1
0
0
1
0
7
1
255
0
63
0
0
0
0
2
0
0
0
1
8
0
0
0
64
255
32
1
31
1
3
0
0
0
0
0
0
0
0
1
3
1
5
7
0
31
3
1
8
0
0
0
255
63
4095
0
7
1
1
0
512
8
1
7
0
32
4
1024
32767
0
1
127
31
0
0
1
1
511
2
127
0
0
0
0
1
0
0
3
0
0
0
0
546
0
0
1
0
3
0
0
0
4
2
16
0
0
262143
0
2
0
0
1023
1023
65535
0
85
0
1
2047
0
1
2
1
0
0
1
0
1
0
16383
1
0
16
255
0
255
0
63
128
0
0
0
0
511
255
8191
0
0
0
3
0
0
63
0
1023
0
0
32
2
0
8
0
4095
0
0
1
1
0
0
0
7
0
1
0
256
8
127
4
0
1
542
0
3
64
1
0
1023
1
0
0
1
0
1
0
0
0
15
8
0
127
3
0
0
0
0
160
4095
1
7
0
3
0
1
0
1
0
0
255
0
0
1
0
31
1
7
0
0
3
32767
1024
2
0
0
0
15
0
32
2
0
27
0
0
0
0
0
0
0
12
0
7
0
3
0
4
0
0
3
0
0
0
1
128
0
32
127
0
1
0
0
15
0
0
3
0
0
512
0
1
2
2
1
262143
1353
0
36
1
0
0
0
4
4095
0
32
1
1
1
0
0
0
0
0
0
1
3
16384
64
31
16
7
0
0
161
1
0
0
4
33
0
1
0
15
0
1
3
0
0
1023
0
0
2
15
16
0
3
0
3
127
0
0
0
1
0
8
4
1
0
0
16
66
8
1
128
32
4
1023
0
0
1
0
0
7
255
0
0
8
8192
0
0
3
0
31
511
0
7
0
0
0
1
0
0
0
0
0
0
0
0
15
4
511
2047
1
15
0
511
0
3
0
0
2
1
0
4
31
1
8
0
2047
0
0
127
0
8
0
2047
0
1023
64
0
0
65535
2
16
0
1
7
0
2048
0
524287
1
128
31
0
0
7
4095
0
0
1
1
7
1
1
1
13
7
31
0
3
1
0
63
1
1
63
0
0
0
0
1
7
0
1
0
2047
0
7
15
0
15
3
0
0
15
0
0
0
8191
8
1
0
0
0
0
0
2
2
0
1
0
32
0
4095
0
0
1023
0
1
0
0
4
0
7
0
1
4
1
0
0
1
0
0
0
0
1
127
1
127
1
0
63
0
0
256
131071
7
4
1
0
0
511
0
0
0
0
42
25
1
0
0
0
0
256
15
0
33024
2
7
0
2
0
0
16
0
143
1397
1
0
8191
8
0
0
0
32
63
65535
0
0
16
0
0
4
0
16
0
3
0
7
3
0
0
2
65535
0
0
0
0
255
0
0
0
2
15
2048
0
0
0
16
1
0
1
0
0
2
14
18
0
1
1
64
0
1
0
0
31
8191
68
7
4095
512
0
0
2
0
0
65535
256
31
2
31
0
0
1
0
0
0
1792
0
0
8
0
0
18265
1
0
0
35076
15
64
0
8192
0
0
0
0
0
16
1
3
0
0
0
8201
3
1
12
0
0
31
1
0
1
16385
0
2
0
15
255
0
0
0
256
1
544
0
0
1
4
0
4095
0
0
127
3
0
1
2
2
0
0
31
0
1
0
3
2048
4
0
0
0
0
0
5
0
32
511
7
0
0
0
63
3
3
3
0
0
0
31
1
0
0
0
0
1
2
0
2047
2
0
0
0
1
0
31
0
0
1
2
4095
0
0
256
1
1
0
2047
0
511
1
8191
0
1
0
0
0
256
0
1
7
0
4
128
0
128
0
0
0
2
0
256
16
0
1
0
0
32767
31
1
0
8
1
2217
31
0
0
0
0
3310
384
8
3
63
63
1
0
1
1
32
0
0
1032
1
8
1
0
0
1
0
1
1024
31
0
0
1
15
7
1
0
511
3
0
255
0
16
1
0
0
16
0
0
2
32767
0
0
2
3
0
1
0
1
0
7
2047
16
128
0
4
2
32
0
0
1023
1
15
0
0
1
0
15
63
0
3
3
0
7
2047
0
0
31
25
0
0
32
2
255
2047
65535
0
0
0
4
1
4095
1
127
128
1
15
64
0
31
0
1
0
1
16
0
1
511
0
7
2
1
0
0
32
1
127
4
2047
511
256
0
0
3
1
1
3
0
0
63
1
0
15
127
0
1023
32
31
4096
0
0
1
0
0
2
2047
31
4
2048
0
63
1
0
8
29
3
16644
0
2
0
0
0
511
0
127
7
0
0
1
63
1
0
31
0
2047
5
16
511
64
7
15
0
0
0
0
8
0
0
0
1
0
3
32768
0
1
0
1
16383
0
255
7
15
2
8
0
9
0
0
0
255
3
0
0
0
0
0
1
0
0
7
7
8192
63
4
8191
164136
0
255
1
1
7
0
0
0
0
255
0
32767
870
1
0
295260
0
0
63
0
7
7
1
3
0
4096
65535
0
2
7
2047
0
0
0
0
1
31
0
0
512
32767
0
1
1024
0
63
33
7
0
0
512
2
0
1024
1
0
3
0
4
0
0
32
1
2
0
0
4
0
0
0
8191
31
0
32
0
1
0
0
0
7
2
0
1
2048
3
1
15
63
32
0
1
63
66
3
3747
3
0
0
4096
511
0
0
1
528
0
32767
1
0
511
1
8
4
0
1
0
1
6
0
3
0
0
0
7
0
0
2
1152
0
0
7
2
4
31
20
0
15
0
0
3
0
31
0
255
0
127
3
0
255
8191
255
0
0
1
0
0
1023
1
0
0
0
0
0
128
16656
0
1
1
2047
0
1023
2
0
1
0
2
0
0
127
4
2047
0
64
2
2
0
0
0
63
0
1
0
0
0
0
3
1
1
31
0
160
32
1
0
1
0
15
1023
1
0
32
0
65535
4
127
0
0
32
0
8
4096
0
1
256
63
255
32
31
0
7
0
15
1
0
0
0
7
0
0
7680
1
2
512
64
0
1
31
1023
0
0
0
32
2
127
16
0
0
514
3
1
0
255
0
0
17
0
0
0
2047
0
0
0
0
3
0
0
0
2
0
65535
0
4
31
1
0
1
0
0
127
2
1
0
0
0
0
63
7
3
0
0
32767
3
4
2
0
3
0
0
1
1
4095
99
1
1
127
0
1
0
3
4
0
0
2
7
131071
0
14
0
31
2
1
1
16
3
1
16
1
3
0
1
0
3
0
3
0
6557
0
1
0
0
17
7
2
4
1
0
0
0
2
0
0
0
0
0
0
0
0
0
0
128
255
1
0
0
1
127
0
511
0
0
0
0
15
0
0
0
0
0
2
0
4
0
4096
1
0
15
4168
0
0
0
16
128
0
0
0
0
127
0
5
0
3
2
1
0
31
1
15
0
32767
15
171
8
65536
1
0
32767
63
0
127
1
31
1
1
24
0
131071
766
0
7
0
31
32
0
15
0
0
0
1
0
0
0
0
4
16383
0
404
0
1
0
0
0
8
2
3
1
7
0
1
0
255
0
0
0
0
0
0
2
1
0
16383
0
511
0
0
16383
0
0
0
0
1
0
1
1
4
1023
0
0
7
1
7
0
1023
8
0
3
15
0
0
0
127
0
511
1
0
0
131071
3
0
0
0
255
0
0
32767
0
1
0
24
128
2
0
4
0
2
4095
0
0
0
1
3
0
1
0
7
127
0
8304
0
0
1
0
0
16
0
0
31
16
0
4
2
1
1
3
0
0
1
0
3
3
1
0
1
1
65535
256
0
1
0
150
0
1
0
8191
2
0
255
1
4
4095
1
0
0
0
0
0
511
7
1
127
0
0
0
2
0
3
1
0
0
0
1023
1
64
31
0
32
0
0
16383
255
8
0
0
0
4
1
0
0
0
0
7
16383
8191
0
1023
3
31
64
1
0
0
0
0
0
0
0
3
0
1
0
2
3
255
2047
0
0
15
0
0
128
0
0
0
0
0
1
0
31
511
0
0
15
31
33
1023
7
0
8191
1
0
0
1
0
185
0
2898
0
1
0
2
0
1
40
4096
63
0
514
31
0
1
4
0
0
7
2
0
4095
0
16383
511
32768
0
7
3
0
0
0
0
0
2
7
0
1
511
2
128
8192
65535
0
16383
3
63
0
0
0
1
511
3
1023
0
15
256
63
3
1
1
7
0
1
0
0
36
31
0
0
4
0
1
0
7
1024
0
0
127
0
0
0
0
1
7
31
1
64
0
255
32
0
16
0
1
3
1
512
0
0
0
512
15
63
256
128
65535
0
0
1
0
0
1
0
16
0
0
15
2
0
2
1
0
31
0
0
1
1
16
1
31
0
7
69
4
0
1
0
0
0
1
127
0
0
7
0
0
0
0
0
1
16383
15
0
511
0
0
3
0
0
0
0
0
7
3
1023
15
0
3
2
0
0
3
7
7168
0
1
2
2047
0
30251
0
0
0
0
4
1
8
4095
1
0
3
1
3
65535
0
200
63
0
0
0
1023
0
4095
31
1
63
131071
1
0
0
15
0
0
4095
1
127
0
2
0
0
1
255
0
0
15
0
1
15
8191
0
15
0
0
16383
0
0
31
7
15
0
0
0
2
2047
8191
0
3
0
0
65535
1
2047
0
4
0
0
0
1
3
1
4096
1
0
0
1
0
32
128
32
3
1
1
0
2
1
128
1
0
1
0
0
0
0
1
3
1
0
0
0
511
2048
0
128
4095
0
2
0
1
16
0
127
0
4
0
7
31
2
0
0
128
1023
1
0
0
256
32
2
2
0
255
3
1
255
1
256
4356
0
0
15
0
127
3
0
4
31
0
0
1
0
63
15
7
65535
31
1
0
0
0
0
0
2
0
4
7
7
511
1023
0
8191
127
0
3
3
0
0
0
0
32
0
0
1
0
2047
63
0
7
1
1023
65535
0
0
63
0
0
0
7
0
0
7
0
1
1
0
0
64
0
0
2047
0
1
32
0
0
7
0
97
31
0
0
0
3
0
0
0
0
511
32
0
7
0
0
0
0
50
4095
0
0
1023
1
64
511
1
1023
0
0
7
0
1
1023
0
0
0
15
7
1
512
0
65535
0
0
0
7
1
0
0
0
0
31
1
1
0
16
1
1
8
0
1
0
31
2
1
0
0
3
0
0
0
15
127
0
15
255
1
0
0
0
0
7
0
31
16
63840
0
0
2
0
7
31
31
1
65535
7
0
1
0
0
31
128
1
0
0
0
0
4
1
15
4
0
31
0
0
0
1
0
0
0
4095
32
0
0
15
8
1
0
0
0
1
0
4095
0
0
1
0
0
0
1
8
0
1
16383
0
4
0
0
0
2
0
2
346
0
64
0
0
511
0
31
2
16
12
2
1
3
8
0
0
63
0
0
0
288
15
0
4
0
2047
1
0
0
31
0
63
0
0
0
0
0
0
0
1
127
1
1
0
1
0
0
15
31
0
304
20
2
0
0
0
0
31
3
3
2
0
0
0
0
0
0
32
1
0
0
1
1
0
1
15
0
0
0
0
0
0
0
0
0
0
0
0
0
0
0
512
0
0
0
0
0
3
1
0
0
0
31
0
0
0
1
0
20482
1
1023
0
3
0
0
0
0
1
16383
4
0
0
0
0
0
15
0
0
4095
2
1024
0
0
0
0
1
31
1
1
0
3
2048
31
0
0
0
1
4095
0
2
8191
0
31
63
0
16
0
0
512
0
0
4
15
0
0
31
0
0
0
0
0
127
3
520
8
0
0
1
1040
16
1
128
0
0
16
4
4
4
0
1
128
0
2047
4
0
0
7
65535
0
0
2
0
0
0
0
1
0
15
2
0
4
255
2
255
31
8
1
8
3
1
0
0
0
0
0
32
0
1
0
255
0
127
7
0
256
0
0
0
16
572
0
0
0
7
15
2
0
0
101
15
0
2
0
7
0
0
1
0
0
0
1
16383
8
0
4
2
0
0
0
63
511
1
0
0
3
1
2047
32
0
153
262143
0
1
1
2052
4096
0
0
0
31
2
729
144646
0
3
2
2
1023
15
0
16383
2
0
0
0
511
0
0
2
0
4
15
2
15
168457
8
0
0
0
4
0
1
0
1
262143
256
512
0
8
0
1023
127
0
0
0
1
0
64
0
63
64
1
0
4
256
0
1023
31
0
1
0
1
2047
8
31
63
1
0
0
28
0
0
0
0
32784
256
0
272
63
0
2047
32
0
0
0
8
255
1
0
0
0
15
4
2
0
3
0
1
0
12
0
256
0
0
15
0
0
1024
0
0
64
3
0
0
0
3
0
3
7
0
63
255
0
0
0
1
0
2
0
31
2
256
0
2
0
1
0
15
4
2
0
1
0
0
0
511
0
15
1
0
7
639
127
0
0
0
7
0
1
1
5154
0
3
4
511
0
31
7
0
0
16
0
0
2
3
0
3
1
16
0
3
8
2
0
0
63
0
1023
127
16
2
1
0
3
0
0
0
3
3
0
4095
4095
1
1023
3
31
0
0
0
0
0
127
0
1
31
1023
15
0
1
15
3
0
1
0
0
511
32
63
0
0
0
0
0
0
8
1
0
0
32
2
0
32
1
0
0
4
0
255
63
0
7
4
63
1
1
0
0
1074
0
0
3
0
0
0
0
0
0
0
31
8
1
4
1
7
127
7
1
4095
0
0
1
31
0
0
8
16
0
1
0
2048
0
0
1
8
15
512
127
255
1
0
4095
0
0
2
0
0
0
0
0
32
32
127
0
0
13190
0
1
0
3
1
8191
7
1
0
0
255
0
34
0
0
1
127
4
64
0
514
8
16
0
0
0
1023
4
0
0
64
0
1
1
0
8191
1
15
1
0
0
1
3
0
64
0
2
7
4
0
0
127
0
3
63
1
63
0
0
127
4
1
0
31
512
0
1023
16
0
13
8
15
0
32
0
0
8
2
15
1
32
0
0
1024
4
15
3
15
127
1
0
0
0
3
0
63
0
0
0
1
131071
0
176
32
0
63
2
0
0
1
0
0
0
0
7
1
63
0
0
4
1
0
0
0
3
0
0
63
0
0
16383
0
0
3
0
0
2
1
16383
536
0
0
0
0
0
31
2047
1023
0
1
15
7
0
1
0
511
32
1
31
63
0
1
0
32767
0
0
4096
1
31
0
0
0
0
0
8
3
0
0
2
32
4095
8
1
0
0
127
31
1023
0
0
0
0
7
0
16383
1
3
1
3
0
32
2
3
3
0
3
0
0
0
0
7
0
2
1
0
16
0
0
1
1
0
0
511
0
15
1
1
8
0
7
0
16
0
0
0
1
0
1
8
0
0
1
2
0
0
1
0
1
0
0
0
3
1
0
0
1
0
8
2048
0
16
15
1
16
2047
0
0
3
1
0
3
0
0
31
0
8
0
1
1
0
2
3
1
1544
255
0
3
15
2047
7
256
0
0
0
1
16
0
0
0
255
1023
0
0
0
0
1
0
7
0
4
0
63
0
31
1023
0
8
0
0
0
2
7
0
2
0
0
3
0
128
35946
9346
7
2047
2
0
31
0
0
511
0
8191
4
0
0
0
15
0
0
0
276
0
1
3
7
0
0
16
2
0
63
255
4095
31
0
127
63
2
0
8191
512
8
7
1
31
1
512
1
0
255
1
0
0
0
31
32
0
4
0
8
0
4
0
511
1
16383
0
0
0
0
0
8191
1
1
32768
2
0
0
16
7
1
1
0
127
4
1024
0
0
15
0
15
511
0
0
2
0
0
0
0
0
0
31
1
0
0
2
255
0
0
1
3
127
0
0
0
2047
0
0
0
1
0
1
7
0
13
0
64
15
0
15
15
3
2
1
3
0
1
0
4
4
0
15
0
0
0
0
0
0
3
0
0
2
15
31
2
0
0
0
3
127
63
0
8191
3
32
4
127
0
0
15
1
0
31
1
15
0
8
4096
0
0
0
16
32767
0
0
1
1
2
128
15
0
1
15
262143
1
0
34
0
4095
63
123
27
0
128
1
16384
4
512
0
15
255
15
3
0
0
0
31
1
16383
0
32
0
0
7
0
0
15
4
1
255
0
127
0
0
0
0
1
0
0
0
0
16383
1
0
2
0
0
1
0
15
2
0
8
63
2
0
4095
0
1
0
1536
4
2
15
255
2047
127
0
0
0
3
0
31
511
255
0
0
8191
0
15
1
8
0
3
0
8
0
0
1
15
0
511
63
1
3
511
4
32
0
1
0
7
0
0
15
4095
0
8191
7
0
7
1
2
4
31
16
0
0
0
127
0
0
1
0
0
7
0
0
1
4095
32767
0
0
0
0
0
0
4
7
0
128
2
1023
1
63
2
32
63
0
1
8
0
1
0
0
3
511
15
7
1
0
1
22
63
1
0
0
8
12264
1
41
0
0
0
7
7
0
63
0
1
1
31
0
0
127
1
7
0
4224
0
1
0
8191
2
0
64
256
0
0
0
0
0
0
0
0
0
0
0
8
0
1
0
1
2
127
0
7
0
512
0
0
0
0
1
2
3
0
0
3
0
0
1023
0
1
1
2
3
15
0
0
7
0
0
2
1
1
8
256
262143
2
0
0
512
0
0
3
0
1
1
127
0
4095
3
0
0
15
0
1024
7
3
0
0
0
3
0
7
1
8
4
0
15
0
0
63
3
1
0
0
2
8
8
0
2
0
0
0
2047
0
2
63
0
7
1
128
0
0
3
0
0
0
0
7
128
0
511
1
0
2047
16
0
0
1
1
4
12
0
0
0
0
0
1
0
132096
17298
15
0
16
4
0
0
15
0
0
2
8191
0
16385
3
2112
0
3
63
1
1
32
3
0
7
0
0
15
2
0
1
0
15
0
0
0
0
2
8
1
2047
0
0
0
0
0
2
7
0
127
1
6
63
2047
1
0
255
0
127
0
7
63
0
0
1
0
0
255
16
4
127
255
4
7
3
0
1
255
0
0
0
0
0
8191
3
0
3
0
0
0
1
0
7
0
0
1
32
0
0
0
1
4
1
0
0
0
0
8191
2048
1
0
63
31
31
0
1023
4095
0
4095
0
1023
0
1
2047
1023
64
2
31
0
8
1
0
164601
0
0
0
0
4095
1
63
2
0
31
2
0
0
127
65535
0
2
1
256
1
0
0
31
1
0
511
0
4095
2
0
63
127
16383
511
1
0
3
3
127
0
16
1
128
2
0
0
0
0
1
3
41
0
1
4
0
2
3
2
15
3
2
255
0
0
1
2047
0
511
15
0
1023
0
1
0
7
3
0
0
0
262143
0
0
63
1
0
127
3
0
0
1024
0
0
2
63
0
1024
255
0
15
0
3
0
0
0
0
3
0
2
66
2047
0
0
2
32
0
0
2
0
0
0
131072
0
65535
16
63
3
0
0
21
0
0
0
2
0
2
0
0
0
2
0
1
1
0
7
1
0
1
3
2047
0
0
1
3
0
0
0
2048
0
4
16383
255
2047
0
1
2
0
4
16
0
0
1
0
4
0
0
0
0
1
0
2
0
0
0
3
1
0
4
438823
255
2
1
1
26588
8
0
1
255
8
3
1
42713
0
0
63
0
0
255
2
0
0
1024
511
0
0
0
0
65536
511
0
16
0
1
1
0
3
2
0
31
0
7
4
2
4
63
0
0
0
31
4
0
3
3
16383
8
0
0
0
65535
3
1
0
0
1
0
0
0
0
0
255
7
31
64
0
0
0
0
1
32768
1023
0
8320
0
0
127
4
0
1
0
0
63
2
0
4095
0
0
0
0
1
1
0
0
0
3905
0
255
63
3
8191
0
0
0
2047
15
127
0
0
250281
1023
15
0
0
2
1
4
7
0
1
0
7
82859
64
0
3
7
3
15
1
0
8
2047
0
511
4096
7
1
16
0
0
131071
0
0
63
1
15
15
0
0
1
32
16
0
129
2047
0
15
8
0
1536
0
0
0
1
8
0
1
3
1
4096
0
0
15
0
3
16
1
8191
0
0
65535
22
7
255
31
0
2
2
0
63
2047
0
136
4095
16
1
1
0
1
225
0
2
63
0
15
512
1
0
1
16
2
0
0
4
1
0
4
128
0
16
3
1
2
0
37
15
0
0
0
1
0
4
0
0
0
0
63
0
0
0
0
0
0
0
64
15
16400
2
31
8
0
0
4
4
1
63
127
0
0
15
0
2047
15
16383
1
8
2
4
0
15
0
0
0
0
1
0
63
128
1544
511
8
0
0
15
0
32767
0
1
2
0
0
3
0
3
0
1
7
0
1
63
2
0
1
0
1
1
2
32
0
0
7
3
20
15
511
0
256
32767
16
2047
3
0
3
0
0
0
2048
0
511
2
0
0
0
0
255
0
1
1
0
0
15
0
0
8
31
0
4
3
3
0
31
0
0
1
4
0
127
3
0
1
8191
0
0
0
256
0
1
63
0
0
0
64
32
0
0
0
0
3
4
0
0
0
4
3
0
0
0
2047
0
2047
0
4
0
2047
2
3
0
0
32
0
4
0
7
7
4095
1
65535
2
1
9
0
0
0
0
4
0
0
63
127
3
2
1
0
0
0
0
15
0
0
115
0
65535
3
7
0
0
0
0
31
0
1
127
0
255
15
0
0
16
4
0
0
1
0
1
0
0
1
3
63
1
0
1023
8
0
7
8
0
128
0
0
2
0
0
255
0
3
0
3
15
511
0
1
0
65535
0
0
1023
127
0
64
0
32
8
0
0
63
1
0
0
0
0
31
64
1
1
1
0
0
64
0
0
8
0
0
128
0
0
0
2561
0
0
127
0
15
0
0
3
1
0
0
0
0
31
0
3
7
0
16
256
0
0
1
31
1
1
32
0
0
0
0
0
0
0
512
15
8192
3
0
0
16
8191
3
0
63
0
8
0
1
4
0
32
0
0
63
3
0
24
255
1
0
63
0
0
0
127
0
2
0
63
7
1
4095
0
0
511
0
0
8
0
7
0
0
0
3
128
1
1
64
0
0
0
0
1
0
0
0
1
0
0
0
0
0
0
0
0
3876
1
31
2047
3
8
4095
0
20
0
0
2056
1024
8
0
0
4095
0
4096
0
0
0
1
3
0
0
0
3
0
1
8191
0
0
66
0
64
4
4
4
2
7
8
4
15
0
2
0
1023
0
1
0
0
2
0
16383
0
0
0
3
2047
0
63
1
0
0
4095
0
4095
31
4
32
0
31
1
0
0
0
2
4
0
0
0
3
1
0
1888
4
7
0
0
1
65535
0
3
0
0
0
8191
2
1
28
1
0
0
0
0
0
1
0
15
8
15
0
0
2048
128
0
15
2
0
32
8
0
4095
0
0
0
0
0
2
7
0
0
1
1
0
31
0
0
0
64
0
511
0
65535
63
258
1
0
0
0
3
0
1
16383
4
1
0
4
31
2
4
3
1
0
4
0
32767
4
8191
511
7
480
0
0
32
0
63
0
1
1
1
1
1
0
0
0
210
0
0
1
3
0
1
3
0
262143
15
2
0
0
1
0
4
3
0
4
0
0
15
7
4
0
1
0
0
0
512
0
0
0
1
0
0
0
0
127
0
511
0
31
0
1
1023
16
31
31
1
0
3
0
2
0
4
3
3
0
1024
1
1
1
1023
256
4
1
2
0
4096
2047
8193
1
7
0
1
0
0
0
0
0
0
0
2
15
32
1
2047
1023
0
0
0
0
0
15
1
1
0
0
127
0
3
0
1
15
0
0
0
0
1
0
2
146
0
12
0
0
1
31
1
0
2
1
1
1
35
7
1023
2047
1
7
8
65535
3
0
1
0
0
0
1
4
0
2
0
0
1
0
0
0
31
32
80
1
128
8
0
0
4095
0
4095
1
2
1
31
0
1023
0
256
0
0
127
0
1024
64
8196
0
1
1
127
15
0
0
4
0
0
769
0
0
1023
0
4095
1
0
0
32
16383
0
128
0
0
511
2
512
0
8
4
4
0
1
0
32
0
128
1
16
1
0
0
1
1
0
1
524287
0
0
0
0
1
0
0
0
511
255
15
0
0
0
0
31
2
0
7
0
3
33
2047
0
0
0
0
0
1
0
0
15
63
8430
0
0
0
1
0
64
0
0
0
0
8
0
0
16
0
0
16383
0
4
0
0
1
0
2
0
31
128
2047
0
31
3
3
0
2064
5
0
3
1
0
0
1042
0
1
63
0
31
1
7
1
0
2
512
8
0
0
0
0
0
0
0
0
511
65
0
0
0
15
1
0
7
0
0
4096
4
0
2
32
63
4
0
1
63
0
0
15
0
1
68
0
64
15
0
0
1
511
0
0
127
0
3
57410
0
0
0
0
0
1
0
70180
16
0
0
2
15
0
446
31
1
31
13
1
1
127
1
4
0
65535
31
0
0
1
0
0
0
1
0
262143
2
2
0
3
0
8
0
2
0
0
0
1
31
127
1
0
0
0
2048
0
511
0
0
1
14
0
0
1
0
64
31
0
0
0
1023
0
0
0
0
4095
31
0
1024
0
0
4
31
4
0
0
3
1
0
1
2
0
0
1
0
8
0
63
65535
255
0
0
0
0
2
0
2047
131071
63
0
4
0
1
0
4
31
0
31
0
64
0
0
15
0
63
0
7
0
1
0
1
1
0
0
0
127
4
0
0
0
128
0
0
0
0
0
0
0
8191
256
4
0
0
1
0
0
1
0
2
0
0
31
0
1
0
0
0
0
0
0
1
2
0
0
15
0
0
65535
2048
3
31
7
0
16384
0
1
0
256
0
3
0
4
1
2047
64
0
0
0
1
511
63
0
128
3
0
4
32767
128
8
0
0
7
0
1
16
0
1
0
0
0
0
0
0
0
0
7
1023
0
0
63
128
7
0
7
0
511
2047
4
4095
0
15
0
3
0
1
0
127
0
1
3
511
1
0
0
16
0
1
2
0
0
0
1
0
0
7
2
31
0
0
0
0
255
4
0
0
0
0
0
2
0
7
0
0
1
0
0
7
1
0
31
8
0
0
32767
1
7
2
15
0
255
0
1023
32
1
0
0
0
72
0
2
0
0
0
256
