247763205
0
890103167
520559216
348181147
911693630
275955524
957124974
559539856
326380264
702790958
161575327
71842873
871885095
193127223
587429719
244393655
937756591
953734376
347950560
26681579
0
84849427
767609794
967430369
951203440
104809854
58880995
454621167
0
654105002
217453561
860281632
165399319
192710506
442153949
433407114
784047989
840025652
766852124
934325941
410127975
267680033
493791563
519709370
463545431
251334888
207659244
172593052
752308602
245153811
0
803958584
520327709
647289168
0
118655343
327331376
580749836
178521069
347010069
549391519
149615017
75040650
704018712
212927401
269945348
526219845
206180356
470840159
929066152
586578310
651865988
401143699
714321940
257217327
89588732
784081754
498843799
715783198
892906321
756370919
957833288
491780217
719114676
0
966917489
132664120
463514250
986298500
875030019
475085189
999455664
722034732
351856943
819181384
284218172
749818149
182034145
416652179
