263
417
505
682
769
643
717
959
1162
988
839
1005
1203
1293
1253
1645
1699
1813
1634
1990
1735
2135
2057
2501
2177
2438
2880
2563
2511
2612
2516
2745
2438
3131
2986
3449
3586
3075
3059
2809
3437
3702
3348
3813
3816
3547
3526
3954
4039
4030
3814
3992
3947
4613
4077
3880
4251
3993
4280
4758
4504
4248
4173
5037
5115
5041
4250
4612
5257
5073
4883
5752
5116
5211
5640
5536
5176
5185
5776
5507
5915
6380
5768
5589
5980
5779
6091
6403
5514
5926
6786
5614
5417
6000
6639
5982
6225
7032
6474
6914
304
607
837
1173
1367
1574
1734
2214
2176
2884
3007
3419
3449
3649
4007
4230
4847
5261
6086
5332
6789
5939
6989
6566
6815
6593
7763
7564
8332
8723
8604
8675
8284
9209
10023
9401
9412
10450
11019
10783
11190
12233
11977
13271
12326
12454
12396
14780
14245
14393
13103
12669
15113
14267
15266
14853
14566
15940
15668
16815
17019
17601
18512
16429
18486
18264
16646
18681
18040
19628
19279
21506
19185
18851
21071
21968
19458
22603
19534
22186
24088
20547
20963
27063
20060
24560
22993
20900
24017
26054
24872
23469
23907
23579
25730
25878
25641
26141
27519
26864
432
773
1152
1627
1710
2496
2900
2984
3323
3653
4244
4358
5094
5428
5436
5340
5575
6130
7144
7197
8102
7756
8628
10228
9244
8714
8964
10196
10144
9181
11288
11323
10757
11642
12576
14209
12485
12899
14018
14718
15947
14283
15994
16305
16950
16267
17382
18161
17531
17152
16824
19443
19933
18479
20916
20927
21666
22073
22094
23932
23312
22233
22466
22882
20548
23784
24438
24129
23804
26595
24908
26646
26305
26785
26251
27110
27499
28000
26062
27927
28664
29551
32144
28021
32536
32474
31130
34315
31295
30288
32208
31061
35578
33390
32216
34041
34296
32369
33254
35025
131265
131338
125225
131495
123083
133605
141178
139204
139109
140079
140505
146285
147064
147002
148538
159311
151709
162448
158368
162190
162362
156840
164648
165929
172154
173704
182998
172112
172967
182308
184148
186939
175326
193590
183147
191348
196536
194287
204244
196761
205644
199624
201601
211801
206209
208747
215500
222308
221031
205604
224338
223726
229819
229544
236165
233426
234539
231070
232199
231552
237371
241754
236472
232415
247027
244333
249303
256117
251306
257890
252715
253862
268665
255972
270336
270991
261715
269024
278483
269132
283682
271166
284741
266395
267654
281205
295696
284119
288387
278596
303926
305967
296600
298252
289267
294104
315151
313389
316099
312027
6223320506325
15923286509171
6975653995614
36577204680
6894359305806
16184350671606
9078655867319
3196392733039
21573354831506
35402979732516
32536874242141
2999640370
