678585188
494262116
137255218
952567005
609323698
533916530
430215474
551402738
522671410
941531634
563602532
393483186
577586674
495497572
192312932
146683620
279709412
298651748
617484210
125855332
571979748
529618916
582235748
830019940
226684402
673608882
602400740
556729572
588094642
673761778
36583517
621972580
292509412
636618212
729088356
969073586
363194596
734542052
129169963
252193892
766080484
693593188
678871780
354410212
960787762
601539634
529110962
341163492
911198564
298744498
207694450
65084267
240618610
567154660
266529778
156072420
474700914
815236274
401693284
91706340
712737842
388578148
421237803
274283890
844335794
515409778
613406194
550887922
336423432
176484836
734216548
229309796
641592164
620944235
541637042
662703474
323608676
745694052
54685867
624680036
822719026
311301476
744049266
13813099
190921320
452948594
700281700
401846916
950946532
53302884
486520036
11356779
681014578
337371826
846290532
383749476
657657330
990329195
217652836
410704100
312553572
466877618
311336299
675210596
547117156
510371556
713510500
525166301
353581931
421482980
280655076
444750820
374447460
331384292
860790386
355274162
581806543
458200882
840233266
381324082
275066724
267687218
56661348
589468644
391310308
966121195
649628146
245992434
423528164
396093490
870718194
991770980
178960484
719589227
407533746
441095986
292088932
55664996
426335858
486726628
212400612
412802546
260710628
191627364
384282212
512936164
371117042
493773035
684078130
245190578
608778596
367883499
420873458
327486308
672015844
738989796
731133874
844810290
582457188
569062116
491908338
441627748
508772964
342636722
323598564
330486116
134210269
402618546
646770802
265717988
969595378
816070642
270117362
186716644
957654763
426214322
179117924
814606834
667306098
506431588
290343915
595597540
388992612
432201138
413251172
420575460
299791076
570397028
574481586
480093355
565991538
165445469
771487076
301031396
373243826
620308196
154958692
320251378
716418226
287718244
247775666
419032690
704427108
959893426
950858340
616615268
496966244
510316722
335734834
360217060
446292338
655833956
793273572
295014372
142792811
378825720
334061483
509033714
531762020
365910628
430323556
418614130
388307684
421746269
737311588
607205604
233877476
741646258
389285220
374083940
716819698
889219684
707773298
367368114
566047716
594034276
761958706
597874020
522063730
877976548
592903666
309931748
450700850
183470045
729630436
470543474
380713188
501929316
290945458
391521067
136500267
458077035
908769952
186332644
250736178
537980466
341507698
877499748
552966578
630524004
316428772
525389540
520549682
340419549
294141796
47962724
616041586
539055588
161736164
379236146
366761316
375946930
589344818
233036132
323862500
26674283
557895090
535670642
282768562
858003300
483000114
992631787
505479652
358996452
227182130
228724836
391269170
75299556
72062635
418227570
338134884
344648164
437203300
85850966
669817266
81046059
249687986
715165540
131839844
854691250
345988146
348281444
944196843
516398770
59931876
648736626
403322738
341510130
926794482
302866148
367263076
398368434
648398180
631915236
234544740
328522980
725412708
595381604
612706802
728649458
97381732
514245604
310337764
995417067
368737764
806445618
159317746
240673330
285314020
535634404
328835044
686183218
407038635
414955378
683897316
343880804
326873316
250880996
140687965
357283300
507073394
285556000
844959695
750475600
370363876
726906596
751406578
510305650
442702180
399740900
176151140
703418482
496347492
812236274
901523314
251678123
605279076
476059570
470495588
516821348
220519154
117436900
542086372
562550884
703495346
147353316
625020516
738866148
608341618
184648676
979799524
667687026
427988786
463846386
599929778
494478642
252890852
531927396
460782052
26328932
542284594
516865252
110104676
281995350
617302322
785582564
641479908
364692964
441585252
173579997
516441316
4464349
519965490
838497522
196170212
218934116
298388914
602779620
627203940
421891762
35927595
836358642
765056498
535987428
405311666
468665060
238118258
30508246
918544093
726825188
502392043
635005682
336501682
625814258
367397092
909999218
340558564
307194290
572830948
464456882
737669220
237764459
498390578
354582578
639656036
710015460
230993380
454739058
258764004
136774116
953126827
608290148
449297650
232995051
549677810
634306738
473206962
321918834
493206450
721428324
448013995
137902692
333118834
668111460
90794596
502099556
344581476
256397028
470940658
465246130
298168548
792037092
812539826
539806514
355726436
564853604
768008754
563293924
409165554
485891634
483854692
561302130
807155172
163364324
953698418
468146916
775434418
165115236
302075442
316191716
278819940
733736164
851601764
365212132
691794482
684066916
790022756
510740722
542547122
285166436
666771954
133043044
642760164
451100644
789539698
268995428
826470066
524347570
993734756
376731108
468102002
459362482
599929188
192068836
581827940
327092196
279957490
370365533
55280996
399527794
598242544
87225451
809869106
301991012
629258980
161424228
461216228
490056804
780263090
565082468
597124324
982924516
699760228
329871972
317938020
954116203
274808242
573387748
606041010
444219122
530992050
605396658
385967282
505893348
610093426
480052786
976081394
154133988
637965682
669431794
305235940
250681316
684341938
340947940
68615389
609052772
99705565
810590692
457070180
520685554
476281522
295684580
304910948
331907044
812486116
456963378
731803890
775097586
750627812
9423403
351781732
947695346
732900402
545541106
342285028
455168178
861284
694399474
118464996
37550635
603968612
255683812
388736178
22967652
273857380
236477298
303591012
997754674
306856676
328783090
7077348
363143268
496780018
550544882
800628722
161370724
214031474
823344740
429176420
325638194
533058226
457291378
678316132
417241828
545267186
739217714
833267691
253603542
143687268
670948196
404309092
226050020
716124082
457096420
650524850
668707812
327593572
171571762
389863218
352361444
835036388
303852516
588957284
480339762
451102052
991491392
477342564
798868452
567160164
495751012
917338340
80614507
873308132
682253682
561745458
378087012
147315314
495423325
260968932
718559666
581573732
667024434
362029618
517266162
469026802
492556132
378382685
585439972
711323748
710148964
593545202
402696420
709328306
59377892
225189988
570234674
712401202
468962532
329525220
118660324
251192932
829727588
670233330
548050704
384314290
996001643
811895780
795604324
382738098
69541988
391146212
869510066
672326863
287101554
605239218
81780061
343578994
114360036
497080434
928258148
788768562
793954788
477287538
687445810
357205732
636618738
588290532
175396836
351308132
316288484
311400292
590732402
630074212
264835172
292642916
549464676
195928420
300184946
564197348
491977842
400146920
343652018
42856804
624137330
287023204
301085682
208344932
770141156
461663588
835987570
562329060
728384996
330710628
592453853
557484146
120051684
408739250
957159794
259655012
531003314
64826852
480643428
589151218
493477362
437760356
730731108
229724132
297653106
357867492
524266596
780281714
764579890
126846180
149243336
141454315
338253682
568323442
527002084
492365554
497698930
361677924
751256029
209313508
539318066
329735645
740592996
375773682
507417828
299066724
608398834
963233970
657119460
726739812
138994902
771302194
181115108
782700594
64848356
823988722
350693419
652870770
751635556
731176292
520711012
773007972
978972011
511973220
308675940
458615396
807587172
484972516
986536939
445187940
6637668
191921508
531223140
856191076
373973106
732336228
915921885
636295652
3247972
473358948
535675876
823702514
400145508
800102770
119873764
928173931
687637264
456949810
366735588
433613554
678963378
907248868
493880818
406412644
754894315
540256050
615031538
22991321
596179940
263400164
115858148
484370532
614329828
515803634
631962674
256338404
461482290
665746994
357867314
391228658
393217892
404354532
573569714
696594034
565697380
780676402
93157988
683703346
593454948
598972516
727956850
443400754
793978866
9479268
576952932
563487588
796483698
572900836
279967730
118893028
677526884
386556850
788098148
402060772
226369458
353044324
931065835
510518500
397610738
111742678
470569138
475313970
292292580
201736420
652924082
666848370
384206180
416807282
582360804
198659940
930759908
835112416
81983204
812569522
733637874
675951204
535591140
27683940
833950706
911970482
570516971
575661668
387093732
539547236
657195570
907796836
538016818
651858404
973243115
549433828
323764452
807307122
831623538
468028779
573823460
297280868
455813348
171503837
645855844
639391864
393788850
694584498
357820132
286709988
551228594
285365490
168755812
512084580
704878180
388640114
319494130
172770610
903204971
473396452
545838436
796559567
308282596
321303396
490612573
792070642
452237540
265845554
33688548
312857458
616353252
791771876
346219122
816740964
926483570
263468260
188690034
404203620
947852011
195174834
374946148
430885874
501533156
308322866
537818226
951681970
416495666
797128626
807695858
772734436
668180786
468375268
397020850
39922347
65873451
81597142
357400804
207259748
671145138
389596146
110980203
443386980
586577764
493697252
112033124
518652274
634432612
73293796
451273522
628591090
439972786
336628836
964141874
675142258
824497138
511824612
507280498
673620196
374485938
531975908
680363620
906958386
375467620
423599588
634715634
178884708
678231524
314433892
589729458
234850660
454965042
842378354
924415026
438280420
916418404
660736562
534777067
661895474
307270578
544690034
914828644
154773476
58920420
429452466
310638180
681622770
246524203
663683940
360494450
359370084
763006308
195836765
525330788
714586546
345118642
607552484
352994532
446937444
833527396
283779428
590396644
465433202
412576100
430735844
542727602
440829298
459050674
412082532
456739570
540798642
757347890
499747186
365452644
532535773
818626546
826178162
805055460
784846045
872659428
724689842
593356772
265039460
433252971
858536036
147982180
282138596
468588146
529752242
693817316
111858148
258009394
673877092
577745970
972693106
610588658
461308978
508415460
539197156
903229682
16480484
410453604
173216100
566987506
112467570
290904548
780852964
783563058
521410482
531994738
357044068
54092651
671470450
276529508
491643492
192410340
73345252
278938340
405596978
45395243
85187044
442376804
464085362
222031716
679309170
181825508
524434930
388523364
797544434
967641650
127482475
126421348
740570468
520341170
609636978
358449636
812365746
404370866
809732914
487645618
145965931
244926052
531688932
732553188
224360420
245709284
417704036
515360356
194637163
655571940
639240804
202061227
549631602
497502834
443914468
648503659
509651044
521168484
821335524
328681956
380090596
568401138
571101874
380098660
508644196
541289572
697159346
217855332
648430820
312681970
537387748
582050020
526705124
230050276
482744676
22129003
923675364
482138098
702481124
328880356
606444978
65215460
635084274
241116850
357926756
166648747
297450852
637136754
533469362
251984868
566146034
588565746
420774628
244969188
487751631
515531727
308526308
569614564
98930788
712448868
532411378
872322781
543703090
166629988
429623908
484985700
88252331
650333810
396905579
678989554
622117746
473604658
548587058
337859570
590241636
694952306
561164914
847734223
208301668
93661156
327671147
184679090
579782258
369572452
149232356
710223730
222974180
426592306
155068388
825367666
897822827
405333920
780304100
444098276
920989789
665746895
902857572
837005924
562976114
274497508
934620850
393903332
221415780
282672996
407438258
372216434
419412580
453758386
816795506
117317341
4254763
84177067
238690660
238508260
852322290
332551282
432963684
831778994
28232669
555898973
263637604
137397220
248221540
196135908
191362404
428433252
467292772
493646052
524310827
515482212
885826788
438181348
916722660
360959474
455784932
565768242
261523556
381607012
904149362
74527716
770327396
705856114
899469668
142448484
912234546
217026866
655484388
774089828
318153316
337871844
683706674
664663346
258690788
133213796
468142450
525762930
838620132
878291762
351796324
190915812
445796146
165962980
318357341
149593700
51670372
322771684
578479474
482375787
410771890
499504740
420308722
457759460
228462180
553101796
746697437
209824114
943708786
445796658
414069476
520592100
292064370
320692068
729908146
264886372
313185892
146717867
244166244
832532274
801635556
137060580
106124644
440224612
571484900
377609828
311234788
500216676
587775986
524181426
15627364
358249970
663016818
844763314
206763876
212985956
997863652
736304100
673832434
614812388
695742770
707230308
608154290
290229860
630408804
718564836
401003748
533059428
613396708
324204900
704996850
358641508
344023780
459206116
363583716
382188388
643069924
44351915
702589540
509202674
569621348
600255922
730939250
978516978
177662827
731702514
422925874
590834397
708732772
410414180
67657437
425292338
187151588
927564914
333110884
227414116
580437213
464264434
369923428
213096804
996256818
495806564
867216612
467246386
426398180
888961373
340484324
138694123
620820324
31557462
408120688
502573810
241774692
236144228
466948196
308363883
213699506
564555890
417867620
269979236
961682667
452071140
410584242
146567140
607075044
483508836
541739122
730969828
515575026
461575154
526076004
210801380
414022244
294876210
488373476
911834468
641361764
464808548
191391410
658374116
514307940
658320612
946769764
432488818
367709412
623598436
560005618
476421682
704422514
651168498
366476004
689766628
482404196
522291044
613008868
235247460
401677426
404255986
263466084
607371570
269898027
759374450
545874916
393890788
551351218
223691620
523008996
521000242
442722802
864572210
161413085
794771250
995547890
430535346
322746091
327891826
91504740
641078450
581881074
81659748
453637092
505596644
429945060
494948146
881434930
921166642
639274482
397836516
359974372
919242980
595872370
263367652
923456690
471402226
258831204
376193636
261054820
223635428
840972210
544647794
594891250
552411236
719593572
473619044
724520050
283194212
853786546
647964644
478731250
176067044
641564466
212217828
67095211
877603556
645306212
689553266
549709156
334828388
283705714
421044836
923282610
972032363
669290219
337984740
404217970
496814692
617929700
257258084
85105892
311676900
503382116
74522219
690039218
806282482
378034994
677044580
185824875
374832996
369844452
113060189
359345252
913550130
7271787
408765412
339914098
818120626
216185572
317219122
456740452
662408420
816925170
17786852
282614884
5705643
481507563
683529572
577202148
635797860
64307300
471954866
426949362
589446244
215576292
441325746
153812324
696234596
747137252
677758415
574123954
466628786
347164018
331239090
491788146
446224996
899314738
374365412
241509348
711316786
694351588
292792676
914057444
495755314
554288306
727745010
528976868
954361572
539091300
192548580
617202532
386282340
454864868
447847344
564203570
558904882
510776548
510119396
471469554
428068914
237221988
947414066
126143972
540199410
607885042
425257842
765197618
762603634
714438770
620146532
471393636
591441778
456554724
460237810
683012452
561711588
32283869
366338546
291043044
399178674
550572210
534946098
762273330
706708324
434870322
770299364
535064292
646842724
306179428
231705288
334156850
676404452
761346930
524698098
630418148
490088114
520678884
579368548
360448882
370651506
451840100
627922802
694649394
491207154
356031858
893055439
506915940
316231346
680487005
174549810
71294564
451152356
466093234
428989042
831345312
683395698
329724900
256861618
538556146
333192370
377376754
550751410
466808804
600291044
393945188
149839332
300604388
607271538
433529188
719098226
226701412
624916324
508591844
268960356
45864662
454671844
397631716
785960818
134747947
911682610
684639076
430332516
514800228
531346418
685231588
698270834
809708466
364891620
613082468
306153572
764211826
330077028
492397810
583151588
214282034
722657892
137127140
104458980
496922212
951365490
456426852
315614052
691746290
658499762
618937522
443938674
256289252
659372722
77764715
285976818
313440100
607329380
115687517
1891805
994305899
103349540
719724516
579439154
777666162
511266674
925610212
565397348
445116260
310430436
450736996
386305074
653740004
158576747
774393010
621079474
393841970
463908708
363976370
281187883
590742642
298257380
797850084
643291563
270633700
370589412
741832292
1055716
429708132
686045668
729896754
951737323
486223332
446405106
35470941
916332018
229921508
519166834
4561387
266402916
171119204
591289188
281603684
435881003
333309234
545617252
539836850
75886564
471571250
758882930
645821042
70020068
597088996
464981874
517581156
133179876
380977124
448441010
552541668
712472676
691221860
485349362
317086770
907870386
470474212
199288164
876110002
368837220
865105650
253914738
623731506
984563051
908238898
606648932
110379748
406421874
708026546
938158948
988256356
520186034
579178596
655260644
303848292
596840804
526472818
737860324
753913060
394573028
144220132
541639922
239205092
960800754
767262898
749703730
829045938
330734820
420303794
537951154
401568811
427721188
399739876
360081202
255663204
629597426
829610724
236045874
365965149
953010020
417070578
58210148
249549412
560165604
290882866
490359922
574373220
499437284
641695410
130827869
305446628
612999524
622329138
42510308
998700011
226036068
442790642
322405860
705828338
543370226
446928868
202208050
107648100
635484594
465963762
449508850
100364388
108970084
512203620
784938418
920357362
554569956
663672932
840255986
553846066
514270180
215706980
341233394
512799716
482259698
313753074
327028914
461272235
436236146
674402255
829246962
644266212
658611954
328836722
454625764
645941732
100207019
851821156
422971236
545529138
898650290
583611876
715394034
575939044
414474084
361243954
401417828
403698788
114332516
388949732
496594482
512141156
938893490
485513828
346843890
686787300
509465842
524639332
430425202
976777579
740611428
466166884
424178866
439778020
550145231
242787172
121707563
621795172
747569508
194831204
101441387
585610866
535709668
335690980
217449828
590381810
355936178
948403556
204164964
440382834
946343140
304979378
473894244
247715684
791452978
752429874
261595876
376721508
682701412
562912242
310097508
504081778
532081522
452422962
739985074
153140324
569298226
529583090
22743240
194967140
688383588
454963172
704249828
53453483
414797284
408672882
480134628
653398002
296046322
182810930
692073828
747745124
597453924
24965469
494541284
719265138
433772722
624074034
696728804
542260978
633332452
420039268
91267286
382707300
474339684
638602724
909155812
569680356
581616996
399564658
85643613
411444324
429005156
295680754
312370020
511059300
620315122
892361679
659907826
215747300
892680114
210491876
926658923
916434802
256862052
8546276
298595556
303146724
376394468
134170454
296253924
258935595
248135531
420243076
612481138
881075122
358095332
567488484
659210980
652796530
705118948
44921693
280088548
365009252
103758536
393651762
535740132
16796004
748785266
156496811
438617828
334350194
335385458
391160683
310931940
177107890
563467620
414958180
953706738
835496050
202644452
794026468
374984242
541488306
365911524
563319012
939276523
208837964
691648228
539407716
594791346
890678770
423057010
163143901
757770084
499062500
745606898
295188452
125823844
293943780
558539876
764894052
436178276
337544932
950502450
52536292
346565092
267433202
397655908
201795556
444246756
249358436
615249508
445794276
989288555
295572708
552683058
160969956
105810660
502842162
278686948
893827165
495046884
575887588
432670258
569229156
743726578
819386973
310349867
619409124
331824612
344019058
189409380
565673828
408762668
243471204
45475300
580498290
999981298
840416996
344607972
313091570
436132836
622058546
158624477
712837042
478807268
506430962
193561316
455155122
639371364
735995364
263624292
939258226
524373746
520365028
516954468
771288818
473145650
600604978
825866418
484749156
417897650
153723876
461899186
213912946
678195826
801509298
432644914
204623602
430403172
899680242
249130980
602689124
394499378
425635890
138237284
459305650
640588132
511523940
512046564
846660452
328246792
656337764
289050980
245387364
254363186
238747748
709582180
444469163
308475826
585335396
466340708
411432548
572532708
694940082
723268786
185519403
713681984
289857970
434493618
461747442
249142386
394433252
295968882
487370980
708596850
366638436
192862820
735676402
221729508
313313458
640989554
452461554
411519787
195606827
547179876
727903602
811082674
275833828
985961714
676120036
494137700
942633935
148920548
77618376
624449508
441103460
140110436
235023154
319845490
40287076
693129316
514698340
473893988
991960434
262379876
930340018
671491122
931074788
448247780
206270770
203108452
336710372
243218916
327470706
466810418
407251812
975458610
732702834
404234852
749037810
134947812
51655012
323699172
485739620
672054834
613394226
608926308
383250020
8345700
282040292
515879410
759072605
752591844
536866034
245149796
184557149
418564836
689483890
222499940
757474020
467237995
930139122
452186226
852573661
413417060
679343844
402895204
613554788
994858610
62667435
319368548
638397028
646694002
253696996
657434290
464471012
982696669
376730340
524045042
486479588
372334066
570742450
203593828
671489252
855606187
631188580
429960818
474854372
428524203
255845860
174554084
528539364
276570212
576569188
507571888
798286898
739547748
978861554
470959019
456124772
270582514
459442788
242548018
348088157
655859186
625995620
680332210
201321444
699945444
462704100
421635570
428116068
188142820
811869540
883831794
654065636
927961309
856519268
173953892
746243442
773615666
766852324
186720100
462432626
692705252
64676971
407034482
424942386
600699236
179310564
345578596
673616100
891680370
8045291
890714063
343231460
548573156
448907634
397792100
398067684
312604388
666252594
785411044
567733234
342789298
62777259
883627492
600090290
667414244
148842340
714014308
804978020
447819876
74944747
331388900
663879090
406173156
631357931
163366756
342378034
632461284
773308388
551034724
265407332
797637746
265306610
470644964
876106610
62404395
441467876
893253810
639338468
521803748
831648740
635329586
224912996
686755300
893103588
265113444
663902194
321803876
571692772
189301860
275490020
166642788
442238770
635493604
41604694
576558052
567807076
204928235
826176356
136820836
462994802
46146404
438579698
52435428
680401842
521130596
632136932
795634276
587316658
616777316
280836452
627121508
209511126
449941682
285270372
302787940
38413867
549072996
567339236
369011172
469007972
498559282
519992164
889527666
614268516
418934500
518492466
881174756
657600562
486503012
437452260
558743908
567994162
823906610
773582436
162482276
532534450
334152676
907193970
814883058
684875364
328009956
326492772
121757284
677202276
944711730
789763172
638346340
457247332
390097579
217549284
511509092
413578340
428041138
745058418
595701348
476428772
396717618
673054564
287064932
934419812
490194660
474052850
100193501
297197540
371369131
373144562
201833330
508371442
569519844
459957476
82196068
489302628
456385508
317229796
821150692
292563044
687877746
196994916
946902770
659070962
582031972
451045092
127395684
61870564
645952612
622043236
425366635
789868772
132149348
404492850
768206436
252537522
105392356
924538333
786516068
493215787
324027620
525613156
360525746
892846898
553106418
882907568
939931664
603543780
895841394
480404836
545875250
110425060
532618795
284330852
330225764
516459058
538143460
540006642
587386084
440569458
673805924
674962148
588660068
742334258
486473956
644428786
316665572
214354781
731997156
376264292
806838528
418560356
664579300
447249508
602516196
557735268
557304420
436293042
201767396
614986724
880667314
416300004
591732658
592007275
301008178
848220338
18948011
851115499
301243492
60936804
230447460
188768484
301095140
218865323
743817828
556001764
242430308
518225330
944734436
23835620
379913700
895542514
317813092
92889451
684169188
756380018
759800804
469980338
491765476
482457188
571556964
435990884
607231218
697941604
206734948
166396772
840118130
248554724
477143140
653066866
653870436
691728352
122714212
766077284
703025124
511076068
898141938
656629618
335391588
259768548
813564260
444850162
493037426
378790244
711401458
415569252
457615460
715546994
500179165
906174834
824533618
579535076
816981682
708724274
401163378
368220260
643505636
101710820
237444708
215273828
534609266
966369842
626523748
503863396
350002276
383781732
489171044
443629412
318181106
201555634
498496100
456481252
317988580
339877988
424711524
751842674
529089074
891351218
328386404
805216228
215628772
539943730
266119403
713259364
590954340
573421746
320963812
345194468
341373540
537202148
560706916
331973476
276903012
399512804
840083172
720755378
90351211
880281700
143089451
514159410
278068964
596471268
356387172
67580125
823783631
425471588
501143474
31741668
832851556
734969266
304675158
607602916
503516900
121107044
444133860
667271282
242926308
897895602
807439026
258383716
219111140
150198884
645980388
924071986
494291250
985254706
412485348
310050411
349052658
295409892
4501547
503251890
380559716
510464228
278787556
253543780
629340644
405978468
290869348
10381028
291652708
967696356
280761828
12679851
660156900
480653796
318126820
514545522
290424804
267479403
267685469
417588715
499781220
506623147
563731684
895248818
527272114
349921906
600135524
331481060
890644580
658825444
469926372
327894898
700309220
698126052
402495922
413056996
385489892
346591026
374260836
834040626
231882596
788232804
208670052
596328434
243256164
361706980
457262258
397494244
644226091
478594923
694455026
766201074
494465252
141543780
571901028
415224292
278173682
697885042
440170340
778695986
495069042
622720868
423897202
729099748
553350244
303042866
399312946
146223460
690769252
330152548
229318109
698595428
138567140
448180658
607074738
76570795
521426660
666610148
428166884
599176626
402608100
415145650
42344804
967846514
675783780
584468708
675530852
149492708
677436850
983975538
489315314
193046244
526959204
623537252
112627812
680206820
427744740
345058226
610467940
407575268
197138802
199049956
570893668
39898468
143140196
505348324
159917540
298345956
253643364
174975460
597828324
460444900
588321138
461529572
404941412
682352114
471786674
401220964
687016292
651261412
351067954
412716004
363074162
293894450
324349796
105216619
468153010
545689572
493235300
6635620
414338532
532373170
652446948
438050660
300072626
911529316
829600754
780235762
821166322
277474354
736480434
404795058
602766308
592827876
338696676
365124580
14489828
719244772
643914468
860786098
264129764
309492331
608988772
404979044
334043492
476851172
345561842
485914539
283972708
521728356
500222130
451081714
485860146
809608818
482123364
201532011
429311915
281140580
739828708
512060018
742830507
406493284
899783410
536080498
613068900
741916516
810301170
670751076
517642724
271456818
459894756
371248612
752578020
347464292
111106404
215700708
593283812
166515044
74745309
467293234
49172836
134978660
371707179
868951268
501402994
534665060
840611684
984582635
649016562
165624420
367808100
493684324
30512484
470921060
626246770
715646564
283685099
347043812
541894756
292348388
466869732
623081444
261207026
364141106
755652964
327973860
316397668
248635236
229477092
378498397
775036516
314397611
701897060
553171570
554144484
548374756
523644772
450162674
412933348
558785586
359359922
409273700
181533412
326988516
555148388
737698034
627839076
382694628
294997988
618800434
62880740
542973106
540259506
226317028
292360292
273131997
623281892
996230898
482808690
276541284
478682724
253808356
116117092
126661803
2132061
656596466
710877234
446301490
183239915
560674404
461143602
510984050
789086194
691183346
282543332
538560484
236884779
606020452
61751396
193093732
840365419
406244580
743967090
603610852
661804388
720242276
474446308
527115876
647457636
277879666
360676580
716007908
571016804
284444018
54658653
294561906
341720420
383960818
557588146
287317547
463041636
622598884
495551076
593749220
414105956
310046820
672656562
230359524
740031716
43011627
470812132
466625067
554673252
351365490
462721970
406573796
110149988
712364132
679351346
161303154
301852594
757622884
251028466
759670322
653027428
331123684
378203314
360038372
431893604
286090866
822329202
836526948
251745892
371789540
662716210
208115947
577818084
679624498
439085540
609685732
315367396
415963364
433806948
268910180
87184996
286426724
157628900
722370354
81958493
440081458
589578098
671162546
228155364
145863851
129722596
552031204
686617906
352085426
201405028
537920818
8722091
345691236
374526564
635652708
483771492
665056868
461239652
555152242
730406578
515710564
518753074
411370162
511358308
855282660
553636964
366285362
625935026
364920932
941687922
686210290
225596658
705325156
665885668
722927076
330742706
336847972
218452708
473709412
463860708
307170404
995083762
34899172
539208676
769863908
274409700
262756
137894116
469227378
142911958
756867428
60237149
398684402
762709810
765983986
643447794
505515762
397526244
287469483
197959652
603308644
491457252
727999076
455717746
826833387
388168164
570500082
808649138
679529650
507350884
467917170
521819058
676587620
374537060
503718372
246384612
472416356
88704818
914008676
250911460
498836196
470180466
215869924
757120996
331716338
351663332
409748836
335032420
840663524
472663922
11253213
462725092
469792498
709160164
578891570
393690596
411019122
669916658
387346660
535667940
414497586
282932580
302929522
278575076
912358756
407653298
542747890
113208164
512233714
429133426
787247730
721377970
576236338
865062962
963093042
534572786
358512868
735424114
759152818
417929202
294509540
823565106
660324082
334737892
676748914
754521970
597829362
892608434
620082276
325165668
591996850
522146532
203510756
504701234
640851954
737258084
506424728
340220210
348773554
337011044
89469739
395897828
555946340
76185572
338166002
835228658
607809714
748665330
620677298
572936932
187748708
416162788
15304541
412028594
490014948
773429220
416910002
280578418
431228900
163642027
96902500
480494052
670810468
150116452
598125355
320767460
400379620
557541732
561012196
598526948
893249394
190483172
402950628
484912306
234016612
530401124
560667442
259020523
403547492
547905380
182694756
578388836
526078820
72275883
510313188
168121309
493796836
719975012
570986468
970537444
544721380
566281394
347275108
510752740
386331620
157890276
467935218
500621668
373495346
622751026
421659236
629157220
597883122
202983012
445311332
166452580
248934770
241296114
710911346
455342180
52004957
933359090
346823652
545619172
611028018
578234320
814895730
493841394
816905074
525104683
533794226
588949092
662237668
696117682
701930980
454204004
453607218
310997476
103446756
375295076
242755684
195945444
500057906
683102820
595210418
347747812
103501028
244354276
499348786
115780715
582542948
7670984
461658354
549418447
953236068
579140594
261080764
721742308
577281892
793436004
30948068
604894514
304809188
424808754
608160868
550713138
545601380
317440498
379955940
345560050
370189284
65541092
349437412
945540402
437096114
587620324
278404914
449702258
525731556
782817764
380091179
634129522
174771044
725951218
584265572
504946532
571205042
632888555
111673451
313034980
524121700
445726820
380151396
318008882
547928548
803912292
392534500
106232804
442911581
637962980
293649764
803709490
483153508
814651058
767248114
33113558
249701220
268927588
488366386
942702692
222324708
822930674
415701490
778051698
771965668
243285874
149320548
103427940
516492260
772671844
737450930
351718834
384753892
312767218
410994930
481057906
366038834
140659300
470424050
432100210
909388786
250426852
878701412
929176925
233363300
235171172
770826340
561956836
523619250
133418155
919812274
321789284
390459762
618405490
798452402
529853412
9893725
699113458
86219563
612150884
306135140
615280050
619654066
662067499
265516139
580465636
598366948
654080484
178469867
801732978
295247588
287263730
363696740
79482290
502863716
196787947
317182130
615737444
898611556
45439019
140973924
685427250
536053348
555107442
896893682
304656356
526042546
556162660
369338468
756705266
748247666
599124274
703954994
610610660
523933924
790770916
286940786
66547805
279143652
690023524
210356566
304111794
586134578
458015794
401905252
227721814
253135204
434644452
795165298
426946674
861542450
409173476
266723172
327889842
747753060
474824242
384887908
482132964
9984939
587887332
628929522
240400484
196077540
315051748
830442539
282254258
62362724
247019620
417190884
323562418
497313764
642171250
199572914
474178916
250267762
432353202
717737060
913009714
151962084
727127908
524535396
318026724
576255716
315897316
301835364
540842162
348206692
516095076
542036836
276132324
585974500
496842852
521869490
559592292
409280356
334930788
705593828
477327716
706844274
435487730
270371954
661481522
384608996
806964978
754481330
514620850
323879012
633896292
847017778
729609394
423223396
653928164
295698788
511284338
619401444
721965682
963828580
392086834
74677035
401005106
566027236
899327332
380707890
345781860
266426980
505857650
417719780
120861284
315089394
302114020
333476068
400628196
788370276
341269092
450670180
611178596
420715442
460413540
974938098
257900260
424732388
221729508
589724850
568435684
147312093
263252722
453465828
534724196
313807844
542399168
459446706
488655346
879085796
541373156
432216548
384283236
990549170
573649138
122798436
214016612
529815652
246375652
88252644
823248818
392693604
445192818
61422948
421511474
483485042
688070372
520198514
437378660
397119844
425885284
150350052
612767154
52202155
738657508
116061910
463175012
636426084
435513970
239506930
711221234
537783268
125831147
680239858
244520420
221015524
249027556
5984427
129064157
403620708
656425458
397659108
796245476
179714276
267783908
472129842
491667186
335945060
549389028
200360164
467103410
347165028
768984804
386440676
253935588
39402852
335553380
92748260
373197028
242895588
476727140
269981874
470948196
494229298
44547435
499140068
208150372
191818610
511474930
524340914
183201508
617655012
94175915
782719474
633682020
632081522
547286244
225838955
750319282
198256989
286300900
305178162
66097124
479139428
417742770
173021412
404009572
385533284
392656484
693040740
332396402
433787876
611372900
870926578
492800754
203516900
676914788
441334372
435210212
116309981
751074276
572587492
126155741
372816740
412582116
310925682
525336562
203012573
377704164
606176868
247974244
782044381
747617124
317861988
517488235
449751012
329638628
266429035
644947314
177071972
309419292
444865380
456551986
674877746
51187556
98454102
400984875
405308978
738742578
532798052
375291762
722071026
326659506
532075954
53552612
608747620
612876644
377099506
291262948
421597298
454324836
384411364
93134763
504906340
324750180
540493796
574609380
382402098
833294052
796049138
359643620
877514468
506345188
241353700
215071339
189028843
215410098
137419236
599169508
589883890
479052210
695339364
989393872
50195428
292383204
166050660
467966898
250248164
361308004
753181682
604706404
456993892
418868836
246848612
653168100
364812900
562493234
276346724
573075428
147470024
499189988
764853170
416335332
435842546
359359588
198171364
703085156
654603186
325610468
977599602
279102891
529202532
497920370
277994724
911253362
475180786
269280882
478825522
408730340
309632356
730604146
237405867
534967794
326128612
380456164
544274660
293877604
620389348
930613988
422306226
772431538
456293604
91233451
815641330
372308708
323302756
300899300
791975154
50919403
611918962
724911858
456439524
264789988
401659620
322339940
304823140
878119780
534044722
545364452
672742244
452875364
200082020
895093348
620542898
260625892
679598308
910857963
941298283
465772772
293357156
510964452
192797412
580333554
391537636
539392050
437624420
196013796
788167012
231412054
616670130
261276132
471481956
339641458
587515186
343286130
24761188
241086564
780231652
291217124
132637810
202966500
571105650
301884516
353209060
561094884
380005490
510562994
351390322
501703901
744725220
814185138
361010148
920228708
630917348
728908402
492767972
105359716
239854962
406518372
663040356
398601202
437960114
646287204
246979684
805438948
568050020
395174628
620161586
451271887
322694116
625291442
64212907
340689636
997805426
468620900
610437618
530641714
516611940
378200626
795238642
374350564
329571762
413473764
549381618
491751218
440983652
610458340
627012210
619358308
632286322
444376498
390860772
438364388
647373028
428898916
731778276
345056868
700657906
435003108
176622045
437756338
329514468
560339677
986749803
410579172
375019364
438543204
533308900
334934962
342689899
693399524
512536242
660369522
346925156
455094187
269355357
477583972
313934820
531098802
483630692
329011058
603885170
259774820
179414372
576814564
441493604
382604388
697713124
242396644
498419684
141098539
85044708
347442916
343098468
191510628
400314084
413161572
378467556
574487666
397361508
359533796
565459300
403033060
600379570
307234802
380964708
293826418
24303851
993459563
185060964
126499556
1801515
211851208
219231076
602867250
481630820
337216093
330161259
668147684
790321074
497838642
220898276
456677860
946350827
539995442
541254244
527912164
388619492
13007204
743824882
676180722
107493860
334706020
60049508
559241010
140797540
653406834
807570162
222180964
501900658
556281316
423432736
268867122
243538738
357744818
295826020
451659186
421467364
665138276
998964068
483645668
527566692
372615154
587420402
538384562
768330802
428148338
444824370
908003556
588290674
440441522
578788068
630638002
204220331
917598436
399195492
522798308
641388132
452291698
534866776
97138276
631846116
656460132
771752292
436256868
504919908
259230692
682212530
337891698
530244708
381750130
715357412
319430002
381824740
463240754
618617188
288253540
543807538
809395940
317142500
430582116
762451186
721888050
815943652
542655204
928782130
607192420
991548274
31740509
73606884
854926948
307045604
338018098
284378980
94343403
78768086
260380395
784867826
673772914
779945579
335638756
429500900
458655332
609292644
602543602
401936235
554198386
763684964
392813284
995428210
26820715
67696868
295425252
793010482
495918386
412842482
863727588
72950621
680568157
549349618
369761508
270304818
579437874
502646443
352054116
527436004
805279716
405451826
161905970
272753124
768888498
460777188
276925668
855138219
821543012
825640562
593164338
121762390
232927972
249447012
705573938
473364452
484929650
283458354
772472420
691808114
200869732
438987492
303733298
218000306
203053746
513686130
107764068
651540708
726384740
553866212
330763236
237747812
418717028
422251307
337695972
900090802
446030173
483217124
388113380
436253924
403115364
612786660
960743908
433924964
385072100
331079026
26167339
365212530
176615524
559396708
644591986
390330084
598182578
620673522
359860580
891113700
341271396
169333348
268585188
615374820
149231723
365421298
451107300
210956274
861181412
554733298
101237417
490729956
627475428
689836146
371651044
487721906
304889693
423179108
665489842
315414578
759188580
567858034
706509284
521899570
516196338
76042468
515332274
323951076
200542052
373038180
334600804
777139172
347767090
506827748
689807602
609781348
552146276
628298546
217192292
872463204
591454379
932749163
792256050
259990884
999880548
663368804
536808292
362411
295714418
784020836
529857522
964321771
505222244
96923357
604478642
595960562
406586468
288301796
271991012
761011684
370872804
312151140
485297124
240815972
641627748
707636395
341673323
953845298
482989156
687305828
980142820
294863282
454312754
362557028
538203236
500516082
463629412
375693156
516695140
329002468
442258866
370202333
206778802
13731755
327350699
613312612
584189170
375675826
482053604
597064626
362430834
562216164
621202930
558569188
80983261
316052701
73611748
610529522
260782180
453246564
359848434
321400370
368215780
781261924
877678962
918076786
613946596
248946404
367336370
401125810
496519524
844512996
905282482
506080740
284519140
583618020
296279908
755324146
316104932
234351972
541246066
376708978
459480562
509143979
963416178
273165412
418349668
358404196
372297394
440163556
513529842
386749682
488552626
548327908
194595954
81976683
960417778
670957284
352663140
292603620
529284536
420317234
246157099
496106596
987565042
425348587
818779748
436084452
595871588
265929700
865444324
476730866
315571314
469855218
120160605
454624484
372741234
366151730
908047460
498624370
722888498
717223602
902597604
544730418
293053227
369441508
533627364
390106468
526187876
231798372
264487652
671902873
186723305
175040854
717422692
670206692
554390834
554114916
658718180
794365234
705364082
380538852
889656036
643868132
396440932
490093554
246134628
604893554
443299179
85364964
506219186
208177124
571902770
496336356
840405746
520454244
424036658
569108829
396503396
771333732
502659428
376111922
851313764
520388580
174219748
227054692
589630180
541509170
332366948
857730354
389592498
699004210
767623524
638099172
473691058
378085682
560325476
989817522
608125362
386564324
522025522
690282852
275263837
918537778
651737010
626648164
529441252
392853746
505230948
647560306
507865970
407522020
409238500
645458148
654148402
446070116
765300274
113003364
15853419
367475940
668614322
984370482
422577010
395480548
105981931
947966052
192125739
654087922
565378020
475823787
815562596
425591275
567230130
864483954
334767538
481520740
926378468
521839730
682214642
636105010
419912676
491285476
546324146
299854706
58467428
485616996
864695090
327661284
760619762
457172324
592030002
437036644
670137700
521456996
386906610
389363442
498473060
635544235
253189682
979684324
912107883
700184932
248917476
311364068
460653156
535419108
626501106
599198180
528917490
561753010
253952050
898655154
107561828
463837234
499577330
591490738
940480235
939536875
472634724
698303204
311808050
54117867
421395684
430096612
403055538
415866212
531354596
526456498
192161252
377630386
530418148
804203108
592614130
508152882
989533298
357334500
297901668
812009188
342903396
359149618
913831268
265873010
829376178
232292196
594383666
709588274
382651492
226722020
67582820
848571620
155212644
278018660
293053028
177278820
425498468
295637348
508308018
924405490
31275179
257382884
493493184
273767908
436611812
264658276
399381220
235162980
701380152
592537956
427011314
919551332
701495268
244944484
417264306
351390514
532921586
344551538
809942962
783728306
414971826
575754418
454583908
794912996
466952754
438773732
494220900
305756786
536320562
464347492
543517412
489632242
696507826
741657394
186924260
623499492
824936306
545114290
520934628
396588644
564492644
495938290
860615012
482736228
439439844
287765092
217273515
619171250
863716068
340337380
663896306
499913828
328187314
599654514
993552619
695057522
231933028
862275812
607397220
342831076
652086372
501244772
903598692
246705764
259302116
155325483
435969124
644829746
146333931
801335666
659925092
884524978
642007666
85267435
599905892
500039474
678966500
679579570
593135332
569759716
647734066
485787378
486571492
138485092
761131698
600450802
583486564
163597540
24111844
226728292
499798002
66560996
825365220
67117284
606899250
461046642
600912818
641639140
378815716
651876836
553302834
682199012
544310372
583919922
314021547
704877362
339614052
282580459
411448619
648623922
576055396
599272882
323960804
406517426
293995876
587675492
821916132
604987748
480916836
120369750
608300210
695644722
96393444
390288872
610397284
492736434
300367972
615678436
744535140
303299940
787968882
522472548
630822244
351612893
637114738
498718564
445350066
255766372
416767986
269284075
643655908
208094806
412584292
412164338
958390635
571641700
813614820
139505380
333935730
267444836
271544548
324909924
65649508
268476388
609239140
247101170
544144228
429921380
673428312
93022180
385014571
399643634
479150308
348449380
367617394
403875058
454380644
47847901
441003620
381308850
264760797
484428644
478168164
998036402
695871332
365288754
802099186
199571812
979972331
355198820
206158180
659807659
610038500
207934180
428450660
655343858
206969828
368200306
400912562
703294386
642380260
698208690
591208370
382681188
446800228
675098980
848486130
720020722
266981874
692563428
588936932
515636850
387847908
823288690
508286770
317178852
301074788
658522290
693138788
109302365
592974066
358945764
215331428
284434276
749069234
551243876
284105828
458811506
598974308
317847602
347111908
610972786
508313444
569167972
642688754
346028260
456855140
588191218
345547236
906024626
479228644
274510820
578545835
262451556
890614898
615512178
556601202
732115044
348841956
165935972
315953636
964477931
128356395
849466980
975142116
449561259
249856690
581005412
810103090
456682482
617557732
162506212
629848804
931201650
503352164
400533860
691583666
965651940
462670130
554223794
924407858
310804594
479553380
641431026
608309426
387200996
623888612
678012388
629377252
394683179
134919908
565234788
302451556
703951218
386345458
763441138
564889956
197640285
468495588
748812644
244293298
502600797
693360356
570958002
196270308
436041444
555037028
165973476
923225138
547623922
696927346
986275300
654028260
292689394
274454898
540172850
42620139
417428452
198781170
299872996
200190692
247083364
650275428
637434418
368187876
596517988
540106482
676721586
35168996
443050162
705964260
420224868
398062578
631737266
219369906
572270962
528007524
119263595
295955293
437755186
491135218
584460132
298653931
464031922
529464434
179884004
227908580
620889700
301307748
408238180
512082162
628044516
527188068
539211570
606054500
542662244
378812722
92205796
547797732
543235812
401350322
456234340
473580914
798435058
373543026
416452850
793842994
520927730
262533732
295693156
818010340
600561131
73101483
909306034
879050084
213537458
115469796
640177764
374414308
942245490
461482980
569844146
546481892
519829860
280791652
240728036
308954084
173714788
242341426
364578660
581312868
156870621
439392740
240427236
649955378
434524786
218202731
188497380
534512996
506358372
484040548
565349362
12351787
499632370
141964893
228206180
175397604
458516402
176226390
290252132
313915442
304841956
788259172
540149298
522088882
192998440
349049586
837280754
217555556
380724466
636450020
165937764
620696036
272973924
638298340
342426212
122745515
689377380
527634916
161896626
289202354
518840164
70835947
403182308
516052580
200796772
397524324
689930290
537104484
709949042
349971243
596916274
285365419
610587314
490452068
47152100
632923122
162495076
283717604
717343581
346642660
612933106
703672932
705330532
344925554
489516644
545389796
245402084
64269284
732009060
321954916
502267890
262625330
170505586
218772964
790256868
764963812
559167602
397935282
665555556
135030244
335801060
202281060
779751346
287247204
526183780
234804146
355012018
585480626
620066532
215569380
373772516
321980132
589098724
287567716
403991908
451275492
449587428
153715300
592107876
490679780
976202084
943221682
540247218
616074852
590900317
369430756
201645419
247555812
541120868
221787236
566038770
530016683
65401572
335137508
973338340
319351780
768971314
586429412
525922404
446214763
351000036
537031666
826403300
175197668
604536434
603769700
309058546
798815730
329594084
844159460
441512178
369851442
799532018
655482212
290352228
494073444
521297508
573051364
396708146
183224925
812908388
221915435
573141092
275478898
35634475
826195812
55005796
324270514
345779499
977560562
410728676
366692594
428651954
522019954
257118962
757984100
325881330
510561252
479809010
228387762
366064356
813092715
252175844
726316900
104318052
244860900
543454578
552957028
708419428
557385060
664907634
124931428
311212594
778690532
576331748
771692466
433592676
558917426
812771058
545357746
410930802
132678742
313476452
305871588
562415986
420850354
447215474
481914212
288225842
781440370
620928740
75073003
437634738
325201074
389079524
629750514
397914212
466932338
641554866
736356580
287364210
498658994
397121906
246326066
198637150
300930404
368484594
509047538
365495652
604040932
594045149
470267122
577198066
344720946
439914930
949151076
279576242
224377828
655997156
851670834
912379371
82730724
92325291
175417778
428479332
893733554
497653810
34133988
363675108
619327090
878745330
503740388
381184690
359994802
296242802
454674020
568772210
269258852
17578980
569906148
556877483
346120754
543496036
305220324
690849380
368800946
495400164
569328626
910394084
730639410
329107428
227411428
226887524
99113565
444235364
52162276
468733924
93978724
377007844
378302436
469473892
426285938
268241508
583081970
40354091
307986916
249108836
424168932
46165803
123385828
592782962
489332324
759565298
500017522
319688804
559292722
747968612
678652466
915695602
243615716
197424939
280290532
345132850
548278500
359792612
479129316
333786226
426493668
612396900
542651876
609589042
394751716
914160868
260234980
507212018
651157604
380599218
606335282
689908146
680193508
618910642
320214514
630436068
622051314
333787122
826160754
555245106
323851236
466121316
933777394
571880242
444805554
79646827
966924658
659417138
667660338
17649259
960253234
365471332
433687730
322763442
142974635
341884402
515892708
658030820
466622258
413384292
737727972
922268139
274013277
160340580
439505970
331120242
821656420
284524260
242023652
494684338
752193757
146282212
474051044
794818674
361071474
605918514
703243058
316932274
492125156
399750898
271962084
399390642
430738660
276999012
359949106
246042674
538859186
365765362
646331108
841740772
215919090
316191538
473123314
230804068
575765874
261694308
685907954
171311076
951758436
547485924
445017586
613639154
601060402
859680306
632551346
397270322
243839716
457020388
562732082
515874404
862991972
755145842
682809906
276669540
281727972
287500644
818877618
603381732
568745778
518171108
458666596
662343901
270079076
391273956
94145451
478148196
495520356
459859506
81664683
2438884
421609572
973778610
240285682
336664164
189785700
511125234
383924338
319585963
298729444
850463460
535614130
839134564
519780018
617679076
541185999
271279730
152132836
684863716
726561643
520275684
585830372
702112740
659264626
234496228
418241138
324095588
525059634
324230628
105870443
798045668
679433444
366491492
380641380
706711524
448040491
343781163
568078820
816577508
258554724
354445028
508380850
189042532
631928164
409727076
526823524
974462948
206564395
524914155
896028381
40561899
880097380
322949860
244767204
578760946
27255780
234394923
871951346
233062002
622200804
9614308
636610738
623501284
942981604
325455531
349187044
701092722
286366820
540464868
545538788
507199922
941533170
488293426
587710180
485486564
395984114
70434781
334398834
601398194
335858020
423321060
456327474
801422436
287142884
501593778
675454564
299504868
275001060
793943474
569526770
294697956
235668914
316446066
741385458
858019058
332583780
108218084
396470500
437124324
412700208
614401252
741181412
116142308
340911204
583532516
434490866
104777700
808440875
493934962
479326571
501912370
566969188
319286578
709863012
587119979
647755620
644279140
969925732
720244964
429138916
620593714
461232306
517138162
257852644
176855026
217728100
332203620
642334120
718132068
878137074
299605170
39427172
504248420
426366692
158011108
454321508
644439140
955582692
585999332
146230322
252087396
451823076
593786340
949286642
571908708
516268900
821436274
206091748
618261874
517676132
697869810
431118052
489440114
709485924
970591090
561982962
397370084
954705131
606877099
71517270
25210340
988341476
527065074
715559780
865904498
528303666
130177636
715587556
671484402
686324018
68089330
783860146
485923122
226142038
578128242
508614066
607072356
528916836
280741604
623763812
243231190
717104484
564104818
673170020
501824882
639135986
535688804
371067236
219566692
504812338
773316786
437773284
354506468
490184498
324553700
935161074
104278628
560585202
192128356
331902564
583557092
122962276
628510052
620639474
523378788
630045796
393533924
580320228
39491883
851214002
235228872
109464548
720506802
508341476
149801444
247385956
397485234
261398834
652184036
904853490
661947506
633728740
435954788
478327666
593136356
402740836
792351538
610105444
74369579
407842034
554340836
416499378
650613348
409469234
474897124
540885362
351179442
669114596
206345330
370538596
692447844
879906532
586708324
488359730
447426020
251347812
224942948
334426980
708451378
741715442
186413277
379747762
597499186
312287915
232190820
559884082
471698738
252111218
599308900
967823552
217322091
409829682
400024107
560986980
1727241
514972132
320490098
496859890
290570852
694956388
905661661
544733156
127556317
124803293
848282724
563304036
113015268
487718116
634694578
433305572
521713458
690197476
317663588
399083492
498111460
578895730
550365042
130610475
662969266
735480164
729831012
609057074
544128612
301146852
515120178
186581476
860774706
164161835
311037298
409075058
168731492
154901099
486385714
584504690
661483620
700133874
272982116
946548452
336099634
131640676
441674980
292950628
225572957
749403954
48181092
851134948
14817380
420242916
443341284
382443236
981781298
484918628
647704804
476140004
576139506
103006052
542569202
36213739
296439282
592566642
688677860
727566002
161959723
306319460
800310258
693890916
270102756
510613988
194305892
643215716
538990642
480708843
204845106
572704100
694054372
704471012
935840228
632049586
558865892
157232356
35399851
751103588
303497956
704859364
379057138
191814770
879259364
349147698
335755357
573050212
840111460
442805860
730312178
38284267
384970980
700292971
735989604
231711723
285978091
192420836
394174436
415513060
367715826
441572068
663714802
231591268
266038628
932634724
309151986
304199922
129389540
243913316
757122532
683783602
480060516
280443499
275711588
518770020
827379186
682428786
335534770
776056754
533229554
643685490
638075492
349507442
545598180
521024818
472809572
675239474
300617316
658230500
302114994
287522404
557062194
681140708
295438052
638901732
422705074
278721387
348915506
253976548
526624868
360126564
345275620
716540274
48215780
614960868
637874802
409814322
547829042
171681892
347618098
475695204
303204068
587004658
377428708
466541106
415558500
696049380
455426916
241867364
875220274
173919666
435883954
610905202
956478258
69945963
588888676
359912932
355479282
554036530
532819684
60902891
672460132
290011108
338526820
713537714
944870386
317334635
388516836
851911666
494074084
595692772
114189789
522204210
674702436
32478635
612477412
344567986
973822450
146615652
689036388
359126244
299364452
582669554
586702194
506928114
822066674
81346909
663421874
426863844
322833522
348792050
639639140
596651364
724340580
688661860
151815780
711373042
419374692
498505586
535690674
301357156
259111140
575119531
660075051
286363492
602590564
312801892
303843812
577144932
683164018
430545330
455573220
434924971
254598578
550656996
627422692
350196082
61399901
161127652
317955812
280825060
244867556
851802575
172073202
404683890
688002482
956070123
603861092
876564715
345739954
100266980
977992555
662603762
398279730
452730795
962772274
188415204
598236516
261347428
998562909
642018354
798088932
946909938
707759716
680043314
381525732
478554468
361221860
639091250
509993586
257330354
903117796
268962404
876885348
70123627
516527794
544907364
144007666
400605156
290540516
538815090
704166116
644489700
844238898
348743524
685219314
517983197
315461860
553696484
192982244
405380324
797850084
109494244
455302898
583043300
471349746
399741035
953951460
641667428
244296036
272191972
480325348
631343972
116518628
337183332
479978852
738046692
655688050
643809202
78501860
529346280
716816612
980446066
557946852
418258916
647160548
959261746
310088676
917211250
415836274
621079780
301760754
179496804
82268644
662922340
445018724
578454834
430427108
838900978
514676850
574351844
483468530
687436146
252047076
747191794
224696420
173900388
161524146
102693988
357218290
449632370
209216100
279498610
615775204
266991588
509459634
382004018
561430514
776035044
643906404
453291748
959659883
702613220
345987684
748782322
554323172
413393124
386858852
599528676
540106546
464300004
425622884
615891044
383668786
162437092
665903794
281248740
316229860
605118450
255623396
548724196
994357938
836556210
296157668
432658660
663948978
328226660
396927460
623718898
702917298
398844978
676483570
656427314
459004978
472066276
317447012
205359332
570722276
746528356
914973661
612871140
548985138
702218162
227500253
126245938
505371492
386126834
617005284
171367012
368057444
66992235
861470322
314205796
165877604
53643748
700983652
386655972
51072612
78861668
463273202
811803364
516015410
297510194
271158770
356432882
278884324
450118450
612229106
747343332
181987556
308611172
245451876
459927474
476556530
371583986
81479780
335197995
147390820
817529316
185657188
491360100
949966962
538444260
484693298
860911282
663658994
480735439
222355940
669228018
420546660
587730162
450272228
191702898
394038635
83000548
406615908
420289892
724336562
808097757
73972715
71836004
674147044
508962404
54511083
253044196
708320690
539536690
515142514
4349540
676396786
618130674
424837746
551876196
360243947
244113508
789768690
478112178
324173412
542713906
913285106
68860651
340837227
514045234
294327218
336084836
326114916
257419876
651727154
770070834
521941092
385582692
791332452
20064612
244480299
36564317
769625060
369331634
441317042
636943154
575787506
134176370
401522916
490560498
447206706
268146546
636361316
892605746
510306162
366650034
258260452
620112754
677761074
821357810
789672562
603553124
438542180
605546340
366117604
753765490
662885732
784880050
542272242
370814194
247065131
624828267
315621860
473208114
611628018
447035826
451706596
411692132
506699570
113598564
493695972
975899883
597899954
477656164
405141220
26254564
515529700
211673572
386376562
16981995
279800932
384393572
506828082
326914916
299851826
603304036
821725796
315457892
474709220
237476196
159927240
8263275
325597554
617488178
663073636
333462116
508860850
935541213
427099058
410017586
361931748
703604146
739151403
472726372
546718450
383707954
410865508
288267442
173627236
296734706
963785010
589165796
403869170
471014877
820551268
684420836
845172786
376304868
389599972
351048676
730347748
787232868
545611236
132471389
152510052
715783602
519379812
96227371
27769195
818795236
725312740
794783332
910986226
224502628
303068786
376785508
642357042
711932210
804106802
549825124
329829739
161875172
296132196
567305408
328528811
440623716
251741156
631142116
649839204
579249380
223864235
669451378
331620580
204977636
234232946
276503012
695267058
651473380
382407012
292078180
767328818
110092644
882715876
321929572
224638436
183264868
580544484
202346980
884391773
78027997
461027044
828285426
709463140
176496228
238157796
653498738
766250212
284802660
170117476
312286180
379990500
430231140
321422948
688806322
471238884
695003954
426207332
269573362
908584811
487471282
656676274
265800036
343868772
566107236
610683748
590079460
887254962
435857124
362371300
549225060
853366500
714143474
641021234
430368114
589104370
626566607
432857522
660645860
564018226
507047268
519202034
25508843
707005284
318716260
670831972
648071652
149125995
504353970
603913778
555809138
252712406
410452274
525167346
139685213
813663844
781729124
723807474
106026212
439967204
673295325
793269298
206149732
572839858
434996580
980303723
570366059
424205412
166500964
144398443
547058418
91551588
594813405
414887218
624343410
401488612
669846756
911496498
399698034
388021860
364808932
273561906
813556658
71808235
712379378
548182884
263477092
427659876
796719154
432744434
932877540
304975460
703639083
626637028
693365874
640068452
695205106
463836644
470720996
245020516
435705188
628625892
211772900
517432562
668423268
650974130
175367140
357170532
211644132
554156722
167601124
267802980
333896242
665662770
478545842
308321714
660610226
279965668
321267172
446542564
675662052
279707748
688050788
232760548
181454820
639981490
190242788
539876274
22534628
683871154
583870514
999852466
24263908
642290866
736415588
505420900
64999211
243918180
451049714
256923364
381183076
328155492
556598244
544304882
252711268
723681764
726215908
598549988
252736228
637349867
437241650
529290084
447830884
133870948
594793074
284994020
304412587
503275620
440276324
482248626
700340338
370758628
888969700
915116900
476556644
812655602
672546404
638552804
492937074
431365988
632533170
669511602
484786290
756664114
576791396
583468644
370886372
720523762
671665074
761369700
457811940
282541362
766041586
51806635
972728804
711274468
538719716
777387378
351205348
511226596
859228644
761701348
334383716
135449949
429456740
254471922
62350436
488997860
432733668
132923876
471720164
163822948
47922027
741431794
872823346
640970340
417297202
318416740
80189291
716463282
769431652
682663133
998888683
707032306
450410866
876111460
435983410
483562980
152913764
432338546
812180466
337473508
690409828
694578020
187149291
701811172
603577316
647311332
303694564
389791076
325815140
324961124
448488932
405899577
593383396
274272754
534985700
347171556
621676914
486984420
538225124
612703460
254040434
886263730
720636004
782613604
378970852
448822372
511981540
696297714
547412196
488395108
436156900
533445746
486793956
579591268
542899314
815945842
350873700
29958692
562581618
331441124
517920050
683722724
306261362
731139428
728024306
301154404
418897508
334078834
544163890
329556587
288369252
648174436
363453362
390001970
653176754
214068452
181421284
226774628
39026532
253436516
704735332
893525170
466234162
562105906
98015076
430447986
835406194
85378525
283957348
451269682
110681131
138619115
676876722
28807403
431000312
458843954
352670834
288345700
129087460
529838052
56716772
410181618
520241764
59486308
167474660
912154084
597887460
447159908
585027428
157528683
669009394
545385970
991119211
289010788
533913266
517176754
405609316
833905970
364684004
258623986
45425771
721040612
283478123
554191218
265530468
209294642
474231730
445277924
451284018
504028082
700314674
448805476
620901860
307919204
367503709
566885348
156372452
868671332
420600434
501518002
590421042
309141355
260159076
265652196
656590066
465489714
542297714
431639140
924334002
428376932
450565476
344241842
533226596
256961970
406040036
246254308
196453604
425050212
306876900
597832676
401883748
949986255
460749540
114384612
487355954
656153714
442825956
686934386
131072484
624170724
597861995
78114397
89551965
337663332
683529778
368971492
846795748
244881508
318524644
601276018
57893675
340086372
494938340
580325618
520291179
952266738
222306994
793218532
116212445
101779684
78579400
308195307
488623538
587613796
650783460
614676708
65220452
426568036
417487588
314626923
264688228
528166372
362370994
727879908
640434290
722709604
597214564
718690162
575746034
437593828
453894749
335744996
813166948
382574692
355668594
558622706
316334180
314575204
201514610
898353202
360960484
324855858
780347250
579294834
637394148
686708068
433835364
241980331
468644402
154866916
150160619
791696562
446875698
830399972
303504996
817127858
243117362
546593842
562441188
593183588
280947812
566293874
434280804
634503282
648858610
643580210
743218930
726803940
852069988
267154020
633205803
401794916
152337380
167916381
3842283
448417892
46127972
205376612
475615204
671739620
269247972
528002660
355396452
472447090
285640178
344884210
279355364
729237298
91096562
210248292
546101746
590693220
523297764
284584548
445521764
494306354
837240434
598265266
930053746
555700708
143558244
829801330
203300843
511776996
491642930
893531499
309506068
508308068
440655282
404475186
195386674
437776178
520442930
922990130
549059250
889974322
826060132
416819506
72478052
602577458
521620708
942487396
308170482
618742479
944945380
524475378
576005874
682647538
329657444
434358237
575734756
239926066
524604260
514459236
521350962
455255275
285359204
417755506
391707748
363619812
442588146
787483492
737545970
402204900
796977892
754057138
276515812
516580658
658964452
347485938
649284964
191834290
518085732
754760420
376831282
568581362
345805412
700998756
446360370
538139442
700021995
329454194
616321124
908171762
405553778
367890532
542123186
472704868
272586027
781505124
755682610
421879140
380070628
37294692
910285284
597140836
496586546
449776434
441809714
752954610
265299442
475468772
560839524
558751460
24935659
610688228
510957540
589507314
65155286
774316594
330777394
623161778
897329138
145568868
41022699
374626098
427500338
210994916
689654635
460140900
201201124
403820132
791195634
745624164
571687652
724830173
223293796
288446834
301295410
604835172
358280292
210330084
198271858
182041316
423765298
830540274
331219250
684246884
549612772
490909796
484942948
928452338
934627684
349572594
999373035
372279474
214651876
410642020
781064562
280345188
551704676
465680484
366335588
513325362
446202596
557007204
798448868
888263538
569585266
443052978
629202532
494034532
904436836
634467378
307885746
945057970
264064868
374225252
201498212
953507556
497062258
170341476
309854052
937165924
483716068
603743204
519780402
654841010
600379364
97978596
318697074
363142756
362154852
377411762
406544306
266878308
712334308
630766450
804387826
406004708
125276587
624498916
607759716
598317412
182112456
644631218
388735204
262547044
480553700
758300722
891075698
410070884
3628004
891870180
480129010
791950258
643047261
600945522
556640370
899059179
668980786
648472562
781556964
923979698
717105266
330399972
24743019
204871908
447832804
813614948
264012146
535714788
689617970
125728356
805955940
312821163
531848420
648427108
379090923
785016285
473437028
271877604
514831204
662732004
288872932
437305700
568428722
792473842
656811620
920040932
717437021
142044779
805237618
586656939
570794212
915560754
461896932
106847332
258520420
127155556
834680178
185214564
142855652
767188274
185668658
174872541
433237362
543132772
241264356
606596466
463803976
392540132
782929010
572917106
239765106
174139364
593935716
493540196
523458418
320092651
175459314
631285476
511520740
463540786
682149988
481718066
88054244
503859812
472049970
709150258
610175588
244161074
640383588
880624946
615401316
681348452
277168740
833396466
221569778
548798820
317822578
647841394
707919460
127227876
223042148
279735602
535233842
358705636
372868964
401041636
571342315
465004850
267348068
633454258
98773732
373991140
445649124
411917490
834356324
878609124
939897963
337311972
589164018
538031154
429485042
417088114
692529522
380348388
557593330
739101668
418334564
431925106
497143524
343681764
146655332
823057103
590706034
232042724
208026852
391926500
469258418
397170532
311994034
367123300
430970290
863982052
259172964
855279332
649130724
959110628
270863026
386950514
476583908
577404132
122549220
367093106
796057572
702301789
575971442
337367922
584455780
421522098
5261405
66849501
538004196
735348786
594492900
487783026
402758628
229244644
313739876
508912946
928424626
723240804
428897714
757916978
291554660
640125156
428252722
309764836
655359588
201183218
498450404
482044516
398105778
606194532
541697458
650366194
569865522
5898973
389411890
120797028
122216548
586462450
632191666
566452523
335092786
656079474
351609060
500318308
302534450
275953252
431900260
584959858
688742500
392980786
503345636
391620068
304922354
474842340
239581931
232423140
517343794
261380146
451438052
295844338
650214130
361528292
490369252
733118642
611250276
112744548
791511780
358162098
769450482
247772786
424638443
362035314
470643556
245499108
445686884
342530738
585387492
548638706
482423140
671246564
705128370
838912868
845598194
942258674
520939236
729212530
53329629
350075762
525323108
470381028
393852082
411380402
863852900
397261426
546804914
642881508
471569508
633195563
641701170
428631012
298041700
857778290
421911012
644033764
494538212
226906980
403013611
295237220
248246372
234208733
796205106
502168420
483470436
634462052
962253234
413520612
591864292
473702002
430225764
453026148
471068132
560064612
532122674
171060836
368977764
736578418
90463204
626613298
692227186
435008498
451580516
380090596
199099620
958822244
693467762
926912861
583861490
537879524
378602212
372631986
13680427
191768690
737207602
277615588
277503844
137867179
44586155
449923762
488638514
462564210
480504036
407929444
387776363
527715826
217050084
702006898
647203250
286485988
384680882
926798770
174721714
467926756
635210724
454042212
964074596
505502706
528662642
404316260
881619819
494600164
675913458
202939236
497673906
194831076
75567972
474911716
397454962
915998258
333836018
467517540
352958436
612582578
460468082
674226610
311080265
419693924
345602020
61910628
531455474
645461348
373794660
134230884
772279730
423419570
985356004
508012132
390711780
824087268
122633188
316073458
433631204
457464676
320409970
848437604
539858276
369799140
461366834
138232932
517302628
470386859
368310628
374774884
533203570
591839588
487972338
520929650
677870578
949265906
649928946
591863524
109075805
573491300
104594909
573906738
389721444
419553252
618930148
771885170
21032107
321696612
113614948
562864996
773739122
397496882
649174642
451071972
573613796
282070116
209487716
676184548
343147364
675721714
714885220
215769586
333126116
732192050
948023652
257945522
360642276
712119090
882976690
131475940
550311780
784389348
182934116
422511538
348961124
354288754
213742180
133903147
124347883
320188978
399265970
722883826
359487332
454315890
792961124
320943460
462061284
365925042
213625522
309715545
821068466
550386856
346523748
333463602
625573220
185196139
523250532
496888164
267608480
284511410
361682155
621172452
550879588
572331236
885004210
319124274
693592932
367878628
525678820
599636317
742420466
338822244
944349675
53167204
546708018
527514852
248697956
590452466
895268964
261803128
598572260
379997028
566130802
287673970
183219044
807111140
301869412
109434212
463695332
453894244
703187314
223678308
171495652
283253860
270981604
374098994
585286884
483719218
832459364
493566820
326465636
641016818
590691940
401648868
327807858
545015922
128199780
103268054
438253362
621778404
620115300
643065060
247011812
439589604
282319154
392712548
655351012
439008484
525401458
409836594
367277412
12025060
429544804
421816804
621451236
555317362
502330802
345376754
831948722
555337188
133785060
454438372
527648868
299864932
379779172
525603556
618366002
787539186
515694820
541838130
862215282
710891748
275036900
393372644
188637106
344806756
478474802
447699378
144292452
504043620
345063922
617012324
249111396
515259115
750470500
287545821
541923172
877813348
434749412
528390500
381850596
490668900
212931044
564548594
283266482
68283876
663864932
61034596
330426084
442872242
776166194
45567211
439205092
953944939
278445156
670161138
501940324
499708260
563388082
35732523
555148900
116674653
204025828
856244594
85501995
192221540
451822564
82778852
284200164
168904676
406762724
288060772
711080932
587874738
503550578
893664996
574855780
469275179
188481650
124039645
671498610
540906930
138762340
541003876
620022578
495741412
542910578
991257330
295288036
395889124
286720882
349976178
491882546
754064242
333992946
237500004
876516708
374028772
568313060
554183140
277215460
179964132
239365732
547523812
983978930
446094692
504971186
758068914
398079716
666110052
548996459
38320356
192253483
439213042
347405035
429081906
616297650
960713138
394626475
634543332
501459556
747483492
268622002
693840228
489346916
648433714
679190628
514274020
42394468
367578098
591150706
520043826
857378532
425287268
376611684
345805540
546410994
540704740
437982180
529822002
442436836
489191012
664904420
423813860
45172971
198414564
182741938
227455666
426836786
542775474
479928932
611989220
943959666
596057188
397767090
253913444
364587890
883924274
98879844
128927467
541035364
673951588
691303602
473228388
527385572
46602217
393897202
626677732
591204
101300580
906374322
928917170
301444964
457759346
991490283
166934237
562628452
660354148
384569899
449954148
639896932
390854898
227337956
151140573
314604260
789638450
646430898
436726066
490704740
121843428
245357924
181624676
606682468
238463986
141710564
974084466
551479218
575360690
909937458
523473906
840858084
553116004
443264370
233748523
327544036
323404644
628920036
302339940
460032690
562416996
113793124
669729394
759418354
106724139
375928164
833549106
238585316
286242148
984391652
293144029
23218091
680073586
486527204
396480242
386681369
155886308
951480420
324610859
120699883
407221995
992201828
201522923
239512932
238678244
530199602
459621810
649670884
503743282
308809828
359867108
482265266
157126628
137359588
659332018
567757796
879038429
300494436
681354738
393714532
177294564
638175332
535276388
832681714
568975204
602741938
716065394
646780260
589981042
460614642
804435556
491956964
716543026
261068594
131059812
332826724
241020516
539510642
468213092
491496420
352000861
799674290
709382884
447056626
591503986
912729970
384465636
507640804
273009714
582874994
499403876
765953778
665959901
173691563
347383652
200368996
264187506
539064420
279500516
275668324
74789860
679422194
57549533
221859172
679277412
867359730
512660914
540221810
566473572
59390820
660237156
321321700
471619044
691321444
470936242
111210717
561081060
912182464
630674610
457981170
418868708
641330162
345726052
819092907
176810596
729099364
359052651
436509042
751413220
334245220
147689387
436203186
576892772
191909490
916286130
553756722
616782706
335126372
447131876
196061156
565786098
353327844
299758194
205020516
750247602
141610084
70181860
193607012
240749917
330893540
356546098
426609266
772846450
181794930
349608548
787638770
441338980
169187172
951132082
486235492
239342308
473182052
750998244
745453042
500493746
23981668
305666660
481814500
650320818
596112740
533996914
420359524
614524644
582832100
526432740
357237988
339653476
500429924
785179236
624644452
435919204
680344932
353875890
251228772
262614514
332679026
676590564
553612722
489609956
252695268
359890148
479250930
662165476
761249586
477587684
760130148
580542820
325535666
833622706
440860516
877870130
757289906
862525540
960160875
219119474
571728868
373095268
606420914
499823588
533053284
748676324
636706226
954652082
367308644
461393764
244387172
556764644
392681316
377450866
604139442
95877860
69013476
760586034
534763122
41104221
666702180
501095346
423891172
722187364
471655780
831137266
219575346
941051243
412959602
646768818
683299300
446461284
278502450
402250468
360956644
686887026
379423204
783011250
404648292
472766322
566230002
340742258
341517227
874599090
457639524
976847076
596163122
537950052
596714354
477728100
554912356
610649060
815367218
627394994
362858354
532580708
266644438
226637028
435003108
397733682
597344242
245282020
594983524
329667812
789909860
829664434
610959076
228722020
981913949
653097316
758967140
635463090
272706283
556396900
398564146
726062770
165223083
480278628
586739186
579859940
989496370
549959986
644052068
834077796
660197938
345342564
353998564
629154418
311568996
401905522
203336619
297668139
465982130
558380260
394509028
511589362
363807346
145166948
446183851
578288740
476658532
623366706
729022258
515612900
625755492
527696100
644058212
638236018
969882084
756467684
975483506
520652260
964346738
309711531
466099300
90761259
243502308
229736548
638995300
634701412
50574308
405956068
664136562
621367474
320008626
637486770
373914098
554969828
564705764
295415154
109354468
133040498
426240882
503331563
444264434
780564324
683756772
782206948
321881188
738126002
568432356
435743972
421852018
300141796
100724580
338087524
740163378
902102112
231191268
528039154
344399972
857665202
357758436
594092786
115787720
206630628
35008683
379008740
452879460
380870514
601361842
392277874
586614884
480279780
511388004
982306226
716038706
246405348
537220068
730305906
434667364
289388772
915143268
428655026
155411684
140098276
474247090
492554482
841621490
495844402
259894372
144359595
707012452
496069170
438510564
275910116
184750002
978319076
640522098
407694180
282843364
27932900
708975602
474240178
175573739
460080740
639927396
9130340
413858802
152193124
642766052
632026724
650743154
697198692
451284210
569109476
592696178
418200690
409305700
471746482
611970994
368796402
115441373
792036964
176899058
645805618
344431332
518118962
621314930
325828779
190909354
475144932
392908772
571550820
972571826
222292452
505025252
627153394
451805668
178606002
334098098
9748075
392812772
547925234
591013072
637406308
831816754
916770482
529500900
273848804
818908260
174031076
885416804
395250290
628499890
450325746
99098084
613192548
136593195
507082610
323976804
416826084
197166948
373264434
768551858
5564125
639333732
335072491
427138354
457616868
492587122
366718180
333766116
637032420
267120740
462090034
829048242
175820004
380629988
960219250
218456036
673290596
265618162
557468338
731236210
528700260
752140786
137117284
459649764
832177522
12800619
467636196
184578475
701960690
779564274
357813860
746114418
522200292
603826610
162925540
401446450
908157284
230789092
168861028
91930923
422820452
377861554
460237170
639369572
652053476
147186546
553316324
522917554
249615972
328765042
306671076
864333682
930368228
95466027
670792164
465494386
808213988
322263012
549519218
716539506
171617323
591906098
388144370
606753252
164906226
573927090
205546226
632265828
593205682
547803236
272878948
458254699
289006308
144554802
265937707
432320868
910455787
806889188
288311730
451202354
895290354
665534450
684868338
231015908
326586162
722774628
332241764
425843940
605236452
575726820
529300978
436003428
511832548
327660402
341378994
92722532
645167972
553596402
405460018
822337252
318228580
541015026
312453042
173617131
310648676
948768178
991115357
485676338
317195634
561171684
571611890
569264100
240066788
461872100
406016612
411371236
593525752
681078706
397181618
971403883
24367844
556012132
617767140
985032939
549773234
242536932
582265010
172062180
567434724
344182116
440817508
709858404
860951140
286344932
210241586
541514866
342181732
447609060
271950436
470894578
275152356
378053732
832258354
958527332
269719012
493490354
722745188
412702898
178737643
352074468
205228388
947006770
178477405
245818724
967828978
657850162
476822642
36968420
547595876
539576562
362139748
345786731
504045284
559559154
960523115
392768228
597420978
569645540
959314020
403573860
458420068
549621604
116379051
354094180
219641686
840628324
313414116
848378205
723878514
786847332
466174642
565905636
159115997
412540132
648636132
472342130
201656932
83746020
255107684
721573682
498136932
434455218
146872804
613005156
452255844
647192754
288035122
461796018
63148395
169258724
536111716
419452132
975080164
624279396
292013924
396043876
567142002
229839588
585609956
206072164
602194155
159524196
117810276
449526777
593209828
562230884
165497956
908894642
135699051
389658596
976535012
643807588
318581483
410380004
730414052
497898596
645170660
510987378
998635613
80871140
609667044
629482852
760252388
573871332
326043748
316247732
313182052
516335858
460344434
49454429
420045810
616227883
438646578
442948580
309716452
388671076
265237732
157631716
269683890
78639972
852443698
642878386
437368882
518419428
517609700
837591346
688905316
170054116
328635108
538400868
536995812
189548516
714403684
266301540
623093298
473070820
107878116
233899364
434614386
798718948
702638194
375485668
401483748
446488050
103315300
692370802
670653682
533474660
938966500
306908274
626784484
514665138
650511332
625876658
284181298
249358436
697874546
482818788
603840100
568356708
383467442
495333490
459258852
333184996
620801508
682291812
88291172
754044644
570044516
614328420
443635428
659910244
356681842
290675684
725423716
390081636
305979762
258924260
565808484
538391524
368979044
646024562
15657672
587830500
676071730
565758436
291961188
300251492
325737956
158533348
737173732
294398436
389353828
808408420
399550308
483191908
382679474
303873266
232132324
298040747
580651634
108163812
7712939
103542372
473026482
776559344
555079780
956851435
538016754
645812836
646482034
595193956
182609252
301158194
60118365
77011044
212587364
512094322
167824484
349651556
111631332
580585586
734601074
920756018
443684445
253912939
682218994
282772836
797266141
206567780
307382699
277237476
439923151
112112868
659847474
31344228
401023332
807336143
337753316
657058098
361060210
447182578
523493220
640397540
390940900
462410084
658036452
135868772
835136100
322341810
382574180
741085924
660759986
333992420
857638194
24764203
755261540
258769586
596834290
694444914
765359218
609532260
727687268
130950194
536869476
225051364
896489970
544044772
867773284
726887652
805273060
661189554
419234660
506153842
216555748
228406244
553680626
194795990
29594603
317495410
499533490
604227058
278722098
404036964
998993380
155518681
395599325
249388082
720168434
803336036
302161970
372031460
321014116
322873188
943975275
675287282
996712292
785041636
407356004
86979883
229504868
622647268
850101874
430345970
445015346
919834596
387985124
652631780
860416861
827277616
493042020
782348338
692491613
400327524
442293732
281951076
519737828
681004132
482581938
483740772
373720882
363781220
632265522
618310372
362418404
343019492
324357170
326876132
263368306
921984996
609870564
591403122
795612914
94021547
337625572
779887730
371671133
534269106
303373426
845789874
369321451
502609266
557260402
27843037
33640932
19184875
296385892
477358820
947748815
338837348
347488811
79578340
230179300
492978788
507584626
206477611
504491186
708128114
481493860
459715556
834893796
146607716
717735140
463969636
27875684
533357263
546034738
522926564
733321899
676507954
325091172
292866482
818171748
822055524
484994354
607171044
395783396
913177520
940381156
747625074
794856655
62668772
199585373
617126962
316484452
91779044
797134308
619810930
424488548
435270372
555679204
980299883
234400484
227710450
453618610
310050916
495110450
923554909
516861298
673583460
696005860
435048548
285378020
730953451
799378994
508350450
109731627
59093220
964740722
57582315
397795812
488029106
827739371
609844708
655856484
738725860
987096804
566768114
475605092
523240036
251328100
350762212
650464868
78874084
572665444
785781988
565343666
841264740
312237156
279466596
778222948
466831588
209385828
647836132
353902322
407663474
807223794
590186980
473725554
525356722
933228587
956695538
433600100
68530909
659558628
770430258
116487012
27886301
562823140
520614884
381758308
479183972
330768228
430307890
290350564
846369508
438534514
363613867
674163570
498207218
299991012
539867058
449443556
813987058
571131876
383757234
579220082
666123186
444295032
51498731
855758948
574382564
969224114
624200676
340873700
394084452
437982194
634534770
630053220
238801842
538322020
760354148
251595492
286778482
191230002
546666418
599640946
278997220
343716580
499613668
777520562
277791588
984655282
422842400
118440804
166047460
158151268
352855652
809315940
547600996
496629348
639499442
508384114
353112548
252125924
490309234
397782258
110126692
190577252
482050404
482887858
291235179
394682980
683685348
495532900
762927794
42431339
444492978
503483492
558836196
139945700
609078770
727285732
979031026
585994340
521904996
138394212
720663780
348450397
616288100
104628850
490237156
445851826
965019570
422214884
201625956
918888242
295688292
21862116
479803748
352796260
459219300
279545444
307976050
393201202
288716850
419057380
466017522
362782692
363204196
306970852
995887602
526527076
377638237
927176498
633084978
206748260
528992242
903842034
534408036
548936548
320679524
391301988
527825892
336783588
760828594
602095204
998521700
103932644
528092004
953366194
188607460
304028530
503463730
711562098
450814308
14117604
687423730
417095268
529767524
530359666
219803236
201705444
870122980
149102642
425895218
612784484
514506482
362944356
435722098
392728114
689499442
437979620
226582507
268906468
375326820
192945138
703212260
481354354
653067634
128846386
229825579
413105508
196087268
752542763
423195108
408146404
307981298
770784612
561997796
498908907
818262544
397076476
543685860
72179812
514322788
349406557
433746660
989978482
739084132
276343794
670014770
536613348
400504292
517348452
323771058
726988900
233382870
366983140
350083186
461382500
627261938
557784676
292573874
506901092
355797618
843429682
558992356
615585522
899065828
494895204
476159090
436623986
142200292
919579954
184810852
554580146
297643698
535889380
822855346
482756594
360452580
212524772
683518002
569427556
540421092
295295474
447096420
793921757
441315300
757401956
328307378
315317672
132551147
455236836
124814180
434255588
245073579
537810532
385015410
740840306
387784676
268552498
612140914
446888050
341407332
685087218
749698788
60439140
91279147
295423716
286632242
935412722
257126130
625809508
338307044
913829234
244855524
410053682
413919204
474513892
563814002
27058603
40793693
501819108
739002724
312471908
695506916
354564466
437720932
528815474
911718500
765990898
443840740
451174258
462927666
313229668
412255588
384656050
662274802
683437156
4718827
762705842
420823154
247493732
641867492
345574450
468192619
327471332
373971442
599561906
339625202
732601650
345453746
903704818
264135261
443367652
450974948
886795108
271980132
40836452
15927147
623336548
245302116
634006002
346120370
303778148
297036132
484886706
770972594
257560676
153986283
290154795
544199396
454724452
384877028
995405618
290206898
535550066
583328228
567730098
411141476
902582756
491916516
527954098
546002276
513219940
521506226
253046244
652194148
344507108
352507236
769447517
888323698
212238308
922584932
583160498
345713892
79589739
677487588
549872178
244923947
888804530
748844260
677353458
716119531
365590756
539984626
779989604
600364644
449999076
383347762
760998244
419082098
45450283
549386852
179502820
369764658
304593458
561474674
692550756
82925796
464613476
817979876
335020644
621668082
700707684
65693412
33950443
306343268
899756772
903803876
530034020
454470258
281102322
666706930
188586340
421028580
114572900
501054386
976321636
115154667
426095204
288650724
535171428
533024100
47452637
420308196
557244516
295966706
853416676
439811556
285228516
336648804
303869298
434563250
118625636
471673842
262135410
696751332
318568676
341574244
486125796
158204509
84702813
340672100
713161842
462158770
458291428
451802354
488856562
359925860
745385828
568473202
318741362
612425138
691163122
194425316
645068644
641155940
474604722
411457394
595517554
682886450
406058162
371274820
387839794
405833714
741564260
351832690
254879083
475426034
449198436
223853156
954416690
349895396
285728484
412615154
210418532
632867570
367293035
746330724
905184228
341085682
59775460
50889046
633153380
558178276
131017771
438335026
558284260
725811120
317375076
425391076
252046706
93402845
445665380
840878308
463422834
537703538
598041074
326359524
330888818
74382820
82648292
553315698
648500708
543189106
520837604
572060132
47595357
377861860
689186738
802840036
458747748
620366820
696039538
284070258
401682532
369978596
775759602
281152612
696701284
57262308
238332260
337662955
406211506
521350116
505172580
632403684
289778532
215497188
432274020
37591133
390870514
430046962
508054450
137436125
383387628
396234468
655255858
429351538
349413220
304927844
726343730
66475179
165100516
158297828
712122852
672721778
389227620
675328996
413300964
721619940
598421220
579532914
445183332
775035492
375780594
252192484
386968434
226349796
269764324
580810546
604791602
227676132
453202546
427518052
584142898
100653284
463692260
192752868
474456036
620637156
287801842
506894706
544903140
553350066
3831773
296301668
305926770
945094258
378205746
318245988
281602532
927756004
825230692
80050020
244423922
437123940
421880804
841840946
432421810
625236580
363501028
388220516
862368498
102565234
653129572
828492978
467622130
658870116
322437554
8875101
226282084
398556072
254154546
273152740
765461732
400846002
262014692
499801650
547637618
584274404
786966244
531203812
629492708
141783645
901824242
530326130
394902386
454060338
549544036
339651812
755126372
138886514
349669476
169024946
446097508
467452388
990268082
398071396
589039602
539421796
568892516
781553488
353070820
392923698
358352228
520704484
378905053
418058468
724403954
216179556
236934884
703746098
653972018
681070948
444591723
364436978
646817202
611749732
366817380
394588530
67136747
303519716
397002482
406396466
224028971
876852836
764595289
495356388
834266034
755787108
266948964
544854884
749354866
491758564
658212452
286031844
716633956
321665394
464200932
435048804
449769714
711531058
181437540
767276587
522736626
677011428
453404978
515814834
444886244
487768498
441187940
536101604
553494244
480418916
105362148
754221810
373227876
140236004
371687396
520798130
526372196
661130596
84333540
607441202
501624434
741878116
586929138
815542834
699155812
392655730
673144676
447157298
364416740
375192292
277869540
624879346
52847325
705025266
458672996
119456612
999925938
458455012
502189618
478447787
877039972
476583140
496773298
99319026
998180708
782377650
187621803
520794212
988925803
289530859
664988516
590601956
252319176
640717490
608659563
814676580
458031972
555905458
104082347
516167090
492418532
395953124
984835307
487068402
795001202
260306162
261382884
761327332
129911382
664537060
206003940
953300210
238746212
961523307
355069412
429286578
738277860
512868196
512307421
296947300
676308964
731289906
394311528
671003485
638986418
260503908
800639844
794410724
558386788
639844068
242038756
151313124
607998962
470031076
276524900
517294948
448744818
521447410
163864420
510904178
421827044
785480690
425024178
427493554
273334628
475920612
584772836
370709810
307450596
748069618
857010482
64201430
597772786
742034994
842736754
164797284
598566962
615170660
593283812
597569508
492469348
523837028
960656847
364304882
380141284
621628900
647539300
618960178
759858738
99192413
548943204
644127844
878432100
635218034
601958770
511755058
848710884
324379364
490010980
355626084
436199410
621794290
465862962
690916068
402048434
550411890
916169700
274411499
368246372
282866916
254106980
119847908
649866290
576993508
651677682
574545586
408710884
896090987
544214066
867537522
712212836
808925924
270477028
467532388
885313010
283203186
860696527
360278884
41275869
392259250
129146212
567288306
933981170
312169572
461264498
543762404
165340246
733884978
48005170
352719282
797690212
880700576
339939684
314313316
283999346
542505330
395897074
582634212
287222386
223121202
216936811
799245938
188374578
192368612
578347051
505165554
327614564
377137764
676638180
317849700
416887524
54130923
375230386
503289700
931782642
741434162
676017394
242557284
670745949
621294436
206241010
603830322
67431140
354749540
439629298
312190692
609903474
230912434
323605860
285069284
787593906
514871908
449078130
604306738
517449714
496755442
863549106
281716836
526345828
533047780
341286756
130501995
697955684
573486834
173182820
458246372
41807332
549064036
704245618
571987698
477853796
34866020
300004964
147733988
450549476
524706020
439890404
781923812
398443620
679866674
718082738
517672818
245625053
398151794
459336292
698567780
284910514
521962084
124351204
453778020
443132644
409586788
782001586
630347954
703247844
506039794
262572658
611043172
392890354
561253476
359243620
140514148
632003506
327096932
800405938
661418290
600888036
423654756
464466148
347477618
442379108
932742244
925668338
316058219
549506532
321653432
407260772
746308715
327280868
546702386
270912100
592167524
533801188
465395812
380757732
525245668
871399154
762777188
401067314
458543346
609434482
52398386
370283250
369835378
453990756
537466610
270886628
882864335
417085362
742853746
425319908
2750052
665153508
334403684
644999858
627114980
218327908
355068132
219142116
223859812
407905764
559780466
974777714
227896292
725487972
673242866
437884367
330626404
565495396
276315890
391759844
235592420
633675748
936535780
464928306
194262116
277816434
6367702
742955954
419056626
270698852
244883044
471021284
441213042
384905060
316341348
876168626
690014308
434602212
570735154
334321508
851410411
656745074
649263154
811510116
277251172
698130660
911885362
140712676
503724146
497173490
333737835
172920036
316028004
171644651
474061668
367191474
622546930
425923250
781383908
377815154
312465714
351639780
185926628
377494884
758990692
973998258
352627684
273621092
303004786
471747428
503929700
120590429
944599922
428194546
54281003
372230578
301987940
161320804
616124900
686280036
750065266
354782820
163161316
509150066
220481764
792571357
733587314
888931556
550597554
112919524
545484516
869051492
451460452
755658468
650339812
380464626
724847538
340349284
264076900
607140836
195535716
571259122
399883364
44600548
332974820
364200754
171130596
448777650
306812018
393152114
457311844
385052004
713223908
249406948
353584996
449644594
319785707
125472100
141358564
459571428
307138482
206190386
812358130
62694500
386007140
737017970
549515954
32513124
304459748
348734834
569673074
675909604
653951922
721913060
614795108
568029284
395052772
679195378
649875314
750203442
444045668
653821917
255529906
290510308
742830436
288333412
580668402
3741355
572366770
282173668
174658020
434473522
398393906
438335844
819281394
722777444
557835108
43889380
594462308
971540018
688257330
415258930
686704882
654257252
370351844
404348260
557945010
257247090
293858020
727248868
534053988
457093220
571011044
664964324
731940708
335971186
355258354
43008683
588114532
25473003
955869042
823838450
132751332
186514020
323050468
613104050
331930980
351135076
257180260
772103268
65489387
538404836
798119012
745643236
966813042
758487858
305602276
624061234
933698667
734237540
295049522
222471396
574999922
323131748
509268836
552141028
210511588
174858212
694169828
491877583
217568043
495991282
550675172
817309234
390914418
381012324
521511474
369204402
924760427
350266354
935066987
402471396
783094372
957573099
240196324
103710436
382465124
766437554
554929778
512556772
213233508
534735588
771718244
248229860
330827236
467868516
398559204
568297010
353579314
240542308
228437092
130410084
366012260
384878173
555662635
510541924
119238763
782003677
479045355
559756466
717209906
681073778
423138546
738171748
437517810
180795236
528437604
9041757
447270756
535276658
966927076
329553380
117355563
428487858
278570852
240319460
670103140
300734692
455702628
661299378
162964836
436106980
524549604
589442354
823864946
351636530
217133668
444702386
209333092
453795552
133166180
53942244
354748388
869040306
294044772
328332516
690701042
842626788
444564914
246378212
304479844
338496221
144469213
648276210
265588530
735533540
572803428
931179883
562266340
290341291
629118642
93274724
553188452
330445042
489456818
631184996
205103716
351698660
601648356
272615268
717276516
443598948
612603620
595933170
623894500
96804196
534805092
289152868
742222692
206433252
765983460
594688740
490319666
440143460
823433572
124032619
314495972
733832804
900620253
552545458
699885106
49070948
364717412
531179698
769452914
510797106
544478834
286209636
623940196
324151012
961139684
754350834
374601906
970648036
476202724
333103332
393282738
237103972
521361380
771273572
347812452
458974436
667081316
366298610
747640164
288849451
396830052
237755378
612280306
618345138
834702066
51101668
951470187
282535396
208002276
632159787
903374436
140245348
884277106
271569899
788433892
364368612
550156132
805735986
151056484
565650162
566325938
225157732
391097444
680746930
270268936
514866994
520338738
740721906
513829476
532057060
716315698
467304306
499481188
663566962
397071844
518495538
301513188
796547314
894125170
879195314
926170034
459812068
974967538
468340324
396068850
814433124
666203236
893995620
509617202
824221412
960966194
120155869
653551026
496941668
535437284
13483492
311430884
376691698
529194340
383922660
710937586
458448498
376279026
403357412
81421426
68488299
555954098
704325476
933520861
630958436
346417124
516654898
377435698
689857266
687433010
855407666
902794340
981501924
997926351
587903986
418916850
567140836
367482468
324837298
322171748
427439076
421449458
282086500
288036324
401526642
465116594
825119716
491940068
454371812
517875556
278072164
488558948
634002781
453889074
398667236
480117092
436705636
955831986
264746212
364896228
507458994
530418738
527327332
271473380
355728612
705213298
178702308
364941540
258982116
236090340
782901042
975897458
627578674
700724836
531170020
483366116
464042980
368546276
443214194
119781732
987501746
260630642
376768690
356938724
382949092
495924964
112308680
85971428
308603058
896185074
965528050
685342436
672574706
68271332
813238116
222565220
532676722
136335972
732473572
917956786
965703403
412574308
560257330
844168676
519060338
678135915
259034724
772389220
582049252
376302066
418431588
201980260
17185764
397192427
705875165
371996388
399385956
490865522
533063915
521908964
707060580
731180594
340018738
682489700
257978226
369098724
921841764
626445746
378565732
228368605
712762212
461855332
632010340
594348210
444076516
604738276
381606372
390545010
307717348
763370724
409166180
213723620
291685732
516712114
427128676
353593316
522198116
535796402
152146916
321525348
822126052
209077042
718618610
503943268
687536818
448119282
781674034
824020786
652118628
126649444
905860964
204927972
256189156
263196516
406972772
499553842
394616164
368379364
381227236
417277540
607085540
127663844
401947698
60829540
769959524
710172900
450738866
386122980
89321835
675260516
320541412
291728868
41921252
302923229
217247076
417112036
480737380
922048356
438081906
468921572
722727140
475747940
31308139
91955883
689740388
601960804
250922084
843929202
958566500
635553778
27263716
960513906
310324402
989925220
219858418
358772708
471042404
199348324
999066290
348522852
321312370
397461362
497320036
531420132
324162660
597606372
860055026
534101092
155068516
712256228
446854244
345853668
759209821
453285938
488896868
317675364
151624676
552909426
529839332
524832235
204189540
560419890
609081316
855994084
941581746
477800676
949729714
436085732
754394212
871161202
407025458
351689188
740895972
578613732
608346084
148156772
290758372
314103012
245852772
513058916
958079986
201026916
653924530
486202468
170399410
768077412
97763428
282725476
130418020
686425828
782547812
488643250
458614244
528851556
74822699
415928420
370250226
461165675
320301362
201549796
317053028
825484338
975900402
435923058
135255268
713402930
450835940
355472996
459073906
147087709
398723428
359985508
16005355
604631396
390212146
249828708
178504676
108317640
593623652
154545508
187665124
542669746
520944434
548837604
637220196
661942244
489845554
475236082
477982130
147138148
328304740
619274724
839883826
179793380
323929700
446160996
775045682
111772132
573992164
388663140
234339940
517589362
396201444
780536050
517860196
432958180
237323051
453474098
600077554
776328306
438205284
200665700
892736868
416722532
507582308
827546482
590736740
566294322
696622052
636425522
423688562
625045348
354388082
580226546
578895986
517404466
943638500
93701732
378692324
719324914
487840363
272749938
445409892
342403172
573052914
501143780
893879858
418830514
631406820
496886450
505656676
632867812
529223656
279583716
712919652
255732068
524099812
964781362
488284658
788311524
627303524
608849764
183761394
159814962
286744676
318017636
397669874
827353700
805670642
580695268
797441266
556027314
465915954
291805284
954415844
807003492
236654308
378419058
355325874
653729636
654991026
899571300
822941924
292525412
689691698
505016036
700427236
679713842
24398180
396970866
566029668
508672093
551666660
226920804
