999995840
999971780
496397252
501643329
-1
999848000
-1
942671880
925693370
673732180
949339040
973361624
951128458
909250360
908551423
854789894
-1
758757598
865898031
998204820
758345080
-1
792893632
808360118
968190184
882594136
909507950
1015509124
868952600
943479152
1017009520
665870010
927745974
852155515
947064885
894042908
673978501
818536580
607166683
1025288120
776774880
871618341
645762823
821037142
766433292
1026069903
902152710
820626816
811334410
904758752
741357934
957245005
749308304
975875825
644331940
810689310
913717176
807732120
928818582
848950324
824296648
886873754
478460988
940433090
853891306
935534513
918019632
946433263
999926354
930827570
859657698
1005159248
817588336
723620647
850004837
758895466
1008830638
585489704
721609594
-1
922229437
834742414
727299204
952444364
-1
-1
865292134
670581776
660985703
960960836
772360294
707640987
669140920
955332280
1007747872
890289556
859434800
768398642
935069860
821414380
762699132
978122790
987443488
943292735
952350670
830535148
824462316
904612400
872090240
845072485
901730320
1010165987
-1
787730899
534263804
765209294
789931347
794152831
947847620
770073966
802653613
801217920
934895630
868603904
887938094
905195935
912263428
895864167
842613070
926143844
671997232
-1
931593260
905793568
958034240
947121788
908848674
551742858
745270915
815176670
-1
971093027
870816426
796829270
872173832
914349640
885267070
922809615
544772951
898654093
766878434
883203986
809634170
1009704038
978485598
-1
876417821
726900744
927175984
892862280
785599772
775683441
950596676
739596820
991646927
887437688
843443608
773594768
1005795000
609435942
904410640
774230925
973624400
872812100
896409128
898186632
862753980
1002680785
786392285
739220774
777163697
970975913
809490348
846620640
858826836
833075472
929867456
811088050
854309648
845826480
899025955
-1
1008471931
734025945
895586472
921168236
991149259
775929020
942962090
878728213
995082772
939731000
984021528
-1
798670698
740739906
864108200
-1
666730996
792534256
659340362
803128500
804250892
948340706
878258930
811595620
-1
894169344
814049676
876915244
843654150
909661819
1006660168
858427862
659068020
758711161
696075908
875773804
779991536
994344025
637669780
794774190
795852904
1027520775
885856903
974132699
951796544
937513360
852946750
770341393
811028648
848567516
741756156
778357894
801642130
-1
564389038
868627376
892167696
976960908
849106380
727195920
693065344
792587629
787693727
815459295
919586923
820628800
917422257
915079588
1032422525
953709286
-1
857794703
762928024
788706511
984267886
845432480
-1
712286007
1013351102
838949518
888437744
747123488
1009088044
-1
674275378
792139810
931203958
646288127
881430108
689265378
877478532
874319536
859640000
1001443211
935129591
842855608
991538034
796629685
711923419
880894460
908205692
862110700
752803860
920579174
914028460
815262274
863442136
779150578
966802802
715818646
-1
696099384
990754118
879055865
977583058
938341200
762425577
1010123987
819019565
780074714
716775825
989537968
898882084
934676115
794619209
675500692
802627952
1008112268
889998122
898987506
894905372
838993408
846867320
840815696
846965982
851906189
855649528
870457952
807430832
827462322
753237912
983717997
915889522
796268224
656477932
913106245
983960762
-1
658175576
821022132
935054768
838767798
939677464
980819040
880392800
709022532
867051672
801774144
862661184
952156906
796877064
812185344
830564984
718532752
817436928
830440896
995342623
961639332
944958696
995800926
684790640
830976473
902676592
930831480
773795334
987396921
792063498
877104176
744185352
791243661
934166636
625170504
916181030
727664480
807343547
921314336
941511900
887263700
874937423
993692548
959592055
977791388
601177363
844063707
737011939
688986180
599977168
-1
642881912
696376496
856435462
826924763
917100188
751196970
906992622
850270771
799003120
803251796
958308306
933097455
929682062
830855752
913132884
963862644
940333116
1010074320
769883985
890516072
979629264
840579046
671851992
864979360
866963152
737834766
902108168
867558600
875007768
1012599436
-1
886997680
914907634
-1
932029707
943828650
820847904
1008291514
-1
926824152
784970873
846801435
971453082
-1
907578584
973452605
917382560
999947712
896087640
892287850
946540493
887891376
-1
817030285
-1
919833220
856261888
869909126
998037326
818986710
915509013
661872516
882446742
495505497
995921527
903040992
901925160
594617842
980988752
859333819
980725556
920888494
1009919997
830992072
811706092
944257708
805847172
721722521
848447364
619992492
737219711
872201116
908154120
970749960
791769280
905653721
920186258
854335078
796567215
599689036
728374315
801760325
1022404473
776592330
996544852
800133136
862508364
957280492
819948339
949520704
800111205
720359346
836019388
892112602
770912620
937807908
892820346
851261293
871100421
830793796
943342850
878047118
920793187
712421450
737358540
889191528
715966813
904319520
976022016
934459434
839224112
694195783
894384455
-1
892004359
836044878
897826640
1007650304
869250568
824534269
927816491
791143862
978855960
779536400
922210520
828192240
832480947
927855944
1025169010
749457275
839168900
910757050
848438174
980747232
898391736
999843638
1040627202
-1
657993190
750790424
872586496
597902596
773344840
673497844
961421958
891373348
882974064
716878200
747187440
894945550
834087941
798554680
1012508313
568353740
1034258736
-1
849214673
921392340
968354256
-1
985290620
827745768
836042000
909036500
795696921
924141250
845414852
754299966
-1
707307586
914574008
908749374
927807924
875376471
821163272
605889600
715254652
941594218
894406942
948979982
886149714
949251330
928985416
912790206
868709101
959634560
729418904
860371993
784950320
902689754
898748136
786066510
840910824
906692998
1013349776
502450342
989498704
934119048
888862456
882859804
995567396
787984424
916164636
984246978
889685797
-1
952063310
615861604
911316706
822949080
667862112
734138912
870637503
806419118
912626360
840111843
893806901
917037257
842267634
979799120
976212824
720704550
778564114
758384070
988925516
1007122260
665612343
768255542
850656596
916650276
715235386
836911717
868081344
-1
924512293
1012073102
986761238
1004617782
881631775
950337950
934297500
893676676
750234812
878752692
616247608
884522884
894213328
845835896
948498542
844826502
956596620
911971008
739093660
813382204
935815680
863368573
918684236
913961476
999122836
851916740
1017105530
585220896
853028538
654503848
626641913
1001600816
891554000
946410540
773456198
683551720
903189650
856119166
1004484310
781713079
938487260
894232328
732111966
-1
736026034
869251251
941181975
731561996
-1
834185664
922835648
795318708
996276064
996979353
855021202
724190350
776951755
759674794
757477535
809105095
-1
944575991
860578424
1025179198
824248310
999780724
935564112
959620796
929034178
-1
955017356
916827776
834603060
700041810
809237256
885300234
810463714
714114500
739539892
916358722
1020873088
792122464
944099940
799212372
902828015
1015906634
682221182
649109902
639575530
887072436
956669432
891862816
840770066
882209884
-1
807274774
768917013
-1
856224808
904366130
819617215
742073879
972203070
893060280
805599686
894546252
773019672
877527003
633107958
825291569
803568764
563853258
853498780
729957478
971311056
958456436
908437680
965390672
778801985
745645476
821951770
959002505
917114324
884039620
848192800
900382542
816818488
880260940
794336472
-1
862591216
610078968
865465383
924783489
921928363
793720221
797322024
937788519
931003770
958738725
888446001
722298732
876038994
982391818
902815630
817903232
920003064
860115766
924312052
1002480621
947717336
934028995
934918824
763057740
998580286
822596453
897297648
972455336
814472644
767729776
914091524
899172606
867060240
878209114
925775962
974992446
838400448
970526176
-1
959443552
907856058
909347872
875561104
852261200
756290660
911972398
985964295
796159233
773176396
916144344
979624750
862395472
840084347
924320350
1004929650
969632984
834849880
912605452
975923410
855325420
981575754
736992290
929253260
1013174360
-1
930981968
831734354
879087920
764270694
962995262
620442295
1000378814
689780418
744426346
772062200
859060380
-1
894365500
942624752
1018257196
818312931
989214876
561096800
978249620
744600820
650129288
718791836
846772888
854627680
893894564
993574398
762847248
936489212
817756640
696143263
962670423
943558076
898947256
833323440
1006574967
1009727880
908278324
998881720
931065528
566398371
954519262
896795072
752872001
759331058
767175908
859299894
936494460
967993932
836278620
785746068
806401187
950450982
912894608
995520608
977041460
961352435
984080402
881790902
566193124
815931400
869570664
968662760
875814520
931913126
910984462
-1
949884394
853477735
891445853
917105185
878183414
774924142
778387120
800217376
803880285
891645284
686447170
916616140
767982820
963016858
1042335104
-1
907887282
933249640
895635091
802425424
778611536
841029784
914690880
813211178
900277308
545013125
841667741
796358142
945144150
850047152
814239722
943949913
861999392
843494325
822979280
-1
857747184
1000581515
917212039
924105582
913865535
892596798
939764372
1005718668
909407300
810825200
832561584
837803059
944957714
831556027
927254960
923013588
995873172
935933592
889912024
878280612
850974140
755546496
858427618
753028109
946486916
843661016
777434322
1016295476
939086168
902736840
812955356
1003882816
997975200
930023976
895598880
992809764
966111110
918703704
799223518
1016413565
821193885
830186276
726994995
880023908
950180426
-1
757948416
947722232
846763946
703473152
821256795
751453746
-1
847500670
885142950
641616759
798665656
863255451
736730340
905873856
966024488
832020710
1013529031
953768521
896613623
875814310
761294020
856580554
929073746
760586609
917412646
942841075
870751054
896741922
890668447
-1
773503137
876846064
-1
-1
-1
-1
-1
751177043
1084130360
1019863524
-1
-1
-1
808194425
792330384
-1
840397020
1085982920
887334124
894905082
-1
892866190
942618958
850808970
1005473728
886105220
1168132560
555600902
968425144
887118117
1049093322
-1
1104143444
866254816
1047412010
934767415
938831473
-1
925823560
241259174
-1
-1
-1
-1
-1
-1
-1
890169156
-1
-1
1024841410
838137019
1068934710
-1
822881272
710206913
1157033579
1035887396
863926316
-1
808025666
1074058868
-1
1042286892
926959644
-1
1033216207
1070132426
727096235
1151490061
1168570500
617545519
-1
-1
951191130
883042006
1228861872
805992661
914871085
-1
1064169600
971675569
862473344
1099507480
916801822
669785482
975776516
1086450215
-1
951400640
1023908775
-1
-1
1000856611
-1
861735020
1285808300
1204047968
560869418
709056958
1100409210
964052090
977419880
879843008
-1
1149446105
865432380
-1
994614130
828933227
953039740
-1
1160015845
923125256
859355976
1141982518
1061475922
886116448
667344899
-1
1093538443
1033332844
1141549876
810006390
866481340
-1
1012803728
733968500
762444089
878410228
1054735604
-1
877278164
-1
1177219440
863316824
967016560
619485182
926664928
1133343764
1169875984
777474200
1068109554
-1
1063431213
-1
1080533324
1080309632
1291315819
-1
734993488
-1
1132570190
-1
824680108
-1
-1
612908034
-1
1186053714
-1
1011403833
1076430880
949638822
988604600
850261160
-1
789304048
945985180
1037279264
946100036
-1
922820840
-1
637111073
1026523216
-1
1068633208
-1
784323255
-1
1108870435
894235020
1122598380
-1
-1
823030512
627419091
1192441567
-1
1048530292
-1
846305734
488021149
979216486
1004495698
926209572
-1
916134003
796015448
-1
1146639100
917545424
1284270680
1085038992
974634311
997537265
-1
1147293146
-1
-1
-1
-1
980335680
1245097116
856034112
1214383027
846806760
1058291508
981129200
942570620
1107912630
642024806
1065256192
1145118952
671898360
778857050
1057274000
-1
-1
-1
1040490008
1156660609
841859011
1217228500
996228048
715783093
985417044
-1
1041725084
-1
-1
-1
889609776
-1
1161669640
1146477443
1007225198
1034952712
928675212
794466048
895401280
-1
-1
1049125876
-1
941651492
661387318
-1
1040645964
735884022
1033178156
1010912735
-1
-1
-1
-1
646249008
-1
1103714481
732542886
-1
952735936
1093376404
819993333
1053732830
-1
642254564
952007968
1255839860
-1
1019788481
1024352732
761480742
1230798664
-1
693343944
-1
-1
1156843808
-1
929253140
1022488858
997578104
1204138456
889140465
1023946624
-1
895213798
720592187
-1
1047061435
487746173
881603530
1072430686
-1
-1
1003524260
1153108956
886928970
899865119
900912583
-1
1100726156
949751666
997777384
-1
860333482
876424630
1052741392
1086410120
-1
1056983047
1072925910
733504592
910189696
915752768
1178019270
863310666
862836112
-1
987807689
596283690
1000744352
1005285144
831583507
-1
842245024
862531100
1033848642
-1
972363060
929611786
992044848
782661800
-1
-1
-1
1226905360
1095816269
1174482704
759964201
1189585000
-1
991034248
935155890
931101158
1127589832
568590894
-1
1192528592
939707992
996313955
931803644
827010895
-1
912399596
-1
1034556238
-1
-1
1027723612
535878489
-1
874510020
-1
1142850336
846571248
-1
982850743
1037247236
-1
637339735
797213719
1115455168
843184219
1029319198
1276347184
-1
-1
-1
-1
1137759177
-1
-1
943721435
1025528661
-1
1015678475
-1
1183346012
-1
1027377684
787763791
1245213664
-1
-1
686345735
1184693994
1015551272
930040696
1103413054
788311465
1065151941
1022006300
1196345216
979642069
1002074992
-1
1002525303
577116909
-1
767013718
1088520440
-1
1023609476
1060325156
-1
-1
1096053606
954412440
-1
990921586
968502620
911257693
1173585072
918662500
-1
941616000
1183916951
1095965460
1038455601
983837160
671241286
952341350
803047437
-1
-1
1152331774
992648876
904229370
1109203072
918244860
1187069238
568947344
950818756
-1
774765170
-1
828444390
967479012
1009699305
770430120
957691869
978675642
942256700
-1
-1
1001744041
1079281090
978622425
-1
1170944887
-1
781920960
1035221132
946213486
-1
980115375
1047877786
996269522
-1
875828917
1089636708
652516080
1119250604
987817687
952522884
1270039610
1081467617
807044892
-1
-1
953483015
1021865646
1228364548
760720464
1094580183
828644696
-1
1028102506
-1
928847710
1089713960
770395807
1217961018
678960967
632408840
1038339422
877981476
937074600
-1
-1
856317125
1114299977
1163848776
995967672
952653808
1001590276
-1
1116625378
951928956
1166188016
-1
-1
1000244590
833364909
1145098834
1231526484
986005118
836807712
-1
-1
679301576
-1
-1
876239952
900028612
-1
-1
-1
1293312345
700481120
-1
1194533736
-1
1016267956
-1
717743505
811417850
1100168806
-1
-1
-1
876644076
-1
1065510365
-1
852058624
991078064
-1
-1
1000995066
938316898
863320440
-1
-1
653640252
827669512
-1
-1
-1
-1
1128208352
-1
620563474
1073126746
933434582
1065643618
1278091815
-1
762555510
1212410246
675546603
996657280
-1
-1
826494816
913496854
-1
-1
593962208
-1
1011614918
-1
708348580
-1
-1
-1
1077136980
996354061
944918488
-1
-1
1106896564
-1
1170734248
-1
946608829
799475924
-1
1012379690
1090443648
-1
1005212768
745537967
1150920676
1075852404
-1
-1
1210690000
-1
977448778
911662788
827673282
861675200
-1
-1
1052656456
888619006
1150633368
812921332
-1
1016222540
1024196760
1001727736
933153520
593287660
1038195450
873717396
-1
-1
1008157597
-1
-1
-1
1231385698
1001741925
1172794549
-1
1100200734
-1
-1
992026392
1158401680
-1
-1
-1
-1
1002437001
815576128
-1
1187334082
1044807932
640413530
937631955
762972889
916848102
1015321727
1174842600
1032143092
-1
766606752
-1
-1
-1
-1
1041245426
1186118256
-1
-1
-1
-1
-1
1160351475
706092560
929434311
924616064
1176445952
1029621248
-1
1134029223
982038986
907197554
-1
962951699
822821630
-1
-1
566521940
872385984
1062025704
926716700
814264472
1228835942
-1
993054912
-1
-1
-1
-1
-1
871807162
1192595288
-1
854864896
751020024
1106321544
1076436540
-1
-1
1254005242
-1
961762671
770951580
1072202944
-1
1037353648
-1
-1
-1
-1
1257097696
1029820976
-1
908205520
1226450735
993731543
-1
1296208196
1118094440
999916421
1070379472
1033779836
969557048
-1
965537210
888890245
-1
1035404560
-1
-1
997384041
1130582990
-1
-1
905167706
932841912
932082743
981373028
-1
832627832
1234155972
1033952265
835374463
986701052
-1
870290124
-1
-1
952395104
-1
972957447
1021356464
-1
668437328
1166685284
794283912
894920918
986620396
1082458886
-1
-1
-1
1080550960
666597239
-1
995448080
1130866552
-1
-1
1003484094
803667424
-1
-1
1160768426
-1
1262036548
-1
971269940
808786140
733916556
-1
753449421
531894414
767890896
-1
983592384
-1
1120772974
-1
983790100
-1
456410362
-1
1081101435
-1
1163371734
713492212
1202690750
1040350022
-1
-1
860307981
-1
1225038122
1090229708
577700945
989211705
-1
948076490
-1
843542209
-1
1009406378
1155040253
-1
-1
1012269260
-1
889340755
-1
1031660678
-1
1039665528
856378576
-1
841050160
1010224190
924338280
1031021504
-1
1083489776
-1
640137258
1037395349
1028405040
-1
-1
858456534
559674126
-1
965356148
-1
1177056584
798187068
-1
989793208
-1
-1
1118273454
803275600
779834814
1166315456
-1
966134616
846347376
868382888
1170889678
1034172474
1143936150
-1
1104149458
856062921
-1
865198832
1065320944
-1
1235795302
893333322
1075964374
794163172
1218169000
868806240
1099808262
995881582
1109173048
992146992
687147576
-1
-1
758268740
1158949087
1145483100
1045024512
-1
1050862096
-1
947113404
-1
905084312
-1
892807360
-1
1081824560
-1
1054129448
-1
741584184
1007412580
1255150898
1196947508
-1
1003284082
1170442362
1112757530
1032483897
-1
1133804752
-1
1011254656
-1
-1
1096354296
-1
1099755394
-1
977499515
-1
-1
-1
618093345
-1
811317304
-1
1003422668
877246113
1085778956
586635604
-1
1276582374
1047246892
-1
1060087216
-1
-1
780587880
-1
943780824
-1
1207335224
970725340
735102300
886430286
1026671909
1010910734
971807396
-1
1045183265
-1
983540190
1033611330
1006219355
808900768
658624968
1153133595
985901775
-1
979758277
948987544
799792680
772089890
1122772224
887017668
792658918
-1
979008742
966405280
999539005
833047256
-1
935100696
-1
1043245928
-1
691834560
995176376
-1
833587040
993401365
1097167443
-1
1048956940
-1
-1
664027800
845257647
1020003206
1073829695
-1
-1
1133519986
-1
849660057
922990062
-1
1014606494
782880571
-1
1000196690
864624452
811759562
963312034
875435100
-1
1221765076
1107659110
924340827
1297212450
784756523
897692228
784490210
840865568
-1
983629934
-1
1047583032
1075522113
686743397
-1
951935285
-1
1004698904
-1
-1
1152609640
-1
-1
-1
926418494
943367400
-1
731731850
1076062802
-1
-1
1108350860
-1
-1
864319506
-1
1061941063
-1
-1
-1
975203628
1039758792
1191945055
690618580
935393800
848051630
576178438
-1
675730600
-1
531987902
752639496
-1
1144006926
1137947100
479259848
1119814208
-1
-1
951223870
-1
1062154080
-1
-1
782509150
1104769740
-1
979275642
1189640020
848535104
911133211
870510512
1110594008
914797730
1075014524
987255458
-1
-1
-1
-1
1017365058
1083837320
-1
862417736
-1
686764950
-1
910467820
838594499
1062447184
844599560
966516106
949607171
999118766
883795024
1154161880
1055846800
-1
853447284
1096644380
1067229232
777024665
-1
-1
1063196380
633165562
-1
877370010
1246215956
700020840
813979644
-1
908703652
1203893744
-1
1084048632
723719275
778127840
884830664
952900612
-1
913094952
-1
-1
1047565688
-1
888022463
-1
759941488
-1
-1
1129096156
1095650520
-1
-1
-1
1017669850
1036303610
653812920
-1
-1
793576261
1027349784
867289764
-1
-1
-1
1184025444
1249195000
923565492
-1
1008381964
1015045950
-1
-1
-1
865224376
1018539604
870467352
396302312
-1
1103718844
1091990370
1056959851
739243384
907460498
956005308
-1
1059995808
896666444
1163098555
-1
-1
-1
579054472
1145971339
-1
-1
946209706
852043426
905370280
898582278
-1
964331030
880556520
1162461210
681988009
905636016
-1
1166343242
-1
-1
1200201600
1043505866
987517972
964677099
1019556000
789050080
1013687155
940678635
979989398
690276582
1080775722
1185112636
1041993360
1061707548
-1
-1
1049143370
856471163
896998582
-1
1029260755
1060224768
-1
853791248
870887790
879832096
-1
1014118568
1028234722
-1
884966756
859893434
711774785
1002493334
1122601872
-1
986257086
-1
921213129
702964016
-1
-1
1200338160
1057051379
911980821
1075138884
1097922711
-1
1190672737
-1
1091407420
-1
1084279028
-1
991963281
1084913576
1269895278
-1
951018618
815431781
1224292127
-1
1103749829
968523825
1186390896
820733462
736839860
968539099
1002882732
-1
1142914000
877363824
1002512760
720342996
1028597682
-1
1186311088
1143202056
-1
1075883450
832356580
1091320710
-1
967168133
1019813508
1096139816
1071741188
916165819
931176874
-1
-1
-1
826698256
1007587729
-1
-1
1006963362
872283184
1057143171
1023808290
-1
845431571
767191184
-1
-1
-1
-1
-1
1033095076
1055435427
1182094836
-1
825744631
1086419360
1119532288
-1
940332190
695761485
-1
621030482
959262310
1143662290
1176183160
911358098
-1
-1
895506976
-1
928831765
784113334
870159886
834742776
734971895
-1
1092205296
-1
1244202580
710500630
-1
1092467744
-1
1085542860
646824920
-1
1085506470
956491012
1200761494
-1
575938026
-1
1030669421
-1
-1
-1
1226440134
-1
-1
1144577728
971426649
1034384884
943903388
-1
1005399718
-1
410262284
-1
1060970784
-1
971734214
-1
521403907
1065733258
877451960
957497880
-1
1026621586
1002254062
774883102
841554416
738261952
1243343330
-1
1060261799
1105086472
1092190120
871715673
-1
940766454
1087220494
958287480
-1
979476057
-1
-1
958134378
710501722
-1
1191022138
-1
894045496
-1
892215915
1036673584
1030236272
-1
740283786
-1
838097991
943780514
787316199
-1
670966692
1074312355
782885436
-1
1102159826
844384256
-1
1179175984
1076805920
-1
1043747266
1202912912
-1
976107521
966509853
1053242056
1205073446
-1
777827660
1063499972
877645292
980193169
981977271
1004058345
744020560
842545386
1155760696
-1
1062977670
1001840758
705321120
987432500
-1
1037117422
1093101502
1098325219
779508046
930934076
-1
-1
-1
484362284
501504888
-1
-1
1085567150
1111830260
1063489429
984887132
950702317
981761510
1133216360
-1
1030594336
-1
-1
1101264832
-1
751181205
762033959
810505186
1141697288
844108530
857668266
924246128
1017232140
-1
991856413
702085359
921876056
-1
1115735498
-1
-1
957858345
-1
-1
1007948099
1051522100
583390853
996096975
856159904
-1
673746000
-1
-1
513773399
636380925
-1
988851200
-1
971814032
1203892326
1158129648
1203513384
1007514625
-1
-1
-1
-1
772729320
1147077656
-1
846339570
1110089008
-1
899062400
-1
907046464
991534220
-1
983245683
1022832004
932758742
946585866
-1
1080428341
1238008512
1026199597
920465712
1117983666
586016360
-1
1062662948
-1
1073125645
916638672
-1
-1
729771400
694727992
1041563736
1044872415
1007253964
1071729960
904046067
1117800477
840882790
746076596
903543175
-1
999859980
951869382
1130244370
-1
877460700
317992202
-1
1095091744
1177325094
1060878050
-1
-1
757466412
548401440
989525600
-1
904499612
899767401
957436604
957933169
-1
952076070
1093294453
837048912
-1
1170518908
1107840879
975349080
1026987616
-1
1007569358
832220156
849997943
751807126
949520844
773854000
1012181280
1080023457
-1
1203239453
-1
-1
-1
-1
857902092
-1
-1
-1
929642768
1003735000
1047356740
1009680677
1169507492
-1
-1
-1
1125652925
-1
983743840
961680070
-1
-1
937107840
-1
-1
-1
-1
1015448960
1100380210
723622150
-1
963888888
968049466
619925523
1039385696
-1
816701547
925418965
-1
-1
858969648
874244268
973957640
1077310759
966911559
1090896643
-1
1039948760
-1
-1
-1
851605200
858837960
-1
-1
-1
1137544056
919797246
717802210
801186060
-1
1033095144
1112991516
1242465956
896456370
882479536
732492824
-1
-1
-1
872442236
1045564514
500049110
922493728
968273844
1188099874
1082380142
1014829764
-1
745793616
1148377958
831819848
933167346
778942496
1159881130
1035866012
516509946
1048350104
1121508150
603451823
942533476
1017412898
-1
1057931296
977624960
-1
1056643587
807096364
789295100
-1
1162655694
1224142944
-1
1134414542
704050076
1205153300
995931744
1112822988
1037144609
1080618398
763065900
-1
1176961184
1033118810
669911334
1124459106
1046102740
1067106709
1201869736
-1
984655370
1055604938
536730132
877362458
829428222
-1
712013292
805503310
-1
1245863621
-1
397838704
990871652
939927842
1051934102
-1
1154326764
-1
843790134
-1
-1
1093705344
-1
823193211
-1
-1
609068328
-1
684623454
847593536
-1
958917544
949521356
922389703
1076620628
1072301340
1010932496
1116480551
955360005
975698884
970736648
726344984
-1
-1
889458602
-1
1018890515
914168451
945455864
727406720
1100245506
-1
-1
749349802
948529343
889178473
975306976
892638400
899751197
933965820
703309180
1044208835
-1
932845432
-1
746065789
1095565488
959637774
1222180980
1130404364
1012675798
929085924
1021780950
961571072
-1
925107440
1113185253
997297644
984217441
1067017562
1076731888
924684650
841346572
976541286
979729620
760993609
875023734
1090738959
1102445515
-1
-1
971624649
-1
-1
914229272
994485648
884352240
-1
-1
879956879
-1
967169512
983392800
780651222
-1
1009922449
630949308
725754945
871915564
934323180
966470596
-1
862609696
526155265
-1
851071973
1163868040
1173618938
1157200824
894331300
769415940
1022128995
-1
1118773192
943907372
-1
-1
1008511494
948017650
406049900
929227856
-1
1146299344
908666601
784379554
836984112
-1
1048631916
-1
-1
-1
-1
942259800
-1
933950898
950329446
1173855029
751795855
1123842498
-1
-1
-1
-1
1095490284
1141375496
840952126
-1
-1
1019303097
870798056
1008936261
1088773810
-1
-1
1089545198
1102868590
834670671
-1
-1
950397645
984752855
749390426
-1
953484536
983329112
-1
-1
-1
1050887440
1067916224
1095063508
-1
-1
1198144388
-1
966355447
981545828
-1
858350926
544836900
984973100
1130412048
1096913010
1128752442
-1
-1
-1
-1
790681626
-1
831504642
1104062549
942827730
1089778256
-1
621513243
919385040
-1
-1
-1
1156652910
806573510
766028006
1034330788
-1
770467200
732784360
-1
673448944
-1
1148364366
778949230
673007581
830753334
1165968248
-1
855189818
793055460
1078116904
1186266114
822693871
1212643484
917189280
1053470213
805696240
856995952
1025991320
-1
980778792
922952370
-1
996834486
-1
-1
794714010
969716627
944625365
-1
1071126660
-1
1155334764
668069417
-1
788616742
1160622219
1003674755
904470545
985182835
921806982
-1
-1
985309407
1123771404
1120952768
930603702
957302406
990833160
921529428
986264280
897972152
-1
670108820
779508486
1028911196
945627828
1200050038
1163066400
1037391169
-1
942630396
694410220
1113991603
1062162856
739035834
997431736
972253984
944800362
762842166
1012145584
1238016264
950006705
-1
1237019222
-1
885138690
-1
1178929093
-1
-1
-1
1184787540
677087921
-1
922474626
1059667400
959847070
567437170
-1
-1
707783612
869778632
-1
1123359459
-1
-1
1073598708
996448656
-1
1287098432
-1
1018612960
1031238720
-1
669740404
-1
-1
1059649736
-1
1140133253
-1
796149880
1059373120
775570184
905636159
956484680
-1
1216812350
950279232
970129776
-1
933165666
-1
1145365862
1095774982
-1
1046345696
742315866
-1
1189743094
1017359118
1219606120
1046723329
1096653616
812407799
1049441289
992562270
973524046
-1
-1
-1
-1
-1
1021946032
868408400
1226588266
1051779068
1141966332
-1
-1
1235463150
-1
-1
706688967
900474850
-1
1137492511
1109335726
1023287256
1016353198
915574280
1202777849
768058607
971545196
714172713
-1
-1
1168277475
1001705793
-1
-1
1232189370
1085945870
1121730570
-1
1185811032
568521142
1242676468
-1
909406933
1002306150
1123859803
-1
925228344
-1
-1
-1
-1
-1
957198270
771677533
-1
-1
-1
1159903625
-1
930333712
924556730
1053296864
-1
564111550
-1
826534213
1060529072
902611510
948794752
971078500
-1
-1
1069118847
1190293621
1027370250
989732205
-1
-1
936091670
999168595
999227807
794974609
807825228
811196820
889245376
785555850
-1
1136320334
-1
-1
1039865372
-1
450141443
800186076
980423392
1031790352
770908696
591308685
-1
705365128
847961560
961122408
-1
927490888
979951495
880335610
1081221580
928230572
994311520
968639824
697420540
847044309
883179968
750645274
1171422579
911584306
785344048
662996904
857948740
-1
1130564208
760278294
1003777153
767855908
-1
869210280
-1
-1
713092083
788509824
977025889
647580953
1040104668
907932167
834341570
1170622082
583910414
1163279224
1166220701
792327728
-1
-1
-1
961419843
852488014
-1
835407800
850995064
966722096
1185655379
1134404860
-1
1022097760
-1
1037683540
-1
1087224036
959358482
-1
830853632
1062561279
-1
881656912
1103659980
826757096
-1
1094368500
777099868
853100105
-1
660992277
793238020
-1
997011013
773043372
905372614
846490416
738995941
660351264
-1
1063432084
783290735
902143064
-1
692449620
781855492
1052907872
976677475
867429392
961188880
-1
-1
-1
1158226841
968975300
1010522168
941434562
-1
725157904
-1
1113784303
875071226
-1
-1
1156504230
-1
-1
521141276
-1
738946675
839345347
-1
984636068
-1
993298960
1079206353
998849000
710817334
-1
1102194137
-1
671820968
1137149270
-1
1116933620
958700048
1037887780
1050213554
939619439
1202744770
993636972
1271890180
931328950
-1
1065461654
-1
1079982025
-1
977957626
781259214
1128135000
-1
-1
829813456
922727742
1011974730
-1
781422100
820780302
874342955
-1
-1
857649712
-1
-1
-1
1189263688
910584320
-1
-1
983891216
-1
1040760224
717975840
1089603003
1106747540
-1
475788659
-1
-1
1085014504
1011423984
676219441
-1
1254318160
604111080
1100859536
-1
-1
941727976
-1
-1
571355542
929227368
-1
1137586336
1164156874
1063537030
-1
1147300864
-1
639418950
874358246
890264562
-1
-1
1136213221
-1
835526100
-1
1177984528
-1
-1
1074543580
-1
-1
1012336710
-1
1064485786
-1
-1
-1
-1
751167397
819271105
-1
891482706
444850656
677943534
1262179590
978494818
961210984
-1
933791820
964287800
-1
726443548
1028903144
1065762816
941143152
938378602
1047697804
736067607
1108050576
654365868
-1
889816888
665458154
975529916
624865570
876468496
629080108
-1
996575584
1179320556
990559487
885331226
1050971776
-1
1048841517
-1
1052609388
-1
-1
1138593680
-1
-1
-1
1085447735
885939104
1139915189
1042189137
955927546
1058341532
-1
1077335080
-1
1115544048
-1
808794047
-1
973057422
995308240
1049357254
927794101
1170308858
998776700
811317040
-1
884953310
-1
889914390
906803902
1272069844
1072625775
-1
1037428928
1185022090
1103790980
876242492
742272076
1123735133
867495720
883457848
1015979422
-1
1104868837
700518466
-1
955660359
1017157523
852074871
772675010
636175800
-1
1022421930
-1
-1
-1
-1
927027964
936696180
664305518
47
2000000000
-1
