45220
27079
12503
2925
4011
17674
27907
52666
17403
50938
26951
6844
9282
4550
45960
47494
57273
9019
47570
40844
9151
15630
39379
55008
45552
20495
10966
11717
858
38442
38155
22282
34557
21053
25427
30714
27194
26794
6560
3539
1689
27789
54280
32533
4262
4285
9928
29715
41051
35147
10
29
10
29
11
29
29
30
28
30
31
29
31
29
11
31
29
30
28
31
32719980
24917035
894432
8275986
3505151
2619535
47693687
27236288
22934247
27262373
333094
28230761
246199
26674129
1622757
2336803
1105841
37588306
5001319
27878804
31378893
21903129
14986408
5541978
14049963
13871026
4006975
3450444
2411542
48634431
32381776963008741
35293982581683570
30261886355505081
52250604923147206
33106141871043000
29491606496651293
13374185345506351
6897257300248237
612953495680812
15116416818645332
8589058075838838
46319371133211618
11799302140433303
27848334031739306
41077124114324299
7516630597971088
51279351057022053
7993679853458649
8394856970506402
7140562858070671
11713483667895969
1853956619740138
18251888824195329
273838168895223
23007749721407599
30941341265917111
12456102304634568
39710587619013485
20623610467382999
35402021100372211
35693832699163736
19369387504367369
7140462132330452
32086951979844478
59363175940345386
29559343338427020
9801362976278457
7152879953563714
8432700985484
37172932816901835
52655097175860250
64431675422831348
64431675422831348
64431675422831348
64431675422831348
64431675422831348
64431675422831348
64431675422831348
64431675422831348
64431675422831348
53559517273590
2001859137390022
37296160573612
2905208214062337
217013114494151
41229173216481154
104222990351030
4796003622382356
657011871279596
3841338320378860
2905208214062338
2905208214062337
2905208214062337
2905208214062336
56664215788704858
8265400499747072
25381022911517579
46312756156781215
5359322139453
24335391930340358
55269600799235651
30238454027388178
16027977735729892
30245699745868896
47923166760322600
36941978735814684
8902574311562227
28428590630868857
10162009469639657
4657791064582084
28085281047678016
21239589295203028
1249098787109387
7468925663804202
17538109055419070
54848824015896533
2903389314607435
59232782601098183
1602121946558445
23313873098446393
7733555249954500
28136711277202893
2708624576592656
58002622110004866
44266422694966298
8946454849164957
53831449960730637
1919512358766379
668386235645292
12798356611638404
5297002205237193
17731863264146596
44995492539263593
1543937828815400
54232272714402464
39970249351034731
8682695613282151
1287679898636233
30364109990715564
52676101738597997
666312769612015
10526711576950314
11737183408414080
15651797942448892
1008981028738284
5286802188241247
5525642224433158
16454876502147675
971391522775208
30852928302977068
50672597566323275
4749830164006305
34523364227003531
4691914630470361
25928493300336930
32047304510698916
39269661984045764
33004468291498140
23334286991611434
54947255039741944
49487297369158799
1082243671381057
26627032715810182
1548519911266123
7628607301813882
2131560729654105
54090243609395282
18776949519567392
37843780731982990
41050598991062609
12479656164075150
5304401840865932
14917394096866040
15718024402085305
42627560805721635
5583176556139429
4454698525113134
26776663926706172
39481264645792265
36460129594207022
45722013616520216
14222203548275177
5223560988725012
12404762757957493
12898444851212084
12917592467994336
4701574972360445
7684338863667667
4667544303292111
30475589500981928
4058681921428945
22788191636049740
20531796785578319
49278538792541308
52809634795922020
12273132482672187
4881090518907998
740364916493702
9578210440313586
5174364459990212
2919281548859624
35325607029146127
8581376097106321
25590217213620510
6352273343283269
35751266563423322
23168156402442108
35016334485048127
39503008714167758
44415365862359593
29936949225504542
617726930017029
8079639195548544
55578906445869941
44515851430751301
28346412054508995
14831658057108044
13219034735671786
42556844929117241
1345607828188539
13529247750376631
8199082913016805
51159296135268240
586451809592932
33323815468996650
59100036946627921
41994322381428625
75169867897835
42304005950607489
15463921633707930
21062989734147961
3591019448784030
13391459583702884
9476791037725827
27255997549755892
26415010590848416
54090843365469803
42666924595741295
7958188633873433
31500121932580274
44451152788075347
51953887770937280
38627614848556836
41102501172374865
43669085243268319
24985221374471214
4981930918140419
12381677465396849
1791573661972691
50530468340057071
37010877768084566
14035558474008970
53910394908311394
17645414032729728
37529429195320691
17764940149284542
42508926989184136
1174051875327106
19987322175581158
45118874924475736
32785491499909501
4797187875480877
18123377015127716
35109352083667805
46725310166911478
11799747876084186
51641860183597828
50224901058690659
36856223689397218
2013188899825000
2797722887278292
56989189844625738
38165121922287567
8126170249278522
24462623718152551
37869653035036745
34599582823672418
7852826997016596
27844110591429184
29803197425526476
26043471253517533
23429543373472893
52440551702875812
47655209602012510
3005621331523752
5026433315075614
36142671610139571
5435124438252509
18100771250452768
14184841761666766
8954797562049390
37187092644284145
13841723450031244
55906177130443397
42425289360253008
35939138928297876
5090911968522810
12098025948448890
45105540244237250
1534147723669289
50714090029820342
19624588989150169
40665810655585894
10009520813321115
8855376638267706
14137811915759474
428460859933249
1514659254361724
11926622044692042
33912115426504814
609820505266922
22347497559536307
1103922810396369
282780196271938
46569555372289168
13067169110885213
13424352063481981
55206513983354945
28109233433618487
46171062206600372
44333078471632630
4623379212130181
1341953812446503
27261334457773298
9634452287813151
38822505220912826
39184264741117527
31768790713328794
17306218362945423
354654018056701
10409489454235767
48903004106338344
12288611019092550
23205126671861614
28684601730220019
22731298738186696
21748813106182904
42930723859496884
430639621620466
3527940603304013
16025201210576593
6813509901203693
13928590404786640
22831018445815926
15085296279062065
1685899840654866
1034282653744635
3074558968441104
45837177995253078
31320977332945940
20024487281581481
28364640157923881
51870081979043090
6264422837088608
5062547927920344
32467677771131319
1206859915951245
2065994523818440
9600763895192707
9599308044593485
16254878845866493
3031630184335587
59919896062555292
17335340661770660
21529727599299372
13700961750153193
24395458121883562
9089776099263822
10302571297863703
58918581320268668
10708134910145802
5410693448963114
28237017989070855
33325136029096322
33448509423932208
4809052165589711
880181549068265
9720565088537487
22537475328135222
2478315079236499
10366423429103046
50315799083564887
50832739993261829
13439763420593129
8954048861268573
5616238894531502
13706946101797222
32856818750461564
23194719427206492
9266673618153259
13150500401160584
49713534061309266
45496107419706799
3145511452025391
35986247434607833
15690166783992652
25212131572054114
18041391144363668
42030669517540364
11193903542411097
13072118245715056
48946556319748325
5648873061221700
8586803142033475
22615101893221842
14198505133085459
35286142787120636
17142238918766958
15760299861033861
14740212592982757
7225053093167073
17493052074782069
5829177359470118
34775742817216642
25972871027308892
37718750908932319
212392970735127
3092538325742232
126377872871581
42757413243771698
14009918246661027
20711736595762227
31213127890256355
3099670827536088
28741553952638767
45006904648598283
47252623259675374
28269734012147430
9073156027262690
32931266815805875
43603986749652156
35458649889074249
29232016763358229
29629688878727939
4626741976278425
3034468075427475
27793455965514740
50041484185988775
9515342217434063
2802557272329194
30159008428684483
21628886487403977
14890125743931486
45367146574096998
9566183307477627
4354585550798321
47429146712833188
43216868015717454
21566855753880354
13890932850384670
34285201524500402
1042688747641542
5653663071657229
3457912052474374
3337241662822927
38611567133852090
62415677852906096
3481712250122460
29910611084549065
57406422355715085
23037590544429446
2948986394487267
12619487173431021
14610699192205903
37372825597532425
33439472277642806
1826579000797797
12359606429093429
15882990256906479
7856580049819916
15371050551785838
7148173061757864
44539058171798521
51848189562491006
45048391855858271
32841640657194390
10561725753372901
53019965601458922
31852277440711107
51938590971228703
20431179524285483
26388409482490343
17398725659333386
6063966707474876
22500444439585221
6724252443147402
21830434348755295
2853278328493479
316970124464733
39217279848767148
37146550684215534
27202353641168216
43825572290763166
3211992140947491
2378701811553203
39940987046452904
14623642872700655
28344372278402975
44890461525234156
50612487367039055
39703128847505099
56547469791592250
35889119865727612
54391125348006077
15269095082959284
39323155582052312
63756514380522845
29962667171510099
10765347910838549
3042844640567750
1493395824768195
26970038028411579
51855596900372574
36971531087239524
2085347010086329
7064910423309194
37356825499109530
12100581861927591
19057060065185633
1426228414682713
27308452846700928
45409359797139218
29712465361580476
30279984874404280
45916846519846927
20480039305392292
21531938528253930
5216805464566202
50607950851995466
27947005672434577
28958680951672991
59775263928104983
36622595264759117
4911755325108093
47349815048911407
2468775473875050
4647632311780991
39476717473522822
40764674196472498
31237235281270818
39186294205859476
20381983312012748
53759882563476516
20086286283485115
9068065558870533
32177440089923810
19207083451688379
19214137228702348
42626480917371746
17456772458492228
16511995889811925
18980932741182264
31318117142175353
23199287740860563
10086607832132147
14612315456340362
6554435948374789
32165721587069132
13796999562953819
12415654054973511
51528628318822034
10361155618265129
17885374311248026
11285687464428721
17760292028452221
50071004623571594
31692652408381949
25037166819057400
59816629214031296
55678636815496732
33774209274369674
7496945401913942
11817932271688675
43187814423638227
6267478084833670
57771044480671776
20843565354490486
2439078113156333
47888994362743241
4040119388591244
15108740027739003
27903911796959999
26275145569760740
30436927499165113
42575212557603154
27230567282075634
10460747154657284
37332736518401889
42146849302716540
12984405683317022
58975131657020777
29862951784174899
4150201460553445
12563173618265177
40870501662540281
49045484073806568
6376379995214622
57436103951263292
46203527717374091
31929306661168745
21459415583519627
26027289073092256
17612060369318015
8045898326099175
13238457766494104
3502496564148407
2460868299201424
87732273938399
2336595010138291
14463759383842210
3851050437798212
24570347966759657
31516088172161916
40447166611274655
36088789697583173
3629602621748299
2185724144626783
5672748992631825
32369586170968033
15197586804738181
19541383365943162
3671598337833966
35942878054953840
5102890342449464
32304120415999594
54796775715595665
16227284819954425
37564005379596330
10549905515693340
6572916259670619
9070234274961421
23319796486416668
4292317366344715
18804751520646984
5834813446016404
52313733476791523
30659936504983113
53060400763080977
3459203446514080
46705382290491930
5267618195292518
44484254422374640
28995552092142130
36628270654165531
1984486893353988
38913168410636918
4028861161026222
31274713353014627
50937365902758500
3941337618606247
63946856089520396
17358532125452414
11996009231367951
3172348827147142
2584032905919276
9634392044188886
12632197119984844
16738415246112635
10127413179686350
28561838569592788
54500311749261318
44602932716200869
1961074375830189
1710775366688966
1006847253246086
2486339629255033
44079211795347554
40277194329019082
11955273891709522
5318884657583887
774384075986637
14007506193903405
36110757710442386
39040593808657806
34368113056404817
12226289517527763
42788137177503168
16178967778249432
12315863831391083
31193038250362290
31700339002752181
15220619211163790
2608729404416307
29756560172293627
36376300052026071
25059648303506024
12079834805444374
146513320870727
19601278953121692
23065318244135305
6449585863352069
57566138250343241
14838287920218117
3683794495092054
47081808867096115
25030786222170610
58420880443884595
15205621176813301
6773128380972949
6625564042095419
26070478350723108
42286130912142302
41422187505507939
2182314115692308
38288641161274564
11081911576206818
57029387902615757
17169197797379965
20643075701568216
12116389186011075
15215614677504096
26826493980782880
14843325356537576
9568436330767932
31012019686303769
26066440683310455
2747888765671965
16787050468536309
7371891856799830
9366989658082375
8313947144844216
21401708481985848
26167830029446497
43984629380517280
11927760843906934
24833889701025030
729533389611571
1322711386174801
5868399132950782
955671731333193
23128210808547965
23355566500792827
30995459414081843
25577034379363235
53619202346939169
1451234309997126
5509043418081724
24261212831983246
2549852254487510
2714842445020106
29837864957464534
1698077604328532
25924341506774359
25387987577737313
21747541146188585
16278689374680512
48299395765273795
34389382211622106
4669468454906017
6145463138269724
56536690152892955
7196420452196614
11839393570283854
44395341016426359
5218662611069528
5421069015937660
16319771392316722
37956512714512906
475553973975466
15883157166942906
5015691290970611
24629537027463763
41211425842424288
33411161254377704
16982876108239608
32842543314667623
8486657145372038
20062131707930389
13352600554420530
20742664729587644
681569293316300
47115790063282783
44142733000042541
26058073949968963
36912078121442863
40705530548727868
57130651952554231
50169091726284796
61455473895355717
15440602106955579
47604792035008638
31874952419237685
28612555883742995
24241951805033640
16245794158672105
51765754859554243
29757439152555571
18558887712263519
21215321477079251
45749465160928681
15597427569165891
16186342974388812
2968883227072906
51405351183761226
46163446351920103
48509626390442286
3329939098590907
4647996217114691
11098752834778987
17768166358562695
43708885647856658
100474998638653
14855600544685028
7211456123611316
25466814339821528
8974826276898759
63647903621404246
21395392129009986
18603407116444017
32265099719174653
21791683517325278
28102611280274225
20886424095051308
27956697576690948
287045248666184
3734195549456767
42428487169506197
52134170145028059
14399321937947298
13262606462053324
29655251536717515
12016113923620566
2260653396286153
38903076960270050
4125512781617473
11792271526268978
14043036865863311
24994598600290219
50905991902150972
49671662669411800
3391409040989813
16630087768377015
11991894568009392
14695363015357199
1680178147339214
5861204504917798
37409442925391152
5629669547502556
3250217632666025
8893584245271877
18604939400786612
29947634933570008
48153735235083773
18236566089677440
24605338929741318
20532298572934042
5660732779149788
33244841714648714
839283717576880
14027959511533652
59470563684768328
9815895277792756
14790447853845968
32510789201858657
10577284531906224
50827358354133899
52085584974106278
51281530582267446
26051675772068618
16345006514152259
5742705341127874
13359472856488613
32851749140010918
8600590474239019
28424863402671432
8816877596223669
35878172182494562
42634538779182988
22013964717054369
43125492833960378
44862272795904871
10495836396829817
48278849246306
8336428999410090
18730592783805850
1380862170491371
2084914264563204
13101148685681739
45695640131681
2474338160036965
5668858923268798
2816552020656740
24866566149743771
51577574320061251
5849960159649906
3501861399167439
52157748105772434
33392650261393771
22485389155436354
59489455647879451
21048875213212521
49825544224712164
3083554486600205
35804625847438368
2394710493986084
24095338080372863
3767317802504429
27375058898816255
3171173829767547
4879901115282036
20993265497095707
53170442968947476
52958308764575148
4119769487286136
34258235801861733
52801222619637763
31896967999098774
9825029122764551
12933940660002111
4801939050187406
1288384732267125
51746353681842746
2548073860293142
6985984396635390
7400995828618429
15902310595535963
1616104458554804
57861867175906013
47281372961775120
23088349654193256
18090339489643947
26423722008594590
26763443692788978
2345097143259824
3417068885538715
7853695161748111
37265393667786783
30928379505035307
23473899755202170
6547389270508312
