4427
17263
4366
2606
3009
2125
2458
2515
3259
2363
2807
1681
2021
2243
2188
2163
2618
1738
2846
3545
2264
2460
2397
2428
2471
2280
2556
2260
2737
1798
2173
2142
1959
2732
2237
2449
2811
2068
2496
2531
2786
2718
2435
2268
2648
3304
3834
2741
1862
3352
2279
2715
2405
2039
2228
2409
1648
1706
1492
3193
2539
2195
3215
2216
2523
3728
2060
1586
2436
2869
2222
1588
1875
1778
1536
981
1590
2927
2220
2778
2611
2081
2615
1748
2049
2459
2141
2095
2802
2558
2249
1864
2348
1980
2108
2561
1582
2761
3526
2395
