100417014
5073453357
3203965631
8356117888
3218021300
3563332025
4087668356
5424843555
2875127106
622999536
40352424139
5464277404
6188443363
2616140120
4110403990
3306601947
37805703973
3177833718
2
28044841438
2443427189
39496907367
3813899190
6809225363
5366178610
4720864940
6596825172
5162227496
13017217422
12582624589
776594426
3814709979
5833665370
20129558438
6060878314
1820064013
38819114144
4383328971
5735491398
5398914543
2968635181
2593707349
41617696433
6448711289
5280292032
4367252527
3904082024
3568841381
41540019367
3929827368
3908351759
4324579168
4431062669
3161001464
7429428474
4516256663
5031745642
6410579903
4311605406
5699078578
5026198738
6338449655
5550019251
5389445625
37163939919
3296174876
32992656732
3096785214
12910735358
1563923622
11262225107
4634284380
4267398460
3477868152
1079848269
5555117678
5154099137
11294452517
2044915672
0
1543120823
36254890063
4700676979
3805513989
37710745197
5933298877
3099457207
3959569480
4179081024
35442130303
4574580749
3935064370
17288650492
3208234064
3091722234
4746271869
7200360328
5032335967
4230085817
4896732534
2237054015
2720641778
2265217798
3418139620
34743703636
5091616606
4520951228
6568881404
4380418261
4144813689
3316396012
5608748566
4393726099
37022768886
34407175781
13042290409
40541241572
5079011462
38076816162
38746231103
2995543364
1159336143
18420090432
7585238130
4324683884
3640094984
5221931959
15601833340
16733545948
6150555535
39265068953
2825661931
7570230876
31259482455
20245689273
6617873552
2453090180
3577816802
5904096706
7283188349
8607514162
4208191832
3373497697
36567367904
4298200943
3529086866
4928750129
38686937380
36894782629
4360989964
30477999132
18499871267
4987188632
3447485680
4835161745
3016255667
4698814156
18054648770
2982746558
8925095172
1959703706
2946148587
28992820866
1873361704
4376229119
5577224727
36071453664
6551538416
5275626331
16466297377
40329948273
1
4924306452
14003298977
40816553169
3759168980
36078193651
26069588675
5950910459
11801542060
3279926816
3856730054
7041615078
3880137183
3999614165
6759160663
5522937094
5766325170
4777308125
5757163933
4371923330
2684229473
5841044024
7216842243
17817626816
4852850329
4813788505
4105943425
6238756909
5160644764
12621243772
8850994662
2972621307
5796966552
37496195430
33780524537
6300548971
3007258684
16074581643
5473982016
6112194424
4421881103
3524524135
7486301630460
3877299830
6180352234
2788803056
5073329067
28685283030
39286471876
5259399851
3835648127
5786093619
6783317454
3400339645
4260001805
5009754663
7005298749
5021976094
3220671708
4379330187
3160851452
3882740831
34849086756
11151680945
4528790007
5926717435
8666804055
4547979355
3250563035
2988998969
4920582157
13475727523
8201233025
3117230711
27569136616
1786085580
5427352008
6394664203
4143097302
5140435685
3921266904
4222323324
5808783767
30221024756
11429755011
35549138599
4827798308
23824610582
3524665064
8937433538
6671224962
5120105599
3211430564
37894349472
4202391392
12331436964
7925884829860
4482561347
6875235166
5016401095
29827206720
3167041807
5957724916
5645914207
12222346919
2247927049
3466171887
4811402092
28758272869
27766101377
5522755214
2709405274
2473174831
18854099765
2880929077
3840041252
39814204348
3725753877
4649663447
39233277879
2865659386
6300889081
3887402200
3931065722
6126893506
3684211873
2220585947
3299217753
3851463314
4573011007
5192010262
4300915287
5497669392
7937790406
2198873787
4627442405
3868893167
4688661779
37460502213
2456802161
41300929323
2927573128
3807650708
37169587205
36630605413
6232882663
4198250472
7759503947
6050753767
4736294989
3197427644
3596179871
7820379164
19859106379
3541060822
24335850791
6157520030
39784506025
4669916274
9305554509
3719790746
4391551163
2760757827
38628563284
7808764206
4976573338
36829709290
6703727182
3601468059
4417145006
7544191125
2917088051
2745199102
5928188626
1835293364
30707327573
6753103986
2875718316
6427691618
3285155778
42792670873
37689990257
4297547817
39401024183
2986555996
35618339132
4785698715
4871231648
6384488314
31432632313
37740205674
7237495194
22489808516
3483267470
2336339985
2949706482
3366491861
5042562223
4409734209
1607563604
7156573280
32405676361
3727088220
31438573221
14197247222
5355035277
3353441186
3774716480
28747877058
4546737669
39609293353
4474283610
36850826364
4234410727
4416063781
37147873698
3729297769
23284948099
8086721308
5745029002
26272946645
40566133066
5178859568
3156797128
5525214501
6396263065
3577907130
3432706043
16127831080
5502856413
4233702608
4344225165
4836758854
0
5321696360
4847579353
3152689303
7132412959
4394599746
3682025735
6620285423
5266113051
6901079862
2636614746
3807148634
4560774933
3465397105
7053228935
3766582692
39133707471
3723737312
4047181558
40588937666
1924893874
37654542355
4651632870
1838607612
33660801805
2332204588
14714335055
2475674360
1604175045
27367033632
5322977437
2716329654
3598019100
6223802487
5290296206
39115760075
3474225720
5021445782
12777793615
5601823108
7086201349
3949155598
3008773624
5605792311
5602724447
20105910390
4078740320
5937907639
6588776845
2809738290
4889977035
3890855747
5274863894
3778423753
37492104773
4385709785
3037312732
2864499812
31795276347
3642053304
4299481617
36073005804
2813235763
2251659071
9448121341
17663186693
4277634466
2777232921
19856292971
8523570442
18458537768
6153451476
32653952651
3265144143
4999584544
1659373942
3553773037
4240122297
5454680600
3804444818
7175396742
2816337949
3588359747
4241224267
38176997283
2434434383
6358995719
5228910222
33522481347
6616925808
4451520697
7090748412
3732833264
3174905642
7975598268
4936657495
33906697888
5845715679
3765389438
14921177606
23334377083
3476784539
3831132855
6713223728
39161162097
3279036711
4840879049
26910581458
32818777149
37822216230337
3959172362
2586882326
4337011458
3871712852
4144825721
37894351372
4770629334
2434831439
4248890634
5948226229
4603169141
2772472337
6469335632
3453582377
38310389890
4335328519
3745233575
24123852778
21726169963
39802841934
4742544818
4468362109
12024009549
3036255834
3953906659
5189577177
5135907972
31859326115
5728099999
5322749304
5258072278
5980865979
4957019398
40276713891
13448455365
4515618328
3656097022
5410906608
20567723002
24451656198
35204854255
5815113875
6633777623
2821192101
3073023736
4594178439
37229546782
4373921034
6120383757
12636037864
1838777750
3840472377
4864046949
4453680159
7211079764
28668853731
4179591364
5451989137
5601766152
4802859332
6133797108
43285529397
4024269651
4069025348
36570004771
4309708934
42145696941
4263107605
3270856274
4028433172
4852183358
2074415100
2944868839
3808026924
5178886582
2610010014
26079211839
10437805756
4905202933
5322305629
43025137860
12341238262
38360532048
597238356
5668526087
37713014532
38996926533
3587997080
4294202148
3929995382
6942088422
4953502386
5939380340
4555017842
4298677346
5621550739
2670956875
4440089977
3683918237
5410272883
31451169092
3064082601
3189078326
10157117424
4737354173
3139541650
2620059943
3473311852
12749671007
5093976476
3268887468
8770828722
39981577308
6086943509
1615946879
10795432988
15064354696
4700502895
18977069538
2999560803
16452845236
5194692234
16457769774
4015329288
5757285180
3178791964
4662507318
7858555675
41091670851
5253743211
3768751940
34379622575
1550608348
4264175365
3340699561
3670087906
41175614183
4150094377
6979418995
33402866893
1797137114
42003591699
5880821607
5698376155
28811855655
4837179155
22554242612
933789223
5250873564
6178668562
4673633970
5748243695
1756774502
4372044197
2392425580
4771825390
5389158038
36213273978
4236891140
18258790859
38023247928
4690479440
5017534924
5620952961
6945524060
3213518402
39298842657
4499996096
3460520913
3048034740
2848828688
3181707350
6475711075
11529774482
35808905674
4082338005
19973916394
3733755297
2339340710
40352323208
4698712980
4062445534
14464934626
40480578109
2959915671
7651789861
3826523670
6199955333
397527710
3712825535
23736809463
4157841832
4728689077
3026982733
41775408559
35114918818
9352861500534
3687487528
3438645465
14973865582
6393697127
4174070273
3040360163
38401769081
4198862626
39080020142
34006597373
2737125916
41609102466
3041971929
3638041752
34968094983
4947532402
5965229763
2904925213151
4875437703
3765334976
3985479256
38865659087
8308232136
2427785581
7929372061
3994310960
31289449852
3182474247
39049591020
1706254728
7523606061
3056301542
12222909288
3435946684
11936335130
5203644607
13227871389
2906087607
940891390
7142191902
4304187352
3749448993
3009718489
2790379565
4517437747
2925973387
5913381840
4920493508
17017152113
3921747503
3148197755
9558489782
6324779128
4974542194
6405977915
3791768068
5223463171
6140403897
5031489094
5250146515
3030659564
5796470306
2577269178
12947461843
5283306223
6637239367
4368080995
3431649782
4276936446
2861016469
2760022108
3105534537
4877425448743
2851321490
9250363474
4132351930
3737274519
3910646014
4020989922
5051507499
1588459262
4108270414
6495334270
40458360085
5977457241
6164579658
5093727315
3508591844
38967644628
4654722864
3405142201
1467944108
1164082968
2929436481
3325546137
41529513243
4840289800
39631549518
4477197445
10562431209
6991838571
2742885847
4736333956
3030174290
4204901527
4074543604
2839078289
7186081610
6532413912
5390762943
6279981159
8302570903
6010790088
1354530467
15274397642
4898481048
38932466777
4417989775
1374273827
40442119221
4983392379
3943325142
3940080156
3990209177
4441261029
4867787920
2233678648
6298747753
11582895312
24351131002
43500306375
4263661668
4760334309
26868529344
5432416829
7314624427
6282687465
3702787179
1836172863
2111286360
10025067033
1884446807
3112058637
3437911908
2670072189
6523140551
4504907629
3061248743
2368722726
2209781966
40632996197
5045381796
5904500685
39427270155
5360737743
5787128146
3819162172
3954893826
2790153194
6097369237
3111759222
6854629367
3770029136
1129628475
19315349080
4750789057
4501583481
3451413202
4167427029
3677715547
3958423147
38297670028
5582452047
6768740592
15895965295
765760230
43498221479
2963440241
6895522622
40662150509
2667308504
11768063498
2104225398
26307221304
4896305048
3823773063
2931935039
4155922797
6607513631
40655915959
3349977681
2418734697
5020729452
0
29655312750
4848532045
15152010154
3544359604
4596122299
4327541714
12378120956
8370293757
3588329266
4753484274
4342313239
23492713047
2784603904
3883408189
3209745365
3431649244
1393957394
8680668027
6419394639
3933302799
2738051905
3076899880
37925403668
2211958138
3260673334
41481203060
3615986533
5569793967
38189002884
40260498416
43090731592
33847091412
5498707729
4643705980
5027659399
23264491486
6217931855
6640048803
4204238870
2899830842
5542348736
5104892985
15674024499
5014337517
4311191911
9529838868
4401010462
4597010506
3898862207
4134410955
2912972310
2405072793
42047401567
27675491156
42826173103
4446119871
2870514942
4884382226
5449257868
9469081823
4182272110
1151219830
1411623565
7268607365
4676470591
5143472399
3850515619
8430714360872
2319213995
3947340392
3992866500
3601611819
4871731390
6921109783
38251493844
16557490419
8427079261719
3148951700
19722331431
32543697467
2688333562
6521501333
5147406520
4276716849
2762730097
38752198988
41200929724
33331183
4772171175
41491108636
5143020632
4637567767
5133995998
3812989801
3623083295
