4
7
9
10
13
13
13
13
16
13
17
17
17
17
17
18
21
17
18
17
21
17
17
21
18
17
17
21
21
21
21
21
25
16
21
21
21
21
21
21
22
22
26
21
22
21
22
26
21
22
22
21
26
21
21
22
26
22
21
21
23
26
26
22
23
23
27
27
26
26
27
26
31
21
22
21
26
22
22
23
23
27
27
21
23
21
26
26
26
27
26
26
31
21
21
26
22
22
21
21
26
23
26
26
26
26
27
31
22
23
27
23
27
21
21
26
26
23
21
21
26
26
26
26
26
26
27
31
26
26
27
26
31
26
26
26
31
27
26
26
26
31
27
26
26
26
31
31
31
31
31
31
36
19
25
25
25
25
25
25
25
26
26
26
31
25
26
25
26
26
31
25
26
26
25
26
31
25
26
26
26
25
31
25
25
26
26
31
26
25
25
27
27
31
31
26
27
27
27
32
32
26
27
27
27
32
32
31
31
32
32
31
37
25
26
25
26
31
26
26
27
27
27
32
32
25
27
25
27
31
31
26
27
27
27
32
32
31
32
31
32
31
37
25
26
26
25
31
26
26
27
27
27
32
32
26
27
27
27
32
32
25
27
27
25
31
31
31
32
32
31
31
37
25
25
26
31
26
26
25
25
27
31
27
31
26
27
27
32
27
32
31
31
32
31
32
37
26
27
27
32
27
32
25
25
27
31
31
27
25
25
28
31
31
31
27
28
27
32
32
33
31
31
32
31
32
37
31
31
32
32
31
37
26
27
27
32
32
27
27
28
27
32
33
32
27
27
28
33
32
32
32
32
33
32
34
38
32
33
32
34
32
38
31
31
32
31
37
32
31
31
32
31
37
32
32
32
33
32
38
34
31
31
32
31
37
37
37
37
38
37
37
43
25
26
25
31
26
26
26
27
27
32
27
32
25
27
25
31
27
31
31
32
31
31
32
37
26
27
27
32
27
32
26
27
27
32
32
27
27
28
27
33
32
32
27
27
28
32
33
32
32
33
32
32
34
38
32
32
33
34
32
38
25
27
25
31
31
27
27
27
28
32
32
33
25
28
25
31
31
31
31
32
31
31
32
37
31
32
31
32
31
37
31
32
31
31
37
32
32
33
32
32
38
34
31
32
31
31
37
32
31
32
31
31
37
37
37
38
37
37
37
43
25
25
31
26
26
26
25
25
31
27
27
31
31
31
31
32
32
37
26
27
32
27
27
32
26
27
32
27
27
32
25
25
31
27
31
27
25
25
31
28
31
31
31
31
31
32
32
37
27
28
32
27
32
33
31
31
32
32
31
37
31
31
31
32
37
32
31
31
31
32
37
32
31
31
31
32
37
37
32
32
32
33
38
34
37
37
37
38
37
43
26
27
32
27
32
27
27
28
32
27
33
32
32
32
32
33
34
38
27
27
33
28
32
32
32
33
34
32
32
38
25
25
31
31
27
27
25
25
31
31
28
31
31
31
31
32
32
37
31
31
32
31
32
37
27
28
32
32
27
33
25
25
31
31
31
28
25
25
31
31
31
31
31
31
31
32
32
37
31
31
32
31
32
37
31
31
32
32
31
37
31
31
31
32
37
32
31
31
31
32
37
32
31
31
31
33
37
37
32
32
33
33
38
38
37
37
37
38
37
43
31
31
32
31
37
32
31
31
32
31
37
32
32
32
33
33
38
38
31
31
33
31
37
37
37
37
38
37
37
43
31
31
31
37
32
32
31
31
31
37
32
32
31
31
31
37
32
37
37
37
37
37
38
43
32
32
32
38
33
34
31
31
31
37
32
32
31
31
31
37
32
32
31
31
31
37
33
37
37
37
37
37
38
43
32
32
33
38
33
38
31
31
31
37
37
32
31
31
31
37
37
33
31
31
31
37
37
37
37
37
37
37
38
43
37
37
37
38
37
43
37
37
37
37
43
38
37
37
37
37
43
38
37
37
37
37
43
38
37
37
37
37
43
43
43
43
43
43
43
49
22
29
29
29
29
29
29
29
29
30
30
30
30
36
29
30
29
30
30
30
36
29
30
30
29
30
30
36
29
30
30
30
29
30
36
29
30
30
30
30
29
36
29
29
30
30
30
36
30
29
29
31
31
31
36
36
30
31
31
31
31
37
37
30
31
31
31
31
37
37
30
31
31
31
31
37
37
36
36
37
37
37
36
43
29
30
29
30
30
36
30
30
31
31
31
31
37
37
29
31
29
31
31
36
36
30
31
31
31
31
37
37
30
31
31
31
31
37
37
36
37
36
37
37
36
43
29
30
30
29
30
36
30
30
31
31
31
31
37
37
30
31
31
31
31
37
37
29
31
31
29
31
36
36
30
31
31
31
31
37
37
36
37
37
36
37
36
43
29
30
30
30
29
36
30
30
31
31
31
31
37
37
30
31
31
31
31
37
37
30
31
31
31
31
37
37
29
31
31
31
29
36
36
36
37
37
37
36
36
43
29
29
30
30
36
30
30
29
29
31
31
36
31
36
30
31
31
31
37
31
37
30
31
31
31
37
31
37
36
36
37
37
36
37
43
30
31
31
31
37
31
37
29
29
31
31
36
36
31
29
29
32
32
36
36
36
31
32
31
32
37
37
38
31
32
32
31
37
37
38
36
36
37
37
36
37
43
36
36
37
37
37
36
43
30
31
31
31
37
37
31
31
32
31
32
37
38
37
31
31
32
32
38
37
37
31
32
32
32
38
38
38
37
37
38
38
37
39
44
37
38
37
38
39
37
44
30
31
31
31
37
37
31
31
32
32
31
37
38
37
31
32
32
32
38
38
38
31
31
32
32
38
37
37
37
37
38
38
37
39
44
37
38
38
37
39
37
44
36
36
37
37
36
43
37
36
36
37
37
36
43
37
37
37
38
38
37
44
39
37
37
38
38
37
44
39
36
36
37
37
36
43
43
43
43
44
44
43
43
50
29
30
29
30
36
30
30
30
31
31
31
37
31
37
29
31
29
31
36
31
36
30
31
31
31
37
31
37
36
37
36
37
36
37
43
30
31
31
31
37
31
37
30
31
31
31
37
37
31
31
32
31
32
38
37
37
31
31
32
32
37
38
37
31
32
32
32
38
38
38
37
38
37
38
37
39
44
37
37
38
38
39
37
44
29
31
29
31
36
36
31
31
31
32
32
37
37
38
29
32
29
32
36
36
36
31
32
32
31
37
37
38
36
37
36
37
36
37
43
36
37
36
37
37
36
43
30
31
31
31
37
37
31
31
32
32
32
38
38
38
31
32
32
31
37
38
37
31
32
31
32
38
37
37
37
38
37
38
37
39
44
37
38
38
37
39
37
44
36
37
36
37
36
43
37
37
38
37
38
37
44
39
36
37
36
37
36
43
37
37
38
37
38
37
44
39
36
37
36
37
36
43
43
43
44
43
44
43
43
50
29
30
30
29
36
30
30
30
31
31
31
37
31
37
30
31
31
31
37
31
37
29
31
31
29
36
31
36
36
37
37
36
36
37
43
30
31
31
31
37
31
37
30
31
31
31
37
37
31
31
32
32
31
38
37
37
31
32
32
32
38
38
38
31
31
32
32
37
38
37
37
38
38
37
37
39
44
37
37
38
38
39
37
44
30
31
31
31
37
37
31
31
32
32
32
38
38
38
31
32
32
31
38
37
37
31
32
31
32
37
38
37
37
38
38
37
37
39
44
37
38
37
38
39
37
44
29
31
31
29
36
36
31
31
31
32
32
37
37
38
31
32
31
32
37
37
38
29
32
32
29
36
36
36
36
37
37
36
36
37
43
36
37
37
36
37
36
43
36
37
37
36
36
43
37
37
38
38
37
37
44
39
37
38
38
37
37
44
39
36
37
37
36
36
43
37
36
37
37
36
36
43
43
43
44
44
43
43
43
50
29
29
30
36
30
30
30
29
29
31
36
31
31
36
30
31
31
37
31
31
37
36
36
37
36
37
37
43
30
31
31
37
31
31
37
30
31
31
37
31
31
37
29
29
31
36
31
36
31
29
29
32
36
32
36
36
31
32
31
37
32
37
38
36
36
37
36
37
37
43
31
32
32
37
31
37
38
36
36
37
37
37
36
43
30
31
31
37
31
37
31
31
32
31
37
32
38
37
31
31
32
38
32
37
37
37
37
38
37
38
39
44
31
32
32
38
32
38
38
37
38
37
39
38
37
44
36
36
37
36
37
43
37
36
36
37
36
37
43
37
37
37
38
37
38
44
39
36
36
37
36
37
43
43
37
37
38
37
38
44
39
43
43
44
43
44
43
50
30
31
31
37
31
37
31
31
32
32
37
31
38
37
31
32
32
38
32
38
38
37
37
38
37
38
39
44
31
31
32
38
32
37
37
37
38
38
39
37
37
44
29
29
31
36
36
31
31
29
29
32
36
36
32
36
31
32
31
37
37
32
38
36
36
37
36
37
37
43
36
36
37
37
36
37
43
31
32
32
37
37
31
38
29
29
32
36
36
36
32
29
29
33
36
36
36
36
32
33
32
37
37
37
39
36
36
37
36
37
37
43
36
36
37
37
36
37
43
36
36
37
37
37
36
43
31
32
31
37
37
38
32
32
33
32
37
37
39
37
31
32
32
38
38
38
38
37
37
38
37
38
40
44
37
37
38
38
37
40
44
38
39
38
40
40
38
45
36
36
37
36
37
43
37
36
36
37
36
37
43
37
37
37
38
37
38
44
40
36
36
37
36
38
43
43
37
37
38
38
38
44
44
43
43
44
43
44
43
50
36
36
37
37
36
43
37
36
36
37
37
36
43
37
37
37
38
38
37
44
40
37
37
38
38
38
44
44
36
36
37
38
36
43
43
43
43
44
44
43
43
50
30
31
31
37
37
31
31
31
32
31
37
38
32
37
31
31
32
38
37
32
37
37
37
38
37
39
38
44
37
38
37
39
37
38
44
31
32
32
38
38
32
38
31
32
31
37
38
37
32
32
33
32
37
39
37
37
31
32
32
38
38
38
38
37
37
38
37
40
38
44
38
39
38
40
38
40
45
37
37
38
38
40
37
44
31
31
32
38
37
37
32
31
32
32
38
38
38
38
32
32
33
39
37
37
37
38
38
39
38
40
40
45
37
38
37
40
37
38
44
37
38
37
40
38
37
44
37
37
38
37
39
44
38
37
37
38
37
40
44
38
38
38
39
38
40
45
40
37
37
38
37
41
44
44
39
40
40
41
41
46
46
44
44
45
44
46
44
51
37
38
37
39
37
44
38
38
39
38
40
38
45
40
37
38
37
40
37
44
38
39
40
40
41
41
46
46
37
38
37
41
37
44
44
44
45
44
46
44
44
51
36
36
37
36
43
37
37
36
36
37
36
43
37
37
37
37
38
37
44
38
39
36
36
37
36
43
37
43
43
43
44
43
43
44
50
37
37
38
37
44
38
39
36
36
37
36
43
37
37
36
36
37
36
43
37
37
37
37
38
37
44
38
40
36
36
37
36
43
38
43
43
43
44
43
43
44
50
37
37
38
38
44
38
44
37
37
38
37
44
39
38
37
37
38
37
44
40
38
38
38
39
38
45
40
40
37
37
38
37
44
41
44
44
44
45
44
44
46
51
39
40
40
41
46
41
46
36
36
37
36
43
43
37
36
36
37
36
43
43
38
37
37
38
37
44
44
41
36
36
37
36
43
43
43
43
43
44
43
43
44
50
43
43
44
43
44
43
50
43
43
44
43
43
50
44
43
43
44
43
43
50
44
44
44
45
44
44
51
46
43
43
44
43
43
50
44
43
43
44
43
43
50
50
50
50
51
50
50
50
57
29
30
29
36
30
30
30
30
31
31
37
31
31
37
29
31
29
36
31
31
36
36
37
36
36
37
37
43
30
31
31
37
31
31
37
30
31
31
37
31
31
37
30
31
31
37
31
37
31
31
32
31
38
32
37
37
31
31
32
37
32
38
37
37
38
37
37
38
39
44
31
32
32
38
32
38
38
37
37
38
39
38
37
44
29
31
29
36
31
36
31
31
31
32
37
32
37
38
29
32
29
36
32
36
36
36
37
36
36
37
37
43
31
32
32
37
31
37
38
36
37
36
37
37
36
43
36
37
36
36
37
43
37
37
38
37
37
38
44
39
36
37
36
36
37
43
37
36
37
36
36
37
43
43
37
38
37
37
38
44
39
43
44
43
43
44
43
50
30
31
31
37
31
37
31
31
32
32
38
32
38
38
31
32
32
37
31
38
37
37
38
37
37
38
39
44
31
32
31
38
32
37
37
37
38
38
39
37
37
44
30
31
31
37
37
31
31
31
32
31
38
37
32
37
31
31
32
37
38
32
37
37
38
37
37
39
38
44
37
37
38
39
37
38
44
31
32
32
38
38
32
38
31
32
31
38
37
37
32
32
33
32
39
37
37
37
31
32
32
38
38
38
38
38
39
38
38
40
40
45
37
37
38
40
37
38
44
37
37
38
40
38
37
44
31
31
32
37
38
37
32
31
32
32
38
38
38
38
32
32
33
37
39
37
37
37
38
37
37
40
38
44
38
38
39
40
38
40
45
37
38
37
38
40
37
44
37
38
37
37
39
44
38
38
39
38
38
40
45
40
37
38
37
37
40
44
38
37
38
37
37
41
44
44
39
40
40
41
41
46
46
44
45
44
44
46
44
51
37
37
38
39
37
44
38
37
37
38
40
37
44
38
38
38
39
40
38
45
40
39
40
40
41
41
46
46
37
37
38
41
37
44
44
44
44
45
46
44
44
51
29
31
29
36
36
31
31
31
31
32
37
37
32
38
29
32
29
36
36
32
36
36
37
36
36
37
37
43
36
37
36
37
36
37
43
31
32
32
37
37
31
38
31
31
32
37
37
38
32
31
32
32
38
38
38
38
32
32
33
37
37
39
37
37
38
37
37
38
40
44
37
38
37
38
37
40
44
38
38
39
40
40
38
45
29
32
29
36
36
36
32
32
32
33
37
37
37
39
29
33
29
36
36
36
36
36
37
36
36
37
37
43
36
37
36
37
36
37
43
36
37
36
37
37
36
43
36
37
36
36
37
43
37
37
38
37
37
38
44
40
36
37
36
36
37
43
37
36
37
36
36
38
43
43
37
38
37
38
38
44
44
43
44
43
43
44
43
50
36
37
36
37
36
43
37
37
38
37
38
37
44
40
36
37
36
37
36
43
37
37
38
37
38
38
44
44
36
37
36
38
36
43
43
43
44
43
44
43
43
50
36
37
36
36
43
37
37
37
38
37
37
44
38
39
36
37
36
36
43
37
37
36
37
36
36
43
37
43
43
44
43
43
43
44
50
37
38
37
37
44
38
39
37
38
37
37
44
39
38
38
39
38
38
45
40
40
37
38
37
37
44
40
38
37
38
37
37
44
41
44
44
45
44
44
44
46
51
39
40
40
41
46
41
46
36
37
36
36
43
37
37
37
38
37
37
44
38
40
36
37
36
36
43
37
37
36
37
36
36
43
38
43
43
44
43
43
43
44
50
37
38
37
38
44
38
44
36
37
36
36
43
43
37
37
38
37
37
44
44
41
36
37
36
36
43
43
38
36
37
36
36
43
43
43
43
44
43
43
43
44
50
43
44
43
43
44
43
50
43
44
43
43
43
50
44
44
45
44
44
44
51
46
43
44
43
43
43
50
44
43
44
43
43
43
50
44
43
44
43
43
43
50
50
50
51
50
50
50
50
57
29
29
36
30
30
30
30
29
29
36
31
31
31
36
36
36
36
37
37
37
43
30
31
37
31
31
31
37
30
31
37
31
31
31
37
30
31
37
31
31
31
37
29
29
36
31
31
36
31
29
29
36
32
32
36
36
36
36
36
37
37
37
43
31
32
37
31
32
37
38
31
32
37
32
31
37
38
36
36
37
37
37
36
43
36
36
36
37
37
43
37
36
36
36
37
37
43
37
36
36
36
37
37
43
43
37
37
37
38
38
44
39
37
37
37
38
38
44
39
43
43
43
44
44
43
50
30
31
37
31
31
37
31
31
32
37
31
32
38
37
37
37
37
38
38
39
44
31
31
38
32
32
37
37
31
32
38
32
32
38
38
37
38
39
37
38
37
44
30
31
37
31
31
37
31
31
32
37
32
31
38
37
37
37
37
38
38
39
44
31
32
38
32
32
38
38
31
31
38
32
32
37
37
37
38
39
38
37
37
44
29
29
36
31
36
31
31
29
29
36
32
36
32
36
36
36
36
37
37
37
43
31
32
37
31
37
32
38
36
36
37
37
36
37
43
31
32
37
32
37
31
38
29
29
36
32
36
36
32
29
29
36
33
36
36
36
36
36
36
37
37
37
43
32
33
37
32
37
37
39
36
36
37
37
36
37
43
36
36
37
37
37
36
43
36
36
36
37
37
43
37
36
36
36
37
37
43
37
36
36
36
37
38
43
43
37
37
37
38
38
44
40
37
37
38
38
38
44
44
43
43
43
44
44
43
50
31
32
37
31
37
38
32
32
33
37
32
37
39
37
37
37
37
38
38
40
44
31
32
38
32
38
38
38
37
37
38
38
37
40
44
38
39
40
38
40
38
45
36
36
37
37
36
43
37
36
36
37
37
36
43
37
37
37
38
38
38
44
44
37
37
38
38
37
44
40
36
36
38
37
36
43
43
43
43
44
44
43
43
50
36
36
36
37
43
37
37
36
36
36
37
43
37
37
36
36
36
37
43
37
43
37
37
37
38
44
38
39
43
43
43
44
43
44
50
37
37
37
38
44
38
39
36
36
36
37
43
37
37
36
36
36
37
43
37
37
36
36
36
37
43
38
43
37
37
37
38
44
38
40
43
43
43
44
43
44
50
37
37
38
38
44
38
44
36
36
36
37
43
43
37
36
36
36
37
43
43
38
36
36
36
37
43
43
43
37
37
37
38
44
44
41
43
43
43
44
43
44
50
43
43
43
44
44
43
50
37
37
37
38
44
39
38
37
37
37
38
44
40
38
37
37
37
38
44
41
44
38
38
38
39
45
40
40
44
44
44
45
44
46
51
39
40
41
40
46
41
46
43
43
43
44
43
50
44
43
43
43
44
43
50
44
43
43
43
44
43
50
44
44
44
44
45
44
51
46
43
43
43
44
43
50
50
50
50
50
51
50
50
57
30
31
37
31
37
31
31
31
32
37
31
38
32
37
37
37
37
38
39
38
44
31
31
38
32
37
32
37
37
38
39
37
37
38
44
31
32
38
32
38
32
38
31
32
37
31
38
37
32
32
33
37
32
39
37
37
37
37
37
38
40
38
44
31
32
38
32
38
38
38
38
39
40
38
38
40
45
37
37
38
38
40
37
44
37
37
37
38
39
44
38
37
37
37
38
40
44
38
37
37
37
38
41
44
44
38
38
38
39
40
45
40
39
40
41
40
41
46
46
44
44
44
45
46
44
51
31
31
38
32
37
37
32
31
32
38
32
38
38
38
38
38
38
39
40
40
45
32
32
39
33
37
37
37
37
38
40
37
37
38
44
37
38
40
37
38
37
44
37
38
39
37
37
44
38
38
39
40
38
38
45
40
39
40
41
40
41
46
46
37
38
40
37
37
44
38
37
38
41
37
37
44
44
44
45
46
44
44
44
51
29
29
36
36
31
31
31
29
29
36
36
32
32
36
36
36
36
37
37
37
43
36
36
37
36
37
37
43
31
32
37
37
31
32
38
31
32
37
37
32
31
38
29
29
36
36
32
36
32
29
29
36
36
33
36
36
36
36
36
37
37
37
43
36
36
37
36
37
37
43
32
33
37
37
32
37
39
36
36
37
37
37
36
43
36
36
36
37
37
43
37
36
36
36
37
37
43
37
36
36
36
38
37
43
43
37
37
38
38
38
44
44
37
37
37
38
38
44
40
43
43
43
44
44
43
50
36
36
37
36
37
43
37
36
36
37
36
37
43
37
37
37
38
38
38
44
44
36
36
38
36
37
43
43
37
37
38
37
38
44
40
43
43
44
43
44
43
50
31
32
37
37
31
38
32
32
33
37
37
32
39
37
37
37
37
38
38
40
44
37
37
38
37
38
40
44
31
32
38
38
32
38
38
38
39
40
40
38
38
45
29
29
36
36
36
32
32
29
29
36
36
36
33
36
36
36
36
37
37
37
43
36
36
37
36
37
37
43
36
36
37
37
36
37
43
32
33
37
37
37
32
39
29
29
36
36
36
36
33
29
29
36
36
36
36
36
36
36
36
37
37
37
43
36
36
37
36
37
37
43
36
36
37
37
36
37
43
36
36
37
37
37
36
43
36
36
36
37
37
43
37
36
36
36
37
37
43
37
36
36
36
38
38
43
43
37
37
38
38
38
44
44
37
37
38
38
38
44
44
43
43
43
44
44
43
50
36
36
37
36
37
43
37
36
36
37
36
37
43
37
37
37
38
38
38
44
44
36
36
38
36
38
43
43
37
37
38
38
38
44
44
43
43
44
43
44
43
50
36
36
37
37
36
43
37
36
36
37
37
36
43
37
37
37
38
38
38
44
44
37
37
38
38
38
44
44
36
36
38
38
36
43
43
43
43
44
44
43
43
50
36
36
36
37
43
37
37
36
36
36
37
43
37
37
36
36
36
38
43
37
43
37
37
38
38
44
38
44
43
43
43
44
43
44
50
37
37
37
38
44
38
40
36
36
36
37
43
37
37
36
36
36
37
43
37
37
36
36
36
38
43
38
43
37
37
38
38
44
38
44
43
43
43
44
43
44
50
37
37
38
38
44
38
44
36
36
36
38
43
43
37
36
36
36
38
43
43
38
36
36
36
39
43
43
43
38
38
39
38
44
44
45
43
43
43
44
43
44
50
43
43
43
44
44
43
50
37
37
38
38
44
44
38
37
37
38
38
44
44
38
38
38
39
38
44
45
44
38
38
38
39
45
44
44
44
44
44
45
44
46
51
44
44
45
44
46
44
51
43
43
43
44
43
50
44
43
43
43
44
43
50
44
43
43
43
44
43
50
44
44
44
44
45
44
51
46
43
43
43
44
43
50
50
50
50
50
51
50
50
57
36
36
37
36
43
37
37
36
36
37
36
43
37
37
37
37
38
38
44
38
44
36
36
38
36
43
37
43
43
43
44
43
43
44
50
37
37
38
37
44
38
40
36
36
37
36
43
37
37
36
36
37
36
43
37
37
37
37
38
38
44
38
44
36
36
38
36
43
38
43
43
43
44
43
43
44
50
37
37
38
38
44
38
44
37
37
38
38
44
44
38
37
37
38
38
44
44
38
38
38
39
38
45
44
44
38
38
38
39
44
45
44
44
44
45
44
44
46
51
44
44
44
45
46
44
51
36
36
38
36
43
43
37
36
36
38
36
43
43
38
38
38
38
39
44
44
45
36
36
39
36
43
43
43
43
43
44
43
43
44
50
43
43
44
43
44
43
50
43
43
44
43
43
50
44
43
43
44
43
43
50
44
44
44
45
44
44
51
46
43
43
44
43
43
50
44
43
43
44
43
43
50
50
50
50
51
50
50
50
57
36
36
36
43
37
37
37
36
36
36
43
37
37
37
36
36
36
43
37
37
43
43
43
43
43
44
44
50
37
37
37
44
38
38
39
37
37
37
44
38
38
39
36
36
36
43
37
37
37
36
36
36
43
37
37
37
36
36
36
43
37
38
43
43
43
43
43
44
44
50
37
37
37
44
38
38
40
37
37
38
44
38
38
44
36
36
36
43
37
43
37
36
36
36
43
37
43
38
36
36
36
43
37
43
43
43
43
43
43
44
44
50
37
37
37
44
38
44
41
43
43
43
44
44
43
50
43
43
43
43
44
50
44
43
43
43
43
44
50
44
43
43
43
43
44
50
44
43
43
43
43
44
50
50
44
44
44
44
45
51
46
50
50
50
50
51
50
57
37
37
37
44
38
39
38
37
37
37
44
38
40
38
37
37
37
44
38
41
44
44
44
44
44
45
46
51
38
38
38
45
39
40
40
39
40
41
46
40
41
46
36
36
36
43
37
37
37
36
36
36
43
37
37
37
36
36
36
43
38
37
43
43
43
43
43
44
44
50
37
37
38
44
38
38
44
37
37
37
44
38
38
40
36
36
36
43
37
37
37
36
36
36
43
37
37
37
36
36
36
43
38
38
43
43
43
43
43
44
44
50
37
37
38
44
38
38
44
37
37
38
44
38
38
44
36
36
36
43
38
43
37
36
36
36
43
38
43
38
36
36
36
43
39
43
43
43
43
43
43
44
44
50
38
38
39
44
38
44
45
43
43
43
44
44
43
50
43
43
43
43
44
50
44
43
43
43
43
44
50
44
43
43
43
43
44
50
44
43
43
43
43
44
50
50
44
44
44
44
45
51
46
50
50
50
50
51
50
57
37
37
38
44
38
44
38
37
37
38
44
38
44
38
38
38
39
44
38
45
44
44
44
44
44
45
46
51
38
38
38
45
39
44
44
44
44
45
46
44
44
51
36
36
36
43
43
37
37
36
36
36
43
43
37
38
36
36
36
43
43
37
43
43
43
43
43
44
44
50
43
43
43
44
43
44
50
37
37
37
44
44
38
41
36
36
36
43
43
38
37
36
36
36
43
43
38
38
36
36
36
43
43
39
43
43
43
43
43
44
44
50
43
43
43
44
43
44
50
38
38
39
44
44
38
45
36
36
36
43
43
43
37
36
36
36
43
43
43
39
36
36
36
43
43
43
43
43
43
43
43
44
44
50
43
43
43
44
43
44
50
43
43
43
44
44
43
50
43
43
43
43
44
50
44
43
43
43
43
44
50
44
43
43
43
43
44
50
44
43
43
43
43
45
50
50
44
44
44
45
45
51
51
50
50
50
50
51
50
57
43
43
43
44
43
50
44
43
43
43
44
43
50
44
43
43
43
44
43
50
44
44
44
44
45
45
51
51
43
43
43
45
43
50
50
50
50
50
51
50
50
57
43
43
43
43
50
44
44
43
43
43
43
50
44
44
43
43
43
43
50
44
44
43
43
43
43
50
44
50
50
50
50
50
50
51
57
44
44
44
44
51
45
46
43
43
43
43
50
44
44
43
43
43
43
50
44
44
43
43
43
43
50
44
44
43
43
43
43
50
44
50
50
50
50
50
50
51
57
44
44
44
44
51
45
46
43
43
43
43
50
44
44
43
43
43
43
50
44
44
43
43
43
43
50
44
44
43
43
43
43
50
45
50
50
50
50
50
50
51
57
44
44
44
45
51
45
51
43
43
43
43
50
50
44
43
43
43
43
50
50
44
43
43
43
43
50
50
45
43
43
43
43
50
50
50
50
50
50
50
50
51
57
50
50
50
50
51
50
57
50
50
50
50
50
57
51
50
50
50
50
50
57
51
50
50
50
50
50
57
51
50
50
50
50
50
57
51
50
50
50
50
50
57
57
57
57
57
57
57
57
64
25
33
33
33
33
33
33
33
33
33
34
34
34
34
34
41
33
34
33
34
34
34
34
41
33
34
34
33
34
34
34
41
33
34
34
34
33
34
34
41
33
34
34
34
34
33
34
41
33
34
34
34
34
34
33
41
33
33
34
34
34
34
41
34
33
33
35
35
35
35
41
41
34
35
35
35
35
35
42
42
34
35
35
35
35
35
42
42
34
35
35
35
35
35
42
42
34
35
35
35
35
35
42
42
41
41
42
42
42
42
41
49
33
34
33
34
34
34
41
34
34
35
35
35
35
35
42
42
33
35
33
35
35
35
41
41
34
35
35
35
35
35
42
42
34
35
35
35
35
35
42
42
34
35
35
35
35
35
42
42
41
42
41
42
42
42
41
49
33
34
34
33
34
34
41
34
34
35
35
35
35
35
42
42
34
35
35
35
35
35
42
42
33
35
35
33
35
35
41
41
34
35
35
35
35
35
42
42
34
35
35
35
35
35
42
42
41
42
42
41
42
42
41
49
33
34
34
34
33
34
41
34
34
35
35
35
35
35
42
42
34
35
35
35
35
35
42
42
34
35
35
35
35
35
42
42
33
35
35
35
33
35
41
41
34
35
35
35
35
35
42
42
41
42
42
42
41
42
41
49
33
34
34
34
34
33
41
34
34
35
35
35
35
35
42
42
34
35
35
35
35
35
42
42
34
35
35
35
35
35
42
42
34
35
35
35
35
35
42
42
33
35
35
35
35
33
41
41
41
42
42
42
42
41
41
49
33
33
34
34
34
41
34
34
33
33
35
35
35
41
35
41
34
35
35
35
35
42
35
42
34
35
35
35
35
42
35
42
34
35
35
35
35
42
35
42
41
41
42
42
42
41
42
49
34
35
35
35
35
42
35
42
33
33
35
35
35
41
41
35
33
33
36
36
36
41
41
41
35
36
35
36
36
42
42
43
35
36
36
35
36
42
42
43
35
36
36
36
35
42
42
43
41
41
42
42
42
41
42
49
41
41
42
42
42
42
41
49
34
35
35
35
35
42
42
35
35
36
35
36
36
42
43
42
35
35
36
36
36
43
42
42
35
36
36
36
36
43
43
43
35
36
36
36
36
43
43
43
42
42
43
43
43
42
44
50
42
43
42
43
43
44
42
50
34
35
35
35
35
42
42
35
35
36
36
35
36
42
43
42
35
36
36
36
36
43
43
43
35
35
36
36
36
43
42
42
35
36
36
36
36
43
43
43
42
42
43
43
43
42
44
50
42
43
43
42
43
44
42
50
34
35
35
35
35
42
42
35
35
36
36
36
35
42
43
42
35
36
36
36
36
43
43
43
35
36
36
36
36
43
43
43
35
35
36
36
36
43
42
42
42
42
43
43
43
42
44
50
42
43
43
43
42
44
42
50
41
41
42
42
42
41
49
42
41
41
42
42
42
41
49
42
42
42
43
43
43
42
50
44
42
42
43
43
43
42
50
44
42
42
43
43
43
42
50
44
41
41
42
42
42
41
49
49
49
49
50
50
50
49
49
57
33
34
33
34
34
41
34
34
34
35
35
35
35
42
35
42
33
35
33
35
35
41
35
41
34
35
35
35
35
42
35
42
34
35
35
35
35
42
35
42
41
42
41
42
42
41
42
49
34
35
35
35
35
42
35
42
34
35
35
35
35
42
42
35
35
36
35
36
36
43
42
42
35
35
36
36
36
42
43
42
35
36
36
36
36
43
43
43
35
36
36
36
36
43
43
43
42
43
42
43
43
42
44
50
42
42
43
43
43
44
42
50
33
35
33
35
35
41
41
35
35
35
36
36
36
42
42
43
33
36
33
36
36
41
41
41
35
36
36
35
36
42
42
43
35
36
36
36
35
42
42
43
41
42
41
42
42
41
42
49
41
42
41
42
42
42
41
49
34
35
35
35
35
42
42
35
35
36
36
36
36
43
43
43
35
36
36
35
36
42
43
42
35
36
35
36
36
43
42
42
35
36
36
36
36
43
43
43
42
43
42
43
43
42
44
50
42
43
43
42
43
44
42
50
34
35
35
35
35
42
42
35
35
36
36
36
36
43
43
43
35
36
36
36
35
42
43
42
35
36
36
36
36
43
43
43
35
36
35
36
36
43
42
42
42
43
42
43
43
42
44
50
42
43
43
43
42
44
42
50
41
42
41
42
42
41
49
42
42
43
42
43
43
42
50
44
41
42
41
42
42
41
49
42
42
43
42
43
43
42
50
44
42
43
42
43
43
42
50
44
41
42
41
42
42
41
49
49
49
50
49
50
50
49
49
57
33
34
34
33
34
41
34
34
34
35
35
35
35
42
35
42
34
35
35
35
35
42
35
42
33
35
35
33
35
41
35
41
34
35
35
35
35
42
35
42
41
42
42
41
42
41
42
49
34
35
35
35
35
42
35
42
34
35
35
35
35
42
42
35
35
36
36
35
36
43
42
42
35
36
36
36
36
43
43
43
35
35
36
36
36
42
43
42
35
36
36
36
36
43
43
43
42
43
43
42
43
42
44
50
42
42
43
43
43
44
42
50
34
35
35
35
35
42
42
35
35
36
36
36
36
43
43
43
35
36
36
35
36
43
42
42
35
36
35
36
36
42
43
42
35
36
36
36
36
43
43
43
42
43
43
42
43
42
44
50
42
43
42
43
43
44
42
50
33
35
35
33
35
41
41
35
35
35
36
36
36
42
42
43
35
36
35
36
36
42
42
43
33
36
36
33
36
41
41
41
35
36
36
36
35
42
42
43
41
42
42
41
42
41
42
49
41
42
42
41
42
42
41
49
34
35
35
35
35
42
42
35
35
36
36
36
36
43
43
43
35
36
36
36
36
43
43
43
35
36
36
36
35
42
43
42
35
36
36
35
36
43
42
42
42
43
43
42
43
42
44
50
42
43
43
43
42
44
42
50
41
42
42
41
42
41
49
42
42
43
43
42
43
42
50
44
42
43
43
42
43
42
50
44
41
42
42
41
42
41
49
42
42
43
43
42
43
42
50
44
41
42
42
41
42
41
49
49
49
50
50
49
50
49
49
57
33
34
34
34
33
41
34
34
34
35
35
35
35
42
35
42
34
35
35
35
35
42
35
42
34
35
35
35
35
42
35
42
33
35
35
35
33
41
35
41
41
42
42
42
41
41
42
49
34
35
35
35
35
42
35
42
34
35
35
35
35
42
42
35
35
36
36
36
35
43
42
42
35
36
36
36
36
43
43
43
35
36
36
36
36
43
43
43
35
35
36
36
36
42
43
42
42
43
43
43
42
42
44
50
42
42
43
43
43
44
42
50
34
35
35
35
35
42
42
35
35
36
36
36
36
43
43
43
35
36
36
36
35
43
42
42
35
36
36
36
36
43
43
43
35
36
35
36
36
42
43
42
42
43
43
43
42
42
44
50
42
43
42
43
43
44
42
50
34
35
35
35
35
42
42
35
35
36
36
36
36
43
43
43
35
36
36
36
36
43
43
43
35
36
36
36
35
43
42
42
35
36
36
35
36
42
43
42
42
43
43
43
42
42
44
50
42
43
43
42
43
44
42
50
33
35
35
35
33
41
41
35
35
35
36
36
36
42
42
43
35
36
35
36
36
42
42
43
35
36
36
35
36
42
42
43
33
36
36
36
33
41
41
41
41
42
42
42
41
41
42
49
41
42
42
42
41
42
41
49
41
42
42
42
41
41
49
42
42
43
43
43
42
42
50
44
42
43
43
43
42
42
50
44
42
43
43
43
42
42
50
44
41
42
42
42
41
41
49
42
41
42
42
42
41
41
49
49
49
50
50
50
49
49
49
57
33
33
34
34
41
34
34
34
33
33
35
35
41
35
35
41
34
35
35
35
42
35
35
42
34
35
35
35
42
35
35
42
41
41
42
42
41
42
42
49
34
35
35
35
42
35
35
42
34
35
35
35
42
35
35
42
33
33
35
35
41
35
41
35
33
33
36
36
41
36
41
41
35
36
35
36
42
36
42
43
35
36
36
35
42
36
42
43
41
41
42
42
41
42
42
49
35
36
36
36
42
35
42
43
41
41
42
42
42
42
41
49
34
35
35
35
42
35
42
35
35
36
35
36
42
36
43
42
35
35
36
36
43
36
42
42
35
36
36
36
43
36
43
43
42
42
43
43
42
43
44
50
35
36
36
36
43
36
43
43
42
43
42
43
44
43
42
50
34
35
35
35
42
35
42
35
35
36
36
35
42
36
43
42
35
36
36
36
43
36
43
43
35
35
36
36
43
36
42
42
42
42
43
43
42
43
44
50
35
36
36
36
43
36
43
43
42
43
43
42
44
43
42
50
41
41
42
42
41
42
49
42
41
41
42
42
41
42
49
42
42
42
43
43
42
43
50
44
42
42
43
43
42
43
50
44
41
41
42
42
41
42
49
49
42
42
43
43
42
43
50
44
49
49
50
50
49
50
49
57
34
35
35
35
42
35
42
35
35
36
36
36
42
35
43
42
35
36
36
36
43
36
43
43
35
36
36
36
43
36
43
43
42
42
43
43
42
43
44
50
35
35
36
36
43
36
42
42
42
43
43
43
44
42
42
50
33
33
35
35
41
41
35
35
33
33
36
36
41
41
36
41
35
36
35
36
42
42
36
43
35
36
36
35
42
42
36
43
41
41
42
42
41
42
42
49
41
41
42
42
42
41
42
49
35
36
36
36
42
42
35
43
33
33
36
36
41
41
41
36
33
33
37
37
41
41
41
41
36
37
36
37
42
42
42
44
36
37
37
36
42
42
42
44
41
41
42
42
41
42
42
49
41
41
42
42
42
41
42
49
41
41
42
42
42
42
41
49
35
36
35
36
42
42
43
36
36
37
36
37
42
42
44
42
35
36
36
37
43
43
43
43
36
37
37
37
43
43
44
44
42
42
43
43
42
43
45
50
42
42
43
43
43
42
45
50
43
44
43
44
45
45
43
51
35
36
36
35
42
42
43
36
36
37
37
36
42
42
44
42
36
37
37
37
43
43
44
44
35
36
37
36
43
43
43
43
42
42
43
43
42
43
45
50
42
42
43
43
43
42
45
50
43
44
44
43
45
45
43
51
41
41
42
42
41
42
49
42
41
41
42
42
41
42
49
42
42
42
43
43
42
43
50
45
42
42
43
43
42
43
50
45
41
41
42
42
41
43
49
49
42
42
43
43
43
43
50
50
49
49
50
50
49
50
49
57
41
41
42
42
42
41
49
42
41
41
42
42
42
41
49
42
42
42
43
43
43
42
50
45
42
42
43
43
43
42
50
45
42
42
43
43
43
43
50
50
41
41
42
42
43
41
49
49
49
49
50
50
50
49
49
57
34
35
35
35
42
42
35
35
35
36
35
36
42
43
36
42
35
35
36
36
43
42
36
42
35
36
36
36
43
43
36
43
42
42
43
43
42
44
43
50
42
43
42
43
44
42
43
50
35
36
36
36
43
43
36
43
35
36
35
36
42
43
42
36
36
37
36
37
42
44
42
42
35
36
36
37
43
43
43
43
36
37
37
37
43
44
43
44
42
42
43
43
42
45
43
50
43
44
43
44
45
43
45
51
42
42
43
43
43
45
42
50
35
35
36
36
43
42
42
36
35
36
36
37
43
43
43
43
36
36
37
37
44
42
42
42
36
37
37
37
44
43
43
44
43
43
44
44
43
45
45
51
42
43
42
43
45
42
43
50
42
43
42
43
45
43
42
50
35
36
36
36
43
43
43
36
36
37
37
37
43
44
44
43
36
37
37
37
44
43
44
43
36
37
37
37
44
44
43
43
43
43
44
44
43
45
45
51
43
44
43
44
45
43
45
51
43
44
44
43
45
45
43
51
42
42
43
43
42
44
50
43
42
42
43
43
42
45
50
43
43
43
44
44
43
45
51
45
43
43
44
44
43
45
51
45
42
42
43
43
42
46
50
50
44
45
45
45
46
46
52
52
50
50
51
51
50
52
50
58
42
43
42
43
44
42
50
43
43
44
43
44
45
43
51
45
42
43
42
43
45
42
50
43
43
44
43
44
45
43
51
45
44
45
45
45
46
46
52
52
42
43
42
43
46
42
50
50
50
51
50
51
52
50
50
58
34
35
35
35
42
42
35
35
35
36
36
35
42
43
36
42
35
36
36
36
43
43
36
43
35
35
36
36
43
42
36
42
42
42
43
43
42
44
43
50
42
43
43
42
44
42
43
50
35
36
36
36
43
43
36
43
35
36
36
35
42
43
42
36
36
37
37
36
42
44
42
42
36
37
37
37
43
44
43
44
35
36
37
36
43
43
43
43
42
42
43
43
42
45
43
50
43
44
44
43
45
43
45
51
42
42
43
43
43
45
42
50
35
36
36
36
43
43
43
36
36
37
37
37
43
44
44
43
36
37
37
37
44
44
43
43
36
37
37
37
44
43
44
43
43
43
44
44
43
45
45
51
43
44
44
43
45
43
45
51
43
44
43
44
45
45
43
51
35
35
36
36
43
42
42
36
35
36
37
36
43
43
43
43
36
37
37
37
44
43
43
44
36
36
37
37
44
42
42
42
43
43
44
44
43
45
45
51
42
43
43
42
45
42
43
50
42
43
43
42
45
43
42
50
42
42
43
43
42
44
50
43
42
42
43
43
42
45
50
43
43
43
44
44
43
45
51
45
43
43
44
44
43
45
51
45
42
42
43
43
42
46
50
50
44
45
45
45
46
46
52
52
50
50
51
51
50
52
50
58
42
43
43
42
44
42
50
43
43
44
44
43
45
43
51
45
43
44
44
43
45
43
51
45
42
43
43
42
45
42
50
43
44
45
45
45
46
46
52
52
42
43
43
42
46
42
50
50
50
51
51
50
52
50
50
58
41
41
42
42
41
49
42
42
41
41
42
42
41
49
42
42
42
42
43
43
42
50
43
44
42
42
43
43
42
50
43
44
41
41
42
42
41
49
42
49
49
49
50
50
49
49
50
57
42
42
43
43
42
50
43
44
41
41
42
42
41
49
42
42
41
41
42
42
41
49
42
42
42
42
43
43
42
50
43
45
42
42
43
43
42
50
43
45
41
41
42
42
41
49
43
49
49
49
50
50
49
49
50
57
42
42
43
43
43
50
43
50
42
42
43
43
42
50
44
43
42
42
43
43
42
50
45
43
43
43
44
44
43
51
45
45
43
43
44
44
43
51
45
45
42
42
43
43
42
50
46
50
50
50
51
51
50
50
52
58
44
45
45
45
46
52
46
52
42
42
43
43
42
50
44
43
42
42
43
43
42
50
45
43
43
43
44
44
43
51
45
45
43
43
44
44
43
51
45
45
42
42
43
43
42
50
46
50
50
50
51
51
50
50
52
58
44
45
45
45
46
52
46
52
41
41
42
42
41
49
49
42
41
41
42
42
41
49
49
43
42
42
43
43
42
50
50
46
42
42
43
43
42
50
50
46
41
41
42
42
41
49
49
49
49
49
50
50
49
49
50
57
49
49
50
50
49
50
49
57
49
49
50
50
49
49
57
50
49
49
50
50
49
49
57
50
50
50
51
51
50
50
58
52
50
50
51
51
50
50
58
52
49
49
50
50
49
49
57
50
49
49
50
50
49
49
57
57
57
57
58
58
57
57
57
65
33
34
33
34
41
34
34
34
34
35
35
35
42
35
35
42
33
35
33
35
41
35
35
41
34
35
35
35
42
35
35
42
41
42
41
42
41
42
42
49
34
35
35
35
42
35
35
42
34
35
35
35
42
35
35
42
34
35
35
35
42
35
42
35
35
36
35
36
43
36
42
42
35
35
36
36
42
36
43
42
35
36
36
36
43
36
43
43
42
43
42
43
42
43
44
50
35
36
36
36
43
36
43
43
42
42
43
43
44
43
42
50
33
35
33
35
41
35
41
35
35
35
36
36
42
36
42
43
33
36
33
36
41
36
41
41
35
36
36
35
42
36
42
43
41
42
41
42
41
42
42
49
35
36
36
36
42
35
42
43
41
42
41
42
42
42
41
49
34
35
35
35
42
35
42
35
35
36
36
36
43
36
43
43
35
36
36
35
42
36
43
42
35
36
35
36
43
36
42
42
42
43
42
43
42
43
44
50
35
36
36
36
43
36
43
43
42
43
43
42
44
43
42
50
41
42
41
42
41
42
49
42
42
43
42
43
42
43
50
44
41
42
41
42
41
42
49
42
42
43
42
43
42
43
50
44
41
42
41
42
41
42
49
49
42
43
42
43
42
43
50
44
49
50
49
50
49
50
49
57
34
35
35
35
42
35
42
35
35
36
36
36
43
36
43
43
35
36
36
36
42
35
43
42
35
36
36
36
43
36
43
43
42
43
42
43
42
43
44
50
35
36
35
36
43
36
42
42
42
43
43
43
44
42
42
50
34
35
35
35
42
42
35
35
35
36
35
36
43
42
36
42
35
35
36
36
42
43
36
42
35
36
36
36
43
43
36
43
42
43
42
43
42
44
43
50
42
42
43
43
44
42
43
50
35
36
36
36
43
43
36
43
35
36
35
36
43
42
42
36
36
37
36
37
44
42
42
42
35
36
36
37
43
43
43
43
36
37
37
37
44
43
43
44
43
44
43
44
43
45
45
51
42
42
43
43
45
42
43
50
42
42
43
43
45
43
42
50
35
35
36
36
42
43
42
36
35
36
36
37
43
43
43
43
36
36
37
37
42
44
42
42
36
37
37
37
43
44
43
44
42
43
42
43
42
45
43
50
43
43
44
44
45
43
45
51
42
43
42
43
43
45
42
50
35
36
36
36
43
43
43
36
36
37
37
37
44
43
44
43
36
37
37
37
43
44
44
43
36
37
37
37
44
44
43
43
43
44
43
44
43
45
45
51
43
43
44
44
45
43
45
51
43
44
44
43
45
45
43
51
42
43
42
43
42
44
50
43
43
44
43
44
43
45
51
45
42
43
42
43
42
45
50
43
43
44
43
44
43
45
51
45
42
43
42
43
42
46
50
50
44
45
45
45
46
46
52
52
50
51
50
51
50
52
50
58
42
42
43
43
44
42
50
43
42
42
43
43
45
42
50
43
43
43
44
44
45
43
51
45
43
43
44
44
45
43
51
45
44
45
45
45
46
46
52
52
42
42
43
43
46
42
50
50
50
50
51
51
52
50
50
58
33
35
33
35
41
41
35
35
35
35
36
36
42
42
36
43
33
36
33
36
41
41
36
41
35
36
36
35
42
42
36
43
41
42
41
42
41
42
42
49
41
42
41
42
42
41
42
49
35
36
36
36
42
42
35
43
35
35
36
36
42
42
43
36
35
36
36
37
43
43
43
43
36
36
37
37
42
42
44
42
36
37
37
37
43
43
44
44
42
43
42
43
42
43
45
50
42
43
42
43
43
42
45
50
43
43
44
44
45
45
43
51
33
36
33
36
41
41
41
36
36
36
37
37
42
42
42
44
33
37
33
37
41
41
41
41
36
37
37
36
42
42
42
44
41
42
41
42
41
42
42
49
41
42
41
42
42
41
42
49
41
42
41
42
42
42
41
49
35
36
36
35
42
42
43
36
36
37
37
37
43
43
44
44
36
37
37
36
42
42
44
42
35
37
36
36
43
43
43
43
42
43
42
43
42
43
45
50
42
43
42
43
43
42
45
50
43
44
44
43
45
45
43
51
41
42
41
42
41
42
49
42
42
43
42
43
42
43
50
45
41
42
41
42
41
42
49
42
42
43
42
43
42
43
50
45
41
42
41
42
41
43
49
49
42
43
42
43
43
43
50
50
49
50
49
50
49
50
49
57
41
42
41
42
42
41
49
42
42
43
42
43
43
42
50
45
41
42
41
42
42
41
49
42
42
43
42
43
43
42
50
45
42
43
42
43
43
43
50
50
41
42
41
42
43
41
49
49
49
50
49
50
50
49
49
57
34
35
35
35
42
42
35
35
35
36
36
36
43
43
36
43
35
36
36
35
42
43
36
42
35
36
35
36
43
42
36
42
42
43
42
43
42
44
43
50
42
43
43
42
44
42
43
50
35
36
36
36
43
43
36
43
35
36
36
36
43
43
43
36
36
37
37
37
44
44
43
43
36
37
37
37
43
44
44
43
36
37
37
37
44
43
44
43
43
44
43
44
43
45
45
51
43
44
44
43
45
43
45
51
43
43
44
44
45
45
43
51
35
36
36
35
42
43
42
36
36
37
37
37
43
44
43
44
36
37
37
36
42
44
42
42
35
37
36
36
43
43
43
43
42
43
42
43
42
45
43
50
43
44
44
43
45
43
45
51
42
43
42
43
43
45
42
50
35
36
35
36
43
42
42
36
36
37
37
37
44
43
43
44
35
37
36
36
43
43
43
43
36
37
36
37
44
42
42
42
43
44
43
44
43
45
45
51
42
43
43
42
45
42
43
50
42
43
43
42
45
43
42
50
42
43
42
43
42
44
50
43
43
44
43
44
43
45
51
45
42
43
42
43
42
45
50
43
43
44
43
44
43
45
51
45
42
43
42
43
42
46
50
50
44
45
45
45
46
46
52
52
50
51
50
51
50
52
50
58
42
43
43
42
44
42
50
43
43
44
44
43
45
43
51
45
43
44
44
43
45
43
51
45
42
43
43
42
45
42
50
43
44
45
45
45
46
46
52
52
42
43
43
42
46
42
50
50
50
51
51
50
52
50
50
58
41
42
41
42
41
49
42
42
42
43
42
43
42
50
43
44
41
42
41
42
41
49
42
42
42
43
42
43
42
50
43
44
41
42
41
42
41
49
42
49
49
50
49
50
49
49
50
57
42
43
42
43
42
50
43
44
42
43
42
43
42
50
44
43
43
44
43
44
43
51
45
45
42
43
42
43
42
50
45
43
43
44
43
44
43
51
45
45
42
43
42
43
42
50
46
50
50
51
50
51
50
50
52
58
44
45
45
45
46
52
46
52
41
42
41
42
41
49
42
42
42
43
42
43
42
50
43
45
41
42
41
42
41
49
42
42
42
43
42
43
42
50
43
45
41
42
41
42
41
49
43
49
49
50
49
50
49
49
50
57
42
43
42
43
43
50
43
50
42
43
42
43
42
50
44
43
43
44
43
44
43
51
45
45
42
43
42
43
42
50
45
43
43
44
43
44
43
51
45
45
42
43
42
43
42
50
46
50
50
51
50
51
50
50
52
58
44
45
45
45
46
52
46
52
41
42
41
42
41
49
49
42
42
43
42
43
42
50
50
46
41
42
41
42
41
49
49
43
42
43
42
43
42
50
50
46
41
42
41
42
41
49
49
49
49
50
49
50
49
49
50
57
49
50
49
50
49
50
49
57
49
50
49
50
49
49
57
50
50
51
50
51
50
50
58
52
49
50
49
50
49
49
57
50
50
51
50
51
50
50
58
52
49
50
49
50
49
49
57
50
49
50
49
50
49
49
57
57
57
58
57
58
57
57
57
65
33
34
34
33
41
34
34
34
34
35
35
35
42
35
35
42
34
35
35
35
42
35
35
42
33
35
35
33
41
35
35
41
41
42
42
41
41
42
42
49
34
35
35
35
42
35
35
42
34
35
35
35
42
35
35
42
34
35
35
35
42
35
42
35
35
36
36
35
43
36
42
42
35
36
36
36
43
36
43
43
35
35
36
36
42
36
43
42
42
43
43
42
42
43
44
50
35
36
36
36
43
36
43
43
42
42
43
43
44
43
42
50
34
35
35
35
42
35
42
35
35
36
36
36
43
36
43
43
35
36
36
35
43
36
42
42
35
36
35
36
42
36
43
42
42
43
43
42
42
43
44
50
35
36
36
36
43
36
43
43
42
43
42
43
44
43
42
50
33
35
35
33
41
35
41
35
35
35
36
36
42
36
42
43
35
36
35
36
42
36
42
43
33
36
36
33
41
36
41
41
41
42
42
41
41
42
42
49
35
36
36
36
42
35
42
43
41
42
42
41
42
42
41
49
41
42
42
41
41
42
49
42
42
43
43
42
42
43
50
44
42
43
43
42
42
43
50
44
41
42
42
41
41
42
49
42
41
42
42
41
41
42
49
49
42
43
43
42
42
43
50
44
49
50
50
49
49
50
49
57
34
35
35
35
42
35
42
35
35
36
36
36
43
36
43
43
35
36
36
36
43
36
43
43
35
36
36
36
42
35
43
42
42
43
43
42
42
43
44
50
35
36
36
35
43
36
42
42
42
43
43
43
44
42
42
50
34
35
35
35
42
42
35
35
35
36
36
35
43
42
36
42
35
36
36
36
43
43
36
43
35
35
36
36
42
43
36
42
42
43
43
42
42
44
43
50
42
42
43
43
44
42
43
50
35
36
36
36
43
43
36
43
35
36
36
35
43
42
42
36
36
37
37
36
44
42
42
42
36
37
37
37
44
43
43
44
35
36
37
36
43
43
43
43
43
44
44
43
43
45
45
51
42
42
43
43
45
42
43
50
42
42
43
43
45
43
42
50
35
36
36
36
43
43
43
36
36
37
37
37
44
43
44
43
36
37
37
37
44
44
43
43
36
37
37
37
43
44
44
43
43
44
44
43
43
45
45
51
43
43
44
44
45
43
45
51
43
44
43
44
45
45
43
51
35
35
36
36
42
43
42
36
35
36
37
36
43
43
43
43
36
37
37
37
43
44
43
44
36
36
37
37
42
44
42
42
42
43
43
42
42
45
43
50
43
43
44
44
45
43
45
51
42
43
43
42
43
45
42
50
42
43
43
42
42
44
50
43
43
44
44
43
43
45
51
45
43
44
44
43
43
45
51
45
42
43
43
42
42
45
50
43
42
43
43
42
42
46
50
50
44
45
45
45
46
46
52
52
50
51
51
50
50
52
50
58
42
42
43
43
44
42
50
43
42
42
43
43
45
42
50
43
43
43
44
44
45
43
51
45
43
43
44
44
45
43
51
45
44
45
45
45
46
46
52
52
42
42
43
43
46
42
50
50
50
50
51
51
52
50
50
58
34
35
35
35
42
42
35
35
35
36
36
36
43
43
36
43
35
36
36
35
43
42
36
42
35
36
35
36
42
43
36
42
42
43
43
42
42
44
43
50
42
43
42
43
44
42
43
50
35
36
36
36
43
43
36
43
35
36
36
36
43
43
43
36
36
37
37
37
44
44
43
43
36
37
37
37
44
43
44
43
36
37
37
37
43
44
44
43
43
44
44
43
43
45
45
51
43
44
43
44
45
43
45
51
43
43
44
44
45
45
43
51
35
36
36
35
43
42
42
36
36
37
37
37
44
43
43
44
36
37
37
36
44
42
42
42
35
37
36
36
43
43
43
43
43
44
44
43
43
45
45
51
42
43
42
43
45
42
43
50
42
43
42
43
45
43
42
50
35
36
35
36
42
43
42
36
36
37
37
37
43
44
43
44
35
37
36
36
43
43
43
43
36
37
36
37
42
44
42
42
42
43
43
42
42
45
43
50
43
44
43
44
45
43
45
51
42
43
43
42
43
45
42
50
42
43
43
42
42
44
50
43
43
44
44
43
43
45
51
45
43
44
44
43
43
45
51
45
42
43
43
42
42
45
50
43
42
43
43
42
42
46
89
839
522
43
595
782
631
1068
18
905
833
390
217
120
328
632
631
13
556
1220
510
152
714
7
66
95
406
173
927
1181
434
605
143
475
793
398
828
659
95
1387
991
17
593
725
236
390
780
970
1034
334
198
698
38
1
522
13
125
487
280
1147
785
1070
13
18
962
55
522
616
531
1283
4
168
196
531
57
1064
419
775
262
17
872
1124
226
291
422
773
1045
637
1184
825
649
862
1155
846
643
152
600
63
512
759
640
163
552
37
1115
904
1013
4
217
342
1514
1160
236
1111
255
200
525
905
1114
747
442
490
399
280
445
1018
1217
781
1012
397
484
4
349
125
1054
40
631
1076
111
1064
422
642
77
514
170
457
1
669
743
165
325
1017
498
121
869
792
726
1034
376
783
320
565
153
1290
391
13
339
146
986
65
629
1338
500
606
283
371
550
881
1011
967
971
120
226
479
645
982
136
1117
111
632
242
842
540
852
152
81
21
724
419
135
401
812
1166
1238
608
90
640
93
1136
31
449
755
21
390
313
404
435
459
405
1194
247
383
408
386
797
408
956
366
79
1196
802
405
254
37
794
244
225
351
329
942
823
103
248
18
683
302
969
178
68
1228
1179
576
242
95
1214
562
550
801
153
483
558
1
184
340
145
745
771
1131
140
641
27
588
572
1208
123
73
607
303
866
150
215
1211
216
1071
368
1236
1042
233
466
31
566
586
1050
498
310
102
129
756
624
819
360
1276
81
433
319
61
847
171
1181
444
171
843
961
539
75
763
221
929
636
329
13
304
201
991
234
688
1032
1041
1193
1
892
1
285
567
56
271
1234
127
739
202
1136
1414
840
205
662
159
10
142
31
1099
609
896
49
579
996
10
1006
743
429
1116
70
303
145
697
943
277
403
747
600
523
1049
51
680
742
760
60
945
1202
425
1093
454
637
418
237
214
119
567
481
10
308
21
475
158
595
490
835
417
335
1
607
332
612
1064
652
1365
1046
602
954
893
347
911
26
404
52
482
9
977
524
499
1093
924
952
113
472
488
730
397
455
355
187
752
1
720
845
1084
224
938
1327
854
418
300
9
40
248
224
1168
576
394
271
840
810
889
874
157
9
973
270
795
563
717
490
733
1200
790
4
673
536
338
441
7
894
1307
438
953
677
956
321
1019
188
388
1223
891
545
1109
710
488
846
512
645
464
678
265
648
508
10
291
224
838
226
611
123
1130
386
109
839
240
788
1305
1006
772
884
264
724
392
1090
865
677
391
432
290
434
309
1059
445
159
239
292
65
629
1244
31
92
576
429
472
63
1128
1026
1429
133
119
958
440
81
916
550
335
1121
1282
1080
1018
971
26
504
63
747
708
811
145
258
765
391
520
10
916
693
472
674
122
735
845
198
598
980
951
314
271
524
82
810
1351
159
482
425
65
237
1331
1251
393
768
341
273
1271
85
264
41
304
920
805
775
593
752
181
988
392
584
860
463
916
384
188
755
1175
926
164
558
1411
839
70
686
773
827
43
50
93
766
188
288
632
79
178
973
392
432
1171
651
472
115
481
70
453
1014
764
122
674
846
647
425
75
17
280
47
66
4
1252
1069
177
1168
561
396
1228
838
403
199
959
27
105
459
206
856
430
160
1258
1
361
934
707
4
92
21
1092
538
533
1303
158
821
401
223
71
903
69
787
370
930
384
599
251
262
535
264
21
187
675
407
658
769
410
1114
308
811
179
1
4
946
554
647
319
150
1122
642
1123
962
165
106
470
1043
1016
502
328
384
262
531
859
1
763
755
350
501
540
300
425
487
4
1207
346
873
595
608
26
246
455
728
804
312
1468
793
1120
639
856
177
975
532
1048
366
239
13
626
822
1017
830
838
97
343
58
1378
42
314
153
1148
486
84
137
63
876
768
26
687
790
887
659
345
344
684
645
1244
276
115
503
581
1095
150
355
174
743
1049
892
47
396
405
260
1205
183
527
1023
1251
305
13
1134
150
449
313
37
820
267
600
633
1165
43
414
424
523
1014
351
479
7
53
360
131
316
104
768
32
293
293
110
377
571
951
976
724
598
1221
23
1129
939
1068
306
795
58
858
1242
798
974
835
787
729
812
167
1031
144
999
1057
575
300
681
987
544
465
701
1021
847
602
1066
406
415
207
935
67
1095
64
541
761
776
173
845
986
392
620
1
1122
1
585
1136
143
38
1061
167
657
384
36
242
872
967
783
254
101
51
720
394
960
348
417
755
31
1264
289
730
801
188
309
660
1068
211
157
4
212
231
526
1
276
201
26
225
509
724
351
265
839
1278
436
10
472
214
259
925
286
1151
905
684
966
13
527
1011
612
646
1079
1063
7
538
712
315
1183
416
43
710
154
573
152
97
90
412
142
281
276
321
71
452
1104
1318
74
923
580
221
788
276
218
7
222
131
50
203
289
915
263
759
1212
32
91
140
928
896
184
1207
544
1059
844
937
734
1027
1396
705
490
135
110
930
880
341
126
56
139
518
683
735
1182
466
752
89
575
406
1092
463
62
792
26
808
21
68
787
143
165
88
1058
1042
62
685
731
210
414
526
327
563
596
570
258
1164
304
615
364
416
50
644
817
1114
4
1079
1330
1146
952
1179
90
1068
7
4
127
94
263
386
1058
878
1143
280
382
532
723
610
417
608
729
534
691
520
276
1154
4
1152
733
699
270
511
693
31
233
194
679
1076
630
986
137
31
874
299
701
504
207
959
290
393
609
980
541
165
750
276
356
75
94
537
53
1060
837
416
510
411
738
323
7
927
669
1046
709
891
993
736
351
84
1075
583
805
824
83
862
84
43
418
328
1216
667
420
572
1128
343
210
212
704
211
930
17
119
876
837
215
310
526
231
337
958
1140
166
446
25
721
1072
596
122
285
677
508
1082
955
1140
304
1183
4
49
405
652
361
705
153
793
986
746
1233
16
935
869
987
948
136
574
334
1029
328
288
70
1
375
1145
196
395
1128
556
17
865
13
185
147
394
651
1290
113
120
1047
1130
242
527
76
478
1088
1047
426
566
909
1066
97
1130
69
720
48
96
93
490
911
1195
1043
402
759
102
1
495
387
456
927
156
36
57
299
161
1093
71
792
1241
465
383
1284
751
727
1044
668
1136
789
66
385
549
696
1033
551
57
508
185
71
228
1097
521
546
220
339
217
7
660
260
531
1169
259
150
831
33
82
27
1074
109
7
368
326
207
532
983
174
391
364
943
27
1260
713
553
4
62
652
765
665
959
467
1163
546
246
674
1247
410
954
1121
991
64
1078
357
929
576
113
192
1136
1010
706
523
80
620
142
562
864
1180
510
605
189
358
409
427
735
1132
110
591
486
1282
263
958
515
131
900
680
909
1049
1105
79
511
1073
835
172
852
993
306
1220
1264
313
4
985
1008
439
412
154
505
282
17
1191
105
403
180
1221
763
176
832
377
1084
1029
1013
435
426
168
9
849
1055
1087
508
206
282
32
397
209
98
13
563
410
1076
49
289
761
444
62
263
454
184
1053
112
305
236
110
1041
373
615
276
352
632
1
822
348
724
67
107
840
651
267
457
314
408
844
866
262
823
288
224
300
673
1
999
1140
9
751
1
1018
997
292
886
835
628
685
550
654
717
44
4
10
529
1124
574
802
1005
1
718
226
181
1007
1147
1276
545
736
182
4
21
1040
91
77
1014
957
650
214
1167
1120
760
439
419
662
261
1300
123
571
972
1272
55
1169
416
400
762
906
92
1081
721
342
962
274
139
1390
56
475
504
492
954
400
536
1168
1165
1073
1189
564
115
884
423
130
652
745
483
211
112
495
467
918
1093
1103
568
1195
421
16
170
1137
214
963
1039
533
1208
87
334
30
104
638
1089
884
712
1110
659
807
1196
632
268
294
554
187
262
990
677
1333
1149
199
420
63
990
222
998
47
287
1049
418
614
1077
102
129
51
43
746
488
233
686
22
393
891
395
359
734
1022
25
26
863
183
1456
344
118
84
756
359
607
1012
1014
854
379
390
85
1273
193
553
50
862
681
156
10
1190
147
278
316
37
46
440
31
266
1014
43
1079
193
4
785
754
529
233
457
998
401
220
936
124
354
62
1100
480
16
25
289
31
268
1050
1160
741
258
850
801
992
808
390
1096
113
471
106
268
196
297
285
453
987
830
428
519
217
601
267
557
118
1102
706
673
1019
1068
895
509
666
1054
1157
808
1059
26
1025
528
915
841
800
174
253
828
310
1009
349
311
538
1399
929
1053
26
753
405
159
599
1120
1
434
91
288
104
461
258
323
1270
99
31
312
657
1055
84
820
882
443
1228
978
609
1244
842
683
246
444
23
64
166
381
584
376
857
646
140
758
1044
573
152
430
1149
684
13
118
437
47
1001
524
294
387
207
545
78
272
457
740
513
153
250
7
1181
703
117
113
37
549
1093
633
1223
456
52
780
544
183
424
60
191
1
94
513
785
90
990
321
1110
628
795
554
845
359
261
273
146
578
1039
1103
42
292
37
59
430
728
951
1021
490
1108
76
105
1095
949
222
10
53
403
734
198
4
143
980
301
388
9
1093
642
195
71
1037
674
7
304
718
487
820
1338
409
1024
923
941
651
170
1178
27
465
80
643
515
1167
426
55
368
400
1078
13
504
443
249
856
58
966
485
940
479
554
1108
4
739
901
1075
216
838
85
611
996
56
521
661
394
17
819
466
192
487
958
615
447
616
502
530
31
787
1075
22
524
738
27
97
701
1048
743
574
212
41
506
294
178
1028
84
720
76
63
49
388
247
1332
8847
152072
202557
32096
265517
52251
241161
3521
46049
202492
102490
242138
9249
272462
192367
59721
131267
80138
216855
10390516
12589776686
66617553275
