1
23 5 13 17 20 8 26 11 14 1 16 9 10 25 27 2 21 18 24 19 7 4 12 3 6 15 22 28
17 18 35 59 70 83 86 1 49 54 87 7 20 27 64 65 15 77 38 63 24 44 56 80 3 12 13 41 47 81 82 31 53 62 78 66 88 8 67 69 76 9 14 21 29 34 50 61 68 11 32 37 46 74 85 33 45 51 57 72 30 4 36 43 2 23 25 42 71 75 73 5 19 52 58 79 22 26 55 48 84 6 39 60 10 16 28 40
15 49 47 21 43 46 45 27 9 6 44 7 40 41 11 16 25 42 33 1 8 18 35 52 29 31 28 2 30 37 50 5 10 17 36 48 14 13 38 24 34 53 39 32 51 4 12 23 20 22 19 26 3
20 22 53 54 16 49 67 77 39 64 73 3 19 23 42 25 69 15 26 31 52 62 65 70 78 30 56 13 4 43 36 46 80 12 24 32 35 51 58 59 79 2 34 44 6 9 11 14 18 28 33 41 45 48 7 21 38 74 17 40 55 68 71 82 5 27 47 57 72 83 1 10 66 37 75 76 60 29 50 61 63 8 81 84
6 7 11 55 60 3 10 12 14 30 35 56 72 82 25 26 28 45 54 57 64 65 76 78 1 16 18 20 36 39 46 50 81 86 87 8 15 21 59 66 74 89 90 92 4 5 40 44 53 69 13 27 29 47 49 58 67 73 88 2 31 32 61 70 77 84 85 94 42 68 71 91 19 22 23 24 41 43 52 62 80 83 93 9 17 33 34 37 38 48 51 63 75 79
29 13 44 54 71 6 9 81 2 45 66 31 78 8 20 47 69 38 80 5 72 4 52 34 60 61 33 35 24 39 49 83 7 67 21 62 64 79 10 17 27 15 74 82 30 53 59 22 11 19 28 73 68 12 58 25 3 16 18 43 48 55 42 57 65 63 75 32 56 77 36 23 37 51 70 14 1 26 50 76 40 46 41
18 30 63 34 44 68 71 75 85 17 39 42 69 25 54 55 78 83 27 53 74 2 21 38 57 79 13 49 51 80 22 58 81 96 24 28 35 41 65 76 77 82 89 94 5 7 72 88 90 8 12 14 20 31 32 61 4 11 15 16 47 70 91 92 1 46 56 60 66 84 93 3 19 33 36 43 50 67 99 9 37 73 97 23 62 87 95 26 29 40 48 6 10 45 52 59 64 86 98
46 60 71 20 61 69 81 90 93 9 16 27 29 31 92 3 44 85 23 58 83 84 89 97 7 35 38 52 55 56 78 91 1 25 34 37 57 12 24 42 50 62 74 88 22 68 4 17 39 54 59 72 73 13 26 40 49 63 95 96 5 8 21 48 64 66 79 87 53 70 82 10 14 47 2 15 18 19 43 65 75 76 94 32 67 11 30 51 86 6 28 33 36 41 45 77 80
10 50 54 59 44 9 24 42 63 2 29 64 76 5 12 18 25 26 34 46 48 4 16 70 83 3 14 37 58 74 19 51 77 80 28 33 43 53 69 7 22 57 72 6 13 39 65 68 82 11 45 85 15 20 40 71 73 8 27 66 79 86 75 81 52 60 17 21 35 55 23 67 78 30 32 36 38 41 84 1 31 47 49 56 61 62
29 47 5 21 31 36 83 94 97 12 48 60 77 57 75 82 93 98 30 55 20 35 45 1 2 46 76 28 67 73 6 44 88 4 8 42 51 52 39 58 79 90 96 43 54 72 91 9 38 69 18 40 25 78 10 59 92 11 17 32 61 70 80 16 24 53 68 89 15 41 50 71 7 13 62 33 34 3 65 14 22 66 74 81 87 95 19 56 85 23 26 27 37 49 63 64 84 86
13 27 41 6 7 22 36 77 5 17 33 44 52 15 12 42 61 8 69 3 30 47 62 68 74 57 71 76 4 16 18 26 54 56 63 2 9 10 64 70 11 19 21 59 14 34 39 31 32 45 46 51 66 49 53 73 37 67 38 40 65 1 23 58 60 28 35 50 72 20 48 24 43 75 25 29 55
19 29 54 9 22 24 43 50 73 78 6 15 46 70 74 86 3 8 61 4 64 26 30 60 20 36 56 77 40 82 2 5 58 65 80 7 38 1 10 27 59 79 39 49 84 90 12 41 42 63 83 57 62 21 34 66 85 14 17 37 81 25 33 18 23 88 16 45 53 69 71 13 32 31 44 55 67 35 89 91 48 72 92 51 76 68 11 28 47 52 75 87
28 64 17 36 55 56 80 15 23 58 11 20 34 53 60 54 63 68 74 26 51 8 69 72 2 29 77 43 57 4 13 22 37 73 12 14 31 39 62 79 27 38 32 33 45 81 19 46 50 52 66 10 21 67 30 44 49 75 76 82 1 35 65 78 9 16 24 25 3 41 61 70 40 7 48 71 5 6 18 42 47 59
30 42 10 24 53 83 60 65 34 55 51 36 48 21 13 40 80 25 82 19 41 67 70 73 37 52 81 22 35 54 32 4 11 12 39 66 77 3 64 75 76 18 26 2 78 56 45 72 63 29 38 14 16 59 27 43 20 28 74 7 62 69 23 50 68 5 1 57 79 9 8 6 17 31 61 44 33 49 58 15 46 71 47
35 58 26 2 73 36 55 6 30 66 16 3 43 46 9 49 60 18 25 27 41 31 38 45 76 5 17 10 21 54 61 37 51 29 11 50 53 39 62 44 52 7 70 22 34 56 65 19 59 24 42 15 32 71 12 14 64 23 69 57 67 63 8 47 4 74 1 13 72 28 33 75 68 40 48 20
1 19 69 92 96 42 54 61 10 40 63 64 68 82 88 3 50 62 26 47 94 13 18 66 73 77 90 5 9 24 27 70 44 53 65 78 21 46 58 67 71 45 84 15 28 32 75 7 38 86 20 22 23 29 49 74 52 14 36 72 2 4 16 80 81 87 6 30 79 83 89 11 17 34 37 55 60 95 31 25 35 41 43 48 59 85 8 12 33 39 51 56 57 76 91 93
19 49 26 70 57 69 42 21 7 31 36 50 51 56 24 52 45 71 33 14 53 72 65 66 11 5 6 48 75 76 77 80 13 3 9 23 25 35 41 22 58 78 27 60 46 39 40 54 63 17 29 37 47 2 10 74 32 44 15 64 20 43 30 59 1 18 55 62 73 12 16 28 38 67 68 79 61 4 8 34
20 43 37 26 64 17 22 57 12 46 2 38 41 53 16 59 81 4 83 62 74 49 77 33 48 66 45 67 6 19 23 30 52 8 21 54 63 70 18 35 36 44 51 9 82 1 5 11 13 80 32 42 55 34 72 56 14 31 78 15 25 68 47 29 40 79 71 60 75 39 10 27 28 58 7 24 69 50 3 61 65 73 76
1 2 3 4 5 6 7 8 9 10 11 12 13 14 15 16 17 18 19 20 21 22 23 24 25 26 27 28 29 30 31 32 33 34 35 36 37 38 39 40 41 42 43 44 45 46 47 48 49 50 51 52 53 54 55 56 57 58 59 60 61 62 63 64 65 66 67 68 69 70 71 72 73 74 75 76 77 78 79 80 81 82 83 84 85 86 87 88 89 90 91 92 93 94 95 96 97 98 99 100
15 68 66 23 16 31 71 85 45 58 32 21 6 54 2 52 49 4 70 7 28 38 42 13 75 74 43 81 34 5 72 62 89 35 44 77 36 41 11 37 22 24 60 56 51 8 78 3 20 39 40 76 1 79 50 65 67 53 46 10 27 29 73 82 26 48 86 9 30 88 59 83 55 17 61 84 19 25 64 87 63 14 33 12 47 69 57 18 80
6 20 33 57 39 50 29 92 2 9 80 100 10 12 70 95 27 28 47 49 72 37 76 8 43 78 16 4 14 67 74 13 83 1 42 54 98 19 21 35 53 68 32 11 91 18 22 66 73 87 15 24 31 7 52 90 5 85 58 88 23 94 61 40 48 59 62 64 65 71 25 93 82 97 30 45 77 46 56 60 96 81 51 63 99 26 79 55 84 36 38 41 69 89 3 17 34 44 75 86
10 38 42 23 40 70 88 56 63 29 64 57 75 67 9 26 60 84 36 30 48 3 15 58 35 1 78 34 66 71 92 24 31 47 39 83 55 68 51 17 45 14 52 80 87 19 32 28 21 94 13 46 62 95 91 54 43 69 33 20 8 12 22 65 4 41 44 2 90 5 49 61 72 7 59 37 77 97 73 89 96 27 53 76 86 79 11 25 81 16 85 6 18 82 74 50 93
2 27 51 63 68 85 42 11 23 28 30 65 4 52 82 6 54 7 9 13 31 37 61 72 8 48 56 84 88 26 43 64 77 41 12 15 25 89 90 38 60 93 19 29 40 50 83 87 10 16 49 1 32 62 66 86 3 22 24 39 47 71 5 14 20 36 44 45 53 67 91 17 73 80 58 59 34 35 69 78 75 81 18 21 33 46 55 57 70 74 76 79 92
12 25 42 55 73 23 63 14 21 49 11 27 60 86 45 58 20 18 24 37 81 85 71 31 41 90 44 50 72 7 19 56 35 94 95 5 13 82 15 28 84 57 76 96 29 33 53 87 88 9 65 3 46 38 43 47 62 2 6 40 61 4 32 54 92 75 93 22 34 36 52 78 83 68 59 66 80 10 79 30 77 91 1 17 89 48 51 64 16 26 39 8 67 69 70 74
10 56 87 45 57 59 89 6 7 28 46 73 77 78 3 14 81 13 20 70 75 12 42 43 48 66 97 36 65 76 52 71 72 84 40 94 24 79 91 95 96 31 32 51 58 47 74 22 50 60 15 26 39 16 38 55 80 44 83 85 19 33 49 69 18 93 21 30 68 86 61 9 29 37 67 1 5 35 54 90 2 11 25 27 63 82 8 17 92 64 23 34 41 62 4 53 88
5 64 20 52 17 23 30 33 36 53 80 83 16 39 42 45 92 6 14 38 48 90 2 18 35 12 58 60 62 75 9 10 34 49 77 7 22 27 19 21 26 31 46 61 63 71 72 79 11 28 51 91 93 41 57 69 70 78 3 13 25 50 87 94 1 74 84 88 55 65 68 73 86 15 82 4 24 37 66 81 89 40 47 54 85 8 29 32 43 44 56 59 67 76
1 2 3 4 5 6 7 8 9 10 11 12 13 14 15 16 17 18 19 20 21 22 23 24 25 26 27 28 29 30 31 32 33 34 35 36 37 38 39 40 41 42 43 44 45 46 47 48 49 50 51 52 53 54 55 56 57 58 59 60 61 62 63 64 65 66 67 68 69 70 71 72 73 74 75 76 77 78 79 80 81 82 83 84 85 86 87 88 89 90
33 57 91 89 22 72 90 26 88 9 42 54 95 10 77 61 75 80 24 84 63 6 74 29 94 16 56 38 48 11 23 49 98 14 28 58 65 99 25 27 92 96 19 40 13 30 67 36 17 35 59 100 45 79 41 60 82 55 62 4 31 21 87 69 1 37 83 81 8 39 93 97 32 86 18 70 43 47 73 7 51 53 34 50 2 46 78 66 76 3 5 64 15 68 71 85 12 20 44 52
65 69 21 22 85 11 81 40 53 7 42 61 67 90 52 66 32 18 41 47 59 9 57 77 78 25 19 5 23 49 83 8 35 87 45 89 15 39 74 43 17 16 4 82 88 28 13 31 55 64 12 20 44 1 29 10 72 34 3 48 37 38 51 58 73 84 6 26 36 50 30 46 86 27 79 14 2 68 71 76 60 33 75 24 63 70 80 56 54 62
11 31 33 79 76 86 44 68 88 29 77 49 59 5 15 41 70 62 63 82 66 89 3 22 30 43 64 48 55 45 27 13 47 54 60 84 94 10 72 85 25 38 67 4 90 91 92 42 93 2 23 53 14 50 28 32 78 7 8 34 35 1 6 17 19 80 71 95 12 37 40 69 56 21 81 57 9 16 46 52 58 51 83 26 39 65 74 75 20 24 73 18 36 61 87
1 10 4 9 15 30 35 38 53 73 76 81 26 40 68 80 3 8 36 39 65 67 18 61 5 12 21 22 34 51 52 27 31 44 50 64 89 33 54 56 59 78 82 19 20 29 84 11 55 57 60 74 2 23 37 58 70 87 32 66 71 77 85 16 25 69 13 42 46 47 49 72 88 17 28 41 45 62 63 83 86 6 7 14 24 43 48 75 79
35 49 17 40 45 50 62 86 51 80 28 29 66 26 52 72 22 58 88 75 38 77 10 56 83 46 71 54 30 42 87 11 57 13 78 24 12 34 7 8 55 60 20 36 37 27 85 81 14 53 69 76 21 15 31 59 63 64 33 1 43 5 47 67 18 32 39 48 79 73 9 68 70 65 82 41 2 16 61 44 6 84 25 23 3 4 19 74
27 88 32 7 14 42 6 57 20 71 76 49 44 25 86 3 9 48 5 58 72 74 38 78 65 17 24 85 33 56 52 90 51 11 39 8 79 75 54 69 30 82 19 46 23 28 66 36 12 60 31 47 64 10 37 80 83 84 41 68 89 15 2 61 43 87 45 63 22 40 35 55 73 70 77 18 21 67 26 59 81 62 4 13 29 34 16 50 1 53
2 28 37 39 46 56 65 79 83 3 4 7 12 14 16 20 21 23 26 31 32 40 58 70 75 81 8 15 27 29 33 45 47 59 62 64 67 74 76 78 84 1 5 10 17 18 44 50 55 61 63 66 68 69 77 82 6 9 11 13 19 22 24 25 30 34 35 36 38 41 42 43 48 49 51 52 53 54 57 60 71 72 73 80
8 16 29 46 47 50 51 58 65 77 89 5 17 21 26 30 32 39 2 4 9 10 35 49 80 85 13 37 42 53 59 66 1 22 27 36 40 73 76 82 15 25 43 18 57 60 61 86 12 31 45 69 14 19 28 81 84 11 23 34 68 70 72 74 78 3 44 52 63 64 79 88 90 33 54 56 75 83 6 7 20 24 38 41 48 55 62 67 71 87 91
20 38 74 79 18 37 3 41 17 64 56 85 23 58 29 14 31 50 57 76 8 33 68 30 59 6 62 13 28 65 70 72 46 82 47 66 83 1 10 71 73 80 78 69 40 53 49 84 11 16 77 9 48 55 7 45 21 25 54 75 5 32 51 4 39 67 81 15 26 27 44 24 34 22 43 63 36 12 19 60 52 2 35 42 61
17 34 45 61 78 82 11 18 30 25 40 46 70 76 77 80 84 41 42 52 53 58 73 93 14 19 20 23 49 75 86 22 29 33 37 56 67 68 26 16 15 32 48 87 6 31 44 50 12 59 65 94 39 43 64 51 71 88 89 28 81 5 54 63 79 2 36 47 57 62 35 60 66 72 24 7 8 21 27 38 55 91 90 4 10 13 83 92 9 85 1 3 69 74
83 53 71 79 16 77 17 68 62 39 92 58 21 22 85 35 60 74 12 55 28 51 81 84 13 31 61 72 41 57 27 5 26 94 96 1 88 44 95 56 93 37 70 78 4 25 29 32 90 34 42 65 86 97 47 46 80 67 66 89 30 54 10 76 38 11 40 73 8 19 45 75 52 9 24 14 23 2 7 15 82 91 3 87 59 20 49 50 64 6 36 43 69 48 18 33 63
57 67 32 34 45 1 12 43 54 68 49 58 39 38 86 26 78 91 33 40 46 19 28 17 41 65 7 9 52 71 24 27 64 74 82 62 48 59 60 69 5 6 72 23 50 53 14 88 90 70 79 3 8 22 83 89 35 42 44 51 80 25 30 77 10 76 18 93 94 56 87 13 36 15 37 85 92 2 66 21 84 55 63 73 81 11 20 47 75 61 16 29 31 4
75 80 15 25 47 70 57 24 33 76 46 51 81 23 68 49 74 31 77 82 69 28 59 34 45 67 66 90 65 86 58 50 72 95 100 2 20 16 18 88 36 60 62 55 94 41 71 97 11 42 3 13 83 17 5 35 44 14 96 10 87 4 6 40 27 39 98 8 56 9 30 93 12 19 43 21 26 89 32 64 29 7 92 48 52 37 38 53 84 85 99 22 63 73 78 1 79 54 61 91
1 2 3 4 5 6 7 8 9 10 11 12 13 14 15 16 17 18 19 20 21 22 23 24 25 26 27 28 29 30 31 32 33 34 35 36 37 38 39 40 41 42 43 44 45 46 47 48 49 50 51 52 53 54 55 56 57 58 59 60 61 62 63 64 65 66 67 68 69 70 71 72 73 74 75 76 77 78 79 80 81 82 83 84 85 86 87 88 89 90 91 92 93 94 95 96 97 98 99 100
43 54 27 77 32 33 29 5 16 72 90 64 19 86 35 61 45 1 78 62 71 94 53 12 84 6 92 22 52 15 30 11 63 88 48 85 89 91 75 31 14 13 56 59 41 20 38 81 23 24 46 73 47 83 66 82 18 58 21 28 42 60 40 57 68 95 67 70 17 26 4 9 74 87 8 49 3 50 2 65 34 10 69 80 39 76 93 25 79 96 55 44 36 7 51 37
4 5 10 12 13 21 28 30 31 40 51 80 2 9 17 27 58 63 66 81 83 3 8 14 15 16 18 33 38 43 50 60 71 91 22 25 32 42 52 53 54 69 75 87 88 20 23 34 35 41 47 64 65 76 77 90 7 19 24 37 59 67 73 78 89 11 44 45 55 74 79 82 85 86 1 6 26 29 36 39 46 48 49 56 57 61 62 68 70 72 84
15 33 18 39 91 14 57 20 74 5 17 85 41 82 53 66 68 84 55 24 2 28 34 54 23 46 81 12 80 87 6 22 37 89 8 32 95 76 10 45 56 48 4 93 38 59 75 88 43 69 13 77 86 72 27 58 11 9 79 64 71 96 25 94 49 90 26 61 63 30 35 42 83 92 47 62 21 7 16 29 31 78 1 40 50 51 97 60 3 70 67 73 65 52 19 36 44
1 53 6 8 12 15 21 22 35 39 58 69 75 77 85 13 17 72 87 7 10 27 30 43 44 56 67 68 71 80 2 5 14 25 34 38 40 42 48 51 57 59 65 78 82 83 23 26 47 55 81 84 16 32 49 52 54 62 66 70 73 86 3 4 9 11 18 19 20 24 28 29 31 33 36 37 41 45 46 50 60 61 63 64 74 76 79
5 33 40 7 56 48 36 64 62 28 61 65 32 59 68 82 78 77 18 50 51 75 73 89 76 15 43 67 85 83 39 58 1 49 46 87 9 84 8 21 16 31 30 4 80 47 69 52 11 20 57 24 34 37 45 29 44 74 25 60 38 88 26 90 54 22 2 23 86 70 3 81 41 13 35 6 27 72 14 63 19 79 10 17 55 66 71 12 53 42
61 20 31 92 15 28 17 79 11 46 73 74 29 63 71 72 7 4 6 41 24 27 1 36 68 80 90 19 48 78 49 3 64 32 42 34 91 87 58 56 52 26 8 40 50 85 86 62 30 57 67 81 84 43 53 13 88 2 83 38 65 70 89 23 37 60 5 25 69 77 51 12 55 54 66 82 47 9 10 21 39 16 22 44 45 35 59 76 14 75 18 33
47 55 8 53 94 96 34 24 65 23 64 15 32 38 86 5 6 67 16 18 72 90 49 10 30 73 48 98 50 51 97 71 19 76 41 77 81 27 57 9 1 80 93 3 17 68 70 11 78 29 46 31 63 39 83 26 37 79 35 87 45 82 22 85 7 43 20 33 88 75 61 40 84 91 25 66 36 74 28 69 89 12 42 52 2 62 92 21 56 59 60 14 58 95 13 4 44 54
1 2 3 4 5 6 7 8 9 10 11 12 13 14 15 16 17 18 19 20 21 22 23 24 25 26 27 28 29 30 31 32 33 34 35 36 37 38 39 40 41 42 43 44 45 46 47 48 49 50 51 52 53 54 55 56 57 58 59 60 61 62 63 64 65 66 67 68 69 70 71 72 73 74 75 76 77 78 79 80 81 82 83 84 85 86 87 88 89 90
33 41 49 54 71 10 24 16 60 55 65 69 13 15 39 47 3 28 80 58 77 34 62 12 68 30 38 43 59 79 81 2 17 21 37 6 25 5 61 23 88 67 20 42 70 85 57 76 74 29 46 48 45 73 87 18 44 50 66 9 78 22 35 40 8 7 36 86 52 1 19 56 83 14 31 51 11 4 27 32 82 63 75 72 53 26 64 84
74 89 41 69 7 58 21 17 46 56 55 5 53 70 28 35 87 42 88 47 10 81 37 90 67 77 83 86 26 1 76 78 32 59 85 75 8 52 16 63 39 43 57 73 30 65 40 91 60 64 3 20 61 6 27 68 22 48 79 54 80 51 50 44 15 2 24 34 49 45 29 84 13 12 23 31 71 9 11 14 18 19 38 33 25 72 62 66 36 82 92 4
37 34 23 85 41 68 51 24 52 70 75 1 59 35 30 48 55 14 64 12 20 99 25 54 44 79 27 38 60 76 15 72 71 69 95 56 81 94 31 36 3 8 7 67 45 16 66 87 10 22 62 88 11 19 9 29 90 47 40 63 84 73 77 33 39 58 46 42 43 2 82 5 13 86 50 93 32 65 83 74 91 49 28 17 61 4 18 26 98 21 96 53 92 78 57 97 6 89 80
73 59 18 24 35 50 86 8 19 41 79 37 49 1 61 7 4 42 43 3 63 80 54 65 51 77 55 74 13 85 48 64 89 32 44 6 33 5 52 62 58 88 40 87 27 75 36 70 72 84 25 26 29 20 69 66 31 57 46 16 67 82 90 21 17 2 22 83 12 9 53 10 11 23 47 30 45 81 28 15 78 39 71 91 34 68 60 38 76 14 56
21 32 47 51 58 12 27 46 59 45 73 69 13 18 87 64 79 16 67 57 7 8 29 2 62 84 61 6 20 26 44 17 19 43 81 14 31 52 37 38 28 54 68 10 76 66 3 9 34 39 71 35 78 5 11 33 40 63 25 74 41 56 80 49 4 75 70 50 55 85 48 83 72 86 82 15 22 42 30 77 36 53 60 65 1 23 24
74 46 36 53 31 92 64 16 76 68 91 79 90 22 71 95 23 37 27 86 29 43 81 41 61 94 77 88 96 28 38 69 5 9 85 8 25 40 52 42 78 11 30 14 12 51 18 6 45 13 39 10 26 63 80 82 65 35 59 19 60 58 44 73 84 49 48 4 72 57 33 21 32 7 55 2 15 87 1 54 24 56 67 97 3 93 47 89 75 83 50 17 70 20 62 34 66 98
10 32 9 19 53 43 44 55 58 61 18 38 48 56 87 11 74 28 12 47 13 37 29 79 65 41 15 59 60 69 1 30 75 35 2 16 67 57 78 49 83 6 27 62 26 73 64 4 39 7 82 14 25 90 3 23 20 21 40 46 86 68 42 45 31 54 77 71 88 17 22 63 24 52 66 8 50 76 80 81 5 51 72 89 84 33 34 36 70 85
4 16 86 58 3 59 9 50 57 88 31 52 30 74 1 60 66 42 17 41 6 12 76 68 73 55 51 8 43 32 35 49 83 33 85 81 47 54 10 40 69 26 64 15 62 84 19 63 78 77 48 79 36 56 5 18 38 45 61 34 71 7 25 29 72 20 44 21 37 70 87 13 67 75 24 82 14 80 23 27 28 53 39 46 65 2 11 22
13 17 41 51 67 42 29 55 58 85 30 63 49 1 15 34 56 60 76 84 25 38 52 11 68 57 10 12 22 87 5 53 50 43 18 19 14 16 27 47 33 8 45 65 36 80 69 59 21 31 75 71 70 24 77 32 39 37 62 48 2 72 40 73 23 35 66 4 86 20 28 78 89 90 88 6 83 26 81 54 44 3 61 46 7 9 74 64 79 82
30 44 60 50 47 45 66 64 82 55 15 35 22 78 5 16 12 19 43 25 73 11 74 28 83 13 33 8 39 27 14 90 7 10 89 21 20 48 46 80 91 88 62 24 56 40 38 71 26 9 52 3 42 77 4 6 72 57 75 85 23 32 29 70 84 41 2 51 76 59 58 86 87 65 37 53 68 34 18 79 31 63 54 81 1 61 17 69 36 49 67
29 54 72 88 6 19 55 77 33 45 52 44 27 43 63 48 91 24 20 80 4 81 78 62 12 56 57 22 89 13 18 61 90 39 49 66 21 67 70 2 46 84 74 73 34 47 65 25 68 7 64 32 50 5 51 86 85 30 9 23 28 69 42 10 17 36 59 40 75 16 76 83 31 8 26 71 82 11 92 15 87 35 3 37 38 41 1 60 58 53 93 14 79
41 38 65 4 89 30 78 72 85 75 42 27 32 62 40 91 71 25 94 39 69 68 35 56 50 24 61 67 8 46 83 96 80 81 53 87 88 3 14 6 45 13 51 19 66 34 70 76 82 7 12 15 22 95 90 93 2 26 43 44 5 28 48 92 58 18 74 11 59 1 20 79 33 37 17 47 16 55 9 52 10 49 60 63 54 57 21 23 73 84 31 36 64 86 29 77
77 11 26 91 66 10 19 4 52 30 86 58 75 81 31 57 61 60 39 85 73 16 43 87 64 8 84 44 54 1 42 88 22 63 50 78 59 89 28 29 67 49 62 79 7 83 34 40 3 69 51 47 12 20 68 74 33 9 70 41 6 38 71 46 48 17 72 15 32 35 53 25 21 37 18 13 65 56 24 45 27 36 5 14 2 76 55 82 23 90 80
51 43 3 15 38 54 41 26 80 8 45 4 82 86 28 90 31 44 49 50 62 5 11 17 22 85 7 37 63 13 73 75 30 71 76 84 21 34 16 67 39 47 88 1 25 57 32 52 65 40 58 72 69 95 87 78 42 14 55 91 66 24 29 48 61 68 70 77 64 79 2 12 94 92 46 18 19 59 10 23 35 74 93 53 56 27 83 20 36 6 9 33 89 81 60
29 60 35 55 45 2 88 68 13 27 12 59 79 42 63 53 5 33 84 77 75 17 1 36 51 87 14 43 39 78 58 85 81 67 26 16 28 24 30 62 31 61 22 40 83 34 76 82 4 37 69 66 70 52 71 46 57 38 44 80 18 23 49 47 48 65 74 15 50 25 9 20 7 21 6 3 73 86 56 8 54 11 32 10 19 72 41 64
7 49 75 27 82 31 5 50 56 64 36 37 32 34 95 70 8 22 52 86 14 47 67 44 3 65 73 6 17 85 25 20 30 40 43 76 59 21 39 11 83 51 80 81 38 66 33 46 68 74 42 54 55 69 9 58 35 72 71 12 26 90 92 93 41 60 63 19 1 4 13 29 87 84 28 2 94 88 77 15 57 79 89 10 23 91 16 18 24 45 48 53 61 62 78
73 13 59 86 26 74 1 66 21 97 3 95 82 77 4 60 15 24 62 45 28 11 76 81 40 71 37 9 94 57 16 48 63 32 98 64 92 70 79 22 25 83 67 42 39 80 27 89 61 49 91 51 54 43 23 47 19 65 68 87 55 10 17 29 34 6 35 52 50 69 58 96 20 18 41 7 36 84 31 8 14 88 33 72 30 12 53 46 5 2 38 44 75 90 85 78 93 56
66 64 42 43 89 90 84 15 40 13 10 32 59 31 44 9 16 65 77 29 69 72 19 6 91 2 52 55 63 35 14 46 38 5 68 28 26 81 41 56 11 23 18 75 22 21 60 67 12 70 25 62 1 51 83 71 78 82 37 3 47 39 7 33 50 76 85 87 17 36 86 20 79 57 53 24 54 45 61 73 30 88 27 74 58 49 48 8 4 34 80
30 93 54 15 66 87 59 23 34 28 83 29 7 49 62 44 25 55 8 65 88 53 75 37 80 96 38 4 19 52 1 14 48 98 89 17 56 3 51 94 20 32 24 46 31 40 27 39 90 92 72 76 12 43 81 9 95 22 77 13 35 84 91 6 78 26 45 21 5 42 58 67 57 47 82 36 74 99 10 97 70 41 68 85 18 33 61 11 60 16 69 2 63 79 86 50 73 64 71
83 14 73 37 51 11 30 59 42 63 6 26 19 61 4 16 45 17 87 50 78 32 89 62 12 66 15 40 55 36 71 79 46 57 88 82 84 85 1 39 35 74 10 13 22 7 67 65 60 91 24 33 86 81 49 25 2 68 8 31 69 54 72 29 52 75 80 53 3 27 56 70 23 64 21 28 76 20 9 90 41 43 38 58 18 34 44 47 5 77 48
24 18 71 53 20 38 27 41 43 92 67 89 4 54 37 94 29 66 56 83 23 6 17 78 2 57 1 21 58 31 46 39 68 22 36 60 69 88 87 59 70 7 97 9 77 34 19 80 95 28 16 79 13 50 12 47 81 3 84 75 44 10 51 52 26 96 61 85 5 55 49 98 35 62 65 73 40 25 48 11 86 33 42 63 74 82 93 45 64 72 30 91 8 32 90 14 15 76
17 46 38 48 36 57 14 61 43 55 24 33 45 2 75 62 25 34 74 5 27 26 52 63 8 79 90 67 81 70 50 69 12 66 21 56 64 58 3 6 28 88 7 71 9 18 59 80 73 1 85 42 15 30 65 86 89 35 39 60 32 19 16 20 77 82 22 10 13 44 51 11 54 72 84 53 87 47 78 40 29 31 4 23 41 37 83 49 76 68
19 24 28 15 63 64 14 53 85 81 73 27 1 52 55 92 8 47 60 62 22 33 5 10 6 87 26 35 41 78 44 54 48 11 61 91 77 4 93 49 80 89 86 67 71 36 56 65 20 25 30 45 82 66 51 18 12 34 31 29 74 32 39 75 3 50 90 23 72 17 68 69 16 59 13 7 9 42 58 76 88 57 21 79 83 40 2 43 46 70 37 84 38
1 2 3 4 5 6 7 8 9 10 11 12 13 14 15 16 17 18 19 20 21 22 23 24 25 26 27 28 29 30 31 32 33 34 35 36 37 38 39 40 41 42 43 44 45 46 47 48 49 50 51 52 53 54 55 56 57 58 59 60 61 62 63 64 65 66 67 68 69 70 71 72 73 74 75 76 77 78 79 80 81 82 83 84 85 86 87 88 89 90 91
21 68 83 37 11 76 52 53 58 88 32 54 27 24 48 36 23 42 57 91 89 3 55 59 62 74 8 46 16 20 64 7 72 70 30 56 79 65 14 35 43 47 5 50 34 82 73 63 80 1 49 9 67 38 33 19 75 84 10 45 61 66 2 17 15 40 77 25 12 18 60 51 6 26 41 86 22 29 81 39 31 44 69 28 4 85 78 13 71 87 90
2 62 84 71 86 92 30 90 76 34 47 3 28 95 100 88 40 11 24 91 75 56 77 12 82 78 38 43 64 50 93 68 55 1 7 36 4 22 53 70 74 39 83 87 97 66 6 45 69 42 15 79 98 23 29 60 27 73 54 46 67 49 31 51 9 58 8 25 80 16 81 63 5 13 35 96 19 10 32 41 44 57 61 26 17 20 52 33 18 14 59 85 48 89 65 21 94 37 72 99
24 50 54 89 59 46 95 41 45 58 8 74 73 84 2 37 67 75 5 36 53 61 71 38 93 72 77 63 34 66 56 20 52 43 40 83 60 12 78 64 69 35 16 70 27 44 98 92 68 30 7 3 4 28 57 55 88 80 90 29 48 86 94 19 65 1 6 42 15 23 32 18 82 14 9 81 10 91 31 51 87 85 13 79 21 76 99 26 47 62 49 22 96 25 17 39 97 33 11
41 3 12 20 75 44 73 84 15 76 40 80 9 10 53 21 23 35 31 6 42 60 85 48 54 13 63 58 71 74 82 59 62 70 51 14 77 91 18 26 1 5 57 4 69 16 68 25 47 29 89 72 27 38 2 22 43 64 86 87 32 88 37 66 49 50 78 17 28 8 55 36 67 19 61 90 83 46 79 24 52 7 39 34 65 81 30 56 11 33 45
20 76 12 2 39 65 3 44 43 90 9 86 52 26 23 49 78 29 57 34 19 82 35 1 73 81 42 30 46 17 89 31 16 10 11 53 32 67 13 71 56 60 4 33 69 70 83 40 74 59 25 75 55 22 18 58 48 37 72 28 8 21 24 36 45 47 51 64 6 68 38 5 27 63 87 88 77 41 54 15 85 50 7 79 14 80 66 62 61 84
28 7 83 78 26 50 53 67 70 37 42 51 89 76 77 12 45 5 79 2 73 48 58 75 65 85 34 66 21 30 39 61 84 19 56 14 17 25 72 20 41 16 22 36 4 68 23 55 31 47 60 63 32 49 71 81 57 69 27 1 64 8 59 9 90 24 33 91 35 80 29 43 46 74 44 62 52 13 88 18 6 82 87 11 3 40 54 38 10 15 86 92
88 50 45 22 92 54 27 72 48 85 49 53 63 31 51 99 77 80 34 59 67 42 61 6 44 16 30 62 5 90 25 40 89 7 12 28 38 43 18 87 94 21 76 58 15 19 70 91 4 64 33 78 86 84 47 56 82 52 11 95 65 73 35 66 71 37 32 69 2 29 97 20 24 79 9 46 10 17 39 1 81 41 23 8 36 98 3 93 60 13 74 26 68 96 55 75 14 57 83
91 35 59 79 16 62 69 33 43 78 14 4 42 74 28 10 25 70 67 81 50 51 12 56 68 64 15 26 7 82 88 13 34 45 80 63 44 83 38 41 17 75 47 24 30 29 31 86 73 60 76 48 65 85 84 27 55 89 3 77 49 71 46 9 32 61 66 2 90 8 36 37 1 39 6 72 87 22 20 5 57 53 52 18 11 58 19 21 23 40 54
51 8 80 48 15 38 59 73 79 23 62 32 54 74 81 60 63 64 52 16 66 92 61 33 10 11 57 26 36 4 84 88 1 87 89 2 75 76 50 6 46 39 47 72 30 58 7 53 40 13 25 90 9 31 68 18 56 65 55 67 17 44 28 12 27 41 21 22 82 85 19 83 37 43 49 86 35 91 69 20 29 71 78 42 5 14 77 3 24 34 70 45
14 5 83 35 72 81 10 17 8 57 32 4 1 76 42 68 73 34 15 44 58 55 59 22 16 31 18 38 71 89 90 84 63 24 52 54 11 3 39 43 60 40 9 47 50 78 37 30 53 74 27 75 82 49 45 66 67 87 61 77 85 62 70 79 12 28 33 48 69 86 51 26 7 23 65 88 19 25 21 80 36 41 46 64 13 29 56 2 20 6
41 64 16 20 32 60 19 46 51 29 81 6 15 82 39 8 14 49 79 26 5 57 10 53 52 58 27 42 70 86 87 3 44 65 23 35 13 67 75 63 1 21 22 37 2 77 38 11 84 9 89 33 83 28 30 74 56 80 18 85 55 59 90 43 66 34 61 50 62 71 72 78 69 76 31 17 12 73 54 36 7 24 25 47 68 4 48 40 45 88
46 41 25 19 67 77 92 26 5 1 82 88 24 85 43 72 53 60 34 63 79 7 95 58 87 27 21 39 56 61 23 54 96 69 55 73 83 28 65 47 66 84 89 14 4 9 50 78 64 71 33 38 48 16 18 10 35 2 36 3 94 44 76 81 91 86 17 80 75 8 22 13 62 32 51 42 29 90 93 45 40 57 59 37 52 68 49 20 97 12 31 70 74 11 30 6 15
43 84 32 75 17 54 71 40 64 5 30 93 11 31 61 66 80 62 92 35 41 68 21 82 85 9 48 15 23 34 87 52 58 73 51 78 16 3 81 83 24 13 28 49 77 18 57 25 44 94 1 38 69 86 39 37 8 22 60 91 12 50 2 29 20 56 79 4 10 46 95 6 76 19 67 33 59 88 53 74 27 47 7 14 42 36 72 45 65 55 70 90 89 26 63
39 37 22 73 25 71 54 19 76 81 84 75 46 49 74 13 68 20 11 56 79 65 51 55 47 88 41 7 91 45 62 26 33 10 92 89 17 90 30 61 87 28 94 29 53 4 60 59 66 6 18 12 64 72 86 77 3 52 16 21 34 83 85 40 78 70 1 14 38 80 63 50 48 82 58 5 44 67 31 24 42 43 69 8 35 27 36 15 32 57 93 2 23 9
6 86 24 34 48 64 29 66 44 53 8 12 56 60 7 51 31 13 50 45 63 80 38 85 62 75 67 87 89 73 78 77 9 30 71 83 74 21 37 23 76 84 19 42 32 10 41 52 15 46 81 43 11 36 39 47 70 22 16 82 27 3 90 65 59 40 28 55 72 4 20 69 79 68 18 26 61 17 91 25 57 88 14 58 54 5 33 49 1 92 2 35
36 53 60 68 72 52 70 84 16 42 51 46 63 27 10 19 65 32 73 23 77 17 44 15 71 30 20 55 33 85 3 49 57 18 54 38 83 2 5 62 92 86 22 58 67 48 87 25 66 28 64 9 8 37 61 78 50 4 24 35 45 69 91 31 81 13 41 82 75 40 79 76 59 7 21 43 56 12 26 74 1 80 90 6 11 89 29 14 47 88 34 39
14 12 75 59 50 80 6 52 29 36 53 67 35 49 34 54 74 56 82 16 33 32 70 23 64 24 51 25 43 77 37 94 13 55 27 46 40 58 73 83 47 71 72 79 11 66 90 18 38 88 89 22 31 3 4 95 5 39 44 85 41 61 62 96 19 93 65 20 1 8 91 15 21 76 10 84 92 26 42 45 28 63 7 57 87 68 86 30 81 17 9 2 48 78 60 69
65 86 29 81 2 17 89 45 21 54 75 14 50 72 30 84 19 73 67 91 53 74 37 43 56 8 23 80 25 82 31 83 5 9 51 77 78 11 58 70 90 20 27 10 44 4 68 63 38 16 12 42 40 15 46 1 3 49 36 76 26 79 33 69 71 88 41 28 52 57 6 13 34 47 60 85 35 87 32 22 24 7 61 62 18 48 64 55 59 66 39
32 71 65 77 29 14 2 57 63 68 7 52 82 37 12 89 20 72 21 1 3 34 62 66 53 85 64 4 5 27 23 42 88 58 80 10 11 38 47 81 39 17 51 40 31 83 36 33 69 22 48 13 56 73 9 87 49 46 75 92 43 44 15 61 76 8 30 24 79 74 78 54 16 45 26 91 25 90 55 19 59 60 67 70 84 35 50 41 18 6 28 86
31 58 82 43 63 7 75 96 59 74 78 21 54 49 9 46 14 100 3 80 86 35 62 12 93 60 70 84 23 40 85 29 18 6 50 55 92 22 39 65 10 66 28 44 57 48 1 72 38 83 5 42 41 88 19 2 61 33 99 52 77 8 81 91 27 32 69 73 90 4 17 87 34 56 79 26 25 51 89 20 67 15 53 13 47 98 24 68 37 30 36 97 95 76 11 94 45 16 71 64
23 88 35 97 20 40 3 55 86 25 65 9 56 24 38 51 73 93 62 69 18 54 83 63 89 34 33 72 37 61 77 90 12 31 14 48 92 91 68 80 2 67 81 17 53 85 6 94 21 7 28 27 5 87 98 75 82 70 36 57 8 19 46 10 66 71 4 1 78 26 60 43 50 76 95 13 15 39 79 30 32 96 44 58 47 49 41 16 11 22 42 45 74 52 64 84 59 29
18 56 81 51 52 69 37 4 85 24 20 36 71 13 40 32 21 11 90 89 91 55 77 76 96 44 72 73 35 79 42 48 59 80 39 9 30 34 19 10 12 16 5 45 70 88 15 62 25 43 75 3 68 27 49 31 94 86 46 6 41 87 82 61 23 78 92 63 67 1 22 50 83 29 2 26 64 58 60 38 8 47 95 57 7 53 66 17 54 65 14 74 93 33 28 84
65 13 83 6 18 4 39 37 61 48 52 7 22 24 87 29 46 45 91 27 25 93 1 10 15 31 55 21 68 77 62 20 51 23 50 12 79 73 35 14 42 63 80 43 75 5 17 16 81 89 9 82 34 66 38 58 85 54 74 19 76 41 86 84 28 49 72 3 44 36 92 47 30 33 78 59 32 57 69 90 8 71 11 40 56 88 2 60 67 64 53 26 70
82 3 75 40 28 31 43 38 89 23 61 74 37 39 9 24 1 63 48 25 4 17 93 14 81 69 15 80 56 88 22 26 77 16 62 78 11 19 5 46 55 13 70 21 35 85 66 79 86 50 73 18 54 2 52 84 76 45 64 95 12 59 65 51 27 36 60 72 7 8 41 58 34 32 30 29 68 20 87 57 83 33 42 6 91 44 90 47 94 71 10 92 53 49 67
42 46 57 34 21 1 27 26 72 84 44 3 33 49 13 38 22 41 68 47 15 63 85 17 67 37 65 48 78 14 90 2 16 43 31 83 52 66 60 88 55 61 18 39 53 70 77 74 30 23 24 51 71 64 28 58 81 50 56 25 45 87 12 32 36 91 29 7 8 40 62 82 6 80 79 35 89 59 5 19 76 4 73 54 69 11 75 10 20 86 9
68 62 14 12 5 22 32 67 17 38 95 77 49 25 69 87 11 72 30 43 24 70 31 57 20 18 35 45 21 48 1 50 10 55 28 36 91 93 58 92 94 6 75 46 19 27 13 33 79 73 90 7 78 81 60 82 4 83 42 80 39 54 88 71 37 8 53 66 51 2 64 9 74 26 56 47 65 76 34 63 59 40 41 84 23 29 86 89 3 52 61 16 15 85 44
