16914740
269666794
473504444
749341346
96988628
751704246
203468620
816659928
328822290
840648311
631714141
266484514
601681049
529239166
960269325
881704236
450261724
522511764
303286669
314261630
813843370
313403181
936343331
763037717
644571006
370846819
339427369
758503859
930017937
82601848
557264600
625652613
168696690
871447611
693225640
504966991
826550587
282162489
460896629
490800842
914421404
539751027
535889018
664519665
4035507
239090903
259580018
532815081
85251939
969610280
371782090
41326692
85488889
317301614
276286614
416051529
986762448
472408744
399125323
247854023
152722611
898404721
95838448
683207615
468351822
882813862
253951296
986699095
655414627
682515044
628583266
830771270
158462611
425346559
255367335
679755418
177518465
668326114
978798183
481040197
177070197
861424081
908239013
941873703
899271738
666817589
807361805
487900499
122418813
921683852
621333843
616179659
218051333
140810746
970791699
629362757
673517585
614438788
774647885
146447715
605164716
728403183
844053080
625489452
592434688
102601507
75488426
879492594
981189258
850133392
527483726
524827492
877082922
360281503
899333978
627148917
269397908
343743435
18380746
580401330
402439998
470964615
153371960
685947307
930299448
864854870
414401711
289336327
285570384
186977295
439787565
82025834
395675723
431577521
505415563
508995756
956345163
264959404
678261619
634461378
592739758
809233092
425799375
580911548
938253969
794970022
791512760
268613872
398755743
724099972
547027224
720046346
336777924
863845858
729190272
981414393
922882761
488384559
319208644
958820468
332715745
158105282
884404591
56095293
749863996
146180860
523320269
711298882
741260475
205323638
426373738
288405217
784609265
294050432
829506716
491317735
33344311
115327510
949391281
707657481
396570191
308370015
272758317
244187060
343870233
962688161
850104074
829806020
258370022
715886283
69227387
994748039
795466076
6973115
50708769
115138673
395649546
682145333
679002875
616436959
216471371
792889726
45170376
336122489
863707741
658384342
801697921
119284280
719978038
618587714
261137070
674849210
606849615
590968260
916554742
221378540
603196978
481563307
605865725
845984216
17053261
41241543
121805138
545613862
134517408
608974491
555419970
435407028
39747071
689319838
191750301
931141746
970591702
324634135
549475196
155262195
905423866
677843008
967164912
758391274
518287942
88084873
797016549
425680353
61654336
596071190
733695187
768676456
594431496
830218650
768710497
413145236
268883040
766705383
420999305
222962611
533172031
112407925
216250830
383629267
151692580
27790152
959825905
339398833
348000713
733971544
271740485
877461659
559815160
9862544
601999747
727970954
225294885
315115723
210420249
553701945
538362655
636259120
376270323
609795639
55992632
63758898
723544454
401299152
821127279
272697796
325763447
982195042
256085436
4621973
337527617
445779605
543890149
110433302
299744206
507493549
569436813
873970017
405652165
781268078
171085212
252641996
638098660
188883562
765760923
767055545
391615127
810715189
699801514
206314053
442511205
963603523
188397429
226607541
633820633
385744766
572448140
701078943
213647573
347835189
955777662
276360511
816686243
530787471
840300507
795013730
350733810
855642107
529816994
449275144
919647068
213536569
328785109
994632000
438110208
156384780
50597641
442935663
940048099
712230832
657523468
373097356
679286293
682494179
801226959
613548998
96642331
55480214
923254601
904782785
89988314
271477824
164302996
460771036
123160828
192112031
327135672
475933741
637495081
279102041
45824358
665777048
311130352
585807084
227368307
780826311
227224109
592356590
803065947
550202989
10572104
81966416
576434488
543364467
695100254
638071539
526641664
375065264
486718025
843567802
195045304
919151810
447416041
227595062
904107687
850342480
790513907
143421629
294956663
817068251
100119459
37322951
449884485
842114147
670338173
974853666
496852750
775399274
395697214
191468188
411652125
534612829
142004719
469806622
841505918
318467584
73670068
941016711
521549307
859446375
200229447
71639530
72311929
860554313
436425425
7902037
871904527
317067203
108687117
700879664
193191219
622402651
90187324
506175254
899804630
432311959
286201579
77440015
220899955
142177841
404772645
453061174
613891648
23341265
940078066
550303722
65121116
785520204
479139178
444631741
816807599
648760607
99772942
903328717
552691597
578308504
393905743
421534546
858712646
32879065
355580573
56054116
218312450
120388069
171710034
389111049
373112261
651208717
152039579
674964398
253552262
507046524
677968399
944339678
778874297
466038529
345928283
898356588
452392086
135955921
641350917
940279206
324871450
784962621
798390177
699520308
89397851
138205027
997122482
419125418
412493086
633847122
406046498
657179120
877004521
144625003
884414338
768964688
525104580
133592258
779867686
622702677
976724994
643399926
897434860
390238797
110278637
10127786
446681022
569876450
928086358
99000108
234428277
863861133
890754350
678105715
446313355
715993101
521213363
660791074
272030777
875796306
629499335
700059678
115980615
662091636
50339346
367461897
604593234
666960198
187679312
885425194
290580452
492165780
344684048
429653059
55704925
616719597
223314406
858994443
275954798
905835003
644731804
909971656
947758770
931722859
837835166
625422653
915066213
973009895
651596487
241932001
228144753
117999797
420310010
247568250
147339586
408111119
198011981
288828454
184059343
405301854
744805168
893488493
199276621
215050275
797373654
838377844
683757820
739031505
687240507
247506571
224083296
463614396
466631667
840321131
777749874
701719069
547506981
962122752
820867670
314633670
238917942
404382876
187084882
781021530
432721344
789021760
565081922
392765100
343546133
725057724
704442168
399190558
308793126
729216860
410886335
170444447
849551992
357159126
810230089
682722450
51145502
321926042
660821577
17004922
267725486
339982836
123328650
959203105
180420630
486686755
339784973
929023874
192425200
195325887
586307320
782885538
664152871
29718518
832352976
457366459
37649187
513629730
394711470
658913767
676627396
305468746
184811724
6732270
343662110
550067585
612810593
651420156
608919109
88916455
115736134
308430234
713530022
657035347
16850653
664724012
823208406
929050325
452587804
474095172
34194052
775065344
365429316
842682967
195561210
9728260
102913043
226583854
516955144
422205204
184775917
540904282
535493904
157982966
245437868
600713917
749751151
476718527
192909886
70294770
322543297
814990867
348932197
781742972
445446177
252079579
442022277
731770876
755888337
443155391
807802586
4145979
672096725
297653127
193938311
909431632
274071342
309393820
79725611
822603358
489795302
689489355
482552827
927901593
450377786
456910713
377583403
381196259
832266177
751739439
234177688
812766336
924416008
613342746
771477203
415771928
769316452
239662585
243319809
634041320
302579604
917359133
795473540
902788464
203743507
470116337
939133254
271480504
479468926
17946831
509696837
38232957
892620677
742710433
951067037
445999071
332145642
838304629
990569588
360923923
246094299
840062677
947455946
785672371
345760710
361686585
420429349
734335143
678888444
642920196
373180961
538528173
470492284
214806482
506172725
403739614
540179898
354962965
543251426
390081709
154262814
82495022
449938761
13421335
645609349
286218575
190763387
301540238
14307884
283806730
523245965
11884553
554762357
604665685
881182287
206067066
510771937
654915231
207865874
315811410
273185806
664703254
828915888
548612215
810897542
662158174
577890535
897478404
377787390
385304041
767126188
394656575
821404919
436872200
133723876
127234019
25858745
600143158
894445679
524771082
984185648
259425433
873146209
830386067
833554806
285471948
890726853
432472443
822700198
196340243
305771321
34157756
988720259
321739943
764976031
685100017
964588386
533148044
157507557
135097195
62762723
594539152
240621127
5417055
430611757
219031979
126863351
672573799
313829223
743580085
584311142
516748500
251591842
944920174
678103177
108553375
385397649
153534937
427750395
417208182
118912365
730836906
262608898
182253384
941609289
862488135
65564724
117884975
175062017
216530525
558933986
555127152
546080467
917287695
740412401
76626538
173393319
618322243
42467393
110374949
547154359
139513286
118893648
843141487
389297667
114413431
744922025
166763028
116633206
622660242
615445365
573354840
871201462
310897181
191081767
872558859
398233593
597702769
916577098
509479663
34950191
600984628
610825252
124691882
142999757
631706780
56075286
945681202
394774193
69000134
951140680
439061022
361403221
341520795
551749394
654715254
701131018
637513858
825967575
129609760
140195803
72860391
205380311
218581588
428452829
731569797
204657281
542879372
121953845
489509986
195723070
871913974
262493899
55602465
765613835
104184294
524119173
301029094
793241685
55195697
385564006
760160533
79517441
584700777
981848314
611203864
45172757
306161988
814516012
66578088
165755259
425880889
361620890
254060549
939739866
874987877
197205142
253964238
892473980
63265557
871375164
300004466
285104487
582917871
766961725
924217020
262005155
982120171
417341137
292637933
743284904
58616507
766303809
519454104
968203839
316735433
379138761
386748286
900509305
910311699
576347936
260287795
16926916
829088483
889372014
637583607
660252116
994519135
889096713
61135014
780194175
917398482
126522882
792124883
678762728
180035065
657599115
23784891
258767700
593400743
223272744
352770225
286875292
599411027
124266502
29550598
375900259
793394909
698302605
313218794
973160946
420885918
920989689
239621981
371233174
187071476
842565138
263978509
145136994
956196909
283644874
233258533
843061793
595185520
762803766
474896439
354973767
918388120
598778441
630826880
417592788
161816156
41835139
877860041
754359478
915652118
910389557
129932037
322131408
564890052
335814188
394788191
320270587
633448027
96730728
982300442
743012131
512456659
441658822
707279225
224348640
367132638
400889131
127803750
496438683
417830376
326260107
115806770
201471394
333547957
765498721
887298897
285166620
459424373
203262146
349946315
428044869
47817155
947225352
344742490
470584857
628463312
753063366
291827825
465278844
613035578
75153713
63650595
182455005
500913314
937708057
168493178
951809969
331621913
592994513
747975079
309122938
604927455
133762862
290759890
798673297
717353228
533930235
796845661
59834072
787131010
919079549
256596666
926076334
759196235
740806863
95788762
291802695
275405364
290183900
526555528
539774556
474814242
766578775
883791648
904612516
774528241
144520517
648517042
422865953
456664543
931599245
6181803
545986403
948881011
470191611
475819385
987214399
954538525
224133791
599988278
541540704
632649392
551281129
70050020
728218111
374100990
754000804
176387517
202140116
827208420
934658776
541942911
228061496
116277355
415160344
612778526
118446641
70046945
166818005
119739702
204543715
441442224
358398995
61816921
748820405
726821253
859538622
802587111
594000438
199805006
783724771
732723996
110921843
875536799
893489384
320459814
695201261
251774440
966887038
8232525
884613547
968949511
839228551
941512300
90746927
983694890
780669571
762704371
585264276
711818426
509044681
420628258
762891227
11019800
337749227
722179884
363764278
726143855
807882673
819726821
952660102
320479267
197939819
780676859
168292785
560869294
83791
470316997
829584168
98639249
419653599
640782909
862415803
534293156
236866687
31545536
281442650
85435257
261428111
112582394
914577383
616563381
240384201
804388817
949247666
862217007
345268550
366471375
738604363
404453856
515955363
808865523
5430378
692994084
874308649
898605601
272923221
809830788
741670179
144981215
888105765
490128869
931509975
950697095
155010000
411827581
302443844
925663080
50190153
930288942
617088800
7414535
446684333
642106872
29006217
759046677
899535493
770248077
943776094
106365341
562911424
840055086
556409549
963946534
972868122
377596965
602115327
898904706
30575979
826449716
627130013
215834305
103615713
450915576
87430453
660044824
662403725
457522283
606579083
314829909
763408514
928683425
754692940
945168013
804875931
723540986
377057889
955827779
683379190
644035183
515644808
717952996
131367609
769080168
331024801
500401854
257642013
481017596
388838790
96859077
733496240
21796192
600050061
750828241
882941523
858490334
211338136
366269552
329715503
808593520
882785392
175763421
872820905
494662458
281720006
852529841
674871615
773401476
266973018
838308482
421147963
9203927
709147212
713702987
47057
349731713
787271084
863835598
32285303
785746801
122394993
500030952
474311833
679272562
478811281
524397721
600382856
43749064
540936244
332136473
168425498
647198247
6575424
559749688
323831525
589439044
336648902
381511428
467683846
154449281
584971159
986224207
928941915
297051900
128818117
109657385
5924819
60924453
509379574
234930784
20327491
245287304
106201184
614744992
458486120
599097171
125529123
502726663
494030169
963097926
59891781
12836617
907217015
841061290
385727293
882211905
507703955
520800785
709335768
727575140
931064193
154971587
662002151
795066153
735992542
761487281
857035514
171970322
382216827
347667085
6143214
988295030
994938705
128331930
821687349
757182743
150015546
546859373
585744862
350665636
756565952
268928690
666600772
74666758
663296891
403317670
704722565
43238577
299169779
990340902
679907526
737133785
507913077
651337173
304742199
247621966
922006024
320265144
821210707
856588352
44797452
739422594
568265168
724979966
31754610
380045485
300792938
56340982
420331094
390892648
411186024
813478384
144394160
523875646
805155602
92437037
561050623
794398857
399988140
472742858
162558331
935645318
297790994
541510254
861655493
960557821
2531641
387403850
428762149
860658417
170871184
812299303
35472617
423411527
312313273
810459669
708018855
352965896
148463101
174647092
372953781
15090672
357933917
409255155
394883060
51203347
296271668
900569448
783645890
989193805
110634947
440320550
685104350
791230170
130751765
175384010
487406215
508043845
72863357
414094204
226819400
242151833
371266159
879328282
141460274
95275901
244023904
590581195
49942303
158960594
979918499
177897035
154142708
289354123
259505505
649628790
263681628
560594414
448242718
531568780
534586404
538796846
329839607
598111148
867091154
112905318
916218749
531191277
39062719
349376207
901527757
697199095
827380244
653465300
914374144
62382454
123914936
985479017
922024601
224813086
185230155
342859709
365534576
298688010
627199514
617902491
413886005
416676705
767178999
732926061
474695720
354696637
762169298
331186683
864271603
714759797
116479334
38369762
136763891
326796835
190293760
457701488
391651643
843861412
856066256
204992473
477708105
825431685
775600049
330247736
802399353
6661992
465158435
446863396
445505529
23579887
687511362
235799877
403093960
528017223
892908132
429899918
683921013
603764595
242141850
506378037
104089184
161099478
131010993
822663778
678332338
90960712
528148853
739028693
943728520
833047106
644878169
276524025
700953607
762269201
453722177
612060361
877196338
10884727
561691206
80663017
426561557
813530288
817035682
899939747
569247609
441057228
936407797
769778103
889906376
349368092
573529608
332119735
378948858
783917603
667207351
17031960
388275293
202768024
66770540
693994329
106844608
45925433
910416421
637602883
452245096
47790514
820463354
989023349
7387903
506344177
19216843
32251385
943580345
679461734
437841408
109877183
516807279
840980403
135553948
433654405
740297497
143063779
563731185
591570400
343357740
261011570
956347050
366870023
29266325
324561129
336622427
177459310
840003789
982261282
211000084
215280769
266397822
554046052
295166036
293460968
218832315
247551703
114686690
685606380
290396568
297133380
982647070
933718775
978909366
41316243
343466671
476514415
916038115
392495976
571617388
261272735
610272301
565747334
407414073
909038196
573185355
210735933
328526151
109983342
541359264
612373619
377705595
464537871
969854337
276491161
88295004
11760519
427679322
355438615
930311196
821524055
978472852
365615112
906676049
268087574
675525029
94577751
402231936
877173159
593438758
323584553
163558590
614390830
722868183
40475863
567442978
537747238
262090543
488636970
152691872
844621554
532407233
131254273
216754915
953225588
616065854
887287345
284220142
420615442
956882508
896228131
455502292
682647238
546476527
76994994
489324658
795813532
563684357
849373737
435892949
166359064
670454513
511164157
219430444
708708984
479369686
169742237
433373741
36134739
647059718
940997713
454926387
810694827
697665915
219707501
755705731
835401494
572943429
955301828
915534007
562697395
679743998
308534270
399465333
690335407
284155655
242403958
507832353
691353011
290410525
294317825
494792661
97406018
418097631
359151166
654016050
701660972
17504673
589295924
209402335
268203256
57862333
891254001
952359021
667593242
933559386
809412513
29385698
720366339
437348515
549460293
539431305
59800821
175083121
997632840
689772928
212756889
416256748
406278947
77843408
486817743
947164385
637830711
917128779
52080931
931866485
465262345
92900850
359768963
307548728
917191185
204482422
419137928
321566159
479131696
490980521
482377578
301397610
907729018
533506308
518919418
37558493
423199901
668114057
681776123
346540879
113170613
806506574
138241334
254658695
841062742
557143881
903405219
113688761
165076910
471856320
661160933
877534890
5204840
376551144
743091069
867058507
355961861
324586044
775108025
846790031
477870262
810844372
897743993
619427031
485726582
346455446
52611002
307728951
544913120
383859494
861530773
369764322
646725432
774831155
580677698
884721697
192444475
703285353
313385310
865307423
729234065
614964645
319043170
755166210
756863185
994140111
412831584
842319303
8202766
793643969
897716830
319970305
955809192
438074071
98517870
252106696
703745477
802901131
493639196
921590349
418381051
6826563
643325882
755395076
703488521
156242205
653983666
541057672
927280205
416553414
900835024
760908416
831781155
990434787
87291471
625811727
432260084
736486363
124596536
522202597
575048984
468649763
322345625
595417333
661777443
243912709
955018338
292150850
453294124
730151501
109853283
307606973
667340439
210859941
562206685
757612315
893755989
54356711
977165046
916340570
516092550
575329809
365699953
231949652
960036138
962457880
732584185
922300469
301857481
356938608
985281501
489199101
722293379
736020015
335990403
142279030
35873098
683067770
377177397
286577538
801118630
873329347
626780197
193318728
810593092
70881993
504451552
724190856
246398857
472079569
170883585
465053911
755723510
133220918
510278708
864963532
659774997
481063227
217594460
192426418
814147726
402480448
874968031
896152840
707722329
38307355
440592523
739216204
104865211
152327521
532865126
524689821
724446210
312758339
908188120
898527299
777688039
182643314
426278652
461856597
770633319
753609280
560667471
581986312
315674022
38868846
281147413
711755284
75463872
803570221
515287087
522023076
306276366
70196364
441185037
178008942
870093790
259288595
831973465
492158278
120703897
62310541
316822119
850047695
200935305
191020381
489116572
897217121
75257494
392504552
746083221
842087817
890214126
967618966
514810050
899442009
97309525
745598475
536137611
605572962
58510239
113162943
907556825
95310320
712349402
527364002
664008154
577096142
717569427
338262350
44134341
74161703
48859757
721215413
371416771
897148758
657280371
774223165
70854344
786986623
864947419
288384078
75160910
823322087
74733078
853578356
698749005
381869110
23927249
211987426
492041129
79987731
155005979
988711400
475246551
705188963
530013683
993334672
279535315
558810636
184042466
31128069
544750657
304185997
111303369
504379710
723380078
727670821
458472837
15745111
319099748
