28487
12270
8985
14153
12674
7694
29122
7223
15962
4160
12481
4022
8322
5480
19446
11918
30034
10224
1756
1642
10660
29924
3286
15501
28298
18351
5239
27938
28244
20776
31291
3441
17955
7195
27592
11680
25933
546
14373
662
20116
30702
5747
31019
25562
1179
19113
7586
25600
27281
25383
1567
14564
8757
3189
12057
21807
25152
3022
23761
20264
8812
27202
10694
18170
4844
1944
12449
407
13804
12819
25236
20419
2968
88
14417
25518
25437
21541
12848
28557
29319
743
4902
16646
7006
4344
19822
2685
20929
28071
1107
25861
22247
21612
23758
11255
18923
18797
24354
